Removed Pin From Net: NetName=LED_A Pin=*-1
Removed Pin From Net: NetName=LED_K Pin=*-2
Removed Pin From Net: NetName=LED_K Pin=*-3
Removed Pin From Net: NetName=GND Pin=*-4
Removed Pin From Net: NetName=3V3 Pin=*-5
Removed Pin From Net: NetName=LCD_NRST Pin=*-6
Removed Pin From Net: NetName=LCD_MOSI Pin=*-9
Removed Pin From Net: NetName=LCD_SPI_CLK Pin=*-10
Removed Pin From Net: NetName=LCD_CS Pin=*-11
Removed Pin From Net: NetName=LTDC_CLK Pin=*-12
Removed Pin From Net: NetName=LTDC_DE Pin=*-13
Removed Pin From Net: NetName=LTDC_VSYNC Pin=*-14
Removed Pin From Net: NetName=LTDC_HSYNC Pin=*-15
Removed Pin From Net: NetName=LTDC_B2 Pin=*-16
Removed Pin From Net: NetName=LTDC_B3 Pin=*-17
Removed Pin From Net: NetName=LTDC_B4 Pin=*-18
Removed Pin From Net: NetName=LTDC_B5 Pin=*-19
Removed Pin From Net: NetName=LTDC_B6 Pin=*-20
Removed Pin From Net: NetName=LTDC_B7 Pin=*-21
Removed Pin From Net: NetName=LTDC_G2 Pin=*-22
Removed Pin From Net: NetName=LTDC_G3 Pin=*-23
Removed Pin From Net: NetName=LTDC_G4 Pin=*-24
Removed Pin From Net: NetName=LTDC_G5 Pin=*-25
Removed Pin From Net: NetName=LTDC_G6 Pin=*-26
Removed Pin From Net: NetName=LTDC_G7 Pin=*-27
Removed Pin From Net: NetName=LTDC_R2 Pin=*-28
Removed Pin From Net: NetName=LTDC_R3 Pin=*-29
Removed Pin From Net: NetName=LTDC_R4 Pin=*-30
Removed Pin From Net: NetName=LTDC_R5 Pin=*-31
Removed Pin From Net: NetName=LTDC_R6 Pin=*-32
Removed Pin From Net: NetName=LTDC_R7 Pin=*-33
Removed Pin From Net: NetName=GND Pin=*-34
Removed Pin From Net: NetName=3V3 Pin=*-39
Removed Pin From Net: NetName=GND Pin=*-40
Removed Pin From Net: NetName=LCD_NRST Pin=C29-1
Removed Pin From Net: NetName=LCD_NRST Pin=R4-1
Removed Pin From Net: NetName=LCD_CS Pin=R9-1
Removed Member From Class: ClassName=LCD Member=*
Change Component Comment : Designator=R9 Old Comment=4k7 New Comment=10k
Change Component Comment : Designator=R4 Old Comment=10k New Comment=4k7
Added Component: Designator=*1(CONN_62684-402100ALF_AMP)
Added Pin To Net: NetName=GND Pin=*1-1
Added Pin To Net: NetName=3V3 Pin=*1-2
Added Pin To Net: NetName=GND Pin=*1-7
Added Pin To Net: NetName=LTDC_R7 Pin=*1-8
Added Pin To Net: NetName=LTDC_R6 Pin=*1-9
Added Pin To Net: NetName=LTDC_R5 Pin=*1-10
Added Pin To Net: NetName=LTDC_R4 Pin=*1-11
Added Pin To Net: NetName=LTDC_R3 Pin=*1-12
Added Pin To Net: NetName=LTDC_R2 Pin=*1-13
Added Pin To Net: NetName=LTDC_G7 Pin=*1-14
Added Pin To Net: NetName=LTDC_G6 Pin=*1-15
Added Pin To Net: NetName=LTDC_G5 Pin=*1-16
Added Pin To Net: NetName=LTDC_G4 Pin=*1-17
Added Pin To Net: NetName=LTDC_G3 Pin=*1-18
Added Pin To Net: NetName=LTDC_G2 Pin=*1-19
Added Pin To Net: NetName=LTDC_B7 Pin=*1-20
Added Pin To Net: NetName=LTDC_B6 Pin=*1-21
Added Pin To Net: NetName=LTDC_B5 Pin=*1-22
Added Pin To Net: NetName=LTDC_B4 Pin=*1-23
Added Pin To Net: NetName=LTDC_B3 Pin=*1-24
Added Pin To Net: NetName=LTDC_B2 Pin=*1-25
Added Pin To Net: NetName=LTDC_HSYNC Pin=*1-26
Added Pin To Net: NetName=LTDC_VSYNC Pin=*1-27
Added Pin To Net: NetName=LTDC_DE Pin=*1-28
Added Pin To Net: NetName=LTDC_CLK Pin=*1-29
Added Pin To Net: NetName=LCD_CS Pin=*1-30
Added Pin To Net: NetName=LCD_SPI_CLK Pin=*1-31
Added Pin To Net: NetName=LCD_MOSI Pin=*1-32
Added Pin To Net: NetName=3V3 Pin=*1-36
Added Pin To Net: NetName=GND Pin=*1-37
Added Pin To Net: NetName=LED_K Pin=*1-38
Added Pin To Net: NetName=LED_K Pin=*1-39
Added Pin To Net: NetName=LED_A Pin=*1-40
Added Pin To Net: NetName=LCD_CS Pin=R4-1
Added Pin To Net: NetName=Net*1_35 Pin=*1-35
Added Pin To Net: NetName=Net*1_35 Pin=C29-1
Added Pin To Net: NetName=Net*1_35 Pin=R9-1
Added Net: Name=Net*1_35
Added Member To Class: ClassName=LCD Member=Component *1 40P FPC 0.5mm
