Added Component: Designator=F1(FP-0466-MFG)
Add component (AddParameter): Name = "Automotive"; Value = "No"; VariantName = "[No Variations]"
Add component (AddParameter): Name = "Category"; Value = "Fuse"; VariantName = "[No Variations]"
Add component (AddParameter): Name = "ComponentLink2Description"; Value = "Datasheet"; VariantName = "[No Variations]"
Add component (AddParameter): Name = "ComponentLink2URL"; Value = "https://www.littelfuse.com/~/media/electronics/datasheets/fuses/littelfuse_fuse_466_datasheet.pdf.pdf"; VariantName = "[No Variations]"
Add component (AddParameter): Name = "Device Class L1"; Value = "Circuit Protection"; VariantName = "[No Variations]"
Add component (AddParameter): Name = "Device Class L2"; Value = "Fuses"; VariantName = "[No Variations]"
Add component (AddParameter): Name = "Device Class L3"; Value = "unset"; VariantName = "[No Variations]"
Add component (AddParameter): Name = "Digikey Description"; Value = "FUSE BOARD MNT 5A 32VAC/VDC 1206"; VariantName = "[No Variations]"
Add component (AddParameter): Name = "Fuse Blow Speed"; Value = "Fast"; VariantName = "[No Variations]"
Add component (AddParameter): Name = "Fuse Current"; Value = "5A"; VariantName = "[No Variations]"
Add component (AddParameter): Name = "Fuse I2T"; Value = "2.5A2Sec"; VariantName = "[No Variations]"
Add component (AddParameter): Name = "Fuse Interrupt Ac Current"; Value = "50A"; VariantName = "[No Variations]"
Add component (AddParameter): Name = "Fuse Interrupt Dc Current"; Value = "50A"; VariantName = "[No Variations]"
Add component (AddParameter): Name = "Fuse Voltage Drop"; Value = "73.75mV"; VariantName = "[No Variations]"
Add component (AddParameter): Name = "Height"; Value = "0.66mm"; VariantName = "[No Variations]"
Add component (AddParameter): Name = "Lead Free"; Value = "Yes"; VariantName = "[No Variations]"
Add component (AddParameter): Name = "Manufacturer"; Value = "Littelfuse Inc"; VariantName = "[No Variations]"
Add component (AddParameter): Name = "Manufacturer Part Number"; Value = "0466005.NR"; VariantName = "[No Variations]"
Add component (AddParameter): Name = "Max Fuse Ac Voltage"; Value = "32V"; VariantName = "[No Variations]"
Add component (AddParameter): Name = "Max Fuse Dc Voltage"; Value = "32V"; VariantName = "[No Variations]"
Add component (AddParameter): Name = "Mouser Description"; Value = "Surface Mount Fuses 32V 5A VFA Slimline"; VariantName = "[No Variations]"
Add component (AddParameter): Name = "Octopart"; Value = "https://octopart.com/0466005.nr-littelfuse-143206"; VariantName = "[No Variations]"
Add component (AddParameter): Name = "Package"; Value = "0466"; VariantName = "[No Variations]"
Add component (AddParameter): Name = "Resistance"; Value = "0.011O"; VariantName = "[No Variations]"
Add component (AddParameter): Name = "RoHS"; Value = "TRUE"; VariantName = "[No Variations]"
Add component (AddParameter): Name = "Temperature"; Value = "-55°C to +90°C"; VariantName = "[No Variations]"
Add component (AddParameter): Name = "Temperature Range High"; Value = "+90°C"; VariantName = "[No Variations]"
Add component (AddParameter): Name = "Temperature Range Low"; Value = "-55°C"; VariantName = "[No Variations]"
Add component (AddParameter): Name = "Value"; Value = "0.011O"; VariantName = "[No Variations]"
Add component (AddParameter): Name = "Voltage Rating"; Value = "32V"; VariantName = "[No Variations]"
Added Component: Designator=R9(RESC1608X55X30ML15T15)
Add component (AddParameter): Name = "Manufacturer"; Value = "Panasonic"; VariantName = "[No Variations]"
Add component (AddParameter): Name = "Part Number"; Value = "ERJ-3EKF1003V"; VariantName = "[No Variations]"
Added Pin To Net: NetName=GND Pin=J1-4
Added Pin To Net: NetName=GND Pin=J1-5
Added Pin To Net: NetName=+12V Pin=F1-1
Added Net: Name=+12V
Added Pin To Net: NetName=IGN_12V Pin=F1-2
Added Pin To Net: NetName=IGN_12V Pin=J1-1
Added Net: Name=IGN_12V
Added Pin To Net: NetName=ISO15765-4 CANH_P Pin=J1-6
Added Pin To Net: NetName=ISO15765-4 CANH_P Pin=R9-2
Added Pin To Net: NetName=ISO15765-4 CANH_P Pin=U7-7
Added Net: Name=ISO15765-4 CANH_P
Added Pin To Net: NetName=ISO15765-4 CANL_N Pin=J1-14
Added Pin To Net: NetName=ISO15765-4 CANL_N Pin=R9-1
Added Pin To Net: NetName=ISO15765-4 CANL_N Pin=U7-6
Added Net: Name=ISO15765-4 CANL_N
Add Differential Pair: Number of nets in differential pair ISO15765-4 CANH is 1 instead of 2
Add Differential Pair: Number of nets in differential pair ISO15765-4 CANL is 1 instead of 2
Added Member To Class: ClassName=CAN and OBD2 Member=Component F1 0466005.NR
Added Member To Class: ClassName=CAN and OBD2 Member=Component R9 120
