Added Component: Designator=*(CONN_62684-402100ALF_AMP)
Added Pin To Net: NetName=LED_A Pin=*-1
Added Pin To Net: NetName=LED_K Pin=*-2
Added Pin To Net: NetName=LED_K Pin=*-3
Added Pin To Net: NetName=GND Pin=*-4
Added Pin To Net: NetName=3V3 Pin=*-5
Added Pin To Net: NetName=LCD_NRST Pin=*-6
Added Pin To Net: NetName=LCD_MOSI Pin=*-9
Added Pin To Net: NetName=LCD_CLK Pin=*-10
Added Pin To Net: NetName=LCD_CS Pin=*-11
Added Pin To Net: NetName=LCD_RGB_CLK Pin=*-12
Added Pin To Net: NetName=LCD_DE Pin=*-13
Added Pin To Net: NetName=LCD_VSYNC Pin=*-14
Added Pin To Net: NetName=LCD_HSYNC Pin=*-15
Added Pin To Net: NetName=LCD_D0 Pin=*-16
Added Pin To Net: NetName=LCD_D1 Pin=*-17
Added Pin To Net: NetName=LCD_D2 Pin=*-18
Added Pin To Net: NetName=LCD_D3 Pin=*-19
Added Pin To Net: NetName=LCD_D4 Pin=*-20
Added Pin To Net: NetName=LCD_D5 Pin=*-21
Added Pin To Net: NetName=LCD_D6 Pin=*-22
Added Pin To Net: NetName=LCD_D7 Pin=*-23
Added Pin To Net: NetName=LCD_D8 Pin=*-24
Added Pin To Net: NetName=LCD_D9 Pin=*-25
Added Pin To Net: NetName=LCD_D10 Pin=*-26
Added Pin To Net: NetName=LCD_D11 Pin=*-27
Added Pin To Net: NetName=LCD_D12 Pin=*-28
Added Pin To Net: NetName=LCD_D13 Pin=*-29
Added Pin To Net: NetName=LCD_D14 Pin=*-30
Added Pin To Net: NetName=LCD_D15 Pin=*-31
Added Pin To Net: NetName=LCD_D16 Pin=*-32
Added Pin To Net: NetName=LCD_D17 Pin=*-33
Added Pin To Net: NetName=GND Pin=*-34
Added Pin To Net: NetName=TP_INT Pin=*-35
Added Pin To Net: NetName=TP_SDA Pin=*-36
Added Pin To Net: NetName=TP_SCL Pin=*-37
Added Pin To Net: NetName=TP_RESET Pin=*-38
Added Pin To Net: NetName=3V3 Pin=*-39
Added Pin To Net: NetName=GND Pin=*-40
Added Member To Class: ClassName=LCD Member=Component * 40P FPC 0.5mm
