2025-01-17 16:49:27,412 [INFO] Activator:176 - 


2025-01-17 16:49:27,426 [INFO] Activator:177 - !SESSION log4j initialized
2025-01-17 16:49:37,671 [INFO] LogOutputStream:77 - [STDOUT_REDIRECT] 
2025-01-17 16:50:20,115 [ERROR] LogOutputStream:75 - [STDERR_REDIRECT] SLF4J: Failed to load class "org.slf4j.impl.StaticLoggerBinder".
2025-01-17 16:50:20,116 [ERROR] LogOutputStream:75 - [STDERR_REDIRECT] SLF4J: Defaulting to no-operation (NOP) logger implementation
2025-01-17 16:50:20,119 [ERROR] LogOutputStream:75 - [STDERR_REDIRECT] SLF4J: See http://www.slf4j.org/codes.html#StaticLoggerBinder for further details.
2025-01-17 16:58:06,317 [INFO] ApplicationProperties:184 - Using Application install path: C:\ST\STM32CubeIDE_1.12.1\STM32CubeIDE\plugins\com.st.stm32cube.common.mx_6.8.1.202304191431
2025-01-17 16:58:06,355 [INFO] DbMcusXml:78 - Set database path to: C:\ST\STM32CubeIDE_1.12.1\STM32CubeIDE\plugins\com.st.stm32cube.common.mx_6.8.1.202304191431\\db\/mcu/
2025-01-17 16:58:06,355 [INFO] ApiDb:274 - Set plugin database path to: C:\ST\STM32CubeIDE_1.12.1\STM32CubeIDE\plugins\com.st.stm32cube.common.mx_6.8.1.202304191431\\db\/plugins/boardmanager/
2025-01-17 16:58:06,357 [WARN] ApiDb:259 - Overriding images path with different value:  => C:\ST\STM32CubeIDE_1.12.1\STM32CubeIDE\plugins\com.st.stm32cube.common.mx_6.8.1.202304191431\\db\/plugins/mcufinder/images/
2025-01-17 16:58:06,376 [INFO] ApiDb:250 - Set database path to: C:\Users\rhett\.stmcufinder\plugins\mcufinder//mcu/
2025-01-17 16:58:06,378 [INFO] DbMcusAds:125 - Set database path to: C:\Users\rhett\.stmcufinder\plugins\mcufinder//mcu/
2025-01-17 16:58:06,400 [INFO] CrossReferenceDbSqlite:203 - Set database path to: C:\Users\rhett\.stmcufinder\plugins\mcufinder//mcu/cs/
2025-01-17 16:58:06,563 [INFO] RulesReader:64 - Compatibility file has been processed (293 Rules)
2025-01-17 16:58:06,690 [INFO] DbMcusXml:78 - Set database path to: C:\ST\STM32CubeIDE_1.12.1\STM32CubeIDE\plugins\com.st.stm32cube.common.mx_6.8.1.202304191431\\db\/mcu/
2025-01-17 16:58:06,690 [INFO] ApiDb:274 - Set plugin database path to: C:\ST\STM32CubeIDE_1.12.1\STM32CubeIDE\plugins\com.st.stm32cube.common.mx_6.8.1.202304191431\\db\/plugins/boardmanager/
2025-01-17 16:58:06,690 [INFO] ApiDb:261 - Set plugin images path to: C:\ST\STM32CubeIDE_1.12.1\STM32CubeIDE\plugins\com.st.stm32cube.common.mx_6.8.1.202304191431\\db\/plugins/mcufinder/images/
2025-01-17 16:58:06,690 [WARN] DbFile:41 - Overriding database path with different value: C:\Users\rhett\.stmcufinder\plugins\mcufinder/ => C:\Users\rhett\.stmcufinder\plugins\mcufinder
2025-01-17 16:58:06,690 [INFO] ApiDb:250 - Set database path to: C:\Users\rhett\.stmcufinder\plugins\mcufinder//mcu/
2025-01-17 16:58:06,691 [WARN] DbFile:41 - Overriding database path with different value: C:\Users\rhett\.stmcufinder\plugins\mcufinder/ => C:\Users\rhett\.stmcufinder\plugins\mcufinder
2025-01-17 16:58:06,691 [INFO] DbMcusAds:125 - Set database path to: C:\Users\rhett\.stmcufinder\plugins\mcufinder//mcu/
2025-01-17 16:58:06,691 [WARN] DbFile:41 - Overriding database path with different value: C:\Users\rhett\.stmcufinder\plugins\mcufinder/ => C:\Users\rhett\.stmcufinder\plugins\mcufinder
2025-01-17 16:58:06,691 [WARN] DbFile:41 - Overriding database path with different value: C:\Users\rhett\.stmcufinder\plugins\mcufinder/ => C:\Users\rhett\.stmcufinder\plugins\mcufinder
2025-01-17 16:58:06,691 [INFO] CrossReferenceDbSqlite:203 - Set database path to: C:\Users\rhett\.stmcufinder\plugins\mcufinder//mcu/cs/
2025-01-17 16:58:06,816 [INFO] MainPanel:253 - HeapMemory: 791674880
2025-01-17 16:58:06,942 [INFO] DbMcusXml:78 - Set database path to: C:\ST\STM32CubeIDE_1.12.1\STM32CubeIDE\plugins\com.st.stm32cube.common.mx_6.8.1.202304191431\\db\/mcu/
2025-01-17 16:58:06,942 [INFO] ApiDb:274 - Set plugin database path to: C:\ST\STM32CubeIDE_1.12.1\STM32CubeIDE\plugins\com.st.stm32cube.common.mx_6.8.1.202304191431\\db\/plugins/boardmanager/
2025-01-17 16:58:06,942 [INFO] ApiDb:261 - Set plugin images path to: C:\ST\STM32CubeIDE_1.12.1\STM32CubeIDE\plugins\com.st.stm32cube.common.mx_6.8.1.202304191431\\db\/plugins/mcufinder/images/
2025-01-17 16:58:06,943 [WARN] DbFile:41 - Overriding database path with different value: C:\Users\rhett\.stmcufinder\plugins\mcufinder/ => C:\Users\rhett\.stmcufinder\plugins\mcufinder
2025-01-17 16:58:06,943 [INFO] ApiDb:250 - Set database path to: C:\Users\rhett\.stmcufinder\plugins\mcufinder//mcu/
2025-01-17 16:58:06,943 [WARN] DbFile:41 - Overriding database path with different value: C:\Users\rhett\.stmcufinder\plugins\mcufinder/ => C:\Users\rhett\.stmcufinder\plugins\mcufinder
2025-01-17 16:58:06,943 [INFO] DbMcusAds:125 - Set database path to: C:\Users\rhett\.stmcufinder\plugins\mcufinder//mcu/
2025-01-17 16:58:06,943 [WARN] DbFile:41 - Overriding database path with different value: C:\Users\rhett\.stmcufinder\plugins\mcufinder/ => C:\Users\rhett\.stmcufinder\plugins\mcufinder
2025-01-17 16:58:06,943 [WARN] DbFile:41 - Overriding database path with different value: C:\Users\rhett\.stmcufinder\plugins\mcufinder/ => C:\Users\rhett\.stmcufinder\plugins\mcufinder
2025-01-17 16:58:06,943 [INFO] CrossReferenceDbSqlite:203 - Set database path to: C:\Users\rhett\.stmcufinder\plugins\mcufinder//mcu/cs/
2025-01-17 16:58:06,972 [INFO] ApplicationProperties:184 - Using Application install path: C:\ST\STM32CubeIDE_1.12.1\STM32CubeIDE\plugins\com.st.stm32cube.common.mx_6.8.1.202304191431
2025-01-17 16:58:06,973 [INFO] PluginManage:196 - Search for loadable plugins [exclusion list=, ]
2025-01-17 16:58:06,976 [INFO] PluginManage:310 - Check plugin analytics
2025-01-17 16:58:07,168 [INFO] AnalyticsPlugin:253 - Accepted Software Licenses: 
2025-01-17 16:58:07,169 [INFO] AnalyticsPlugin:255 - Accepted CMSIS Pack Licenses: STMicroelectronics.X-CUBE-TOUCHGFX.4.24.0
2025-01-17 16:58:07,169 [INFO] AnalyticsPlugin:257 - Accepted Firmware Licenses: FW.G0.1.6.0,FW.F4.1.27.0,FW.MP1.1.6.0,FW.C0.1.0.0,FW.F7.1.17.0
2025-01-17 16:58:07,182 [INFO] PluginManage:359 - Loaded plugin analytics (category:tool,tabindex:-1)
2025-01-17 16:58:07,182 [INFO] PluginManage:310 - Check plugin cadmodel
2025-01-17 16:58:07,205 [INFO] CADModel:105 - Init CAD model plugin
2025-01-17 16:58:07,205 [INFO] PluginManage:359 - Loaded plugin cadmodel (category:power,tabindex:5)
2025-01-17 16:58:07,205 [INFO] PluginManage:310 - Check plugin clock
2025-01-17 16:58:07,232 [INFO] PluginManage:359 - Loaded plugin clock (category:base,tabindex:2)
2025-01-17 16:58:07,232 [INFO] PluginManage:310 - Check plugin ddr
2025-01-17 16:58:07,236 [INFO] PluginManage:359 - Loaded plugin ddr (category:tool,tabindex:6)
2025-01-17 16:58:07,236 [INFO] PluginManage:310 - Check plugin filemanager
2025-01-17 16:58:07,435 [INFO] PluginManage:359 - Loaded plugin filemanager (category:base,tabindex:10)
2025-01-17 16:58:07,435 [INFO] PluginManage:310 - Check plugin ipmanager
2025-01-17 16:58:07,451 [INFO] PluginManage:359 - Loaded plugin ipmanager (category:base,tabindex:5)
2025-01-17 16:58:07,452 [INFO] PluginManage:310 - Check plugin lpbam
2025-01-17 16:58:07,475 [INFO] PluginManage:359 - Loaded plugin lpbam (category:base,tabindex:0)
2025-01-17 16:58:07,476 [INFO] PluginManage:310 - Check plugin pinoutandconfiguration
2025-01-17 16:58:07,495 [INFO] PluginManage:359 - Loaded plugin pinoutandconfiguration (category:base,tabindex:1)
2025-01-17 16:58:07,495 [INFO] PluginManage:310 - Check plugin pinoutconfig
2025-01-17 16:58:07,629 [WARN] SupportedApi:132 - Cannot load RTOS API schema: s4s-elt-must-match.1: The content of 'definitions' must match (annotation?, (simpleType | complexType)?, (unique | key | keyref)*)). A problem was found starting at: attribute.
2025-01-17 16:58:07,838 [INFO] PluginManage:359 - Loaded plugin pinoutconfig (category:base,tabindex:0)
2025-01-17 16:58:07,839 [INFO] PluginManage:310 - Check plugin power
2025-01-17 16:58:07,867 [INFO] PluginManage:359 - Loaded plugin power (category:power,tabindex:4)
2025-01-17 16:58:07,867 [INFO] PluginManage:310 - Check plugin projectmanager
2025-01-17 16:58:07,891 [INFO] PluginManage:359 - Loaded plugin projectmanager (category:projectmanager,tabindex:3)
2025-01-17 16:58:07,892 [INFO] PluginManage:310 - Check plugin thirdparty
2025-01-17 16:58:08,191 [INFO] PluginManage:359 - Loaded plugin thirdparty (category:base,tabindex:-1)
2025-01-17 16:58:08,192 [INFO] PluginManage:310 - Check plugin tools
2025-01-17 16:58:08,191 [WARN] IntegrityCheckThread:84 - waiting for thirdparty lock release [integrity check]
2025-01-17 16:58:08,192 [INFO] IntegrityCheckThread:86 - entering critical section [integrity check]
2025-01-17 16:58:08,195 [INFO] ThirdPartyUpdaterWithRetryManager:70 - Updater plugin not ready yet. [1/15]
2025-01-17 16:58:08,237 [INFO] PluginManage:359 - Loaded plugin tools (category:base,tabindex:7)
2025-01-17 16:58:08,237 [INFO] PluginManage:310 - Check plugin tutovideos
2025-01-17 16:58:08,537 [INFO] PluginManage:359 - Loaded plugin tutovideos (category:base,tabindex:-1)
2025-01-17 16:58:08,537 [INFO] PluginManage:310 - Check plugin updater
2025-01-17 16:58:08,561 [INFO] PluginManage:359 - Loaded plugin updater (category:base,tabindex:12)
2025-01-17 16:58:08,561 [INFO] PluginManage:283 - PluginManage : Loaded plugins [15]
2025-01-17 16:58:08,911 [INFO] PinOutPanel:1499 - setPackage(No Configuration,No Configuration)
2025-01-17 16:58:08,997 [INFO] CADModel:165 - CPN selected for project level
2025-01-17 16:58:08,997 [INFO] CADModel:114 - Register for checkConnection events
2025-01-17 16:58:09,029 [INFO] IPUIPlugin:80 - create IPUIPlugin
2025-01-17 16:58:09,030 [INFO] PluginManager:220 - loadIPPluginJar : add adc
2025-01-17 16:58:09,076 [INFO] IPUIPlugin:80 - create IPUIPlugin
2025-01-17 16:58:09,076 [INFO] PluginManager:220 - loadIPPluginJar : add aes
2025-01-17 16:58:09,131 [INFO] IPUIPlugin:80 - create IPUIPlugin
2025-01-17 16:58:09,131 [INFO] PluginManager:220 - loadIPPluginJar : add can
2025-01-17 16:58:09,164 [INFO] IPUIPlugin:80 - create IPUIPlugin
2025-01-17 16:58:09,165 [INFO] PluginManager:220 - loadIPPluginJar : add comp
2025-01-17 16:58:09,211 [INFO] IPUIPlugin:80 - create IPUIPlugin
2025-01-17 16:58:09,211 [INFO] PluginManager:220 - loadIPPluginJar : add cryp
2025-01-17 16:58:09,252 [INFO] IPUIPlugin:80 - create IPUIPlugin
2025-01-17 16:58:09,252 [INFO] PluginManager:220 - loadIPPluginJar : add dfsdm
2025-01-17 16:58:09,269 [INFO] IPUIPlugin:80 - create IPUIPlugin
2025-01-17 16:58:09,270 [INFO] PluginManager:220 - loadIPPluginJar : add dma
2025-01-17 16:58:09,338 [INFO] IPUIPlugin:80 - create IPUIPlugin
2025-01-17 16:58:09,338 [INFO] PluginManager:220 - loadIPPluginJar : add dma3
2025-01-17 16:58:09,374 [INFO] IPUIPlugin:80 - create IPUIPlugin
2025-01-17 16:58:09,374 [INFO] PluginManager:220 - loadIPPluginJar : add fatfs
2025-01-17 16:58:09,433 [INFO] IPUIPlugin:80 - create IPUIPlugin
2025-01-17 16:58:09,433 [INFO] PluginManager:220 - loadIPPluginJar : add fmc
2025-01-17 16:58:09,454 [INFO] IPUIPlugin:80 - create IPUIPlugin
2025-01-17 16:58:09,454 [INFO] PluginManager:220 - loadIPPluginJar : add freertos
2025-01-17 16:58:09,482 [INFO] IPUIPlugin:80 - create IPUIPlugin
2025-01-17 16:58:09,482 [INFO] PluginManager:220 - loadIPPluginJar : add genericplugin
2025-01-17 16:58:09,603 [INFO] IPUIPlugin:80 - create IPUIPlugin
2025-01-17 16:58:09,605 [INFO] PluginManager:220 - loadIPPluginJar : add gfxmmu
2025-01-17 16:58:09,780 [INFO] IPUIPlugin:80 - create IPUIPlugin
2025-01-17 16:58:09,780 [INFO] PluginManager:220 - loadIPPluginJar : add gic
2025-01-17 16:58:09,795 [INFO] IPUIPlugin:80 - create IPUIPlugin
2025-01-17 16:58:09,796 [INFO] PluginManager:220 - loadIPPluginJar : add gpio
2025-01-17 16:58:09,913 [INFO] IPUIPlugin:80 - create IPUIPlugin
2025-01-17 16:58:09,913 [INFO] PluginManager:220 - loadIPPluginJar : add gtzc
2025-01-17 16:58:09,958 [INFO] IPUIPlugin:80 - create IPUIPlugin
2025-01-17 16:58:09,958 [INFO] PluginManager:220 - loadIPPluginJar : add hash
2025-01-17 16:58:10,041 [INFO] IPUIPlugin:80 - create IPUIPlugin
2025-01-17 16:58:10,042 [INFO] PluginManager:220 - loadIPPluginJar : add i2c
2025-01-17 16:58:10,093 [INFO] IPUIPlugin:80 - create IPUIPlugin
2025-01-17 16:58:10,093 [INFO] PluginManager:220 - loadIPPluginJar : add i2s
2025-01-17 16:58:10,147 [INFO] IPUIPlugin:80 - create IPUIPlugin
2025-01-17 16:58:10,147 [INFO] PluginManager:220 - loadIPPluginJar : add i3c
2025-01-17 16:58:10,283 [INFO] IPUIPlugin:80 - create IPUIPlugin
2025-01-17 16:58:10,283 [INFO] PluginManager:220 - loadIPPluginJar : add ipddr
2025-01-17 16:58:10,410 [INFO] IPUIPlugin:80 - create IPUIPlugin
2025-01-17 16:58:10,410 [INFO] PluginManager:220 - loadIPPluginJar : add linkedlist
2025-01-17 16:58:10,458 [INFO] IPUIPlugin:80 - create IPUIPlugin
2025-01-17 16:58:10,458 [INFO] PluginManager:220 - loadIPPluginJar : add lorawan
2025-01-17 16:58:10,507 [INFO] IPUIPlugin:80 - create IPUIPlugin
2025-01-17 16:58:10,507 [INFO] PluginManager:220 - loadIPPluginJar : add ltdc
2025-01-17 16:58:10,526 [INFO] IPUIPlugin:80 - create IPUIPlugin
2025-01-17 16:58:10,526 [INFO] PluginManager:220 - loadIPPluginJar : add mdma
2025-01-17 16:58:10,541 [INFO] IPUIPlugin:80 - create IPUIPlugin
2025-01-17 16:58:10,541 [INFO] PluginManager:220 - loadIPPluginJar : add nvic
2025-01-17 16:58:10,596 [INFO] IPUIPlugin:80 - create IPUIPlugin
2025-01-17 16:58:10,596 [INFO] PluginManager:220 - loadIPPluginJar : add opamp
2025-01-17 16:58:10,674 [INFO] IPUIPlugin:80 - create IPUIPlugin
2025-01-17 16:58:10,674 [INFO] PluginManager:220 - loadIPPluginJar : add openamp
2025-01-17 16:58:10,733 [INFO] IPUIPlugin:80 - create IPUIPlugin
2025-01-17 16:58:10,733 [INFO] PluginManager:220 - loadIPPluginJar : add pdm2pcm
2025-01-17 16:58:10,754 [INFO] IPUIPlugin:80 - create IPUIPlugin
2025-01-17 16:58:10,757 [INFO] PluginManager:220 - loadIPPluginJar : add plateformsettings
2025-01-17 16:58:10,787 [INFO] IPUIPlugin:80 - create IPUIPlugin
2025-01-17 16:58:10,788 [INFO] PluginManager:220 - loadIPPluginJar : add quadspi
2025-01-17 16:58:10,805 [INFO] IPUIPlugin:80 - create IPUIPlugin
2025-01-17 16:58:10,805 [INFO] PluginManager:220 - loadIPPluginJar : add resmgrutility
2025-01-17 16:58:10,868 [INFO] IPUIPlugin:80 - create IPUIPlugin
2025-01-17 16:58:10,868 [INFO] PluginManager:220 - loadIPPluginJar : add sai
2025-01-17 16:58:10,913 [INFO] IPUIPlugin:80 - create IPUIPlugin
2025-01-17 16:58:10,915 [INFO] PluginManager:220 - loadIPPluginJar : add spi
2025-01-17 16:58:10,987 [INFO] IPUIPlugin:80 - create IPUIPlugin
2025-01-17 16:58:10,987 [INFO] PluginManager:220 - loadIPPluginJar : add stm32_wpan
2025-01-17 16:58:11,020 [INFO] IPUIPlugin:80 - create IPUIPlugin
2025-01-17 16:58:11,020 [INFO] PluginManager:220 - loadIPPluginJar : add tim
2025-01-17 16:58:11,094 [INFO] IPUIPlugin:80 - create IPUIPlugin
2025-01-17 16:58:11,094 [INFO] PluginManager:220 - loadIPPluginJar : add touchsensing
2025-01-17 16:58:11,123 [INFO] IPUIPlugin:80 - create IPUIPlugin
2025-01-17 16:58:11,123 [INFO] PluginManager:220 - loadIPPluginJar : add tracer_emb
2025-01-17 16:58:11,155 [INFO] IPUIPlugin:80 - create IPUIPlugin
2025-01-17 16:58:11,156 [INFO] PluginManager:220 - loadIPPluginJar : add ts
2025-01-17 16:58:11,185 [INFO] IPUIPlugin:80 - create IPUIPlugin
2025-01-17 16:58:11,185 [INFO] PluginManager:220 - loadIPPluginJar : add tsc
2025-01-17 16:58:11,197 [INFO] ThirdPartyUpdaterWithRetryManager:70 - Updater plugin not ready yet. [2/15]
2025-01-17 16:58:11,214 [INFO] IPUIPlugin:80 - create IPUIPlugin
2025-01-17 16:58:11,214 [INFO] PluginManager:220 - loadIPPluginJar : add ucpd
2025-01-17 16:58:11,273 [INFO] IPUIPlugin:80 - create IPUIPlugin
2025-01-17 16:58:11,273 [INFO] PluginManager:220 - loadIPPluginJar : add usart
2025-01-17 16:58:11,329 [INFO] IPUIPlugin:80 - create IPUIPlugin
2025-01-17 16:58:11,329 [INFO] PluginManager:220 - loadIPPluginJar : add usbx
2025-01-17 16:58:11,476 [INFO] CADModel:165 - CPN selected for project level
2025-01-17 16:58:11,477 [INFO] CADModel:114 - Register for checkConnection events
2025-01-17 16:58:11,477 [FATAL] Updater:308 - Updater called before beeing initialized
2025-01-17 16:58:11,477 [ERROR] CADModel:125 - Updater not yet initialized, retry later 
2025-01-17 16:58:11,690 [INFO] CADModel:165 - CPN selected for project level
2025-01-17 16:58:11,690 [INFO] CADModel:114 - Register for checkConnection events
2025-01-17 16:58:11,690 [FATAL] Updater:308 - Updater called before beeing initialized
2025-01-17 16:58:11,690 [ERROR] CADModel:125 - Updater not yet initialized, retry later 
2025-01-17 16:58:11,695 [FATAL] Updater:308 - Updater called before beeing initialized
2025-01-17 16:58:11,879 [FATAL] Updater:308 - Updater called before beeing initialized
2025-01-17 16:58:11,899 [INFO] DbMcusAds:53 - JSON generation date=Wed Dec 18 02:01:15 AEST 2024 (1734451275230)
2025-01-17 16:58:11,900 [FATAL] Updater:308 - Updater called before beeing initialized
2025-01-17 16:58:12,027 [WARN] DetailPanel:346 - Failed to get advertising image, set to default
2025-01-17 16:58:12,166 [FATAL] Updater:308 - Updater called before beeing initialized
2025-01-17 16:58:12,169 [FATAL] Updater:308 - Updater called before beeing initialized
2025-01-17 16:58:12,169 [FATAL] Updater:308 - Updater called before beeing initialized
2025-01-17 16:58:12,169 [WARN] DetailPanel:346 - Failed to get advertising image, set to default
2025-01-17 16:58:12,170 [FATAL] Updater:308 - Updater called before beeing initialized
2025-01-17 16:58:12,317 [ERROR] Updater:1120 - MainUpdater not yet initialized. External WinMGr cannot be set.
2025-01-17 16:58:12,334 [INFO] Updater:1056 - Updater Version found : 6.8.1
2025-01-17 16:58:12,356 [INFO] ApplicationProperties:184 - Using Application install path: C:\ST\STM32CubeIDE_1.12.1\STM32CubeIDE\plugins\com.st.stm32cube.common.mx_6.8.1.202304191431
2025-01-17 16:58:12,966 [INFO] MainUpdater:2854 - connection check result : 10
2025-01-17 16:58:12,969 [INFO] MainUpdater:283 - Updater Check For Update Now.
2025-01-17 16:58:12,970 [INFO] MicroXplorer:498 - Change Database Version : DB.6.0.81
2025-01-17 16:58:13,290 [INFO] CheckServerUpdateThread:120 - End of CheckServer Thread
2025-01-17 16:58:13,443 [INFO] MainUpdater:2854 - connection check result : 10
2025-01-17 16:58:13,456 [INFO] MainUpdater:2854 - connection check result : 10
2025-01-17 16:58:13,693 [INFO] MicroXplorer:468 - Change Database Path : 
2025-01-17 16:58:13,693 [INFO] MicroXplorer:498 - Change Database Version : DB.6.0.81
2025-01-17 16:58:13,694 [WARN] ThirdParty:871 - waiting for thirdparty lock release [close project]
2025-01-17 16:58:14,704 [WARN] PackLoader:240 - Cannot read IP mode file for STMicroelectronics.FP-ATR-ASTRA1.2.0.1
2025-01-17 16:58:14,737 [WARN] PackLoader:240 - Cannot read IP mode file for STMicroelectronics.X-CUBE-SMBUS.2.1.0
2025-01-17 16:58:14,781 [WARN] PackLoader:240 - Cannot read IP mode file for STMicroelectronics.X-CUBE-WB05N.1.1.0
2025-01-17 16:58:14,816 [WARN] PackLoader:240 - Cannot read IP mode file for STMicroelectronics.X-CUBE-TOUCHGFX.4.23.1
2025-01-17 16:58:14,843 [WARN] PackLoader:240 - Cannot read IP mode file for STMicroelectronics.X-CUBE-TOUCHGFX.4.23.0
2025-01-17 16:58:14,868 [WARN] PackLoader:240 - Cannot read IP mode file for STMicroelectronics.X-CUBE-TOUCHGFX.4.23.2
2025-01-17 16:58:14,945 [WARN] PackLoader:240 - Cannot read IP mode file for STMicroelectronics.X-CUBE-AZRTOS-F7.1.1.0
2025-01-17 16:58:14,981 [ERROR] RealEvaluatedCondition:428 - Found unsupported composite condition: CLASS='Data Exchange' GROUP='STM32_MetaDataManager'
2025-01-17 16:58:14,981 [ERROR] RealEvaluatedCondition:428 - Found unsupported composite condition: CLASS='Data Exchange' GROUP='STM32_MetaDataManager'
2025-01-17 16:58:14,983 [WARN] PackLoader:240 - Cannot read IP mode file for STMicroelectronics.FP-SNS-MOTENV1.4.3.0
2025-01-17 16:58:15,014 [WARN] PackLoader:240 - Cannot read IP mode file for STMicroelectronics.FP-SNS-MOTENV1.4.3.2
2025-01-17 16:58:15,038 [WARN] PackLoader:240 - Cannot read IP mode file for STMicroelectronics.FP-SNS-FLIGHT1.5.0.0
2025-01-17 16:58:15,062 [ERROR] RealEvaluatedCondition:428 - Found unsupported composite condition: CLASS='Data Exchange' GROUP='STM32_MetaDataManager'
2025-01-17 16:58:15,062 [ERROR] RealEvaluatedCondition:428 - Found unsupported composite condition: CLASS='Data Exchange' GROUP='STM32_MetaDataManager'
2025-01-17 16:58:15,065 [WARN] PackLoader:240 - Cannot read IP mode file for STMicroelectronics.FP-SNS-MOTENV1.4.3.1
2025-01-17 16:58:15,086 [WARN] PackLoader:240 - Cannot read IP mode file for STMicroelectronics.FP-SNS-FLIGHT1.5.0.1
2025-01-17 16:58:15,260 [WARN] PackLoader:240 - Cannot read IP mode file for STMicroelectronics.X-CUBE-MEMS1.11.0.0
2025-01-17 16:58:15,520 [WARN] PackLoader:240 - Cannot read IP mode file for STMicroelectronics.X-CUBE-BLE1.6.2.4
2025-01-17 16:58:15,541 [WARN] PackLoader:240 - Cannot read IP mode file for STMicroelectronics.FP-SNS-FLIGHT1.5.0.2
2025-01-17 16:58:15,572 [WARN] PackLoader:240 - Cannot read IP mode file for STMicroelectronics.X-CUBE-DISPLAY.3.0.0
2025-01-17 16:58:15,609 [WARN] PackLoader:240 - Cannot read IP mode file for STMicroelectronics.X-CUBE-BLE1.7.0.0
2025-01-17 16:58:15,657 [WARN] PackLoader:240 - Cannot read IP mode file for STMicroelectronics.X-CUBE-NFC10.1.0.0
2025-01-17 16:58:15,691 [ERROR] Engine:466 - C:\Users\rhett\.stm32cubemx\thirdparties\pdsc\STMicroelectronics.X-CUBE-BLEMGR.4.0.0.pdsc: PDSC version is not supported
2025-01-17 16:58:15,717 [WARN] PackLoader:240 - Cannot read IP mode file for STMicroelectronics.X-CUBE-TOUCHGFX.4.22.0
2025-01-17 16:58:15,746 [WARN] PackLoader:240 - Cannot read IP mode file for STMicroelectronics.X-CUBE-TOUCHGFX.4.22.1
2025-01-17 16:58:15,792 [WARN] PackLoader:240 - Cannot read IP mode file for STMicroelectronics.X-CUBE-BLEMGR.3.1.0
2025-01-17 16:58:15,832 [WARN] PackLoader:240 - Cannot read IP mode file for STMicroelectronics.FP-SNS-SMARTAG2.1.2.0
2025-01-17 16:58:16,037 [WARN] PackLoader:240 - Cannot read IP mode file for STMicroelectronics.X-CUBE-MEMS1.11.1.0
2025-01-17 16:58:16,332 [INFO] LogOutputStream:77 - [STDOUT_REDIRECT] 1 : Invalid condition id : UX_CORESTACK_Condition cause : null
2025-01-17 16:58:16,333 [INFO] LogOutputStream:77 - [STDOUT_REDIRECT] 1 : Invalid condition id : UX_CORESTACK_Condition cause : null
2025-01-17 16:58:16,337 [INFO] LogOutputStream:77 - [STDOUT_REDIRECT] 1 : Invalid condition id : UX_CORESTACK_Condition cause : null
2025-01-17 16:58:16,340 [INFO] LogOutputStream:77 - [STDOUT_REDIRECT] 1 : Invalid condition id : UX_CORESTACK_Condition cause : null
2025-01-17 16:58:16,342 [INFO] LogOutputStream:77 - [STDOUT_REDIRECT] 1 : Invalid condition id : UX_CORESTACK_Condition cause : null
2025-01-17 16:58:16,348 [WARN] PackLoader:240 - Cannot read IP mode file for STMicroelectronics.X-CUBE-AZRTOS-WL.2.0.0
2025-01-17 16:58:16,377 [WARN] PackLoader:240 - Cannot read IP mode file for STMicroelectronics.FP-SNS-MOTENV1.5.0.0
2025-01-17 16:58:16,401 [WARN] PackLoader:240 - Cannot read IP mode file for wolfSSL.I-CUBE-wolfMQTT.1.19.0
2025-01-17 16:58:16,428 [WARN] PackLoader:240 - Cannot read IP mode file for WES.I-CUBE-Cesium.1.3.0
2025-01-17 16:58:16,456 [WARN] PackLoader:240 - Cannot read IP mode file for STMicroelectronics.X-CUBE-BLE2.3.3.0
2025-01-17 16:58:16,487 [WARN] PackLoader:240 - Cannot read IP mode file for STMicroelectronics.X-CUBE-NFC9.1.0.0
2025-01-17 16:58:16,525 [WARN] PackLoader:240 - Cannot read IP mode file for STMicroelectronics.X-CUBE-TCPP.4.1.0
2025-01-17 16:58:16,556 [WARN] PackLoader:240 - Cannot read IP mode file for STMicroelectronics.X-CUBE-TOUCHGFX.4.21.3
2025-01-17 16:58:16,581 [WARN] PackLoader:240 - Cannot read IP mode file for STMicroelectronics.X-CUBE-TOUCHGFX.4.21.4
2025-01-17 16:58:16,613 [WARN] PackLoader:240 - Cannot read IP mode file for STMicroelectronics.X-CUBE-ALGOBUILD.1.3.0
2025-01-17 16:58:16,836 [WARN] PackLoader:240 - Cannot read IP mode file for STMicroelectronics.X-CUBE-AZRTOS-G0.1.1.0
2025-01-17 16:58:16,988 [WARN] PackLoader:240 - Cannot read IP mode file for STMicroelectronics.X-CUBE-SAFEA1.1.2.2
2025-01-17 16:58:17,025 [WARN] PackLoader:240 - Cannot read IP mode file for STMicroelectronics.X-CUBE-NFC4.3.0.0
2025-01-17 16:58:17,193 [WARN] PackLoader:240 - Cannot read IP mode file for wolfSSL.I-CUBE-wolfMQTT.1.18.0
2025-01-17 16:58:17,223 [ERROR] Engine:466 - C:\Users\rhett\.stm32cubemx\thirdparties\pdsc\EmbeddedOffice.I-CUBE-FS-RTOS.1.0.1.pdsc: PDSC version is not supported
2025-01-17 16:58:17,255 [WARN] PackLoader:240 - Cannot read IP mode file for STMicroelectronics.X-CUBE-BLEMGR.3.0.0
2025-01-17 16:58:17,293 [ERROR] Engine:466 - C:\Users\rhett\.stm32cubemx\thirdparties\pdsc\STMicroelectronics.X-CUBE-TCPP.4.2.0.pdsc: PDSC version is not supported
2025-01-17 16:58:17,320 [ERROR] Engine:466 - C:\Users\rhett\.stm32cubemx\thirdparties\pdsc\RealThread.X-CUBE-RT-Thread_Nano.4.1.1.pdsc: PDSC version is not supported
2025-01-17 16:58:17,344 [WARN] PackLoader:240 - Cannot read IP mode file for STMicroelectronics.FP-ATR-SIGFOX1.3.2.0
2025-01-17 16:58:17,369 [ERROR] Engine:466 - C:\Users\rhett\.stm32cubemx\thirdparties\pdsc\quantropi.X-CUBE-qispace-sdk-base.1.9.3.pdsc: PDSC version is not supported
2025-01-17 16:58:17,421 [WARN] PackLoader:240 - Cannot read IP mode file for STMicroelectronics.X-CUBE-EEPRMA1.5.1.0
2025-01-17 16:58:17,548 [WARN] PackLoader:240 - Cannot read IP mode file for STMicroelectronics.X-CUBE-MEMS1.9.5.0
2025-01-17 16:58:17,811 [WARN] PackLoader:240 - Cannot read IP mode file for SEGGER.I-CUBE-embOS.1.3.1
2025-01-17 16:58:17,940 [WARN] PackLoader:240 - Cannot read IP mode file for STMicroelectronics.X-CUBE-ALGOBUILD.1.4.0
2025-01-17 16:58:17,978 [WARN] PackLoader:240 - Cannot read IP mode file for STMicroelectronics.X-CUBE-AI.9.1.0
2025-01-17 16:58:18,014 [WARN] PackLoader:240 - Cannot read IP mode file for STMicroelectronics.X-CUBE-GNSS1.6.0.0
2025-01-17 16:58:18,077 [WARN] PackLoader:240 - Cannot read IP mode file for STMicroelectronics.X-CUBE-AZRTOS-F4.1.1.0
2025-01-17 16:58:18,111 [WARN] PackLoader:240 - Cannot read IP mode file for wolfSSL.I-CUBE-wolfSSL.5.6.0
2025-01-17 16:58:18,143 [WARN] PackLoader:240 - Cannot read IP mode file for STMicroelectronics.X-CUBE-ISPU.2.1.0
2025-01-17 16:58:18,181 [WARN] PackLoader:240 - Cannot read IP mode file for STMicroelectronics.X-CUBE-FREERTOS.1.2.0
2025-01-17 16:58:18,253 [WARN] PackLoader:240 - Cannot read IP mode file for STMicroelectronics.X-CUBE-AZRTOS-L5.2.0.0
2025-01-17 16:58:18,444 [WARN] PackLoader:240 - Cannot read IP mode file for STMicroelectronics.X-CUBE-MEMS1.9.6.0
2025-01-17 16:58:18,844 [WARN] PackLoader:240 - Cannot read IP mode file for STMicroelectronics.X-CUBE-EEPRMA1.4.2.0
2025-01-17 16:58:18,923 [WARN] PackLoader:240 - Cannot read IP mode file for STMicroelectronics.X-CUBE-NFC6.3.1.0
2025-01-17 16:58:19,006 [WARN] PackLoader:240 - Cannot read IP mode file for ITTIA_DB.I-CUBE-ITTIADB.8.8.0
2025-01-17 16:58:19,107 [WARN] PackLoader:240 - Cannot read IP mode file for emotas.I-CUBE-CANOPEN.1.1.3
2025-01-17 16:58:19,149 [WARN] PackLoader:240 - Cannot read IP mode file for STMicroelectronics.X-CUBE-BLEMGR.2.0.0
2025-01-17 16:58:19,202 [ERROR] Engine:466 - C:\Users\rhett\.stm32cubemx\thirdparties\pdsc\STMicroelectronics.X-CUBE-DPower.1.2.0.pdsc: PDSC version is not supported
2025-01-17 16:58:19,343 [WARN] PackLoader:240 - Cannot read IP mode file for STMicroelectronics.X-CUBE-AI.9.0.0
2025-01-17 16:58:19,586 [WARN] ConditionMgr:438 - getConditionDescription Invalid condition id : UX DEVICE CLASS RTOS Condition cause : null
2025-01-17 16:58:19,586 [WARN] ConditionMgr:438 - getConditionDescription Invalid condition id : UX DEVICE CLASS RTOS Condition cause : null
2025-01-17 16:58:19,591 [WARN] PackLoader:240 - Cannot read IP mode file for STMicroelectronics.X-CUBE-AZRTOS-H7.3.1.0
2025-01-17 16:58:19,593 [WARN] ConditionMgr:1039 - genDependencies : Invalid condition id : UX DEVICE CLASS RTOS Condition cause : null
2025-01-17 16:58:19,593 [WARN] ConditionMgr:1039 - genDependencies : Invalid condition id : UX DEVICE CLASS RTOS Condition cause : null
2025-01-17 16:58:19,594 [WARN] ConditionMgr:1039 - genDependencies : Invalid condition id : UX DEVICE CLASS RTOS Condition cause : null
2025-01-17 16:58:19,594 [WARN] ConditionMgr:1039 - genDependencies : Invalid condition id : UX DEVICE CLASS RTOS Condition cause : null
2025-01-17 16:58:19,595 [WARN] ConditionMgr:1039 - genDependencies : Invalid condition id : UX DEVICE CLASS RTOS Condition cause : null
2025-01-17 16:58:19,789 [WARN] PackLoader:240 - Cannot read IP mode file for STMicroelectronics.X-CUBE-FREERTOS.1.3.0
2025-01-17 16:58:19,894 [WARN] PackLoader:240 - Cannot read IP mode file for STMicroelectronics.X-CUBE-NFC7.1.0.1
2025-01-17 16:58:19,939 [WARN] PackLoader:240 - Cannot read IP mode file for STMicroelectronics.X-CUBE-NFC7.1.0.0
2025-01-17 16:58:19,962 [WARN] PackLoader:240 - Cannot read IP mode file for wolfSSL.I-CUBE-wolfTPM.3.2.0
2025-01-17 16:58:19,993 [WARN] PackLoader:240 - Cannot read IP mode file for STMicroelectronics.X-CUBE-NFC6.3.0.0
2025-01-17 16:58:20,012 [WARN] PackLoader:240 - Cannot read IP mode file for STMicroelectronics.X-CUBE-EEPRMA1.4.1.0
2025-01-17 16:58:20,031 [WARN] PackLoader:240 - Cannot read IP mode file for STMicroelectronics.X-CUBE-AI.8.1.0
2025-01-17 16:58:20,069 [WARN] ConditionMgr:438 - getConditionDescription Invalid condition id : LAN8742 Phy interface Condition cause : null
2025-01-17 16:58:20,070 [WARN] PackLoader:240 - Cannot read IP mode file for STMicroelectronics.X-CUBE-AZRTOS-L4.2.0.0
2025-01-17 16:58:20,071 [WARN] ConditionMgr:1039 - genDependencies : Invalid condition id : LAN8742 Phy interface Condition cause : null
2025-01-17 16:58:20,071 [WARN] ConditionMgr:1039 - genDependencies : Invalid condition id : LAN8742 Phy interface Condition cause : null
2025-01-17 16:58:20,071 [WARN] ConditionMgr:1039 - genDependencies : Invalid condition id : LAN8742 Phy interface Condition cause : null
2025-01-17 16:58:20,090 [WARN] PackLoader:240 - Cannot read IP mode file for STMicroelectronics.X-CUBE-SFXS2LP1.4.0.0
2025-01-17 16:58:20,106 [WARN] PackLoader:240 - Cannot read IP mode file for STMicroelectronics.X-CUBE-ISPU.1.1.0
2025-01-17 16:58:20,184 [WARN] PackLoader:240 - Cannot read IP mode file for STMicroelectronics.X-CUBE-AZRTOS-H7.3.3.0
2025-01-17 16:58:20,253 [WARN] PackLoader:240 - Cannot read IP mode file for STMicroelectronics.X-CUBE-AI.8.0.0
2025-01-17 16:58:20,298 [ERROR] Engine:466 - C:\Users\rhett\.stm32cubemx\thirdparties\pdsc\STMicroelectronics.X-CUBE-IPS.3.0.0.pdsc: PDSC version is not supported
2025-01-17 16:58:20,407 [WARN] ConditionMgr:438 - getConditionDescription Invalid condition id : UX DEVICE CLASS RTOS Condition cause : null
2025-01-17 16:58:20,408 [WARN] ConditionMgr:438 - getConditionDescription Invalid condition id : UX DEVICE CLASS RTOS Condition cause : null
2025-01-17 16:58:20,410 [WARN] PackLoader:240 - Cannot read IP mode file for STMicroelectronics.X-CUBE-AZRTOS-WB.2.0.0
2025-01-17 16:58:20,411 [WARN] ConditionMgr:1039 - genDependencies : Invalid condition id : UX DEVICE CLASS RTOS Condition cause : null
2025-01-17 16:58:20,411 [WARN] ConditionMgr:1039 - genDependencies : Invalid condition id : UX DEVICE CLASS RTOS Condition cause : null
2025-01-17 16:58:20,411 [WARN] ConditionMgr:1039 - genDependencies : Invalid condition id : UX DEVICE CLASS RTOS Condition cause : null
2025-01-17 16:58:20,411 [WARN] ConditionMgr:1039 - genDependencies : Invalid condition id : UX DEVICE CLASS RTOS Condition cause : null
2025-01-17 16:58:20,411 [WARN] ConditionMgr:1039 - genDependencies : Invalid condition id : UX DEVICE CLASS RTOS Condition cause : null
2025-01-17 16:58:20,437 [WARN] PackLoader:240 - Cannot read IP mode file for STMicroelectronics.X-CUBE-FREERTOS.1.0.1
2025-01-17 16:58:20,470 [WARN] PackLoader:240 - Cannot read IP mode file for STMicroelectronics.X-CUBE-GNSS1.7.0.0
2025-01-17 16:58:20,504 [WARN] PackLoader:240 - Cannot read IP mode file for STMicroelectronics.X-CUBE-GNSS1.7.0.1
2025-01-17 16:58:20,529 [ERROR] Engine:466 - C:\Users\rhett\.stm32cubemx\thirdparties\pdsc\STMicroelectronics.FP-SNS-STBOX1.2.0.0.pdsc: PDSC version is not supported
2025-01-17 16:58:20,591 [WARN] PackLoader:240 - Cannot read IP mode file for STMicroelectronics.X-CUBE-AZRTOS-L5.1.1.0
2025-01-17 16:58:20,638 [WARN] PackLoader:240 - Cannot read IP mode file for STMicroelectronics.X-CUBE-AI.8.0.1
2025-01-17 16:58:20,673 [WARN] PackLoader:240 - Cannot read IP mode file for STMicroelectronics.X-CUBE-SUBG2.5.0.0
2025-01-17 16:58:20,708 [WARN] PackLoader:240 - Cannot read IP mode file for Cesanta.I-CUBE-Mongoose.7.13.0
2025-01-17 16:58:20,745 [WARN] PackLoader:240 - Cannot read IP mode file for STMicroelectronics.X-CUBE-TOF1.3.3.1
2025-01-17 16:58:20,828 [WARN] PackLoader:240 - Cannot read IP mode file for STMicroelectronics.X-CUBE-AZRTOS-G4.2.0.0
2025-01-17 16:58:20,856 [WARN] PackLoader:240 - Cannot read IP mode file for STMicroelectronics.X-CUBE-TOF1.3.3.0
2025-01-17 16:58:20,907 [WARN] PackLoader:240 - Cannot read IP mode file for Infineon.AIROC-Wi-Fi-Bluetooth-STM32.1.5.1
2025-01-17 16:58:20,927 [WARN] PackLoader:240 - Cannot read IP mode file for STMicroelectronics.FP-SNS-MOTENVWB1.1.3.0
2025-01-17 16:58:20,948 [WARN] PackLoader:240 - Cannot read IP mode file for STMicroelectronics.FP-SNS-MOTENVWB1.1.3.1
2025-01-17 16:58:20,977 [WARN] PackLoader:240 - Cannot read IP mode file for STMicroelectronics.X-CUBE-AZRTOS-G4.1.0.0
2025-01-17 16:58:21,014 [WARN] PackLoader:240 - Cannot read IP mode file for STMicroelectronics.X-CUBE-AZRTOS-L4.1.0.0
2025-01-17 16:58:21,041 [WARN] PackLoader:240 - Cannot read IP mode file for STMicroelectronics.X-CUBE-ISPU.2.0.0
2025-01-17 16:58:21,060 [ERROR] Engine:466 - C:\Users\rhett\.stm32cubemx\thirdparties\pdsc\STMicroelectronics.X-CUBE-IPS.3.1.0.pdsc: PDSC version is not supported
2025-01-17 16:58:21,083 [WARN] PackLoader:240 - Cannot read IP mode file for STMicroelectronics.X-CUBE-ALS.1.0.2
2025-01-17 16:58:21,158 [WARN] PackLoader:240 - Cannot read IP mode file for STMicroelectronics.X-CUBE-MEMS1.10.0.0
2025-01-17 16:58:21,824 [WARN] PackLoader:240 - Cannot read IP mode file for STMicroelectronics.X-CUBE-FREERTOS.1.1.0
2025-01-17 16:58:21,944 [WARN] PackLoader:240 - Cannot read IP mode file for STMicroelectronics.X-CUBE-TOUCHGFX.4.24.0
2025-01-17 16:58:22,789 [WARN] PackLoader:240 - Cannot read IP mode file for STMicroelectronics.X-CUBE-TOUCHGFX.4.24.2
2025-01-17 16:58:22,837 [WARN] PackLoader:240 - Cannot read IP mode file for STMicroelectronics.X-CUBE-AZRTOS-WL.1.0.0
2025-01-17 16:58:22,862 [WARN] PackLoader:240 - Cannot read IP mode file for STMicroelectronics.X-CUBE-TOUCHGFX.4.24.1
2025-01-17 16:58:22,891 [WARN] PackLoader:240 - Cannot read IP mode file for portGmbH.I-Cube-SoM-uGOAL.1.1.0
2025-01-17 16:58:22,911 [WARN] PackLoader:240 - Cannot read IP mode file for STMicroelectronics.X-CUBE-ALS.1.0.1
2025-01-17 16:58:22,950 [WARN] PackLoader:240 - Cannot read IP mode file for STMicroelectronics.X-CUBE-AZRTOS-WB.1.1.0
2025-01-17 16:58:23,010 [WARN] PackLoader:240 - Cannot read IP mode file for STMicroelectronics.X-CUBE-AZRTOS-H7RS.1.0.0
2025-01-17 16:58:23,066 [WARN] PackLoader:240 - Cannot read IP mode file for STMicroelectronics.FP-ATR-ASTRA1.2.0.0
2025-01-17 16:58:23,146 [ERROR] Engine:466 - C:\Users\rhett\.stm32cubemx\thirdparties\pdsc\STMicroelectronics.X-CUBE-TOF1.3.4.2.pdsc: PDSC version is not supported
2025-01-17 16:58:23,227 [WARN] PackLoader:240 - Cannot read IP mode file for STMicroelectronics.X-CUBE-TOF1.3.4.0
2025-01-17 16:58:23,344 [WARN] PackLoader:240 - Cannot read IP mode file for STMicroelectronics.X-CUBE-TOF1.3.4.1
2025-01-17 16:58:23,397 [WARN] PackLoader:240 - Cannot read IP mode file for STMicroelectronics.X-CUBE-AZRTOS-H7.3.2.0
2025-01-17 16:58:23,417 [WARN] PackLoader:240 - Cannot read IP mode file for wolfSSL.I-CUBE-wolfSSH.1.4.17
2025-01-17 16:58:23,417 [INFO] ThirdParty:978 - Integrity check success = true
2025-01-17 16:58:23,417 [INFO] IntegrityCheckThread:100 - exiting critical section [integrity check]
2025-01-17 16:58:23,418 [INFO] IntegrityCheckThread:103 - End integrity checks thread
2025-01-17 16:58:23,418 [INFO] ThirdParty:873 - entering critical section [close project]
2025-01-17 16:58:23,419 [INFO] ThirdParty:883 - exiting critical section [close project]
2025-01-17 16:58:23,424 [INFO] PinOutPanel:1499 - setPackage(No Configuration,No Configuration)
2025-01-17 16:58:23,431 [INFO] UtilMem:75 - Begin LoadConfig() Used Memory: 648398656 Bytes (791674880)
2025-01-17 16:58:23,434 [INFO] MicroXplorer:468 - Change Database Path : 
2025-01-17 16:58:23,434 [INFO] MicroXplorer:498 - Change Database Version : DB.6.0.81
2025-01-17 16:58:23,434 [INFO] OpenFileManager:308 - Change cursor
2025-01-17 16:58:23,514 [INFO] Mcu:1937 - Initializing MCU STM32F746ZGTx STM32F746ZGTx STM32F746ZGT6
2025-01-17 16:58:28,881 [INFO] Context:659 - Trying to add GPIOservice into a context  which must be forbidden
2025-01-17 16:58:31,462 [INFO] RtosManager:555 - Registered RTOS mode: class=CMSIS, group=RTOS, mode=CMSIS_V1, owner=FREERTOS
2025-01-17 16:58:31,463 [INFO] RtosManager:555 - Registered RTOS mode: class=CMSIS, group=RTOS2, mode=CMSIS_V2, owner=FREERTOS
2025-01-17 16:58:31,463 [INFO] RtosManager:555 - Registered RTOS mode: class=RTOS, group=Core, mode=CMSIS_V1, owner=FREERTOS
2025-01-17 16:58:31,463 [INFO] RtosManager:555 - Registered RTOS mode: class=RTOS, group=Core, mode=CMSIS_V2, owner=FREERTOS
2025-01-17 16:58:31,464 [WARN] ModelIntegratedComponent:184 - Missing modes for component STMicroelectronics:FreeRTOS:0.0.1:STMicroelectronics:RTOS:FreeRTOS:Core:::10.2.0:
2025-01-17 16:58:31,472 [WARN] ModelIntegratedComponent:63 - No mode defined for component null
2025-01-17 16:58:31,473 [WARN] ModelIntegratedComponent:63 - No mode defined for component null
2025-01-17 16:58:31,473 [WARN] ModelIntegratedComponent:63 - No mode defined for component null
2025-01-17 16:58:31,473 [WARN] ModelIntegratedComponent:63 - No mode defined for component null
2025-01-17 16:58:31,473 [WARN] ModelIntegratedComponent:63 - No mode defined for component null
2025-01-17 16:58:31,473 [WARN] ModelIntegratedComponent:63 - No mode defined for component null
2025-01-17 16:58:31,473 [WARN] ModelIntegratedComponent:63 - No mode defined for component null
2025-01-17 16:58:31,474 [WARN] ModelIntegratedComponent:63 - No mode defined for component null
2025-01-17 16:58:31,474 [WARN] ModelIntegratedComponent:63 - No mode defined for component null
2025-01-17 16:58:31,474 [WARN] ModelIntegratedComponent:63 - No mode defined for component null
2025-01-17 16:58:31,474 [WARN] ModelIntegratedComponent:63 - No mode defined for component null
2025-01-17 16:58:31,474 [WARN] ModelIntegratedComponent:63 - No mode defined for component null
2025-01-17 16:58:31,474 [WARN] ModelIntegratedComponent:63 - No mode defined for component null
2025-01-17 16:58:31,474 [WARN] ModelIntegratedComponent:63 - No mode defined for component null
2025-01-17 16:58:31,474 [WARN] ModelIntegratedComponent:63 - No mode defined for component null
2025-01-17 16:58:31,474 [WARN] ModelIntegratedComponent:63 - No mode defined for component null
2025-01-17 16:58:31,474 [WARN] ModelIntegratedComponent:63 - No mode defined for component null
2025-01-17 16:58:31,474 [WARN] ModelIntegratedComponent:63 - No mode defined for component null
2025-01-17 16:58:31,474 [WARN] ModelIntegratedComponent:63 - No mode defined for component null
2025-01-17 16:58:31,476 [WARN] ModelIntegratedComponent:63 - No mode defined for component null
2025-01-17 16:58:31,476 [WARN] ModelIntegratedComponent:63 - No mode defined for component null
2025-01-17 16:58:31,476 [WARN] ModelIntegratedComponent:63 - No mode defined for component null
2025-01-17 16:58:31,476 [WARN] ModelIntegratedComponent:63 - No mode defined for component null
2025-01-17 16:58:31,476 [WARN] ModelIntegratedComponent:63 - No mode defined for component null
2025-01-17 16:58:31,476 [WARN] ModelIntegratedComponent:63 - No mode defined for component null
2025-01-17 16:58:31,477 [WARN] ModelIntegratedComponent:63 - No mode defined for component null
2025-01-17 16:58:31,478 [WARN] ModelIntegratedComponent:63 - No mode defined for component null
2025-01-17 16:58:31,478 [WARN] ModelIntegratedComponent:63 - No mode defined for component null
2025-01-17 16:58:31,478 [WARN] ModelIntegratedComponent:63 - No mode defined for component null
2025-01-17 16:58:31,478 [WARN] ModelIntegratedComponent:63 - No mode defined for component null
2025-01-17 16:58:31,481 [WARN] ModelIntegratedComponent:63 - No mode defined for component null
2025-01-17 16:58:31,482 [WARN] ModelIntegratedComponent:63 - No mode defined for component null
2025-01-17 16:58:31,482 [WARN] ModelIntegratedComponent:63 - No mode defined for component null
2025-01-17 16:58:32,018 [INFO] ThirdPartyModel:298 - Start build external matchings
2025-01-17 16:58:34,985 [INFO] ThirdPartyModel:316 - End build external matchings
2025-01-17 16:58:35,063 [WARN] IP:2113 - LayerIdx_L1 not found: check if there is a RefParameter without a condition.
2025-01-17 16:58:35,065 [INFO] ImportTextPane:194 - (OptionalMessage_ERROR) IP (RCC) : Invalid parameter (FamilyName)
2025-01-17 16:58:35,067 [INFO] ImportTextPane:194 - (OptionalMessage_ERROR) IP (RCC) : Parameter (RNGFreq_Value) has invalid value (216000000)
2025-01-17 16:58:35,067 [INFO] ImportTextPane:194 - (OptionalMessage_ERROR) IP (RCC) : Parameter (SDMMCFreq_Value) has invalid value (216000000)
2025-01-17 16:58:35,068 [INFO] ImportTextPane:194 - (OptionalMessage_ERROR) IP (RCC) : Parameter (USBFreq_Value) has invalid value (216000000)
2025-01-17 16:58:36,618 [INFO] UtilMem:75 - End LoadConfig() Used Memory: 657838296 Bytes (791674880)
2025-01-17 16:58:37,062 [INFO] ApiDb:581 - Connected to CubeFinder SQLite database (C:\Users\rhett\.stmcufinder\plugins\mcufinder\mcu\cube-finder-db.db)
2025-01-17 16:58:37,224 [INFO] ApiDb:668 - CubeFinder database Data Model version=2.1
2025-01-17 16:58:37,224 [INFO] ApiDb:669 - CubeFinder database Configuration version=3.0.39
2025-01-17 16:58:37,224 [INFO] ApiDb:670 - CubeFinder database generation date=2024-12-10 (1733817889)
2025-01-17 16:58:37,224 [INFO] ApiDb:671 - CubeFinder database FW Pack versions=[FP-ATR-ASTRA1_V2.0.0, FP-SNS-FLIGHT1_V5.0.2, FP-SNS-MOTENV1_V5.0.0, FP-SNS-MOTENVWB1_V1.4.0, FP-SNS-SMARTAG2_V1.2.0, FP-SNS-STBOX1_V2.0.0, STM32Cube_FW_C0_V1.3.0, STM32Cube_FW_F4_V1.28.1, STM32Cube_FW_F7_V1.17.2, STM32Cube_FW_G0_V1.6.2, STM32Cube_FW_G4_V1.6.1, STM32Cube_FW_H5_V1.4.0, STM32Cube_FW_H7RS_V1.1.0, STM32Cube_FW_H7_V1.12.0, STM32Cube_FW_L0_V1.12.2, STM32Cube_FW_L4_V1.18.1, STM32Cube_FW_L5_V1.5.1, STM32Cube_FW_N6_V1.0.0, STM32Cube_FW_U0_V1.2.0, STM32Cube_FW_U3_V1.0.0, STM32Cube_FW_U5_V1.7.0, STM32Cube_FW_WB0_V1.1.0, STM32Cube_FW_WBA_V1.5.0, STM32Cube_FW_WB_V1.21.0, STM32Cube_FW_WL3_V1.0.0, STM32Cube_FW_WL_V1.3.0, X-CUBE-ALGOBUILD_V1.4.0, X-CUBE-ALS_V1.0.2, X-CUBE-AZRTOS-F4_V1.1.0, X-CUBE-AZRTOS-F7_V1.1.0, X-CUBE-AZRTOS-G0_V1.1.0, X-CUBE-AZRTOS-G4_V2.0.0, X-CUBE-AZRTOS-H7RS_V1.0.0, X-CUBE-AZRTOS-H7_V3.3.0, X-CUBE-AZRTOS-L4_V2.0.0, X-CUBE-AZRTOS-L5_V2.0.0, X-CUBE-AZRTOS-WB_V2.0.0, X-CUBE-AZRTOS-WL_V2.0.0, X-CUBE-BLE1_V7.0.0, X-CUBE-BLE2_V3.3.0, X-CUBE-BLEMGR_V3.1.0, X-CUBE-EEPRMA1_V5.1.0, X-CUBE-FREERTOS_V1.2.0, X-CUBE-GNSS1_V6.0.0, X-CUBE-MEMS1_V11.0.0, X-CUBE-NFC4_V3.0.0, X-CUBE-NFC7_V1.0.1, X-CUBE-SFXS2LP1_V4.0.0, X-CUBE-SUBG2_V5.0.0, X-CUBE-TOF1_V3.4.2]
2025-01-17 16:58:40,715 [INFO] ApiDb:240 - Found 297 in-development CPN: [B-G473E-ZEST1S, B-WB1M-WPAN1, B-WL5M-SUBG1, NUCLEO-C031C6, NUCLEO-H503RB, NUCLEO-H563ZI, NUCLEO-U545RE-Q, NUCLEO-U5A5ZJ-Q, NUCLEO-WBA52CG, STEVAL-PROTEUS1, STEVAL-STWINBX1, STM320518-EVAL, STM32C0116-DK, STM32C011D6Y3TR, STM32C011D6Y6TR, STM32C011F4P3, STM32C011F4P6, STM32C011F4U3, STM32C011F4U6TR, STM32C011F6P3, STM32C011F6P6, STM32C011F6U3, STM32C011F6U6TR, STM32C011J4M3, STM32C011J4M6, STM32C011J6M3, STM32C011J6M6, STM32C0316-DK, STM32C031C4T3, STM32C031C4T6, STM32C031C4U3, STM32C031C4U6, STM32C031C6T3, STM32C031C6T6, STM32C031C6U3, STM32C031C6U6, STM32C031F4P3, STM32C031F4P6, STM32C031F6P3, STM32C031F6P6, STM32C031G4U3, STM32C031G4U6, STM32C031G6U3, STM32C031G6U6, STM32C031K4T3, STM32C031K4T6, STM32C031K4U3, STM32C031K4U6, STM32C031K6T3, STM32C031K6T6, STM32C031K6U3, STM32C031K6U6, STM32G071K8TXN, STM32G071K8UXN, STM32G081GBU6N, STM32G081KBT6N, STM32G081KBUXN, STM32G0B1CCT6N, STM32G0B1KCT6, STM32G0B1NEY6TR, STM32G0B1RCT6N, STM32G0C1CCT6, STM32G0C1CCT6N, STM32G0C1CCU6N, STM32G0C1CET6N, STM32G0C1CEU6N, STM32G0C1KCT6, STM32G0C1NEY6TR, STM32G0C1RCI6N, STM32G0C1RCT6N, STM32G0C1REI6N, STM32G0C1RET6N, STM32G0C1VCI6, STM32G0C1VEI6, STM32G471CCT6, STM32G471CCU6, STM32G471CET3, STM32G471CET6, STM32G471CEU3, STM32G471CEU6, STM32G471MCT6, STM32G471MET3, STM32G471MET6, STM32G471MEY6TR, STM32G471QCT6, STM32G471QET3, STM32G471RCT6, STM32G471RET3, STM32G471RET6, STM32G471VCH6, STM32G471VCI6, STM32G471VCT6, STM32G471VEH3, STM32G471VEH6, STM32G471VEI3, STM32G471VEI6, STM32G471VET3, STM32G471VET6, STM32G474CCT6, STM32H503CBT6, STM32H503CBU6, STM32H503EBY6TR, STM32H503KBU6, STM32H503RBT6, STM32H562AGI6, STM32H562AII6, STM32H562IGK6, STM32H562IGT6, STM32H562IIK6, STM32H562IIT6, STM32H562RGT6, STM32H562RGV6, STM32H562RIT6, STM32H562RIV6, STM32H562VGT6, STM32H562VIT6, STM32H562ZGT6, STM32H562ZIT6, STM32H563AGI6, STM32H563AII3Q, STM32H563AII6, STM32H563IGK6, STM32H563IGT6, STM32H563IIK3Q, STM32H563IIK6, STM32H563IIT3Q, STM32H563IIT6, STM32H563MIY3QTR, STM32H563RGT6, STM32H563RGV6, STM32H563RIT6, STM32H563RIV6, STM32H563VGT6, STM32H563VIT3Q, STM32H563VIT6, STM32H563ZGT6, STM32H563ZIT3Q, STM32H563ZIT6, STM32H573AII3Q, STM32H573AII6, STM32H573I-DK, STM32H573IIK3Q, STM32H573IIK6, STM32H573IIT3Q, STM32H573IIT6, STM32H573MIY3QTR, STM32H573RIT6, STM32H573RIV6, STM32H573VIT3Q, STM32H573VIT6, STM32H573ZIT3Q, STM32H573ZIT6, STM32L4R5QGI6STR, STM32MP131AAE3, STM32MP131AAF3, STM32MP131AAG3, STM32MP131CAE3, STM32MP131CAF3, STM32MP131CAG3, STM32MP131DAE7, STM32MP131DAF7, STM32MP131DAG7, STM32MP131FAE7, STM32MP131FAF7, STM32MP131FAG7, STM32MP133AAE3, STM32MP133AAF3, STM32MP133AAG3, STM32MP133CAE3, STM32MP133CAF3, STM32MP133CAG3, STM32MP133DAE7, STM32MP133DAF7, STM32MP133DAG7, STM32MP133FAE7, STM32MP133FAF7, STM32MP133FAG7, STM32MP135AAE3, STM32MP135AAF3, STM32MP135AAG3, STM32MP135CAE3, STM32MP135CAF3, STM32MP135CAG3, STM32MP135DAE7, STM32MP135DAF7, STM32MP135DAG7, STM32MP135F-DK, STM32MP135FAE7, STM32MP135FAF7, STM32MP135FAF7T, STM32MP135FAF7U, STM32MP135FAG7, STM32U535CBT6, STM32U535CBT6Q, STM32U535CBU6, STM32U535CBU6Q, STM32U535CCT6, STM32U535CCT6Q, STM32U535CCU6, STM32U535CCU6Q, STM32U535CET6, STM32U535CET6Q, STM32U535CEU6, STM32U535CEU6Q, STM32U535JEY6QTR, STM32U535NCY6QTR, STM32U535NEY6QTR, STM32U535RBI6, STM32U535RBI6Q, STM32U535RBT6, STM32U535RBT6Q, STM32U535RCI6, STM32U535RCI6Q, STM32U535RCT6, STM32U535RCT6Q, STM32U535REI6, STM32U535REI6Q, STM32U535RET6, STM32U535RET6Q, STM32U535VCI6, STM32U535VCI6Q, STM32U535VCT6, STM32U535VCT6Q, STM32U535VEI6, STM32U535VEI6Q, STM32U535VET6, STM32U535VET6Q, STM32U545CET6, STM32U545CET6Q, STM32U545CEU6, STM32U545CEU6Q, STM32U545JEY6QTR, STM32U545NEY6QTR, STM32U545REI6, STM32U545REI6Q, STM32U545RET6, STM32U545RET6Q, STM32U545VEI6, STM32U545VEI6Q, STM32U545VET6, STM32U545VET6Q, STM32U595AIH6, STM32U595AIH6Q, STM32U595AJH6, STM32U595AJH6Q, STM32U595QII6, STM32U595QII6Q, STM32U595QJI6, STM32U595QJI6Q, STM32U595RIT6, STM32U595RIT6Q, STM32U595RJT6, STM32U595RJT6Q, STM32U595VIT6, STM32U595VIT6Q, STM32U595VJT6, STM32U595VJT6Q, STM32U595ZIT6, STM32U595ZIT6Q, STM32U595ZIY6QTR, STM32U595ZJT6, STM32U595ZJT6Q, STM32U595ZJY6QTR, STM32U599BJY6QTR, STM32U599NIH6Q, STM32U599NJH6Q, STM32U599VIT6Q, STM32U599VJT6, STM32U599VJT6Q, STM32U599ZIT6Q, STM32U599ZIY6QTR, STM32U599ZJT6Q, STM32U599ZJY6QTR, STM32U5A5AJH6, STM32U5A5AJH6Q, STM32U5A5QJI6, STM32U5A5QJI6Q, STM32U5A5RJT6, STM32U5A5RJT6Q, STM32U5A5VJT6, STM32U5A5VJT6Q, STM32U5A5ZJT6, STM32U5A5ZJT6Q, STM32U5A5ZJY6QTR, STM32U5A9BJY6QTR, STM32U5A9J-DK, STM32U5A9NJH6Q, STM32U5A9VJT6Q, STM32U5A9ZJT6Q, STM32U5A9ZJY6QTR, STM32WB1MMCH6, STM32WBA52CEU6, STM32WBA52CEU6T, STM32WBA52CGU6, STM32WBA52CGU6T, STM32WL5MOCH6, STM32WL5MOCH6TR]
2025-01-17 16:58:40,720 [INFO] DbMcus:216 - Found 4381 MCUs, 4381 are supported
2025-01-17 16:58:40,725 [INFO] ApiDb:423 - Load user favorites file C:\Users\rhett/.stm32cubeide/favorites.mcus.txt: 0 item(s)
2025-01-17 16:58:40,726 [INFO] ApiDb:427 - User favorites MCUs=[]
2025-01-17 16:58:40,726 [INFO] DbMcus:222 - Set 0 / 0 favorites MCUs
2025-01-17 16:58:41,693 [WARN] ThirdParty:833 - waiting for thirdparty lock release [change project]
2025-01-17 16:58:41,693 [INFO] ThirdParty:835 - entering critical section [change project]
2025-01-17 16:58:41,694 [INFO] ThirdParty:1030 - CMSIS Pack Vendor :STMicroelectronics X-CUBE-GNSS1 6.0.0
2025-01-17 16:58:41,694 [INFO] ThirdParty:1030 - CMSIS Pack Vendor :STMicroelectronics USB_HOST 2.0.0
2025-01-17 16:58:41,694 [INFO] ThirdParty:1030 - CMSIS Pack Vendor :STMicroelectronics X-CUBE-AZRTOS-F4 1.1.0
2025-01-17 16:58:41,694 [INFO] ThirdParty:1030 - CMSIS Pack Vendor :STMicroelectronics LIBJPEG 8.0.0
2025-01-17 16:58:41,695 [INFO] ThirdParty:1030 - CMSIS Pack Vendor :STMicroelectronics FP-ATR-ASTRA1 2.0.1
2025-01-17 16:58:41,695 [INFO] ThirdParty:1030 - CMSIS Pack Vendor :STMicroelectronics X-CUBE-SMBUS 2.1.0
2025-01-17 16:58:41,695 [INFO] ThirdParty:1030 - CMSIS Pack Vendor :STMicroelectronics X-CUBE-WB05N 1.1.0
2025-01-17 16:58:41,695 [INFO] ThirdParty:1030 - CMSIS Pack Vendor :wolfSSL I-CUBE-wolfSSL 5.6.0
2025-01-17 16:58:41,695 [INFO] ThirdParty:1030 - CMSIS Pack Vendor :STMicroelectronics X-CUBE-ISPU 2.1.0
2025-01-17 16:58:41,695 [INFO] ThirdParty:1030 - CMSIS Pack Vendor :STMicroelectronics X-CUBE-FREERTOS 1.2.0
2025-01-17 16:58:41,695 [INFO] ThirdParty:1030 - CMSIS Pack Vendor :STMicroelectronics X-CUBE-TOUCHGFX 4.23.1
2025-01-17 16:58:41,695 [INFO] ThirdParty:1030 - CMSIS Pack Vendor :STMicroelectronics X-CUBE-TOUCHGFX 4.23.0
2025-01-17 16:58:41,695 [INFO] ThirdParty:1030 - CMSIS Pack Vendor :STMicroelectronics X-CUBE-TOUCHGFX 4.23.2
2025-01-17 16:58:41,695 [INFO] ThirdParty:1030 - CMSIS Pack Vendor :STMicroelectronics X-CUBE-AZRTOS-F7 1.1.0
2025-01-17 16:58:41,695 [INFO] ThirdParty:1030 - CMSIS Pack Vendor :STMicroelectronics X-CUBE-AZRTOS-L5 2.0.0
2025-01-17 16:58:41,695 [INFO] ThirdParty:1030 - CMSIS Pack Vendor :STMicroelectronics USB_DEVICE 2.0.0
2025-01-17 16:58:41,695 [INFO] ThirdParty:1030 - CMSIS Pack Vendor :STMicroelectronics X-CUBE-MEMS1 9.6.0
2025-01-17 16:58:41,695 [INFO] ThirdParty:1030 - CMSIS Pack Vendor :STMicroelectronics X-CUBE-EEPRMA1 4.2.0
2025-01-17 16:58:41,695 [INFO] ThirdParty:1030 - CMSIS Pack Vendor :STMicroelectronics X-CUBE-NFC6 3.1.0
2025-01-17 16:58:41,697 [INFO] ThirdParty:1030 - CMSIS Pack Vendor :ITTIA_DB I-CUBE-ITTIADB 8.8.0
2025-01-17 16:58:41,697 [INFO] ThirdParty:1030 - CMSIS Pack Vendor :STMicroelectronics FP-SNS-MOTENV1 4.3.0
2025-01-17 16:58:41,697 [INFO] ThirdParty:1030 - CMSIS Pack Vendor :STMicroelectronics FP-SNS-MOTENV1 4.3.2
2025-01-17 16:58:41,697 [INFO] ThirdParty:1030 - CMSIS Pack Vendor :STMicroelectronics FP-SNS-FLIGHT1 5.0.0
2025-01-17 16:58:41,697 [INFO] ThirdParty:1030 - CMSIS Pack Vendor :STMicroelectronics FP-SNS-MOTENV1 4.3.1
2025-01-17 16:58:41,697 [INFO] ThirdParty:1030 - CMSIS Pack Vendor :STMicroelectronics FP-SNS-FLIGHT1 5.0.1
2025-01-17 16:58:41,697 [INFO] ThirdParty:1030 - CMSIS Pack Vendor :STMicroelectronics X-CUBE-MEMS1 11.0.0
2025-01-17 16:58:41,697 [INFO] ThirdParty:1030 - CMSIS Pack Vendor :STMicroelectronics X-CUBE-BLE1 6.2.4
2025-01-17 16:58:41,697 [INFO] ThirdParty:1030 - CMSIS Pack Vendor :STMicroelectronics FreeRTOS 0.0.1
2025-01-17 16:58:41,697 [INFO] ThirdParty:1030 - CMSIS Pack Vendor :emotas I-CUBE-CANOPEN 1.1.3
2025-01-17 16:58:41,697 [INFO] ThirdParty:1030 - CMSIS Pack Vendor :STMicroelectronics X-CUBE-BLEMGR 2.0.0
2025-01-17 16:58:41,697 [INFO] ThirdParty:1030 - CMSIS Pack Vendor :STMicroelectronics FP-SNS-FLIGHT1 5.0.2
2025-01-17 16:58:41,697 [INFO] ThirdParty:1030 - CMSIS Pack Vendor :STMicroelectronics X-CUBE-AI 9.0.0
2025-01-17 16:58:41,697 [INFO] ThirdParty:1030 - CMSIS Pack Vendor :STMicroelectronics X-CUBE-AZRTOS-H7 3.1.0
2025-01-17 16:58:41,698 [INFO] ThirdParty:1030 - CMSIS Pack Vendor :STMicroelectronics PDM2PCM 3.3.0
2025-01-17 16:58:41,698 [INFO] ThirdParty:1030 - CMSIS Pack Vendor :STMicroelectronics X-CUBE-DISPLAY 3.0.0
2025-01-17 16:58:41,698 [INFO] ThirdParty:1030 - CMSIS Pack Vendor :STMicroelectronics X-CUBE-BLE1 7.0.0
2025-01-17 16:58:41,698 [INFO] ThirdParty:1030 - CMSIS Pack Vendor :STMicroelectronics X-CUBE-NFC10 1.0.0
2025-01-17 16:58:41,698 [INFO] ThirdParty:1030 - CMSIS Pack Vendor :STMicroelectronics HAL Drivers 0.0.0
2025-01-17 16:58:41,698 [INFO] ThirdParty:1030 - CMSIS Pack Vendor :STMicroelectronics X-CUBE-FREERTOS 1.3.0
2025-01-17 16:58:41,698 [INFO] ThirdParty:1030 - CMSIS Pack Vendor :STMicroelectronics X-CUBE-TOUCHGFX 4.22.0
2025-01-17 16:58:41,698 [INFO] ThirdParty:1030 - CMSIS Pack Vendor :STMicroelectronics X-CUBE-NFC7 1.0.1
2025-01-17 16:58:41,698 [INFO] ThirdParty:1030 - CMSIS Pack Vendor :STMicroelectronics MBEDTLS 2.14.1
2025-01-17 16:58:41,698 [INFO] ThirdParty:1030 - CMSIS Pack Vendor :STMicroelectronics X-CUBE-NFC7 1.0.0
2025-01-17 16:58:41,698 [INFO] ThirdParty:1030 - CMSIS Pack Vendor :STMicroelectronics X-CUBE-TOUCHGFX 4.22.1
2025-01-17 16:58:41,699 [INFO] ThirdParty:1030 - CMSIS Pack Vendor :wolfSSL I-CUBE-wolfTPM 3.2.0
2025-01-17 16:58:41,699 [INFO] ThirdParty:1030 - CMSIS Pack Vendor :STMicroelectronics X-CUBE-NFC6 3.0.0
2025-01-17 16:58:41,699 [INFO] ThirdParty:1030 - CMSIS Pack Vendor :STMicroelectronics X-CUBE-EEPRMA1 4.1.0
2025-01-17 16:58:41,699 [INFO] ThirdParty:1030 - CMSIS Pack Vendor :STMicroelectronics X-CUBE-BLEMGR 3.1.0
2025-01-17 16:58:41,699 [INFO] ThirdParty:1030 - CMSIS Pack Vendor :STMicroelectronics FP-SNS-SMARTAG2 1.2.0
2025-01-17 16:58:41,699 [INFO] ThirdParty:1030 - CMSIS Pack Vendor :STMicroelectronics X-CUBE-MEMS1 11.1.0
2025-01-17 16:58:41,699 [INFO] ThirdParty:1030 - CMSIS Pack Vendor :STMicroelectronics X-CUBE-AZRTOS-WL 2.0.0
2025-01-17 16:58:41,699 [INFO] ThirdParty:1030 - CMSIS Pack Vendor :STMicroelectronics FP-SNS-MOTENV1 5.0.0
2025-01-17 16:58:41,700 [INFO] ThirdParty:1030 - CMSIS Pack Vendor :STMicroelectronics USB_DEVICE 1.0.0
2025-01-17 16:58:41,700 [INFO] ThirdParty:1030 - CMSIS Pack Vendor :STMicroelectronics X-CUBE-AI 8.1.0
2025-01-17 16:58:41,700 [INFO] ThirdParty:1030 - CMSIS Pack Vendor :wolfSSL I-CUBE-wolfMQTT 1.19.0
2025-01-17 16:58:41,700 [INFO] ThirdParty:1030 - CMSIS Pack Vendor :STMicroelectronics X-CUBE-AZRTOS-L4 2.0.0
2025-01-17 16:58:41,700 [INFO] ThirdParty:1030 - CMSIS Pack Vendor :STMicroelectronics ThreadX 0.0.2
2025-01-17 16:58:41,700 [INFO] ThirdParty:1030 - CMSIS Pack Vendor :WES I-CUBE-Cesium 1.3.0
2025-01-17 16:58:41,700 [INFO] ThirdParty:1030 - CMSIS Pack Vendor :STMicroelectronics lwIP 2.1.2
2025-01-17 16:58:41,700 [INFO] ThirdParty:1030 - CMSIS Pack Vendor :STMicroelectronics X-CUBE-SFXS2LP1 4.0.0
2025-01-17 16:58:41,700 [INFO] ThirdParty:1030 - CMSIS Pack Vendor :STMicroelectronics X-CUBE-BLE2 3.3.0
2025-01-17 16:58:41,700 [INFO] ThirdParty:1030 - CMSIS Pack Vendor :STMicroelectronics PDM2PCM 3.2.0
2025-01-17 16:58:41,701 [INFO] ThirdParty:1030 - CMSIS Pack Vendor :STMicroelectronics X-CUBE-ISPU 1.1.0
2025-01-17 16:58:41,701 [INFO] ThirdParty:1030 - CMSIS Pack Vendor :STMicroelectronics X-CUBE-AZRTOS-H7 3.3.0
2025-01-17 16:58:41,701 [INFO] ThirdParty:1030 - CMSIS Pack Vendor :STMicroelectronics X-CUBE-NFC9 1.0.0
2025-01-17 16:58:41,701 [INFO] ThirdParty:1030 - CMSIS Pack Vendor :STMicroelectronics USB_DEVICE 3.0.0
2025-01-17 16:58:41,701 [INFO] ThirdParty:1030 - CMSIS Pack Vendor :STMicroelectronics X-CUBE-TCPP 4.1.0
2025-01-17 16:58:41,701 [INFO] ThirdParty:1030 - CMSIS Pack Vendor :STMicroelectronics X-CUBE-AI 8.0.0
2025-01-17 16:58:41,701 [INFO] ThirdParty:1030 - CMSIS Pack Vendor :STMicroelectronics X-CUBE-AZRTOS-WB 2.0.0
2025-01-17 16:58:41,701 [INFO] ThirdParty:1030 - CMSIS Pack Vendor :STMicroelectronics X-CUBE-FREERTOS 1.0.1
2025-01-17 16:58:41,701 [INFO] ThirdParty:1030 - CMSIS Pack Vendor :STMicroelectronics X-CUBE-GNSS1 7.0.0
2025-01-17 16:58:41,701 [INFO] ThirdParty:1030 - CMSIS Pack Vendor :STMicroelectronics X-CUBE-GNSS1 7.0.1
2025-01-17 16:58:41,701 [INFO] ThirdParty:1030 - CMSIS Pack Vendor :STMicroelectronics X-CUBE-TOUCHGFX 4.21.3
2025-01-17 16:58:41,701 [INFO] ThirdParty:1030 - CMSIS Pack Vendor :STMicroelectronics X-CUBE-TOUCHGFX 4.21.4
2025-01-17 16:58:41,701 [INFO] ThirdParty:1030 - CMSIS Pack Vendor :STMicroelectronics X-CUBE-ALGOBUILD 1.3.0
2025-01-17 16:58:41,702 [INFO] ThirdParty:1030 - CMSIS Pack Vendor :STMicroelectronics X-CUBE-AZRTOS-L5 1.1.0
2025-01-17 16:58:41,702 [INFO] ThirdParty:1030 - CMSIS Pack Vendor :STMicroelectronics X-CUBE-AZRTOS-G0 1.1.0
2025-01-17 16:58:41,702 [INFO] ThirdParty:1030 - CMSIS Pack Vendor :STMicroelectronics X-CUBE-AI 8.0.1
2025-01-17 16:58:41,702 [INFO] ThirdParty:1030 - CMSIS Pack Vendor :STMicroelectronics X-CUBE-SAFEA1 1.2.2
2025-01-17 16:58:41,702 [INFO] ThirdParty:1030 - CMSIS Pack Vendor :STMicroelectronics X-CUBE-NFC4 3.0.0
2025-01-17 16:58:41,702 [INFO] ThirdParty:1030 - CMSIS Pack Vendor :STMicroelectronics X-CUBE-SUBG2 5.0.0
2025-01-17 16:58:41,702 [INFO] ThirdParty:1030 - CMSIS Pack Vendor :STMicroelectronics STM32_WPAN 1.0.0
2025-01-17 16:58:41,702 [INFO] ThirdParty:1030 - CMSIS Pack Vendor :wolfSSL I-CUBE-wolfMQTT 1.18.0
2025-01-17 16:58:41,702 [INFO] ThirdParty:1030 - CMSIS Pack Vendor :STMicroelectronics lwIP 2.0.3
2025-01-17 16:58:41,702 [INFO] ThirdParty:1030 - CMSIS Pack Vendor :Cesanta I-CUBE-Mongoose 7.13.0
2025-01-17 16:58:41,702 [INFO] ThirdParty:1030 - CMSIS Pack Vendor :STMicroelectronics USB_HOST 1.0.0
2025-01-17 16:58:41,702 [INFO] ThirdParty:1030 - CMSIS Pack Vendor :STMicroelectronics X-CUBE-TOF1 3.3.1
2025-01-17 16:58:41,703 [INFO] ThirdParty:1030 - CMSIS Pack Vendor :STMicroelectronics X-CUBE-AZRTOS-G4 2.0.0
2025-01-17 16:58:41,703 [INFO] ThirdParty:1030 - CMSIS Pack Vendor :STMicroelectronics PDM2PCM 3.1.0
2025-01-17 16:58:41,703 [INFO] ThirdParty:1030 - CMSIS Pack Vendor :STMicroelectronics X-CUBE-TOF1 3.3.0
2025-01-17 16:58:41,703 [INFO] ThirdParty:1030 - CMSIS Pack Vendor :Infineon AIROC-Wi-Fi-Bluetooth-STM32 1.5.1
2025-01-17 16:58:41,703 [INFO] ThirdParty:1030 - CMSIS Pack Vendor :STMicroelectronics X-CUBE-BLEMGR 3.0.0
2025-01-17 16:58:41,703 [INFO] ThirdParty:1030 - CMSIS Pack Vendor :STMicroelectronics FP-SNS-MOTENVWB1 1.3.0
2025-01-17 16:58:41,703 [INFO] ThirdParty:1030 - CMSIS Pack Vendor :STMicroelectronics FP-SNS-MOTENVWB1 1.3.1
2025-01-17 16:58:41,704 [INFO] ThirdParty:1030 - CMSIS Pack Vendor :STMicroelectronics FP-ATR-SIGFOX1 3.2.0
2025-01-17 16:58:41,704 [INFO] ThirdParty:1030 - CMSIS Pack Vendor :STMicroelectronics X-CUBE-AZRTOS-G4 1.0.0
2025-01-17 16:58:41,704 [INFO] ThirdParty:1030 - CMSIS Pack Vendor :STMicroelectronics X-CUBE-AZRTOS-L4 1.0.0
2025-01-17 16:58:41,704 [INFO] ThirdParty:1030 - CMSIS Pack Vendor :STMicroelectronics X-CUBE-ISPU 2.0.0
2025-01-17 16:58:41,704 [INFO] ThirdParty:1030 - CMSIS Pack Vendor :STMicroelectronics X-CUBE-EEPRMA1 5.1.0
2025-01-17 16:58:41,704 [INFO] ThirdParty:1030 - CMSIS Pack Vendor :STMicroelectronics MBEDTLS 2.16.2
2025-01-17 16:58:41,704 [INFO] ThirdParty:1030 - CMSIS Pack Vendor :STMicroelectronics X-CUBE-ALS 1.0.2
2025-01-17 16:58:41,704 [INFO] ThirdParty:1030 - CMSIS Pack Vendor :STMicroelectronics X-CUBE-MEMS1 10.0.0
2025-01-17 16:58:41,704 [INFO] ThirdParty:1030 - CMSIS Pack Vendor :STMicroelectronics X-CUBE-FREERTOS 1.1.0
2025-01-17 16:58:41,704 [INFO] ThirdParty:1030 - CMSIS Pack Vendor :STMicroelectronics X-CUBE-TOUCHGFX 4.24.0
2025-01-17 16:58:41,704 [INFO] ThirdParty:1030 - CMSIS Pack Vendor :STMicroelectronics X-CUBE-TOUCHGFX 4.24.2
2025-01-17 16:58:41,705 [INFO] ThirdParty:1030 - CMSIS Pack Vendor :STMicroelectronics X-CUBE-AZRTOS-WL 1.0.0
2025-01-17 16:58:41,705 [INFO] ThirdParty:1030 - CMSIS Pack Vendor :STMicroelectronics X-CUBE-TOUCHGFX 4.24.1
2025-01-17 16:58:41,705 [INFO] ThirdParty:1030 - CMSIS Pack Vendor :portGmbH I-Cube-SoM-uGOAL 1.1.0
2025-01-17 16:58:41,705 [INFO] ThirdParty:1030 - CMSIS Pack Vendor :STMicroelectronics X-CUBE-ALS 1.0.1
2025-01-17 16:58:41,708 [INFO] ThirdParty:1030 - CMSIS Pack Vendor :STMicroelectronics X-CUBE-MEMS1 9.5.0
2025-01-17 16:58:41,708 [INFO] ThirdParty:1030 - CMSIS Pack Vendor :STMicroelectronics ThreadX 1.0.0
2025-01-17 16:58:41,709 [INFO] ThirdParty:1030 - CMSIS Pack Vendor :STMicroelectronics X-CUBE-AZRTOS-WB 1.1.0
2025-01-17 16:58:41,709 [INFO] ThirdParty:1030 - CMSIS Pack Vendor :SEGGER I-CUBE-embOS 1.3.1
2025-01-17 16:58:41,709 [INFO] ThirdParty:1030 - CMSIS Pack Vendor :STMicroelectronics X-CUBE-ALGOBUILD 1.4.0
2025-01-17 16:58:41,710 [INFO] ThirdParty:1030 - CMSIS Pack Vendor :STMicroelectronics X-CUBE-AZRTOS-H7RS 1.0.0
2025-01-17 16:58:41,710 [INFO] ThirdParty:1030 - CMSIS Pack Vendor :STMicroelectronics FP-ATR-ASTRA1 2.0.0
2025-01-17 16:58:41,711 [INFO] ThirdParty:1030 - CMSIS Pack Vendor :STMicroelectronics X-CUBE-AI 9.1.0
2025-01-17 16:58:41,712 [INFO] ThirdParty:1030 - CMSIS Pack Vendor :STMicroelectronics X-CUBE-TOF1 3.4.0
2025-01-17 16:58:41,712 [INFO] ThirdParty:1030 - CMSIS Pack Vendor :STMicroelectronics X-CUBE-TOF1 3.4.1
2025-01-17 16:58:41,712 [INFO] ThirdParty:1030 - CMSIS Pack Vendor :STMicroelectronics X-CUBE-AZRTOS-H7 3.2.0
2025-01-17 16:58:41,712 [INFO] ThirdParty:1030 - CMSIS Pack Vendor :wolfSSL I-CUBE-wolfSSH 1.4.17
2025-01-17 16:58:41,713 [INFO] ThirdParty:841 - exiting critical section [change project]
2025-01-17 16:58:43,396 [INFO] PinOutPanel:1499 - setPackage(No Configuration,No Configuration)
2025-01-17 16:58:43,399 [INFO] PinOutPanel:1499 - setPackage(STM32F746ZGTx,LQFP144)
2025-01-17 16:58:45,348 [INFO] UtilMem:75 - Before build in PCC Used Memory: 720905552 Bytes (791674880)
2025-01-17 16:58:46,970 [INFO] UtilMem:75 - After build in PCC Used Memory: 700372024 Bytes (791674880)
2025-01-17 16:58:47,066 [INFO] IPUIPlugin:80 - create IPUIPlugin
2025-01-17 16:58:47,066 [INFO] IPUIPlugin:80 - create IPUIPlugin
2025-01-17 16:58:47,066 [INFO] IPUIPlugin:80 - create IPUIPlugin
2025-01-17 16:58:47,066 [INFO] IPUIPlugin:80 - create IPUIPlugin
2025-01-17 16:58:47,067 [INFO] IPUIPlugin:80 - create IPUIPlugin
2025-01-17 16:58:47,067 [INFO] IPUIPlugin:80 - create IPUIPlugin
2025-01-17 16:58:47,068 [INFO] IPUIPlugin:80 - create IPUIPlugin
2025-01-17 16:58:47,069 [INFO] IPUIPlugin:80 - create IPUIPlugin
2025-01-17 16:58:47,069 [INFO] IPUIPlugin:80 - create IPUIPlugin
2025-01-17 16:58:47,070 [INFO] IPUIPlugin:80 - create IPUIPlugin
2025-01-17 16:58:47,070 [INFO] IPUIPlugin:80 - create IPUIPlugin
2025-01-17 16:58:47,070 [INFO] IPUIPlugin:80 - create IPUIPlugin
2025-01-17 16:58:47,070 [INFO] IPUIPlugin:80 - create IPUIPlugin
2025-01-17 16:58:47,071 [INFO] IPUIPlugin:80 - create IPUIPlugin
2025-01-17 16:58:47,071 [INFO] IPUIPlugin:80 - create IPUIPlugin
2025-01-17 16:58:47,071 [INFO] IPUIPlugin:80 - create IPUIPlugin
2025-01-17 16:58:47,071 [INFO] IPUIPlugin:80 - create IPUIPlugin
2025-01-17 16:58:47,086 [INFO] IPUIPlugin:80 - create IPUIPlugin
2025-01-17 16:58:47,087 [INFO] IPUIPlugin:80 - create IPUIPlugin
2025-01-17 16:58:47,087 [INFO] IPUIPlugin:80 - create IPUIPlugin
2025-01-17 16:58:47,087 [INFO] IPUIPlugin:80 - create IPUIPlugin
2025-01-17 16:58:47,087 [INFO] IPUIPlugin:80 - create IPUIPlugin
2025-01-17 16:58:47,088 [INFO] IPUIPlugin:80 - create IPUIPlugin
2025-01-17 16:58:47,088 [INFO] IPUIPlugin:80 - create IPUIPlugin
2025-01-17 16:58:47,088 [INFO] IPUIPlugin:80 - create IPUIPlugin
2025-01-17 16:58:47,089 [INFO] IPUIPlugin:80 - create IPUIPlugin
2025-01-17 16:58:47,089 [INFO] IPUIPlugin:80 - create IPUIPlugin
2025-01-17 16:58:47,090 [INFO] IPUIPlugin:80 - create IPUIPlugin
2025-01-17 16:58:47,090 [INFO] IPUIPlugin:80 - create IPUIPlugin
2025-01-17 16:58:47,091 [INFO] IPUIPlugin:80 - create IPUIPlugin
2025-01-17 16:58:47,091 [INFO] IPUIPlugin:80 - create IPUIPlugin
2025-01-17 16:58:47,092 [INFO] IPUIPlugin:80 - create IPUIPlugin
2025-01-17 16:58:47,092 [INFO] IPUIPlugin:80 - create IPUIPlugin
2025-01-17 16:58:47,093 [INFO] IPUIPlugin:80 - create IPUIPlugin
2025-01-17 16:58:47,093 [INFO] IPUIPlugin:80 - create IPUIPlugin
2025-01-17 16:58:47,094 [INFO] IPUIPlugin:80 - create IPUIPlugin
2025-01-17 16:58:47,095 [INFO] IPUIPlugin:80 - create IPUIPlugin
2025-01-17 16:58:47,096 [INFO] IPUIPlugin:80 - create IPUIPlugin
2025-01-17 16:58:47,096 [INFO] IPUIPlugin:80 - create IPUIPlugin
2025-01-17 16:58:47,097 [INFO] IPUIPlugin:80 - create IPUIPlugin
2025-01-17 16:58:47,098 [INFO] IPUIPlugin:80 - create IPUIPlugin
2025-01-17 16:58:47,098 [INFO] IPUIPlugin:80 - create IPUIPlugin
2025-01-17 16:58:47,099 [INFO] IPUIPlugin:80 - create IPUIPlugin
2025-01-17 16:58:47,099 [INFO] IPUIPlugin:80 - create IPUIPlugin
2025-01-17 16:58:47,100 [INFO] IPUIPlugin:80 - create IPUIPlugin
2025-01-17 16:58:47,100 [INFO] IPUIPlugin:80 - create IPUIPlugin
2025-01-17 16:58:47,101 [INFO] IPUIPlugin:80 - create IPUIPlugin
2025-01-17 16:58:47,102 [INFO] IPUIPlugin:80 - create IPUIPlugin
2025-01-17 16:58:47,103 [INFO] IPUIPlugin:80 - create IPUIPlugin
2025-01-17 16:58:47,103 [INFO] IPUIPlugin:80 - create IPUIPlugin
2025-01-17 16:58:47,104 [INFO] IPUIPlugin:80 - create IPUIPlugin
2025-01-17 16:58:47,104 [INFO] IPUIPlugin:80 - create IPUIPlugin
2025-01-17 16:58:47,105 [INFO] IPUIPlugin:80 - create IPUIPlugin
2025-01-17 16:58:47,105 [INFO] IPUIPlugin:80 - create IPUIPlugin
2025-01-17 16:58:47,106 [INFO] IPUIPlugin:80 - create IPUIPlugin
2025-01-17 16:58:47,107 [INFO] IPUIPlugin:80 - create IPUIPlugin
2025-01-17 16:58:47,108 [INFO] IPUIPlugin:80 - create IPUIPlugin
2025-01-17 16:58:47,109 [INFO] IPUIPlugin:80 - create IPUIPlugin
2025-01-17 16:58:47,110 [INFO] IPUIPlugin:80 - create IPUIPlugin
2025-01-17 16:58:47,110 [INFO] IPUIPlugin:80 - create IPUIPlugin
2025-01-17 16:58:47,111 [INFO] IPUIPlugin:80 - create IPUIPlugin
2025-01-17 16:58:47,112 [INFO] IPUIPlugin:80 - create IPUIPlugin
2025-01-17 16:58:47,113 [INFO] IPUIPlugin:80 - create IPUIPlugin
2025-01-17 16:58:47,113 [INFO] IPUIPlugin:80 - create IPUIPlugin
2025-01-17 16:58:47,114 [INFO] IPUIPlugin:80 - create IPUIPlugin
2025-01-17 16:58:47,116 [INFO] IPUIPlugin:80 - create IPUIPlugin
2025-01-17 16:58:47,116 [INFO] IPUIPlugin:80 - create IPUIPlugin
2025-01-17 16:58:47,117 [INFO] IPUIPlugin:80 - create IPUIPlugin
2025-01-17 16:58:47,118 [INFO] IPUIPlugin:80 - create IPUIPlugin
2025-01-17 16:58:47,119 [INFO] IPUIPlugin:80 - create IPUIPlugin
2025-01-17 16:58:47,120 [INFO] IPUIPlugin:80 - create IPUIPlugin
2025-01-17 16:58:47,121 [INFO] IPUIPlugin:80 - create IPUIPlugin
2025-01-17 16:58:47,122 [INFO] IPUIPlugin:80 - create IPUIPlugin
2025-01-17 16:58:47,123 [INFO] IPUIPlugin:80 - create IPUIPlugin
2025-01-17 16:58:47,246 [INFO] ApiDbMcu:507 - Load IP Config File for PDM2PCM
2025-01-17 16:58:47,277 [INFO] Can:71 - Can Add PropertyChangeListener com.st.microxplorer.plugins.ip.can.Can@6a53089f
2025-01-17 16:58:47,279 [INFO] Can:71 - Can Add PropertyChangeListener com.st.microxplorer.plugins.ip.can.Can@c00b456
2025-01-17 16:58:47,929 [INFO] CADModel:165 - CPN selected for project levelSTM32F746ZGT6
2025-01-17 16:58:47,929 [INFO] CADModel:114 - Register for checkConnection events
2025-01-17 16:58:47,975 [INFO] OpenFileManager:328 - Restore cursor
2025-01-17 16:58:48,424 [WARN] IP:2113 - LayerIdx_L1 not found: check if there is a RefParameter without a condition.
2025-01-17 17:00:56,768 [INFO] I2cTimingTraitement:330 - 0x20404768
2025-01-17 17:00:56,822 [WARN] IP:2113 - LayerIdx_L1 not found: check if there is a RefParameter without a condition.
2025-01-17 17:01:33,292 [INFO] UtilMem:75 - End SaveConfig() Used Memory: 729878504 Bytes (791674880)
2025-01-17 17:01:34,191 [INFO] UtilMem:75 - End SaveConfig() Used Memory: 718116352 Bytes (791674880)
2025-01-17 17:01:40,436 [INFO] UtilMem:75 - End SaveConfig() Used Memory: 743382528 Bytes (791674880)
2025-01-17 17:01:41,867 [INFO] BlockDiagram:2759 - set Specific Code input for plugin: SPI
2025-01-17 17:01:41,867 [INFO] BlockDiagram:2759 - set Specific Code input for plugin: CAN
2025-01-17 17:01:41,868 [INFO] BlockDiagram:2759 - set Specific Code input for plugin: CAN
2025-01-17 17:01:41,868 [INFO] BlockDiagram:2759 - set Specific Code input for plugin: TIM1_8F7
2025-01-17 17:01:41,868 [INFO] BlockDiagram:2759 - set Specific Code input for plugin: LTDC
2025-01-17 17:01:41,868 [INFO] BlockDiagram:2759 - set Specific Code input for plugin: SYS
2025-01-17 17:01:41,868 [INFO] BlockDiagram:2759 - set Specific Code input for plugin: ADC
2025-01-17 17:01:41,868 [INFO] BlockDiagram:2759 - set Specific Code input for plugin: RCC
2025-01-17 17:01:41,868 [INFO] BlockDiagram:2759 - set Specific Code input for plugin: I2C
2025-01-17 17:01:41,868 [INFO] BlockDiagram:2759 - set Specific Code input for plugin: NVIC
2025-01-17 17:01:41,868 [INFO] BlockDiagram:2759 - set Specific Code input for plugin: CORTEX_M7
2025-01-17 17:01:41,869 [INFO] BlockDiagram:2759 - set Specific Code input for plugin: FMC
2025-01-17 17:01:41,869 [INFO] BlockDiagram:2759 - set Specific Code input for plugin: UART
2025-01-17 17:01:41,870 [INFO] BlockDiagram:2759 - set Specific Code input for plugin: GPIO
2025-01-17 17:01:41,871 [INFO] BlockDiagram:2759 - set Specific Code input for plugin: QUADSPI
2025-01-17 17:01:41,874 [INFO] CodeGenerator:793 - code generatio: config db path: C:\ST\STM32CubeIDE_1.12.1\STM32CubeIDE\plugins\com.st.stm32cube.common.mx_6.8.1.202304191431\\db\
2025-01-17 17:01:41,937 [WARN] IP:2113 - LayerIdx_L1 not found: check if there is a RefParameter without a condition.
2025-01-17 17:01:42,679 [INFO] CodeEngine:255 - oldGeneratedFile, C:\Users\rhett\OneDrive\Documents\Projects\DGAS\DGAS Firmware\MXTmpFiles\license.tmp_save
2025-01-17 17:01:43,409 [INFO] CodeEngine:279 - Generated code: C:\Users\rhett\OneDrive\Documents\Projects\DGAS\DGAS Firmware\MXTmpFiles\license.tmp
2025-01-17 17:01:43,713 [INFO] CodeEngine:255 - oldGeneratedFile, C:\Users\rhett\OneDrive\Documents\Projects\DGAS\DGAS Firmware\MXTmpFiles\gpio.tmp_save
2025-01-17 17:01:44,003 [INFO] CodeEngine:279 - Generated code: C:\Users\rhett\OneDrive\Documents\Projects\DGAS\DGAS Firmware\MXTmpFiles\gpio.tmp
2025-01-17 17:01:47,514 [INFO] CodeEngine:255 - oldGeneratedFile, C:\Users\rhett\OneDrive\Documents\Projects\DGAS\DGAS Firmware\MXTmpFiles\cortex.tmp_save
2025-01-17 17:01:47,832 [INFO] CodeEngine:279 - Generated code: C:\Users\rhett\OneDrive\Documents\Projects\DGAS\DGAS Firmware\MXTmpFiles\cortex.tmp
2025-01-17 17:01:47,928 [INFO] CodeEngine:255 - oldGeneratedFile, C:\Users\rhett\OneDrive\Documents\Projects\DGAS\DGAS Firmware\MXTmpFiles\mx_fmc_HC.tmp_save
2025-01-17 17:01:48,288 [INFO] CodeEngine:279 - Generated code: C:\Users\rhett\OneDrive\Documents\Projects\DGAS\DGAS Firmware\MXTmpFiles\mx_fmc_HC.tmp
2025-01-17 17:01:48,313 [INFO] CodeEngine:255 - oldGeneratedFile, C:\Users\rhett\OneDrive\Documents\Projects\DGAS\DGAS Firmware\MXTmpFiles\mx_fmc_GV.tmp_save
2025-01-17 17:01:48,571 [INFO] CodeEngine:279 - Generated code: C:\Users\rhett\OneDrive\Documents\Projects\DGAS\DGAS Firmware\MXTmpFiles\mx_fmc_GV.tmp
2025-01-17 17:01:48,634 [INFO] CodeEngine:255 - oldGeneratedFile, C:\Users\rhett\OneDrive\Documents\Projects\DGAS\DGAS Firmware\MXTmpFiles\mx_fmc_MSP.tmp_save
2025-01-17 17:01:48,914 [INFO] CodeEngine:279 - Generated code: C:\Users\rhett\OneDrive\Documents\Projects\DGAS\DGAS Firmware\MXTmpFiles\mx_fmc_MSP.tmp
2025-01-17 17:01:49,002 [INFO] CodeEngine:255 - oldGeneratedFile, C:\Users\rhett\OneDrive\Documents\Projects\DGAS\DGAS Firmware\Core\Src\stm32f7xx_it.c_save
2025-01-17 17:01:49,261 [INFO] CodeEngine:279 - Generated code: C:\Users\rhett\OneDrive\Documents\Projects\DGAS\DGAS Firmware\Core\Src\stm32f7xx_it.c
2025-01-17 17:01:49,287 [INFO] CodeEngine:255 - oldGeneratedFile, C:\Users\rhett\OneDrive\Documents\Projects\DGAS\DGAS Firmware\Core\Inc\stm32f7xx_it.h_save
2025-01-17 17:01:49,461 [INFO] CodeEngine:279 - Generated code: C:\Users\rhett\OneDrive\Documents\Projects\DGAS\DGAS Firmware\Core\Inc\stm32f7xx_it.h
2025-01-17 17:01:49,517 [INFO] CodeEngine:255 - oldGeneratedFile, C:\Users\rhett\OneDrive\Documents\Projects\DGAS\DGAS Firmware\MXTmpFiles\mx_fmc_HC.tmp_save
2025-01-17 17:01:49,679 [INFO] CodeEngine:279 - Generated code: C:\Users\rhett\OneDrive\Documents\Projects\DGAS\DGAS Firmware\MXTmpFiles\mx_fmc_HC.tmp
2025-01-17 17:01:49,692 [INFO] CodeEngine:255 - oldGeneratedFile, C:\Users\rhett\OneDrive\Documents\Projects\DGAS\DGAS Firmware\MXTmpFiles\mx_fmc_GV.tmp_save
2025-01-17 17:01:49,783 [INFO] CodeEngine:279 - Generated code: C:\Users\rhett\OneDrive\Documents\Projects\DGAS\DGAS Firmware\MXTmpFiles\mx_fmc_GV.tmp
2025-01-17 17:01:49,817 [INFO] CodeEngine:255 - oldGeneratedFile, C:\Users\rhett\OneDrive\Documents\Projects\DGAS\DGAS Firmware\MXTmpFiles\mx_fmc_MSP.tmp_save
2025-01-17 17:01:49,942 [INFO] CodeEngine:279 - Generated code: C:\Users\rhett\OneDrive\Documents\Projects\DGAS\DGAS Firmware\MXTmpFiles\mx_fmc_MSP.tmp
2025-01-17 17:01:49,982 [INFO] CodeEngine:255 - oldGeneratedFile, C:\Users\rhett\OneDrive\Documents\Projects\DGAS\DGAS Firmware\Core\Src\stm32f7xx_hal_msp.c_save
2025-01-17 17:01:50,319 [INFO] CodeEngine:279 - Generated code: C:\Users\rhett\OneDrive\Documents\Projects\DGAS\DGAS Firmware\Core\Src\stm32f7xx_hal_msp.c
2025-01-17 17:01:50,333 [INFO] CodeEngine:255 - oldGeneratedFile, C:\Users\rhett\OneDrive\Documents\Projects\DGAS\DGAS Firmware\MXTmpFiles\system.tmp_save
2025-01-17 17:01:50,493 [INFO] CodeEngine:279 - Generated code: C:\Users\rhett\OneDrive\Documents\Projects\DGAS\DGAS Firmware\MXTmpFiles\system.tmp
2025-01-17 17:01:50,533 [INFO] CodeEngine:311 - oldGeneratedFile, C:\Users\rhett\OneDrive\Documents\Projects\DGAS\DGAS Firmware\Core\Inc\stm32f7xx_hal_conf.h_save
2025-01-17 17:01:50,724 [INFO] CodeEngine:335 - Generated code: C:\Users\rhett\OneDrive\Documents\Projects\DGAS\DGAS Firmware\Core\Inc\stm32f7xx_hal_conf.h
2025-01-17 17:01:50,813 [WARN] IPConfigManager:3431 - IP not found : TIM
2025-01-17 17:01:50,816 [WARN] CodeGenerator:3754 - IP not found : null
2025-01-17 17:01:50,858 [INFO] CodeEngine:255 - oldGeneratedFile, C:\Users\rhett\OneDrive\Documents\Projects\DGAS\DGAS Firmware\Core\Inc\main.h_save
2025-01-17 17:01:51,107 [INFO] CodeEngine:279 - Generated code: C:\Users\rhett\OneDrive\Documents\Projects\DGAS\DGAS Firmware\Core\Inc\main.h
2025-01-17 17:01:51,136 [INFO] CodeEngine:255 - oldGeneratedFile, C:\Users\rhett\OneDrive\Documents\Projects\DGAS\DGAS Firmware\Core\Src\main.c_save
2025-01-17 17:01:51,692 [INFO] CodeEngine:279 - Generated code: C:\Users\rhett\OneDrive\Documents\Projects\DGAS\DGAS Firmware\Core\Src\main.c
2025-01-17 17:01:53,854 [INFO] ProjectBuilder:2996 - Time for Copy HAL[1] : 528mS.
2025-01-17 17:01:53,881 [INFO] ProjectBuilder:4304 - Project Generator version: 3.19.2
2025-01-17 17:01:54,517 [INFO] ConfigFileManager:1483 - The Die is : DIE449
2025-01-17 17:01:54,525 [INFO] ApiDbMcu:507 - Load IP Config File for FATFS
2025-01-17 17:01:54,532 [INFO] ApiDbMcu:507 - Load IP Config File for FREERTOS
2025-01-17 17:01:54,534 [INFO] ApiDbMcu:507 - Load IP Config File for LIBJPEG
2025-01-17 17:01:54,544 [INFO] ApiDbMcu:507 - Load IP Config File for LWIP
2025-01-17 17:01:54,556 [INFO] ApiDbMcu:507 - Load IP Config File for MBEDTLS
2025-01-17 17:01:54,623 [INFO] ApiDbMcu:507 - Load IP Config File for USB_DEVICE
2025-01-17 17:01:54,629 [INFO] ApiDbMcu:507 - Load IP Config File for USB_HOST
2025-01-17 17:01:57,513 [INFO] LogOutputStream:77 - [STDOUT_REDIRECT] 
2025-01-17 17:02:09,750 [INFO] ProjectBuilder:4505 - Time for Generating toolchain IDE Files: 15864mS.
2025-01-17 17:02:09,762 [INFO] ProjectBuilder:2867 - Time for Copy CMSIS : 8mS.
2025-01-17 17:02:10,269 [INFO] ProjectBuilder:2867 - Time for Copy CMSIS : 0mS.
2025-01-17 19:44:33,591 [INFO] I2cTimingTraitement:330 - 0x20404768
2025-01-17 19:44:33,614 [WARN] IP:2113 - LayerIdx_L1 not found: check if there is a RefParameter without a condition.
2025-01-17 19:47:59,203 [INFO] I2cTimingTraitement:330 - 0x20404768
2025-01-17 19:47:59,224 [WARN] IP:2113 - LayerIdx_L1 not found: check if there is a RefParameter without a condition.
2025-01-17 19:48:05,047 [INFO] NvicIntPanel:101 - NVIC parent = com.st.microxplorer.plugins.ip.nvic.MultiNvicIntPanel[,0,0,0x0,invalid,layout=javax.swing.BoxLayout,alignmentX=0.0,alignmentY=0.0,border=,flags=9,maximumSize=,minimumSize=,preferredSize=]
2025-01-17 19:48:07,176 [INFO] UtilMem:75 - End SaveConfig() Used Memory: 876133120 Bytes (1073741824)
2025-01-17 19:48:08,085 [INFO] UtilMem:75 - End SaveConfig() Used Memory: 840596000 Bytes (1073741824)
2025-01-17 19:48:10,884 [INFO] UtilMem:75 - End SaveConfig() Used Memory: 848916096 Bytes (1073741824)
2025-01-17 19:48:11,501 [INFO] BlockDiagram:2759 - set Specific Code input for plugin: SPI
2025-01-17 19:48:11,502 [INFO] BlockDiagram:2759 - set Specific Code input for plugin: CAN
2025-01-17 19:48:11,502 [INFO] BlockDiagram:2759 - set Specific Code input for plugin: CAN
2025-01-17 19:48:11,502 [INFO] BlockDiagram:2759 - set Specific Code input for plugin: TIM1_8F7
2025-01-17 19:48:11,502 [INFO] BlockDiagram:2759 - set Specific Code input for plugin: LTDC
2025-01-17 19:48:11,502 [INFO] BlockDiagram:2759 - set Specific Code input for plugin: SYS
2025-01-17 19:48:11,502 [INFO] BlockDiagram:2759 - set Specific Code input for plugin: ADC
2025-01-17 19:48:11,502 [INFO] BlockDiagram:2759 - set Specific Code input for plugin: RCC
2025-01-17 19:48:11,502 [INFO] BlockDiagram:2759 - set Specific Code input for plugin: I2C
2025-01-17 19:48:11,503 [INFO] BlockDiagram:2759 - set Specific Code input for plugin: NVIC
2025-01-17 19:48:11,503 [INFO] BlockDiagram:2759 - set Specific Code input for plugin: CORTEX_M7
2025-01-17 19:48:11,503 [INFO] BlockDiagram:2759 - set Specific Code input for plugin: FMC
2025-01-17 19:48:11,503 [INFO] BlockDiagram:2759 - set Specific Code input for plugin: UART
2025-01-17 19:48:11,505 [INFO] BlockDiagram:2759 - set Specific Code input for plugin: GPIO
2025-01-17 19:48:11,505 [INFO] BlockDiagram:2759 - set Specific Code input for plugin: QUADSPI
2025-01-17 19:48:11,506 [INFO] CodeGenerator:793 - code generatio: config db path: C:\ST\STM32CubeIDE_1.12.1\STM32CubeIDE\plugins\com.st.stm32cube.common.mx_6.8.1.202304191431\\db\
2025-01-17 19:48:11,563 [WARN] IP:2113 - LayerIdx_L1 not found: check if there is a RefParameter without a condition.
2025-01-17 19:48:11,918 [INFO] CodeEngine:255 - oldGeneratedFile, C:\Users\rhett\OneDrive\Documents\Projects\DGAS\DGAS Firmware\MXTmpFiles\license.tmp_save
2025-01-17 19:48:12,178 [INFO] CodeEngine:279 - Generated code: C:\Users\rhett\OneDrive\Documents\Projects\DGAS\DGAS Firmware\MXTmpFiles\license.tmp
2025-01-17 19:48:12,397 [INFO] CodeEngine:255 - oldGeneratedFile, C:\Users\rhett\OneDrive\Documents\Projects\DGAS\DGAS Firmware\MXTmpFiles\gpio.tmp_save
2025-01-17 19:48:12,734 [INFO] CodeEngine:279 - Generated code: C:\Users\rhett\OneDrive\Documents\Projects\DGAS\DGAS Firmware\MXTmpFiles\gpio.tmp
2025-01-17 19:48:14,179 [INFO] CodeEngine:255 - oldGeneratedFile, C:\Users\rhett\OneDrive\Documents\Projects\DGAS\DGAS Firmware\MXTmpFiles\cortex.tmp_save
2025-01-17 19:48:14,414 [INFO] CodeEngine:279 - Generated code: C:\Users\rhett\OneDrive\Documents\Projects\DGAS\DGAS Firmware\MXTmpFiles\cortex.tmp
2025-01-17 19:48:14,461 [INFO] CodeEngine:255 - oldGeneratedFile, C:\Users\rhett\OneDrive\Documents\Projects\DGAS\DGAS Firmware\MXTmpFiles\mx_fmc_HC.tmp_save
2025-01-17 19:48:14,596 [INFO] CodeEngine:279 - Generated code: C:\Users\rhett\OneDrive\Documents\Projects\DGAS\DGAS Firmware\MXTmpFiles\mx_fmc_HC.tmp
2025-01-17 19:48:14,610 [INFO] CodeEngine:255 - oldGeneratedFile, C:\Users\rhett\OneDrive\Documents\Projects\DGAS\DGAS Firmware\MXTmpFiles\mx_fmc_GV.tmp_save
2025-01-17 19:48:14,709 [INFO] CodeEngine:279 - Generated code: C:\Users\rhett\OneDrive\Documents\Projects\DGAS\DGAS Firmware\MXTmpFiles\mx_fmc_GV.tmp
2025-01-17 19:48:14,744 [INFO] CodeEngine:255 - oldGeneratedFile, C:\Users\rhett\OneDrive\Documents\Projects\DGAS\DGAS Firmware\MXTmpFiles\mx_fmc_MSP.tmp_save
2025-01-17 19:48:14,896 [INFO] CodeEngine:279 - Generated code: C:\Users\rhett\OneDrive\Documents\Projects\DGAS\DGAS Firmware\MXTmpFiles\mx_fmc_MSP.tmp
2025-01-17 19:48:14,961 [INFO] CodeEngine:255 - oldGeneratedFile, C:\Users\rhett\OneDrive\Documents\Projects\DGAS\DGAS Firmware\Core\Src\stm32f7xx_it.c_save
2025-01-17 19:48:15,310 [INFO] CodeEngine:279 - Generated code: C:\Users\rhett\OneDrive\Documents\Projects\DGAS\DGAS Firmware\Core\Src\stm32f7xx_it.c
2025-01-17 19:48:15,347 [INFO] CodeEngine:255 - oldGeneratedFile, C:\Users\rhett\OneDrive\Documents\Projects\DGAS\DGAS Firmware\Core\Inc\stm32f7xx_it.h_save
2025-01-17 19:48:15,480 [INFO] CodeEngine:279 - Generated code: C:\Users\rhett\OneDrive\Documents\Projects\DGAS\DGAS Firmware\Core\Inc\stm32f7xx_it.h
2025-01-17 19:48:15,522 [INFO] CodeEngine:255 - oldGeneratedFile, C:\Users\rhett\OneDrive\Documents\Projects\DGAS\DGAS Firmware\MXTmpFiles\mx_fmc_HC.tmp_save
2025-01-17 19:48:15,620 [INFO] CodeEngine:279 - Generated code: C:\Users\rhett\OneDrive\Documents\Projects\DGAS\DGAS Firmware\MXTmpFiles\mx_fmc_HC.tmp
2025-01-17 19:48:15,627 [INFO] CodeEngine:255 - oldGeneratedFile, C:\Users\rhett\OneDrive\Documents\Projects\DGAS\DGAS Firmware\MXTmpFiles\mx_fmc_GV.tmp_save
2025-01-17 19:48:15,686 [INFO] CodeEngine:279 - Generated code: C:\Users\rhett\OneDrive\Documents\Projects\DGAS\DGAS Firmware\MXTmpFiles\mx_fmc_GV.tmp
2025-01-17 19:48:15,710 [INFO] CodeEngine:255 - oldGeneratedFile, C:\Users\rhett\OneDrive\Documents\Projects\DGAS\DGAS Firmware\MXTmpFiles\mx_fmc_MSP.tmp_save
2025-01-17 19:48:15,771 [INFO] CodeEngine:279 - Generated code: C:\Users\rhett\OneDrive\Documents\Projects\DGAS\DGAS Firmware\MXTmpFiles\mx_fmc_MSP.tmp
2025-01-17 19:48:15,806 [INFO] CodeEngine:255 - oldGeneratedFile, C:\Users\rhett\OneDrive\Documents\Projects\DGAS\DGAS Firmware\Core\Src\stm32f7xx_hal_msp.c_save
2025-01-17 19:48:15,953 [INFO] CodeEngine:279 - Generated code: C:\Users\rhett\OneDrive\Documents\Projects\DGAS\DGAS Firmware\Core\Src\stm32f7xx_hal_msp.c
2025-01-17 19:48:15,966 [INFO] CodeEngine:255 - oldGeneratedFile, C:\Users\rhett\OneDrive\Documents\Projects\DGAS\DGAS Firmware\MXTmpFiles\system.tmp_save
2025-01-17 19:48:16,034 [INFO] CodeEngine:279 - Generated code: C:\Users\rhett\OneDrive\Documents\Projects\DGAS\DGAS Firmware\MXTmpFiles\system.tmp
2025-01-17 19:48:16,064 [INFO] CodeEngine:311 - oldGeneratedFile, C:\Users\rhett\OneDrive\Documents\Projects\DGAS\DGAS Firmware\Core\Inc\stm32f7xx_hal_conf.h_save
2025-01-17 19:48:16,173 [INFO] CodeEngine:335 - Generated code: C:\Users\rhett\OneDrive\Documents\Projects\DGAS\DGAS Firmware\Core\Inc\stm32f7xx_hal_conf.h
2025-01-17 19:48:16,203 [WARN] IPConfigManager:3431 - IP not found : TIM
2025-01-17 19:48:16,204 [WARN] CodeGenerator:3754 - IP not found : null
2025-01-17 19:48:16,244 [INFO] CodeEngine:255 - oldGeneratedFile, C:\Users\rhett\OneDrive\Documents\Projects\DGAS\DGAS Firmware\Core\Inc\main.h_save
2025-01-17 19:48:16,403 [INFO] CodeEngine:279 - Generated code: C:\Users\rhett\OneDrive\Documents\Projects\DGAS\DGAS Firmware\Core\Inc\main.h
2025-01-17 19:48:16,445 [INFO] CodeEngine:255 - oldGeneratedFile, C:\Users\rhett\OneDrive\Documents\Projects\DGAS\DGAS Firmware\Core\Src\main.c_save
2025-01-17 19:48:16,714 [INFO] CodeEngine:279 - Generated code: C:\Users\rhett\OneDrive\Documents\Projects\DGAS\DGAS Firmware\Core\Src\main.c
2025-01-17 19:48:17,930 [INFO] ProjectBuilder:2996 - Time for Copy HAL[1] : 309mS.
2025-01-17 19:48:17,936 [INFO] ProjectBuilder:4304 - Project Generator version: 3.19.2
2025-01-17 19:48:18,331 [INFO] ConfigFileManager:1483 - The Die is : DIE449
2025-01-17 19:48:24,416 [INFO] ProjectBuilder:4505 - Time for Generating toolchain IDE Files: 6480mS.
2025-01-17 19:48:24,417 [INFO] ProjectBuilder:2867 - Time for Copy CMSIS : 0mS.
2025-01-17 19:48:24,651 [INFO] ProjectBuilder:2867 - Time for Copy CMSIS : 0mS.
2025-01-17 21:33:02,950 [ERROR] LogOutputStream:75 - [STDERR_REDIRECT] Exception in thread "Serial Ports Filter" java.lang.OutOfMemoryError: Java heap space
