2025-01-18 00:19:17,324 [INFO] Activator:176 - 


2025-01-18 00:19:17,333 [INFO] Activator:177 - !SESSION log4j initialized
2025-01-18 00:19:30,008 [INFO] LogOutputStream:77 - [STDOUT_REDIRECT] 
2025-01-18 00:19:55,888 [ERROR] LogOutputStream:75 - [STDERR_REDIRECT] SLF4J: Failed to load class "org.slf4j.impl.StaticLoggerBinder".
2025-01-18 00:19:55,892 [ERROR] LogOutputStream:75 - [STDERR_REDIRECT] SLF4J: Defaulting to no-operation (NOP) logger implementation
2025-01-18 00:19:55,898 [ERROR] LogOutputStream:75 - [STDERR_REDIRECT] SLF4J: See http://www.slf4j.org/codes.html#StaticLoggerBinder for further details.
2025-01-18 10:29:46,151 [INFO] Activator:176 - 


2025-01-18 10:29:46,154 [INFO] Activator:177 - !SESSION log4j initialized
2025-01-18 10:29:53,088 [INFO] LogOutputStream:77 - [STDOUT_REDIRECT] 
2025-01-18 10:30:16,330 [ERROR] LogOutputStream:75 - [STDERR_REDIRECT] SLF4J: Failed to load class "org.slf4j.impl.StaticLoggerBinder".
2025-01-18 10:30:16,331 [ERROR] LogOutputStream:75 - [STDERR_REDIRECT] SLF4J: Defaulting to no-operation (NOP) logger implementation
2025-01-18 10:30:16,333 [ERROR] LogOutputStream:75 - [STDERR_REDIRECT] SLF4J: See http://www.slf4j.org/codes.html#StaticLoggerBinder for further details.
2025-01-18 10:30:16,933 [INFO] ApplicationProperties:184 - Using Application install path: C:\ST\STM32CubeIDE_1.12.1\STM32CubeIDE\plugins\com.st.stm32cube.common.mx_6.8.1.202304191431
2025-01-18 10:30:16,959 [INFO] DbMcusXml:78 - Set database path to: C:\ST\STM32CubeIDE_1.12.1\STM32CubeIDE\plugins\com.st.stm32cube.common.mx_6.8.1.202304191431\\db\/mcu/
2025-01-18 10:30:16,959 [INFO] ApiDb:274 - Set plugin database path to: C:\ST\STM32CubeIDE_1.12.1\STM32CubeIDE\plugins\com.st.stm32cube.common.mx_6.8.1.202304191431\\db\/plugins/boardmanager/
2025-01-18 10:30:16,975 [WARN] ApiDb:259 - Overriding images path with different value:  => C:\ST\STM32CubeIDE_1.12.1\STM32CubeIDE\plugins\com.st.stm32cube.common.mx_6.8.1.202304191431\\db\/plugins/mcufinder/images/
2025-01-18 10:30:16,998 [INFO] ApiDb:250 - Set database path to: C:\Users\rhett\.stmcufinder\plugins\mcufinder//mcu/
2025-01-18 10:30:17,000 [INFO] DbMcusAds:125 - Set database path to: C:\Users\rhett\.stmcufinder\plugins\mcufinder//mcu/
2025-01-18 10:30:17,018 [INFO] CrossReferenceDbSqlite:203 - Set database path to: C:\Users\rhett\.stmcufinder\plugins\mcufinder//mcu/cs/
2025-01-18 10:30:17,225 [INFO] RulesReader:64 - Compatibility file has been processed (293 Rules)
2025-01-18 10:30:17,355 [INFO] DbMcusXml:78 - Set database path to: C:\ST\STM32CubeIDE_1.12.1\STM32CubeIDE\plugins\com.st.stm32cube.common.mx_6.8.1.202304191431\\db\/mcu/
2025-01-18 10:30:17,355 [INFO] ApiDb:274 - Set plugin database path to: C:\ST\STM32CubeIDE_1.12.1\STM32CubeIDE\plugins\com.st.stm32cube.common.mx_6.8.1.202304191431\\db\/plugins/boardmanager/
2025-01-18 10:30:17,355 [INFO] ApiDb:261 - Set plugin images path to: C:\ST\STM32CubeIDE_1.12.1\STM32CubeIDE\plugins\com.st.stm32cube.common.mx_6.8.1.202304191431\\db\/plugins/mcufinder/images/
2025-01-18 10:30:17,357 [WARN] DbFile:41 - Overriding database path with different value: C:\Users\rhett\.stmcufinder\plugins\mcufinder/ => C:\Users\rhett\.stmcufinder\plugins\mcufinder
2025-01-18 10:30:17,357 [INFO] ApiDb:250 - Set database path to: C:\Users\rhett\.stmcufinder\plugins\mcufinder//mcu/
2025-01-18 10:30:17,357 [WARN] DbFile:41 - Overriding database path with different value: C:\Users\rhett\.stmcufinder\plugins\mcufinder/ => C:\Users\rhett\.stmcufinder\plugins\mcufinder
2025-01-18 10:30:17,357 [INFO] DbMcusAds:125 - Set database path to: C:\Users\rhett\.stmcufinder\plugins\mcufinder//mcu/
2025-01-18 10:30:17,358 [WARN] DbFile:41 - Overriding database path with different value: C:\Users\rhett\.stmcufinder\plugins\mcufinder/ => C:\Users\rhett\.stmcufinder\plugins\mcufinder
2025-01-18 10:30:17,358 [WARN] DbFile:41 - Overriding database path with different value: C:\Users\rhett\.stmcufinder\plugins\mcufinder/ => C:\Users\rhett\.stmcufinder\plugins\mcufinder
2025-01-18 10:30:17,358 [INFO] CrossReferenceDbSqlite:203 - Set database path to: C:\Users\rhett\.stmcufinder\plugins\mcufinder//mcu/cs/
2025-01-18 10:30:17,488 [INFO] MainPanel:253 - HeapMemory: 268435456
2025-01-18 10:30:17,635 [INFO] DbMcusXml:78 - Set database path to: C:\ST\STM32CubeIDE_1.12.1\STM32CubeIDE\plugins\com.st.stm32cube.common.mx_6.8.1.202304191431\\db\/mcu/
2025-01-18 10:30:17,635 [INFO] ApiDb:274 - Set plugin database path to: C:\ST\STM32CubeIDE_1.12.1\STM32CubeIDE\plugins\com.st.stm32cube.common.mx_6.8.1.202304191431\\db\/plugins/boardmanager/
2025-01-18 10:30:17,635 [INFO] ApiDb:261 - Set plugin images path to: C:\ST\STM32CubeIDE_1.12.1\STM32CubeIDE\plugins\com.st.stm32cube.common.mx_6.8.1.202304191431\\db\/plugins/mcufinder/images/
2025-01-18 10:30:17,636 [WARN] DbFile:41 - Overriding database path with different value: C:\Users\rhett\.stmcufinder\plugins\mcufinder/ => C:\Users\rhett\.stmcufinder\plugins\mcufinder
2025-01-18 10:30:17,636 [INFO] ApiDb:250 - Set database path to: C:\Users\rhett\.stmcufinder\plugins\mcufinder//mcu/
2025-01-18 10:30:17,636 [WARN] DbFile:41 - Overriding database path with different value: C:\Users\rhett\.stmcufinder\plugins\mcufinder/ => C:\Users\rhett\.stmcufinder\plugins\mcufinder
2025-01-18 10:30:17,636 [INFO] DbMcusAds:125 - Set database path to: C:\Users\rhett\.stmcufinder\plugins\mcufinder//mcu/
2025-01-18 10:30:17,636 [WARN] DbFile:41 - Overriding database path with different value: C:\Users\rhett\.stmcufinder\plugins\mcufinder/ => C:\Users\rhett\.stmcufinder\plugins\mcufinder
2025-01-18 10:30:17,636 [WARN] DbFile:41 - Overriding database path with different value: C:\Users\rhett\.stmcufinder\plugins\mcufinder/ => C:\Users\rhett\.stmcufinder\plugins\mcufinder
2025-01-18 10:30:17,636 [INFO] CrossReferenceDbSqlite:203 - Set database path to: C:\Users\rhett\.stmcufinder\plugins\mcufinder//mcu/cs/
2025-01-18 10:30:17,660 [INFO] ApplicationProperties:184 - Using Application install path: C:\ST\STM32CubeIDE_1.12.1\STM32CubeIDE\plugins\com.st.stm32cube.common.mx_6.8.1.202304191431
2025-01-18 10:30:17,662 [INFO] PluginManage:196 - Search for loadable plugins [exclusion list=, ]
2025-01-18 10:30:17,665 [INFO] PluginManage:310 - Check plugin analytics
2025-01-18 10:30:17,995 [INFO] AnalyticsPlugin:253 - Accepted Software Licenses: 
2025-01-18 10:30:17,995 [INFO] AnalyticsPlugin:255 - Accepted CMSIS Pack Licenses: STMicroelectronics.X-CUBE-TOUCHGFX.4.24.0
2025-01-18 10:30:17,997 [INFO] AnalyticsPlugin:257 - Accepted Firmware Licenses: FW.G0.1.6.0,FW.F4.1.27.0,FW.MP1.1.6.0,FW.C0.1.0.0,FW.F7.1.17.0
2025-01-18 10:30:18,038 [INFO] PluginManage:359 - Loaded plugin analytics (category:tool,tabindex:-1)
2025-01-18 10:30:18,039 [INFO] PluginManage:310 - Check plugin cadmodel
2025-01-18 10:30:18,078 [INFO] CADModel:105 - Init CAD model plugin
2025-01-18 10:30:18,078 [INFO] PluginManage:359 - Loaded plugin cadmodel (category:power,tabindex:5)
2025-01-18 10:30:18,079 [INFO] PluginManage:310 - Check plugin clock
2025-01-18 10:30:18,114 [INFO] PluginManage:359 - Loaded plugin clock (category:base,tabindex:2)
2025-01-18 10:30:18,114 [INFO] PluginManage:310 - Check plugin ddr
2025-01-18 10:30:18,119 [INFO] PluginManage:359 - Loaded plugin ddr (category:tool,tabindex:6)
2025-01-18 10:30:18,119 [INFO] PluginManage:310 - Check plugin filemanager
2025-01-18 10:30:18,345 [INFO] PluginManage:359 - Loaded plugin filemanager (category:base,tabindex:10)
2025-01-18 10:30:18,345 [INFO] PluginManage:310 - Check plugin ipmanager
2025-01-18 10:30:18,356 [INFO] PluginManage:359 - Loaded plugin ipmanager (category:base,tabindex:5)
2025-01-18 10:30:18,356 [INFO] PluginManage:310 - Check plugin lpbam
2025-01-18 10:30:18,377 [INFO] PluginManage:359 - Loaded plugin lpbam (category:base,tabindex:0)
2025-01-18 10:30:18,378 [INFO] PluginManage:310 - Check plugin pinoutandconfiguration
2025-01-18 10:30:18,408 [INFO] PluginManage:359 - Loaded plugin pinoutandconfiguration (category:base,tabindex:1)
2025-01-18 10:30:18,409 [INFO] PluginManage:310 - Check plugin pinoutconfig
2025-01-18 10:30:18,530 [WARN] SupportedApi:132 - Cannot load RTOS API schema: s4s-elt-must-match.1: The content of 'definitions' must match (annotation?, (simpleType | complexType)?, (unique | key | keyref)*)). A problem was found starting at: attribute.
2025-01-18 10:30:18,722 [INFO] PluginManage:359 - Loaded plugin pinoutconfig (category:base,tabindex:0)
2025-01-18 10:30:18,723 [INFO] PluginManage:310 - Check plugin power
2025-01-18 10:30:18,750 [INFO] PluginManage:359 - Loaded plugin power (category:power,tabindex:4)
2025-01-18 10:30:18,750 [INFO] PluginManage:310 - Check plugin projectmanager
2025-01-18 10:30:18,777 [INFO] PluginManage:359 - Loaded plugin projectmanager (category:projectmanager,tabindex:3)
2025-01-18 10:30:18,777 [INFO] PluginManage:310 - Check plugin thirdparty
2025-01-18 10:30:19,122 [WARN] IntegrityCheckThread:84 - waiting for thirdparty lock release [integrity check]
2025-01-18 10:30:19,126 [INFO] PluginManage:359 - Loaded plugin thirdparty (category:base,tabindex:-1)
2025-01-18 10:30:19,126 [INFO] IntegrityCheckThread:86 - entering critical section [integrity check]
2025-01-18 10:30:19,126 [INFO] PluginManage:310 - Check plugin tools
2025-01-18 10:30:19,128 [INFO] ThirdPartyUpdaterWithRetryManager:70 - Updater plugin not ready yet. [1/15]
2025-01-18 10:30:19,190 [INFO] PluginManage:359 - Loaded plugin tools (category:base,tabindex:7)
2025-01-18 10:30:19,190 [INFO] PluginManage:310 - Check plugin tutovideos
2025-01-18 10:30:19,450 [INFO] PluginManage:359 - Loaded plugin tutovideos (category:base,tabindex:-1)
2025-01-18 10:30:19,451 [INFO] PluginManage:310 - Check plugin updater
2025-01-18 10:30:19,477 [INFO] PluginManage:359 - Loaded plugin updater (category:base,tabindex:12)
2025-01-18 10:30:19,477 [INFO] PluginManage:283 - PluginManage : Loaded plugins [15]
2025-01-18 10:30:19,823 [INFO] PinOutPanel:1499 - setPackage(No Configuration,No Configuration)
2025-01-18 10:30:19,904 [INFO] CADModel:165 - CPN selected for project level
2025-01-18 10:30:19,904 [INFO] CADModel:114 - Register for checkConnection events
2025-01-18 10:30:19,939 [INFO] IPUIPlugin:80 - create IPUIPlugin
2025-01-18 10:30:19,939 [INFO] PluginManager:220 - loadIPPluginJar : add adc
2025-01-18 10:30:19,985 [INFO] IPUIPlugin:80 - create IPUIPlugin
2025-01-18 10:30:19,986 [INFO] PluginManager:220 - loadIPPluginJar : add aes
2025-01-18 10:30:20,037 [INFO] IPUIPlugin:80 - create IPUIPlugin
2025-01-18 10:30:20,037 [INFO] PluginManager:220 - loadIPPluginJar : add can
2025-01-18 10:30:20,069 [INFO] IPUIPlugin:80 - create IPUIPlugin
2025-01-18 10:30:20,070 [INFO] PluginManager:220 - loadIPPluginJar : add comp
2025-01-18 10:30:20,111 [INFO] IPUIPlugin:80 - create IPUIPlugin
2025-01-18 10:30:20,111 [INFO] PluginManager:220 - loadIPPluginJar : add cryp
2025-01-18 10:30:20,149 [INFO] IPUIPlugin:80 - create IPUIPlugin
2025-01-18 10:30:20,149 [INFO] PluginManager:220 - loadIPPluginJar : add dfsdm
2025-01-18 10:30:20,166 [INFO] IPUIPlugin:80 - create IPUIPlugin
2025-01-18 10:30:20,168 [INFO] PluginManager:220 - loadIPPluginJar : add dma
2025-01-18 10:30:20,223 [INFO] IPUIPlugin:80 - create IPUIPlugin
2025-01-18 10:30:20,223 [INFO] PluginManager:220 - loadIPPluginJar : add dma3
2025-01-18 10:30:20,249 [INFO] IPUIPlugin:80 - create IPUIPlugin
2025-01-18 10:30:20,250 [INFO] PluginManager:220 - loadIPPluginJar : add fatfs
2025-01-18 10:30:20,311 [INFO] IPUIPlugin:80 - create IPUIPlugin
2025-01-18 10:30:20,312 [INFO] PluginManager:220 - loadIPPluginJar : add fmc
2025-01-18 10:30:20,335 [INFO] IPUIPlugin:80 - create IPUIPlugin
2025-01-18 10:30:20,335 [INFO] PluginManager:220 - loadIPPluginJar : add freertos
2025-01-18 10:30:20,361 [INFO] IPUIPlugin:80 - create IPUIPlugin
2025-01-18 10:30:20,361 [INFO] PluginManager:220 - loadIPPluginJar : add genericplugin
2025-01-18 10:30:20,499 [INFO] IPUIPlugin:80 - create IPUIPlugin
2025-01-18 10:30:20,499 [INFO] PluginManager:220 - loadIPPluginJar : add gfxmmu
2025-01-18 10:30:20,676 [INFO] IPUIPlugin:80 - create IPUIPlugin
2025-01-18 10:30:20,676 [INFO] PluginManager:220 - loadIPPluginJar : add gic
2025-01-18 10:30:20,693 [INFO] IPUIPlugin:80 - create IPUIPlugin
2025-01-18 10:30:20,694 [INFO] PluginManager:220 - loadIPPluginJar : add gpio
2025-01-18 10:30:20,807 [INFO] IPUIPlugin:80 - create IPUIPlugin
2025-01-18 10:30:20,807 [INFO] PluginManager:220 - loadIPPluginJar : add gtzc
2025-01-18 10:30:20,853 [INFO] IPUIPlugin:80 - create IPUIPlugin
2025-01-18 10:30:20,853 [INFO] PluginManager:220 - loadIPPluginJar : add hash
2025-01-18 10:30:20,920 [INFO] IPUIPlugin:80 - create IPUIPlugin
2025-01-18 10:30:20,920 [INFO] PluginManager:220 - loadIPPluginJar : add i2c
2025-01-18 10:30:20,971 [INFO] IPUIPlugin:80 - create IPUIPlugin
2025-01-18 10:30:20,972 [INFO] PluginManager:220 - loadIPPluginJar : add i2s
2025-01-18 10:30:21,023 [INFO] IPUIPlugin:80 - create IPUIPlugin
2025-01-18 10:30:21,023 [INFO] PluginManager:220 - loadIPPluginJar : add i3c
2025-01-18 10:30:21,153 [INFO] IPUIPlugin:80 - create IPUIPlugin
2025-01-18 10:30:21,153 [INFO] PluginManager:220 - loadIPPluginJar : add ipddr
2025-01-18 10:30:21,273 [INFO] IPUIPlugin:80 - create IPUIPlugin
2025-01-18 10:30:21,273 [INFO] PluginManager:220 - loadIPPluginJar : add linkedlist
2025-01-18 10:30:21,318 [INFO] IPUIPlugin:80 - create IPUIPlugin
2025-01-18 10:30:21,319 [INFO] PluginManager:220 - loadIPPluginJar : add lorawan
2025-01-18 10:30:21,372 [INFO] IPUIPlugin:80 - create IPUIPlugin
2025-01-18 10:30:21,372 [INFO] PluginManager:220 - loadIPPluginJar : add ltdc
2025-01-18 10:30:21,393 [INFO] IPUIPlugin:80 - create IPUIPlugin
2025-01-18 10:30:21,393 [INFO] PluginManager:220 - loadIPPluginJar : add mdma
2025-01-18 10:30:21,410 [INFO] IPUIPlugin:80 - create IPUIPlugin
2025-01-18 10:30:21,410 [INFO] PluginManager:220 - loadIPPluginJar : add nvic
2025-01-18 10:30:21,459 [INFO] IPUIPlugin:80 - create IPUIPlugin
2025-01-18 10:30:21,459 [INFO] PluginManager:220 - loadIPPluginJar : add opamp
2025-01-18 10:30:21,551 [INFO] IPUIPlugin:80 - create IPUIPlugin
2025-01-18 10:30:21,551 [INFO] PluginManager:220 - loadIPPluginJar : add openamp
2025-01-18 10:30:21,612 [INFO] IPUIPlugin:80 - create IPUIPlugin
2025-01-18 10:30:21,612 [INFO] PluginManager:220 - loadIPPluginJar : add pdm2pcm
2025-01-18 10:30:21,632 [INFO] IPUIPlugin:80 - create IPUIPlugin
2025-01-18 10:30:21,634 [INFO] PluginManager:220 - loadIPPluginJar : add plateformsettings
2025-01-18 10:30:21,664 [INFO] IPUIPlugin:80 - create IPUIPlugin
2025-01-18 10:30:21,664 [INFO] PluginManager:220 - loadIPPluginJar : add quadspi
2025-01-18 10:30:21,683 [INFO] IPUIPlugin:80 - create IPUIPlugin
2025-01-18 10:30:21,683 [INFO] PluginManager:220 - loadIPPluginJar : add resmgrutility
2025-01-18 10:30:21,744 [INFO] IPUIPlugin:80 - create IPUIPlugin
2025-01-18 10:30:21,744 [INFO] PluginManager:220 - loadIPPluginJar : add sai
2025-01-18 10:30:21,792 [INFO] IPUIPlugin:80 - create IPUIPlugin
2025-01-18 10:30:21,793 [INFO] PluginManager:220 - loadIPPluginJar : add spi
2025-01-18 10:30:21,865 [INFO] IPUIPlugin:80 - create IPUIPlugin
2025-01-18 10:30:21,865 [INFO] PluginManager:220 - loadIPPluginJar : add stm32_wpan
2025-01-18 10:30:21,896 [INFO] IPUIPlugin:80 - create IPUIPlugin
2025-01-18 10:30:21,896 [INFO] PluginManager:220 - loadIPPluginJar : add tim
2025-01-18 10:30:21,966 [INFO] IPUIPlugin:80 - create IPUIPlugin
2025-01-18 10:30:21,966 [INFO] PluginManager:220 - loadIPPluginJar : add touchsensing
2025-01-18 10:30:21,995 [INFO] IPUIPlugin:80 - create IPUIPlugin
2025-01-18 10:30:21,995 [INFO] PluginManager:220 - loadIPPluginJar : add tracer_emb
2025-01-18 10:30:22,026 [INFO] IPUIPlugin:80 - create IPUIPlugin
2025-01-18 10:30:22,026 [INFO] PluginManager:220 - loadIPPluginJar : add ts
2025-01-18 10:30:22,055 [INFO] IPUIPlugin:80 - create IPUIPlugin
2025-01-18 10:30:22,055 [INFO] PluginManager:220 - loadIPPluginJar : add tsc
2025-01-18 10:30:22,101 [INFO] IPUIPlugin:80 - create IPUIPlugin
2025-01-18 10:30:22,102 [INFO] PluginManager:220 - loadIPPluginJar : add ucpd
2025-01-18 10:30:22,134 [INFO] ThirdPartyUpdaterWithRetryManager:70 - Updater plugin not ready yet. [2/15]
2025-01-18 10:30:22,159 [INFO] IPUIPlugin:80 - create IPUIPlugin
2025-01-18 10:30:22,159 [INFO] PluginManager:220 - loadIPPluginJar : add usart
2025-01-18 10:30:22,215 [INFO] IPUIPlugin:80 - create IPUIPlugin
2025-01-18 10:30:22,216 [INFO] PluginManager:220 - loadIPPluginJar : add usbx
2025-01-18 10:30:22,365 [INFO] CADModel:165 - CPN selected for project level
2025-01-18 10:30:22,365 [INFO] CADModel:114 - Register for checkConnection events
2025-01-18 10:30:22,366 [FATAL] Updater:308 - Updater called before beeing initialized
2025-01-18 10:30:22,366 [ERROR] CADModel:125 - Updater not yet initialized, retry later 
2025-01-18 10:30:22,572 [INFO] CADModel:165 - CPN selected for project level
2025-01-18 10:30:22,572 [INFO] CADModel:114 - Register for checkConnection events
2025-01-18 10:30:22,572 [FATAL] Updater:308 - Updater called before beeing initialized
2025-01-18 10:30:22,573 [ERROR] CADModel:125 - Updater not yet initialized, retry later 
2025-01-18 10:30:22,579 [FATAL] Updater:308 - Updater called before beeing initialized
2025-01-18 10:30:22,858 [FATAL] Updater:308 - Updater called before beeing initialized
2025-01-18 10:30:22,880 [INFO] DbMcusAds:53 - JSON generation date=Wed Dec 18 02:01:15 AEST 2024 (1734451275230)
2025-01-18 10:30:22,880 [FATAL] Updater:308 - Updater called before beeing initialized
2025-01-18 10:30:22,976 [WARN] DetailPanel:346 - Failed to get advertising image, set to default
2025-01-18 10:30:23,090 [FATAL] Updater:308 - Updater called before beeing initialized
2025-01-18 10:30:23,093 [FATAL] Updater:308 - Updater called before beeing initialized
2025-01-18 10:30:23,093 [FATAL] Updater:308 - Updater called before beeing initialized
2025-01-18 10:30:23,093 [WARN] DetailPanel:346 - Failed to get advertising image, set to default
2025-01-18 10:30:23,095 [FATAL] Updater:308 - Updater called before beeing initialized
2025-01-18 10:30:23,183 [ERROR] Updater:1120 - MainUpdater not yet initialized. External WinMGr cannot be set.
2025-01-18 10:30:23,196 [INFO] Updater:1056 - Updater Version found : 6.8.1
2025-01-18 10:30:23,218 [INFO] ApplicationProperties:184 - Using Application install path: C:\ST\STM32CubeIDE_1.12.1\STM32CubeIDE\plugins\com.st.stm32cube.common.mx_6.8.1.202304191431
2025-01-18 10:30:23,545 [INFO] MainUpdater:2854 - connection check result : 10
2025-01-18 10:30:23,549 [INFO] MainUpdater:283 - Updater Check For Update Now.
2025-01-18 10:30:23,549 [INFO] MicroXplorer:498 - Change Database Version : DB.6.0.81
2025-01-18 10:30:23,811 [INFO] CheckServerUpdateThread:120 - End of CheckServer Thread
2025-01-18 10:30:23,995 [INFO] MainUpdater:2854 - connection check result : 10
2025-01-18 10:30:24,005 [INFO] MainUpdater:2854 - connection check result : 10
2025-01-18 10:30:24,271 [INFO] MicroXplorer:468 - Change Database Path : 
2025-01-18 10:30:24,272 [INFO] MicroXplorer:498 - Change Database Version : DB.6.0.81
2025-01-18 10:30:24,272 [WARN] ThirdParty:871 - waiting for thirdparty lock release [close project]
2025-01-18 10:30:25,672 [WARN] PackLoader:240 - Cannot read IP mode file for STMicroelectronics.FP-ATR-ASTRA1.2.0.1
2025-01-18 10:30:25,703 [WARN] PackLoader:240 - Cannot read IP mode file for STMicroelectronics.X-CUBE-SMBUS.2.1.0
2025-01-18 10:30:25,738 [WARN] PackLoader:240 - Cannot read IP mode file for STMicroelectronics.X-CUBE-WB05N.1.1.0
2025-01-18 10:30:25,767 [WARN] PackLoader:240 - Cannot read IP mode file for STMicroelectronics.X-CUBE-TOUCHGFX.4.23.1
2025-01-18 10:30:25,793 [WARN] PackLoader:240 - Cannot read IP mode file for STMicroelectronics.X-CUBE-TOUCHGFX.4.23.0
2025-01-18 10:30:25,813 [WARN] PackLoader:240 - Cannot read IP mode file for STMicroelectronics.X-CUBE-TOUCHGFX.4.23.2
2025-01-18 10:30:25,884 [WARN] PackLoader:240 - Cannot read IP mode file for STMicroelectronics.X-CUBE-AZRTOS-F7.1.1.0
2025-01-18 10:30:25,920 [ERROR] RealEvaluatedCondition:428 - Found unsupported composite condition: GROUP='STM32_MetaDataManager' CLASS='Data Exchange'
2025-01-18 10:30:25,920 [ERROR] RealEvaluatedCondition:428 - Found unsupported composite condition: GROUP='STM32_MetaDataManager' CLASS='Data Exchange'
2025-01-18 10:30:25,923 [WARN] PackLoader:240 - Cannot read IP mode file for STMicroelectronics.FP-SNS-MOTENV1.4.3.0
2025-01-18 10:30:25,964 [WARN] PackLoader:240 - Cannot read IP mode file for STMicroelectronics.FP-SNS-MOTENV1.4.3.2
2025-01-18 10:30:25,994 [WARN] PackLoader:240 - Cannot read IP mode file for STMicroelectronics.FP-SNS-FLIGHT1.5.0.0
2025-01-18 10:30:26,024 [ERROR] RealEvaluatedCondition:428 - Found unsupported composite condition: GROUP='STM32_MetaDataManager' CLASS='Data Exchange'
2025-01-18 10:30:26,025 [ERROR] RealEvaluatedCondition:428 - Found unsupported composite condition: CLASS='Data Exchange' GROUP='STM32_MetaDataManager'
2025-01-18 10:30:26,027 [WARN] PackLoader:240 - Cannot read IP mode file for STMicroelectronics.FP-SNS-MOTENV1.4.3.1
2025-01-18 10:30:26,055 [WARN] PackLoader:240 - Cannot read IP mode file for STMicroelectronics.FP-SNS-FLIGHT1.5.0.1
2025-01-18 10:30:26,199 [WARN] PackLoader:240 - Cannot read IP mode file for STMicroelectronics.X-CUBE-MEMS1.11.0.0
2025-01-18 10:30:26,591 [WARN] PackLoader:240 - Cannot read IP mode file for STMicroelectronics.X-CUBE-BLE1.6.2.4
2025-01-18 10:30:26,611 [WARN] PackLoader:240 - Cannot read IP mode file for STMicroelectronics.FP-SNS-FLIGHT1.5.0.2
2025-01-18 10:30:26,640 [WARN] PackLoader:240 - Cannot read IP mode file for STMicroelectronics.X-CUBE-DISPLAY.3.0.0
2025-01-18 10:30:26,665 [WARN] PackLoader:240 - Cannot read IP mode file for STMicroelectronics.X-CUBE-BLE1.7.0.0
2025-01-18 10:30:26,688 [WARN] PackLoader:240 - Cannot read IP mode file for STMicroelectronics.X-CUBE-NFC10.1.0.0
2025-01-18 10:30:26,710 [ERROR] Engine:466 - C:\Users\rhett\.stm32cubemx\thirdparties\pdsc\STMicroelectronics.X-CUBE-BLEMGR.4.0.0.pdsc: PDSC version is not supported
2025-01-18 10:30:26,726 [WARN] PackLoader:240 - Cannot read IP mode file for STMicroelectronics.X-CUBE-TOUCHGFX.4.22.0
2025-01-18 10:30:26,742 [WARN] PackLoader:240 - Cannot read IP mode file for STMicroelectronics.X-CUBE-TOUCHGFX.4.22.1
2025-01-18 10:30:26,770 [WARN] PackLoader:240 - Cannot read IP mode file for STMicroelectronics.X-CUBE-BLEMGR.3.1.0
2025-01-18 10:30:26,796 [WARN] PackLoader:240 - Cannot read IP mode file for STMicroelectronics.FP-SNS-SMARTAG2.1.2.0
2025-01-18 10:30:26,922 [WARN] PackLoader:240 - Cannot read IP mode file for STMicroelectronics.X-CUBE-MEMS1.11.1.0
2025-01-18 10:30:27,074 [INFO] LogOutputStream:77 - [STDOUT_REDIRECT] 1 : Invalid condition id : UX_CORESTACK_Condition cause : null
2025-01-18 10:30:27,075 [INFO] LogOutputStream:77 - [STDOUT_REDIRECT] 1 : Invalid condition id : UX_CORESTACK_Condition cause : null
2025-01-18 10:30:27,077 [INFO] LogOutputStream:77 - [STDOUT_REDIRECT] 1 : Invalid condition id : UX_CORESTACK_Condition cause : null
2025-01-18 10:30:27,079 [INFO] LogOutputStream:77 - [STDOUT_REDIRECT] 1 : Invalid condition id : UX_CORESTACK_Condition cause : null
2025-01-18 10:30:27,080 [INFO] LogOutputStream:77 - [STDOUT_REDIRECT] 1 : Invalid condition id : UX_CORESTACK_Condition cause : null
2025-01-18 10:30:27,102 [WARN] PackLoader:240 - Cannot read IP mode file for STMicroelectronics.X-CUBE-AZRTOS-WL.2.0.0
2025-01-18 10:30:27,121 [WARN] PackLoader:240 - Cannot read IP mode file for STMicroelectronics.FP-SNS-MOTENV1.5.0.0
2025-01-18 10:30:27,142 [WARN] PackLoader:240 - Cannot read IP mode file for wolfSSL.I-CUBE-wolfMQTT.1.19.0
2025-01-18 10:30:27,164 [WARN] PackLoader:240 - Cannot read IP mode file for WES.I-CUBE-Cesium.1.3.0
2025-01-18 10:30:27,182 [WARN] PackLoader:240 - Cannot read IP mode file for STMicroelectronics.X-CUBE-BLE2.3.3.0
2025-01-18 10:30:27,201 [WARN] PackLoader:240 - Cannot read IP mode file for STMicroelectronics.X-CUBE-NFC9.1.0.0
2025-01-18 10:30:27,222 [WARN] PackLoader:240 - Cannot read IP mode file for STMicroelectronics.X-CUBE-TCPP.4.1.0
2025-01-18 10:30:27,241 [WARN] PackLoader:240 - Cannot read IP mode file for STMicroelectronics.X-CUBE-TOUCHGFX.4.21.3
2025-01-18 10:30:27,258 [WARN] PackLoader:240 - Cannot read IP mode file for STMicroelectronics.X-CUBE-TOUCHGFX.4.21.4
2025-01-18 10:30:27,283 [WARN] PackLoader:240 - Cannot read IP mode file for STMicroelectronics.X-CUBE-ALGOBUILD.1.3.0
2025-01-18 10:30:27,323 [WARN] PackLoader:240 - Cannot read IP mode file for STMicroelectronics.X-CUBE-AZRTOS-G0.1.1.0
2025-01-18 10:30:27,346 [WARN] PackLoader:240 - Cannot read IP mode file for STMicroelectronics.X-CUBE-SAFEA1.1.2.2
2025-01-18 10:30:27,372 [WARN] PackLoader:240 - Cannot read IP mode file for STMicroelectronics.X-CUBE-NFC4.3.0.0
2025-01-18 10:30:27,388 [WARN] PackLoader:240 - Cannot read IP mode file for wolfSSL.I-CUBE-wolfMQTT.1.18.0
2025-01-18 10:30:27,407 [ERROR] Engine:466 - C:\Users\rhett\.stm32cubemx\thirdparties\pdsc\EmbeddedOffice.I-CUBE-FS-RTOS.1.0.1.pdsc: PDSC version is not supported
2025-01-18 10:30:27,432 [WARN] PackLoader:240 - Cannot read IP mode file for STMicroelectronics.X-CUBE-BLEMGR.3.0.0
2025-01-18 10:30:27,449 [ERROR] Engine:466 - C:\Users\rhett\.stm32cubemx\thirdparties\pdsc\STMicroelectronics.X-CUBE-TCPP.4.2.0.pdsc: PDSC version is not supported
2025-01-18 10:30:27,466 [ERROR] Engine:466 - C:\Users\rhett\.stm32cubemx\thirdparties\pdsc\RealThread.X-CUBE-RT-Thread_Nano.4.1.1.pdsc: PDSC version is not supported
2025-01-18 10:30:27,483 [WARN] PackLoader:240 - Cannot read IP mode file for STMicroelectronics.FP-ATR-SIGFOX1.3.2.0
2025-01-18 10:30:27,496 [ERROR] Engine:466 - C:\Users\rhett\.stm32cubemx\thirdparties\pdsc\quantropi.X-CUBE-qispace-sdk-base.1.9.3.pdsc: PDSC version is not supported
2025-01-18 10:30:27,516 [WARN] PackLoader:240 - Cannot read IP mode file for STMicroelectronics.X-CUBE-EEPRMA1.5.1.0
2025-01-18 10:30:27,598 [WARN] PackLoader:240 - Cannot read IP mode file for STMicroelectronics.X-CUBE-MEMS1.9.5.0
2025-01-18 10:30:27,824 [WARN] PackLoader:240 - Cannot read IP mode file for SEGGER.I-CUBE-embOS.1.3.1
2025-01-18 10:30:27,913 [WARN] PackLoader:240 - Cannot read IP mode file for STMicroelectronics.X-CUBE-ALGOBUILD.1.4.0
2025-01-18 10:30:27,964 [WARN] PackLoader:240 - Cannot read IP mode file for STMicroelectronics.X-CUBE-AI.9.1.0
2025-01-18 10:30:27,984 [WARN] PackLoader:240 - Cannot read IP mode file for STMicroelectronics.X-CUBE-GNSS1.6.0.0
2025-01-18 10:30:28,046 [WARN] PackLoader:240 - Cannot read IP mode file for STMicroelectronics.X-CUBE-AZRTOS-F4.1.1.0
2025-01-18 10:30:28,072 [WARN] PackLoader:240 - Cannot read IP mode file for wolfSSL.I-CUBE-wolfSSL.5.6.0
2025-01-18 10:30:28,090 [WARN] PackLoader:240 - Cannot read IP mode file for STMicroelectronics.X-CUBE-ISPU.2.1.0
2025-01-18 10:30:28,111 [WARN] PackLoader:240 - Cannot read IP mode file for STMicroelectronics.X-CUBE-FREERTOS.1.2.0
2025-01-18 10:30:28,147 [WARN] PackLoader:240 - Cannot read IP mode file for STMicroelectronics.X-CUBE-AZRTOS-L5.2.0.0
2025-01-18 10:30:28,222 [WARN] PackLoader:240 - Cannot read IP mode file for STMicroelectronics.X-CUBE-MEMS1.9.6.0
2025-01-18 10:30:28,389 [WARN] PackLoader:240 - Cannot read IP mode file for STMicroelectronics.X-CUBE-EEPRMA1.4.2.0
2025-01-18 10:30:28,412 [WARN] PackLoader:240 - Cannot read IP mode file for STMicroelectronics.X-CUBE-NFC6.3.1.0
2025-01-18 10:30:28,434 [WARN] PackLoader:240 - Cannot read IP mode file for ITTIA_DB.I-CUBE-ITTIADB.8.8.0
2025-01-18 10:30:28,457 [WARN] PackLoader:240 - Cannot read IP mode file for emotas.I-CUBE-CANOPEN.1.1.3
2025-01-18 10:30:28,475 [WARN] PackLoader:240 - Cannot read IP mode file for STMicroelectronics.X-CUBE-BLEMGR.2.0.0
2025-01-18 10:30:28,491 [ERROR] Engine:466 - C:\Users\rhett\.stm32cubemx\thirdparties\pdsc\STMicroelectronics.X-CUBE-DPower.1.2.0.pdsc: PDSC version is not supported
2025-01-18 10:30:28,510 [WARN] PackLoader:240 - Cannot read IP mode file for STMicroelectronics.X-CUBE-AI.9.0.0
2025-01-18 10:30:28,561 [WARN] ConditionMgr:438 - getConditionDescription Invalid condition id : UX DEVICE CLASS RTOS Condition cause : null
2025-01-18 10:30:28,562 [WARN] ConditionMgr:438 - getConditionDescription Invalid condition id : UX DEVICE CLASS RTOS Condition cause : null
2025-01-18 10:30:28,569 [WARN] PackLoader:240 - Cannot read IP mode file for STMicroelectronics.X-CUBE-AZRTOS-H7.3.1.0
2025-01-18 10:30:28,571 [WARN] ConditionMgr:1039 - genDependencies : Invalid condition id : UX DEVICE CLASS RTOS Condition cause : null
2025-01-18 10:30:28,571 [WARN] ConditionMgr:1039 - genDependencies : Invalid condition id : UX DEVICE CLASS RTOS Condition cause : null
2025-01-18 10:30:28,572 [WARN] ConditionMgr:1039 - genDependencies : Invalid condition id : UX DEVICE CLASS RTOS Condition cause : null
2025-01-18 10:30:28,573 [WARN] ConditionMgr:1039 - genDependencies : Invalid condition id : UX DEVICE CLASS RTOS Condition cause : null
2025-01-18 10:30:28,573 [WARN] ConditionMgr:1039 - genDependencies : Invalid condition id : UX DEVICE CLASS RTOS Condition cause : null
2025-01-18 10:30:28,598 [WARN] PackLoader:240 - Cannot read IP mode file for STMicroelectronics.X-CUBE-FREERTOS.1.3.0
2025-01-18 10:30:28,625 [WARN] PackLoader:240 - Cannot read IP mode file for STMicroelectronics.X-CUBE-NFC7.1.0.1
2025-01-18 10:30:28,652 [WARN] PackLoader:240 - Cannot read IP mode file for STMicroelectronics.X-CUBE-NFC7.1.0.0
2025-01-18 10:30:28,678 [WARN] PackLoader:240 - Cannot read IP mode file for wolfSSL.I-CUBE-wolfTPM.3.2.0
2025-01-18 10:30:28,700 [WARN] PackLoader:240 - Cannot read IP mode file for STMicroelectronics.X-CUBE-NFC6.3.0.0
2025-01-18 10:30:28,755 [WARN] PackLoader:240 - Cannot read IP mode file for STMicroelectronics.X-CUBE-EEPRMA1.4.1.0
2025-01-18 10:30:28,784 [WARN] PackLoader:240 - Cannot read IP mode file for STMicroelectronics.X-CUBE-AI.8.1.0
2025-01-18 10:30:28,836 [WARN] ConditionMgr:438 - getConditionDescription Invalid condition id : LAN8742 Phy interface Condition cause : null
2025-01-18 10:30:28,837 [WARN] PackLoader:240 - Cannot read IP mode file for STMicroelectronics.X-CUBE-AZRTOS-L4.2.0.0
2025-01-18 10:30:28,838 [WARN] ConditionMgr:1039 - genDependencies : Invalid condition id : LAN8742 Phy interface Condition cause : null
2025-01-18 10:30:28,838 [WARN] ConditionMgr:1039 - genDependencies : Invalid condition id : LAN8742 Phy interface Condition cause : null
2025-01-18 10:30:28,839 [WARN] ConditionMgr:1039 - genDependencies : Invalid condition id : LAN8742 Phy interface Condition cause : null
2025-01-18 10:30:28,862 [WARN] PackLoader:240 - Cannot read IP mode file for STMicroelectronics.X-CUBE-SFXS2LP1.4.0.0
2025-01-18 10:30:28,880 [WARN] PackLoader:240 - Cannot read IP mode file for STMicroelectronics.X-CUBE-ISPU.1.1.0
2025-01-18 10:30:28,915 [WARN] PackLoader:240 - Cannot read IP mode file for STMicroelectronics.X-CUBE-AZRTOS-H7.3.3.0
2025-01-18 10:30:28,934 [WARN] PackLoader:240 - Cannot read IP mode file for STMicroelectronics.X-CUBE-AI.8.0.0
2025-01-18 10:30:28,953 [ERROR] Engine:466 - C:\Users\rhett\.stm32cubemx\thirdparties\pdsc\STMicroelectronics.X-CUBE-IPS.3.0.0.pdsc: PDSC version is not supported
2025-01-18 10:30:28,990 [WARN] ConditionMgr:438 - getConditionDescription Invalid condition id : UX DEVICE CLASS RTOS Condition cause : null
2025-01-18 10:30:28,990 [WARN] ConditionMgr:438 - getConditionDescription Invalid condition id : UX DEVICE CLASS RTOS Condition cause : null
2025-01-18 10:30:29,000 [WARN] PackLoader:240 - Cannot read IP mode file for STMicroelectronics.X-CUBE-AZRTOS-WB.2.0.0
2025-01-18 10:30:29,001 [WARN] ConditionMgr:1039 - genDependencies : Invalid condition id : UX DEVICE CLASS RTOS Condition cause : null
2025-01-18 10:30:29,001 [WARN] ConditionMgr:1039 - genDependencies : Invalid condition id : UX DEVICE CLASS RTOS Condition cause : null
2025-01-18 10:30:29,001 [WARN] ConditionMgr:1039 - genDependencies : Invalid condition id : UX DEVICE CLASS RTOS Condition cause : null
2025-01-18 10:30:29,001 [WARN] ConditionMgr:1039 - genDependencies : Invalid condition id : UX DEVICE CLASS RTOS Condition cause : null
2025-01-18 10:30:29,001 [WARN] ConditionMgr:1039 - genDependencies : Invalid condition id : UX DEVICE CLASS RTOS Condition cause : null
2025-01-18 10:30:29,019 [WARN] PackLoader:240 - Cannot read IP mode file for STMicroelectronics.X-CUBE-FREERTOS.1.0.1
2025-01-18 10:30:29,037 [WARN] PackLoader:240 - Cannot read IP mode file for STMicroelectronics.X-CUBE-GNSS1.7.0.0
2025-01-18 10:30:29,055 [WARN] PackLoader:240 - Cannot read IP mode file for STMicroelectronics.X-CUBE-GNSS1.7.0.1
2025-01-18 10:30:29,073 [ERROR] Engine:466 - C:\Users\rhett\.stm32cubemx\thirdparties\pdsc\STMicroelectronics.FP-SNS-STBOX1.2.0.0.pdsc: PDSC version is not supported
2025-01-18 10:30:29,121 [WARN] PackLoader:240 - Cannot read IP mode file for STMicroelectronics.X-CUBE-AZRTOS-L5.1.1.0
2025-01-18 10:30:29,142 [WARN] PackLoader:240 - Cannot read IP mode file for STMicroelectronics.X-CUBE-AI.8.0.1
2025-01-18 10:30:29,169 [WARN] PackLoader:240 - Cannot read IP mode file for STMicroelectronics.X-CUBE-SUBG2.5.0.0
2025-01-18 10:30:29,194 [WARN] PackLoader:240 - Cannot read IP mode file for Cesanta.I-CUBE-Mongoose.7.13.0
2025-01-18 10:30:29,219 [WARN] PackLoader:240 - Cannot read IP mode file for STMicroelectronics.X-CUBE-TOF1.3.3.1
2025-01-18 10:30:29,256 [WARN] PackLoader:240 - Cannot read IP mode file for STMicroelectronics.X-CUBE-AZRTOS-G4.2.0.0
2025-01-18 10:30:29,288 [WARN] PackLoader:240 - Cannot read IP mode file for STMicroelectronics.X-CUBE-TOF1.3.3.0
2025-01-18 10:30:29,338 [WARN] PackLoader:240 - Cannot read IP mode file for Infineon.AIROC-Wi-Fi-Bluetooth-STM32.1.5.1
2025-01-18 10:30:29,361 [WARN] PackLoader:240 - Cannot read IP mode file for STMicroelectronics.FP-SNS-MOTENVWB1.1.3.0
2025-01-18 10:30:29,378 [WARN] PackLoader:240 - Cannot read IP mode file for STMicroelectronics.FP-SNS-MOTENVWB1.1.3.1
2025-01-18 10:30:29,410 [WARN] PackLoader:240 - Cannot read IP mode file for STMicroelectronics.X-CUBE-AZRTOS-G4.1.0.0
2025-01-18 10:30:29,447 [WARN] PackLoader:240 - Cannot read IP mode file for STMicroelectronics.X-CUBE-AZRTOS-L4.1.0.0
2025-01-18 10:30:29,468 [WARN] PackLoader:240 - Cannot read IP mode file for STMicroelectronics.X-CUBE-ISPU.2.0.0
2025-01-18 10:30:29,488 [ERROR] Engine:466 - C:\Users\rhett\.stm32cubemx\thirdparties\pdsc\STMicroelectronics.X-CUBE-IPS.3.1.0.pdsc: PDSC version is not supported
2025-01-18 10:30:29,507 [WARN] PackLoader:240 - Cannot read IP mode file for STMicroelectronics.X-CUBE-ALS.1.0.2
2025-01-18 10:30:29,600 [WARN] PackLoader:240 - Cannot read IP mode file for STMicroelectronics.X-CUBE-MEMS1.10.0.0
2025-01-18 10:30:29,766 [WARN] PackLoader:240 - Cannot read IP mode file for STMicroelectronics.X-CUBE-FREERTOS.1.1.0
2025-01-18 10:30:29,792 [WARN] PackLoader:240 - Cannot read IP mode file for STMicroelectronics.X-CUBE-TOUCHGFX.4.24.0
2025-01-18 10:30:30,011 [WARN] PackLoader:240 - Cannot read IP mode file for STMicroelectronics.X-CUBE-TOUCHGFX.4.24.2
2025-01-18 10:30:30,037 [WARN] PackLoader:240 - Cannot read IP mode file for STMicroelectronics.X-CUBE-AZRTOS-WL.1.0.0
2025-01-18 10:30:30,057 [WARN] PackLoader:240 - Cannot read IP mode file for STMicroelectronics.X-CUBE-TOUCHGFX.4.24.1
2025-01-18 10:30:30,081 [WARN] PackLoader:240 - Cannot read IP mode file for portGmbH.I-Cube-SoM-uGOAL.1.1.0
2025-01-18 10:30:30,103 [WARN] PackLoader:240 - Cannot read IP mode file for STMicroelectronics.X-CUBE-ALS.1.0.1
2025-01-18 10:30:30,131 [WARN] PackLoader:240 - Cannot read IP mode file for STMicroelectronics.X-CUBE-AZRTOS-WB.1.1.0
2025-01-18 10:30:30,170 [WARN] PackLoader:240 - Cannot read IP mode file for STMicroelectronics.X-CUBE-AZRTOS-H7RS.1.0.0
2025-01-18 10:30:30,189 [WARN] PackLoader:240 - Cannot read IP mode file for STMicroelectronics.FP-ATR-ASTRA1.2.0.0
2025-01-18 10:30:30,209 [ERROR] Engine:466 - C:\Users\rhett\.stm32cubemx\thirdparties\pdsc\STMicroelectronics.X-CUBE-TOF1.3.4.2.pdsc: PDSC version is not supported
2025-01-18 10:30:30,237 [WARN] PackLoader:240 - Cannot read IP mode file for STMicroelectronics.X-CUBE-TOF1.3.4.0
2025-01-18 10:30:30,270 [WARN] PackLoader:240 - Cannot read IP mode file for STMicroelectronics.X-CUBE-TOF1.3.4.1
2025-01-18 10:30:30,338 [WARN] PackLoader:240 - Cannot read IP mode file for STMicroelectronics.X-CUBE-AZRTOS-H7.3.2.0
2025-01-18 10:30:30,365 [WARN] PackLoader:240 - Cannot read IP mode file for wolfSSL.I-CUBE-wolfSSH.1.4.17
2025-01-18 10:30:30,366 [INFO] ThirdParty:978 - Integrity check success = true
2025-01-18 10:30:30,366 [INFO] IntegrityCheckThread:100 - exiting critical section [integrity check]
2025-01-18 10:30:30,366 [INFO] IntegrityCheckThread:103 - End integrity checks thread
2025-01-18 10:30:30,366 [INFO] ThirdParty:873 - entering critical section [close project]
2025-01-18 10:30:30,367 [INFO] ThirdParty:883 - exiting critical section [close project]
2025-01-18 10:30:30,375 [INFO] PinOutPanel:1499 - setPackage(No Configuration,No Configuration)
2025-01-18 10:30:30,384 [INFO] UtilMem:75 - Begin LoadConfig() Used Memory: 194100944 Bytes (296747008)
2025-01-18 10:30:30,386 [INFO] MicroXplorer:468 - Change Database Path : 
2025-01-18 10:30:30,387 [INFO] MicroXplorer:498 - Change Database Version : DB.6.0.81
2025-01-18 10:30:30,387 [INFO] OpenFileManager:308 - Change cursor
2025-01-18 10:30:30,467 [INFO] Mcu:1937 - Initializing MCU STM32F746ZGTx STM32F746ZGTx STM32F746ZGT6
2025-01-18 10:30:36,524 [INFO] Context:659 - Trying to add GPIOservice into a context  which must be forbidden
2025-01-18 10:30:39,272 [INFO] RtosManager:555 - Registered RTOS mode: class=CMSIS, group=RTOS, mode=CMSIS_V1, owner=FREERTOS
2025-01-18 10:30:39,273 [INFO] RtosManager:555 - Registered RTOS mode: class=CMSIS, group=RTOS2, mode=CMSIS_V2, owner=FREERTOS
2025-01-18 10:30:39,273 [INFO] RtosManager:555 - Registered RTOS mode: class=RTOS, group=Core, mode=CMSIS_V1, owner=FREERTOS
2025-01-18 10:30:39,273 [INFO] RtosManager:555 - Registered RTOS mode: class=RTOS, group=Core, mode=CMSIS_V2, owner=FREERTOS
2025-01-18 10:30:39,273 [WARN] ModelIntegratedComponent:184 - Missing modes for component STMicroelectronics:FreeRTOS:0.0.1:STMicroelectronics:RTOS:FreeRTOS:Core:::10.2.0:
2025-01-18 10:30:39,283 [WARN] ModelIntegratedComponent:63 - No mode defined for component null
2025-01-18 10:30:39,283 [WARN] ModelIntegratedComponent:63 - No mode defined for component null
2025-01-18 10:30:39,283 [WARN] ModelIntegratedComponent:63 - No mode defined for component null
2025-01-18 10:30:39,283 [WARN] ModelIntegratedComponent:63 - No mode defined for component null
2025-01-18 10:30:39,283 [WARN] ModelIntegratedComponent:63 - No mode defined for component null
2025-01-18 10:30:39,284 [WARN] ModelIntegratedComponent:63 - No mode defined for component null
2025-01-18 10:30:39,284 [WARN] ModelIntegratedComponent:63 - No mode defined for component null
2025-01-18 10:30:39,284 [WARN] ModelIntegratedComponent:63 - No mode defined for component null
2025-01-18 10:30:39,284 [WARN] ModelIntegratedComponent:63 - No mode defined for component null
2025-01-18 10:30:39,284 [WARN] ModelIntegratedComponent:63 - No mode defined for component null
2025-01-18 10:30:39,284 [WARN] ModelIntegratedComponent:63 - No mode defined for component null
2025-01-18 10:30:39,285 [WARN] ModelIntegratedComponent:63 - No mode defined for component null
2025-01-18 10:30:39,285 [WARN] ModelIntegratedComponent:63 - No mode defined for component null
2025-01-18 10:30:39,285 [WARN] ModelIntegratedComponent:63 - No mode defined for component null
2025-01-18 10:30:39,285 [WARN] ModelIntegratedComponent:63 - No mode defined for component null
2025-01-18 10:30:39,285 [WARN] ModelIntegratedComponent:63 - No mode defined for component null
2025-01-18 10:30:39,286 [WARN] ModelIntegratedComponent:63 - No mode defined for component null
2025-01-18 10:30:39,286 [WARN] ModelIntegratedComponent:63 - No mode defined for component null
2025-01-18 10:30:39,286 [WARN] ModelIntegratedComponent:63 - No mode defined for component null
2025-01-18 10:30:39,286 [WARN] ModelIntegratedComponent:63 - No mode defined for component null
2025-01-18 10:30:39,286 [WARN] ModelIntegratedComponent:63 - No mode defined for component null
2025-01-18 10:30:39,287 [WARN] ModelIntegratedComponent:63 - No mode defined for component null
2025-01-18 10:30:39,287 [WARN] ModelIntegratedComponent:63 - No mode defined for component null
2025-01-18 10:30:39,288 [WARN] ModelIntegratedComponent:63 - No mode defined for component null
2025-01-18 10:30:39,288 [WARN] ModelIntegratedComponent:63 - No mode defined for component null
2025-01-18 10:30:39,288 [WARN] ModelIntegratedComponent:63 - No mode defined for component null
2025-01-18 10:30:39,288 [WARN] ModelIntegratedComponent:63 - No mode defined for component null
2025-01-18 10:30:39,289 [WARN] ModelIntegratedComponent:63 - No mode defined for component null
2025-01-18 10:30:39,289 [WARN] ModelIntegratedComponent:63 - No mode defined for component null
2025-01-18 10:30:39,289 [WARN] ModelIntegratedComponent:63 - No mode defined for component null
2025-01-18 10:30:39,291 [WARN] ModelIntegratedComponent:63 - No mode defined for component null
2025-01-18 10:30:39,292 [WARN] ModelIntegratedComponent:63 - No mode defined for component null
2025-01-18 10:30:39,292 [WARN] ModelIntegratedComponent:63 - No mode defined for component null
2025-01-18 10:30:39,912 [INFO] ThirdPartyModel:298 - Start build external matchings
2025-01-18 10:30:42,718 [INFO] ThirdPartyModel:316 - End build external matchings
2025-01-18 10:30:42,888 [WARN] IP:2113 - LayerIdx_L1 not found: check if there is a RefParameter without a condition.
2025-01-18 10:30:42,904 [INFO] ImportTextPane:194 - (OptionalMessage_ERROR) IP (RCC) : Invalid parameter (FamilyName)
2025-01-18 10:30:42,907 [INFO] ImportTextPane:194 - (OptionalMessage_ERROR) IP (RCC) : Parameter (RNGFreq_Value) has invalid value (216000000)
2025-01-18 10:30:42,907 [INFO] ImportTextPane:194 - (OptionalMessage_ERROR) IP (RCC) : Parameter (SDMMCFreq_Value) has invalid value (216000000)
2025-01-18 10:30:42,908 [INFO] ImportTextPane:194 - (OptionalMessage_ERROR) IP (RCC) : Parameter (USBFreq_Value) has invalid value (216000000)
2025-01-18 10:30:44,749 [INFO] UtilMem:75 - End LoadConfig() Used Memory: 263275024 Bytes (371195904)
2025-01-18 10:30:45,102 [INFO] ApiDb:581 - Connected to CubeFinder SQLite database (C:\Users\rhett\.stmcufinder\plugins\mcufinder\mcu\cube-finder-db.db)
2025-01-18 10:30:45,284 [INFO] ApiDb:668 - CubeFinder database Data Model version=2.1
2025-01-18 10:30:45,284 [INFO] ApiDb:669 - CubeFinder database Configuration version=3.0.39
2025-01-18 10:30:45,284 [INFO] ApiDb:670 - CubeFinder database generation date=2024-12-10 (1733817889)
2025-01-18 10:30:45,284 [INFO] ApiDb:671 - CubeFinder database FW Pack versions=[FP-ATR-ASTRA1_V2.0.0, FP-SNS-FLIGHT1_V5.0.2, FP-SNS-MOTENV1_V5.0.0, FP-SNS-MOTENVWB1_V1.4.0, FP-SNS-SMARTAG2_V1.2.0, FP-SNS-STBOX1_V2.0.0, STM32Cube_FW_C0_V1.3.0, STM32Cube_FW_F4_V1.28.1, STM32Cube_FW_F7_V1.17.2, STM32Cube_FW_G0_V1.6.2, STM32Cube_FW_G4_V1.6.1, STM32Cube_FW_H5_V1.4.0, STM32Cube_FW_H7RS_V1.1.0, STM32Cube_FW_H7_V1.12.0, STM32Cube_FW_L0_V1.12.2, STM32Cube_FW_L4_V1.18.1, STM32Cube_FW_L5_V1.5.1, STM32Cube_FW_N6_V1.0.0, STM32Cube_FW_U0_V1.2.0, STM32Cube_FW_U3_V1.0.0, STM32Cube_FW_U5_V1.7.0, STM32Cube_FW_WB0_V1.1.0, STM32Cube_FW_WBA_V1.5.0, STM32Cube_FW_WB_V1.21.0, STM32Cube_FW_WL3_V1.0.0, STM32Cube_FW_WL_V1.3.0, X-CUBE-ALGOBUILD_V1.4.0, X-CUBE-ALS_V1.0.2, X-CUBE-AZRTOS-F4_V1.1.0, X-CUBE-AZRTOS-F7_V1.1.0, X-CUBE-AZRTOS-G0_V1.1.0, X-CUBE-AZRTOS-G4_V2.0.0, X-CUBE-AZRTOS-H7RS_V1.0.0, X-CUBE-AZRTOS-H7_V3.3.0, X-CUBE-AZRTOS-L4_V2.0.0, X-CUBE-AZRTOS-L5_V2.0.0, X-CUBE-AZRTOS-WB_V2.0.0, X-CUBE-AZRTOS-WL_V2.0.0, X-CUBE-BLE1_V7.0.0, X-CUBE-BLE2_V3.3.0, X-CUBE-BLEMGR_V3.1.0, X-CUBE-EEPRMA1_V5.1.0, X-CUBE-FREERTOS_V1.2.0, X-CUBE-GNSS1_V6.0.0, X-CUBE-MEMS1_V11.0.0, X-CUBE-NFC4_V3.0.0, X-CUBE-NFC7_V1.0.1, X-CUBE-SFXS2LP1_V4.0.0, X-CUBE-SUBG2_V5.0.0, X-CUBE-TOF1_V3.4.2]
2025-01-18 10:30:49,408 [INFO] ApiDb:240 - Found 297 in-development CPN: [B-G473E-ZEST1S, B-WB1M-WPAN1, B-WL5M-SUBG1, NUCLEO-C031C6, NUCLEO-H503RB, NUCLEO-H563ZI, NUCLEO-U545RE-Q, NUCLEO-U5A5ZJ-Q, NUCLEO-WBA52CG, STEVAL-PROTEUS1, STEVAL-STWINBX1, STM320518-EVAL, STM32C0116-DK, STM32C011D6Y3TR, STM32C011D6Y6TR, STM32C011F4P3, STM32C011F4P6, STM32C011F4U3, STM32C011F4U6TR, STM32C011F6P3, STM32C011F6P6, STM32C011F6U3, STM32C011F6U6TR, STM32C011J4M3, STM32C011J4M6, STM32C011J6M3, STM32C011J6M6, STM32C0316-DK, STM32C031C4T3, STM32C031C4T6, STM32C031C4U3, STM32C031C4U6, STM32C031C6T3, STM32C031C6T6, STM32C031C6U3, STM32C031C6U6, STM32C031F4P3, STM32C031F4P6, STM32C031F6P3, STM32C031F6P6, STM32C031G4U3, STM32C031G4U6, STM32C031G6U3, STM32C031G6U6, STM32C031K4T3, STM32C031K4T6, STM32C031K4U3, STM32C031K4U6, STM32C031K6T3, STM32C031K6T6, STM32C031K6U3, STM32C031K6U6, STM32G071K8TXN, STM32G071K8UXN, STM32G081GBU6N, STM32G081KBT6N, STM32G081KBUXN, STM32G0B1CCT6N, STM32G0B1KCT6, STM32G0B1NEY6TR, STM32G0B1RCT6N, STM32G0C1CCT6, STM32G0C1CCT6N, STM32G0C1CCU6N, STM32G0C1CET6N, STM32G0C1CEU6N, STM32G0C1KCT6, STM32G0C1NEY6TR, STM32G0C1RCI6N, STM32G0C1RCT6N, STM32G0C1REI6N, STM32G0C1RET6N, STM32G0C1VCI6, STM32G0C1VEI6, STM32G471CCT6, STM32G471CCU6, STM32G471CET3, STM32G471CET6, STM32G471CEU3, STM32G471CEU6, STM32G471MCT6, STM32G471MET3, STM32G471MET6, STM32G471MEY6TR, STM32G471QCT6, STM32G471QET3, STM32G471RCT6, STM32G471RET3, STM32G471RET6, STM32G471VCH6, STM32G471VCI6, STM32G471VCT6, STM32G471VEH3, STM32G471VEH6, STM32G471VEI3, STM32G471VEI6, STM32G471VET3, STM32G471VET6, STM32G474CCT6, STM32H503CBT6, STM32H503CBU6, STM32H503EBY6TR, STM32H503KBU6, STM32H503RBT6, STM32H562AGI6, STM32H562AII6, STM32H562IGK6, STM32H562IGT6, STM32H562IIK6, STM32H562IIT6, STM32H562RGT6, STM32H562RGV6, STM32H562RIT6, STM32H562RIV6, STM32H562VGT6, STM32H562VIT6, STM32H562ZGT6, STM32H562ZIT6, STM32H563AGI6, STM32H563AII3Q, STM32H563AII6, STM32H563IGK6, STM32H563IGT6, STM32H563IIK3Q, STM32H563IIK6, STM32H563IIT3Q, STM32H563IIT6, STM32H563MIY3QTR, STM32H563RGT6, STM32H563RGV6, STM32H563RIT6, STM32H563RIV6, STM32H563VGT6, STM32H563VIT3Q, STM32H563VIT6, STM32H563ZGT6, STM32H563ZIT3Q, STM32H563ZIT6, STM32H573AII3Q, STM32H573AII6, STM32H573I-DK, STM32H573IIK3Q, STM32H573IIK6, STM32H573IIT3Q, STM32H573IIT6, STM32H573MIY3QTR, STM32H573RIT6, STM32H573RIV6, STM32H573VIT3Q, STM32H573VIT6, STM32H573ZIT3Q, STM32H573ZIT6, STM32L4R5QGI6STR, STM32MP131AAE3, STM32MP131AAF3, STM32MP131AAG3, STM32MP131CAE3, STM32MP131CAF3, STM32MP131CAG3, STM32MP131DAE7, STM32MP131DAF7, STM32MP131DAG7, STM32MP131FAE7, STM32MP131FAF7, STM32MP131FAG7, STM32MP133AAE3, STM32MP133AAF3, STM32MP133AAG3, STM32MP133CAE3, STM32MP133CAF3, STM32MP133CAG3, STM32MP133DAE7, STM32MP133DAF7, STM32MP133DAG7, STM32MP133FAE7, STM32MP133FAF7, STM32MP133FAG7, STM32MP135AAE3, STM32MP135AAF3, STM32MP135AAG3, STM32MP135CAE3, STM32MP135CAF3, STM32MP135CAG3, STM32MP135DAE7, STM32MP135DAF7, STM32MP135DAG7, STM32MP135F-DK, STM32MP135FAE7, STM32MP135FAF7, STM32MP135FAF7T, STM32MP135FAF7U, STM32MP135FAG7, STM32U535CBT6, STM32U535CBT6Q, STM32U535CBU6, STM32U535CBU6Q, STM32U535CCT6, STM32U535CCT6Q, STM32U535CCU6, STM32U535CCU6Q, STM32U535CET6, STM32U535CET6Q, STM32U535CEU6, STM32U535CEU6Q, STM32U535JEY6QTR, STM32U535NCY6QTR, STM32U535NEY6QTR, STM32U535RBI6, STM32U535RBI6Q, STM32U535RBT6, STM32U535RBT6Q, STM32U535RCI6, STM32U535RCI6Q, STM32U535RCT6, STM32U535RCT6Q, STM32U535REI6, STM32U535REI6Q, STM32U535RET6, STM32U535RET6Q, STM32U535VCI6, STM32U535VCI6Q, STM32U535VCT6, STM32U535VCT6Q, STM32U535VEI6, STM32U535VEI6Q, STM32U535VET6, STM32U535VET6Q, STM32U545CET6, STM32U545CET6Q, STM32U545CEU6, STM32U545CEU6Q, STM32U545JEY6QTR, STM32U545NEY6QTR, STM32U545REI6, STM32U545REI6Q, STM32U545RET6, STM32U545RET6Q, STM32U545VEI6, STM32U545VEI6Q, STM32U545VET6, STM32U545VET6Q, STM32U595AIH6, STM32U595AIH6Q, STM32U595AJH6, STM32U595AJH6Q, STM32U595QII6, STM32U595QII6Q, STM32U595QJI6, STM32U595QJI6Q, STM32U595RIT6, STM32U595RIT6Q, STM32U595RJT6, STM32U595RJT6Q, STM32U595VIT6, STM32U595VIT6Q, STM32U595VJT6, STM32U595VJT6Q, STM32U595ZIT6, STM32U595ZIT6Q, STM32U595ZIY6QTR, STM32U595ZJT6, STM32U595ZJT6Q, STM32U595ZJY6QTR, STM32U599BJY6QTR, STM32U599NIH6Q, STM32U599NJH6Q, STM32U599VIT6Q, STM32U599VJT6, STM32U599VJT6Q, STM32U599ZIT6Q, STM32U599ZIY6QTR, STM32U599ZJT6Q, STM32U599ZJY6QTR, STM32U5A5AJH6, STM32U5A5AJH6Q, STM32U5A5QJI6, STM32U5A5QJI6Q, STM32U5A5RJT6, STM32U5A5RJT6Q, STM32U5A5VJT6, STM32U5A5VJT6Q, STM32U5A5ZJT6, STM32U5A5ZJT6Q, STM32U5A5ZJY6QTR, STM32U5A9BJY6QTR, STM32U5A9J-DK, STM32U5A9NJH6Q, STM32U5A9VJT6Q, STM32U5A9ZJT6Q, STM32U5A9ZJY6QTR, STM32WB1MMCH6, STM32WBA52CEU6, STM32WBA52CEU6T, STM32WBA52CGU6, STM32WBA52CGU6T, STM32WL5MOCH6, STM32WL5MOCH6TR]
2025-01-18 10:30:49,414 [INFO] DbMcus:216 - Found 4381 MCUs, 4381 are supported
2025-01-18 10:30:49,420 [INFO] ApiDb:423 - Load user favorites file C:\Users\rhett/.stm32cubeide/favorites.mcus.txt: 0 item(s)
2025-01-18 10:30:49,421 [INFO] ApiDb:427 - User favorites MCUs=[]
2025-01-18 10:30:49,421 [INFO] DbMcus:222 - Set 0 / 0 favorites MCUs
2025-01-18 10:30:50,698 [WARN] ThirdParty:833 - waiting for thirdparty lock release [change project]
2025-01-18 10:30:50,698 [INFO] ThirdParty:835 - entering critical section [change project]
2025-01-18 10:30:50,699 [INFO] ThirdParty:1030 - CMSIS Pack Vendor :STMicroelectronics X-CUBE-GNSS1 6.0.0
2025-01-18 10:30:50,699 [INFO] ThirdParty:1030 - CMSIS Pack Vendor :STMicroelectronics USB_HOST 2.0.0
2025-01-18 10:30:50,699 [INFO] ThirdParty:1030 - CMSIS Pack Vendor :STMicroelectronics X-CUBE-AZRTOS-F4 1.1.0
2025-01-18 10:30:50,699 [INFO] ThirdParty:1030 - CMSIS Pack Vendor :STMicroelectronics LIBJPEG 8.0.0
2025-01-18 10:30:50,699 [INFO] ThirdParty:1030 - CMSIS Pack Vendor :STMicroelectronics FP-ATR-ASTRA1 2.0.1
2025-01-18 10:30:50,700 [INFO] ThirdParty:1030 - CMSIS Pack Vendor :STMicroelectronics X-CUBE-SMBUS 2.1.0
2025-01-18 10:30:50,700 [INFO] ThirdParty:1030 - CMSIS Pack Vendor :STMicroelectronics X-CUBE-WB05N 1.1.0
2025-01-18 10:30:50,700 [INFO] ThirdParty:1030 - CMSIS Pack Vendor :wolfSSL I-CUBE-wolfSSL 5.6.0
2025-01-18 10:30:50,700 [INFO] ThirdParty:1030 - CMSIS Pack Vendor :STMicroelectronics X-CUBE-ISPU 2.1.0
2025-01-18 10:30:50,700 [INFO] ThirdParty:1030 - CMSIS Pack Vendor :STMicroelectronics X-CUBE-FREERTOS 1.2.0
2025-01-18 10:30:50,700 [INFO] ThirdParty:1030 - CMSIS Pack Vendor :STMicroelectronics X-CUBE-TOUCHGFX 4.23.1
2025-01-18 10:30:50,700 [INFO] ThirdParty:1030 - CMSIS Pack Vendor :STMicroelectronics X-CUBE-TOUCHGFX 4.23.0
2025-01-18 10:30:50,700 [INFO] ThirdParty:1030 - CMSIS Pack Vendor :STMicroelectronics X-CUBE-TOUCHGFX 4.23.2
2025-01-18 10:30:50,700 [INFO] ThirdParty:1030 - CMSIS Pack Vendor :STMicroelectronics X-CUBE-AZRTOS-F7 1.1.0
2025-01-18 10:30:50,700 [INFO] ThirdParty:1030 - CMSIS Pack Vendor :STMicroelectronics X-CUBE-AZRTOS-L5 2.0.0
2025-01-18 10:30:50,700 [INFO] ThirdParty:1030 - CMSIS Pack Vendor :STMicroelectronics USB_DEVICE 2.0.0
2025-01-18 10:30:50,700 [INFO] ThirdParty:1030 - CMSIS Pack Vendor :STMicroelectronics X-CUBE-MEMS1 9.6.0
2025-01-18 10:30:50,700 [INFO] ThirdParty:1030 - CMSIS Pack Vendor :STMicroelectronics X-CUBE-EEPRMA1 4.2.0
2025-01-18 10:30:50,700 [INFO] ThirdParty:1030 - CMSIS Pack Vendor :STMicroelectronics X-CUBE-NFC6 3.1.0
2025-01-18 10:30:50,701 [INFO] ThirdParty:1030 - CMSIS Pack Vendor :ITTIA_DB I-CUBE-ITTIADB 8.8.0
2025-01-18 10:30:50,701 [INFO] ThirdParty:1030 - CMSIS Pack Vendor :STMicroelectronics FP-SNS-MOTENV1 4.3.0
2025-01-18 10:30:50,701 [INFO] ThirdParty:1030 - CMSIS Pack Vendor :STMicroelectronics FP-SNS-MOTENV1 4.3.2
2025-01-18 10:30:50,701 [INFO] ThirdParty:1030 - CMSIS Pack Vendor :STMicroelectronics FP-SNS-FLIGHT1 5.0.0
2025-01-18 10:30:50,701 [INFO] ThirdParty:1030 - CMSIS Pack Vendor :STMicroelectronics FP-SNS-MOTENV1 4.3.1
2025-01-18 10:30:50,701 [INFO] ThirdParty:1030 - CMSIS Pack Vendor :STMicroelectronics FP-SNS-FLIGHT1 5.0.1
2025-01-18 10:30:50,701 [INFO] ThirdParty:1030 - CMSIS Pack Vendor :STMicroelectronics X-CUBE-MEMS1 11.0.0
2025-01-18 10:30:50,701 [INFO] ThirdParty:1030 - CMSIS Pack Vendor :STMicroelectronics X-CUBE-BLE1 6.2.4
2025-01-18 10:30:50,701 [INFO] ThirdParty:1030 - CMSIS Pack Vendor :STMicroelectronics FreeRTOS 0.0.1
2025-01-18 10:30:50,701 [INFO] ThirdParty:1030 - CMSIS Pack Vendor :emotas I-CUBE-CANOPEN 1.1.3
2025-01-18 10:30:50,701 [INFO] ThirdParty:1030 - CMSIS Pack Vendor :STMicroelectronics X-CUBE-BLEMGR 2.0.0
2025-01-18 10:30:50,701 [INFO] ThirdParty:1030 - CMSIS Pack Vendor :STMicroelectronics FP-SNS-FLIGHT1 5.0.2
2025-01-18 10:30:50,701 [INFO] ThirdParty:1030 - CMSIS Pack Vendor :STMicroelectronics X-CUBE-AI 9.0.0
2025-01-18 10:30:50,701 [INFO] ThirdParty:1030 - CMSIS Pack Vendor :STMicroelectronics X-CUBE-AZRTOS-H7 3.1.0
2025-01-18 10:30:50,701 [INFO] ThirdParty:1030 - CMSIS Pack Vendor :STMicroelectronics PDM2PCM 3.3.0
2025-01-18 10:30:50,702 [INFO] ThirdParty:1030 - CMSIS Pack Vendor :STMicroelectronics X-CUBE-DISPLAY 3.0.0
2025-01-18 10:30:50,702 [INFO] ThirdParty:1030 - CMSIS Pack Vendor :STMicroelectronics X-CUBE-BLE1 7.0.0
2025-01-18 10:30:50,702 [INFO] ThirdParty:1030 - CMSIS Pack Vendor :STMicroelectronics X-CUBE-NFC10 1.0.0
2025-01-18 10:30:50,702 [INFO] ThirdParty:1030 - CMSIS Pack Vendor :STMicroelectronics HAL Drivers 0.0.0
2025-01-18 10:30:50,702 [INFO] ThirdParty:1030 - CMSIS Pack Vendor :STMicroelectronics X-CUBE-FREERTOS 1.3.0
2025-01-18 10:30:50,702 [INFO] ThirdParty:1030 - CMSIS Pack Vendor :STMicroelectronics X-CUBE-TOUCHGFX 4.22.0
2025-01-18 10:30:50,702 [INFO] ThirdParty:1030 - CMSIS Pack Vendor :STMicroelectronics X-CUBE-NFC7 1.0.1
2025-01-18 10:30:50,702 [INFO] ThirdParty:1030 - CMSIS Pack Vendor :STMicroelectronics MBEDTLS 2.14.1
2025-01-18 10:30:50,702 [INFO] ThirdParty:1030 - CMSIS Pack Vendor :STMicroelectronics X-CUBE-NFC7 1.0.0
2025-01-18 10:30:50,702 [INFO] ThirdParty:1030 - CMSIS Pack Vendor :STMicroelectronics X-CUBE-TOUCHGFX 4.22.1
2025-01-18 10:30:50,702 [INFO] ThirdParty:1030 - CMSIS Pack Vendor :wolfSSL I-CUBE-wolfTPM 3.2.0
2025-01-18 10:30:50,703 [INFO] ThirdParty:1030 - CMSIS Pack Vendor :STMicroelectronics X-CUBE-NFC6 3.0.0
2025-01-18 10:30:50,703 [INFO] ThirdParty:1030 - CMSIS Pack Vendor :STMicroelectronics X-CUBE-EEPRMA1 4.1.0
2025-01-18 10:30:50,703 [INFO] ThirdParty:1030 - CMSIS Pack Vendor :STMicroelectronics X-CUBE-BLEMGR 3.1.0
2025-01-18 10:30:50,703 [INFO] ThirdParty:1030 - CMSIS Pack Vendor :STMicroelectronics FP-SNS-SMARTAG2 1.2.0
2025-01-18 10:30:50,703 [INFO] ThirdParty:1030 - CMSIS Pack Vendor :STMicroelectronics X-CUBE-MEMS1 11.1.0
2025-01-18 10:30:50,704 [INFO] ThirdParty:1030 - CMSIS Pack Vendor :STMicroelectronics X-CUBE-AZRTOS-WL 2.0.0
2025-01-18 10:30:50,704 [INFO] ThirdParty:1030 - CMSIS Pack Vendor :STMicroelectronics FP-SNS-MOTENV1 5.0.0
2025-01-18 10:30:50,704 [INFO] ThirdParty:1030 - CMSIS Pack Vendor :STMicroelectronics USB_DEVICE 1.0.0
2025-01-18 10:30:50,704 [INFO] ThirdParty:1030 - CMSIS Pack Vendor :STMicroelectronics X-CUBE-AI 8.1.0
2025-01-18 10:30:50,704 [INFO] ThirdParty:1030 - CMSIS Pack Vendor :wolfSSL I-CUBE-wolfMQTT 1.19.0
2025-01-18 10:30:50,704 [INFO] ThirdParty:1030 - CMSIS Pack Vendor :STMicroelectronics X-CUBE-AZRTOS-L4 2.0.0
2025-01-18 10:30:50,704 [INFO] ThirdParty:1030 - CMSIS Pack Vendor :STMicroelectronics ThreadX 0.0.2
2025-01-18 10:30:50,704 [INFO] ThirdParty:1030 - CMSIS Pack Vendor :WES I-CUBE-Cesium 1.3.0
2025-01-18 10:30:50,704 [INFO] ThirdParty:1030 - CMSIS Pack Vendor :STMicroelectronics lwIP 2.1.2
2025-01-18 10:30:50,704 [INFO] ThirdParty:1030 - CMSIS Pack Vendor :STMicroelectronics X-CUBE-SFXS2LP1 4.0.0
2025-01-18 10:30:50,704 [INFO] ThirdParty:1030 - CMSIS Pack Vendor :STMicroelectronics X-CUBE-BLE2 3.3.0
2025-01-18 10:30:50,705 [INFO] ThirdParty:1030 - CMSIS Pack Vendor :STMicroelectronics PDM2PCM 3.2.0
2025-01-18 10:30:50,705 [INFO] ThirdParty:1030 - CMSIS Pack Vendor :STMicroelectronics X-CUBE-ISPU 1.1.0
2025-01-18 10:30:50,705 [INFO] ThirdParty:1030 - CMSIS Pack Vendor :STMicroelectronics X-CUBE-AZRTOS-H7 3.3.0
2025-01-18 10:30:50,705 [INFO] ThirdParty:1030 - CMSIS Pack Vendor :STMicroelectronics X-CUBE-NFC9 1.0.0
2025-01-18 10:30:50,705 [INFO] ThirdParty:1030 - CMSIS Pack Vendor :STMicroelectronics USB_DEVICE 3.0.0
2025-01-18 10:30:50,705 [INFO] ThirdParty:1030 - CMSIS Pack Vendor :STMicroelectronics X-CUBE-TCPP 4.1.0
2025-01-18 10:30:50,705 [INFO] ThirdParty:1030 - CMSIS Pack Vendor :STMicroelectronics X-CUBE-AI 8.0.0
2025-01-18 10:30:50,705 [INFO] ThirdParty:1030 - CMSIS Pack Vendor :STMicroelectronics X-CUBE-AZRTOS-WB 2.0.0
2025-01-18 10:30:50,705 [INFO] ThirdParty:1030 - CMSIS Pack Vendor :STMicroelectronics X-CUBE-FREERTOS 1.0.1
2025-01-18 10:30:50,705 [INFO] ThirdParty:1030 - CMSIS Pack Vendor :STMicroelectronics X-CUBE-GNSS1 7.0.0
2025-01-18 10:30:50,705 [INFO] ThirdParty:1030 - CMSIS Pack Vendor :STMicroelectronics X-CUBE-GNSS1 7.0.1
2025-01-18 10:30:50,705 [INFO] ThirdParty:1030 - CMSIS Pack Vendor :STMicroelectronics X-CUBE-TOUCHGFX 4.21.3
2025-01-18 10:30:50,705 [INFO] ThirdParty:1030 - CMSIS Pack Vendor :STMicroelectronics X-CUBE-TOUCHGFX 4.21.4
2025-01-18 10:30:50,705 [INFO] ThirdParty:1030 - CMSIS Pack Vendor :STMicroelectronics X-CUBE-ALGOBUILD 1.3.0
2025-01-18 10:30:50,706 [INFO] ThirdParty:1030 - CMSIS Pack Vendor :STMicroelectronics X-CUBE-AZRTOS-L5 1.1.0
2025-01-18 10:30:50,706 [INFO] ThirdParty:1030 - CMSIS Pack Vendor :STMicroelectronics X-CUBE-AZRTOS-G0 1.1.0
2025-01-18 10:30:50,706 [INFO] ThirdParty:1030 - CMSIS Pack Vendor :STMicroelectronics X-CUBE-AI 8.0.1
2025-01-18 10:30:50,706 [INFO] ThirdParty:1030 - CMSIS Pack Vendor :STMicroelectronics X-CUBE-SAFEA1 1.2.2
2025-01-18 10:30:50,706 [INFO] ThirdParty:1030 - CMSIS Pack Vendor :STMicroelectronics X-CUBE-NFC4 3.0.0
2025-01-18 10:30:50,706 [INFO] ThirdParty:1030 - CMSIS Pack Vendor :STMicroelectronics X-CUBE-SUBG2 5.0.0
2025-01-18 10:30:50,706 [INFO] ThirdParty:1030 - CMSIS Pack Vendor :STMicroelectronics STM32_WPAN 1.0.0
2025-01-18 10:30:50,706 [INFO] ThirdParty:1030 - CMSIS Pack Vendor :wolfSSL I-CUBE-wolfMQTT 1.18.0
2025-01-18 10:30:50,706 [INFO] ThirdParty:1030 - CMSIS Pack Vendor :STMicroelectronics lwIP 2.0.3
2025-01-18 10:30:50,706 [INFO] ThirdParty:1030 - CMSIS Pack Vendor :Cesanta I-CUBE-Mongoose 7.13.0
2025-01-18 10:30:50,706 [INFO] ThirdParty:1030 - CMSIS Pack Vendor :STMicroelectronics USB_HOST 1.0.0
2025-01-18 10:30:50,706 [INFO] ThirdParty:1030 - CMSIS Pack Vendor :STMicroelectronics X-CUBE-TOF1 3.3.1
2025-01-18 10:30:50,706 [INFO] ThirdParty:1030 - CMSIS Pack Vendor :STMicroelectronics X-CUBE-AZRTOS-G4 2.0.0
2025-01-18 10:30:50,706 [INFO] ThirdParty:1030 - CMSIS Pack Vendor :STMicroelectronics PDM2PCM 3.1.0
2025-01-18 10:30:50,706 [INFO] ThirdParty:1030 - CMSIS Pack Vendor :STMicroelectronics X-CUBE-TOF1 3.3.0
2025-01-18 10:30:50,706 [INFO] ThirdParty:1030 - CMSIS Pack Vendor :Infineon AIROC-Wi-Fi-Bluetooth-STM32 1.5.1
2025-01-18 10:30:50,706 [INFO] ThirdParty:1030 - CMSIS Pack Vendor :STMicroelectronics X-CUBE-BLEMGR 3.0.0
2025-01-18 10:30:50,706 [INFO] ThirdParty:1030 - CMSIS Pack Vendor :STMicroelectronics FP-SNS-MOTENVWB1 1.3.0
2025-01-18 10:30:50,706 [INFO] ThirdParty:1030 - CMSIS Pack Vendor :STMicroelectronics FP-SNS-MOTENVWB1 1.3.1
2025-01-18 10:30:50,706 [INFO] ThirdParty:1030 - CMSIS Pack Vendor :STMicroelectronics FP-ATR-SIGFOX1 3.2.0
2025-01-18 10:30:50,706 [INFO] ThirdParty:1030 - CMSIS Pack Vendor :STMicroelectronics X-CUBE-AZRTOS-G4 1.0.0
2025-01-18 10:30:50,706 [INFO] ThirdParty:1030 - CMSIS Pack Vendor :STMicroelectronics X-CUBE-AZRTOS-L4 1.0.0
2025-01-18 10:30:50,707 [INFO] ThirdParty:1030 - CMSIS Pack Vendor :STMicroelectronics X-CUBE-ISPU 2.0.0
2025-01-18 10:30:50,707 [INFO] ThirdParty:1030 - CMSIS Pack Vendor :STMicroelectronics X-CUBE-EEPRMA1 5.1.0
2025-01-18 10:30:50,707 [INFO] ThirdParty:1030 - CMSIS Pack Vendor :STMicroelectronics MBEDTLS 2.16.2
2025-01-18 10:30:50,707 [INFO] ThirdParty:1030 - CMSIS Pack Vendor :STMicroelectronics X-CUBE-ALS 1.0.2
2025-01-18 10:30:50,707 [INFO] ThirdParty:1030 - CMSIS Pack Vendor :STMicroelectronics X-CUBE-MEMS1 10.0.0
2025-01-18 10:30:50,707 [INFO] ThirdParty:1030 - CMSIS Pack Vendor :STMicroelectronics X-CUBE-FREERTOS 1.1.0
2025-01-18 10:30:50,707 [INFO] ThirdParty:1030 - CMSIS Pack Vendor :STMicroelectronics X-CUBE-TOUCHGFX 4.24.0
2025-01-18 10:30:50,707 [INFO] ThirdParty:1030 - CMSIS Pack Vendor :STMicroelectronics X-CUBE-TOUCHGFX 4.24.2
2025-01-18 10:30:50,707 [INFO] ThirdParty:1030 - CMSIS Pack Vendor :STMicroelectronics X-CUBE-AZRTOS-WL 1.0.0
2025-01-18 10:30:50,707 [INFO] ThirdParty:1030 - CMSIS Pack Vendor :STMicroelectronics X-CUBE-TOUCHGFX 4.24.1
2025-01-18 10:30:50,707 [INFO] ThirdParty:1030 - CMSIS Pack Vendor :portGmbH I-Cube-SoM-uGOAL 1.1.0
2025-01-18 10:30:50,707 [INFO] ThirdParty:1030 - CMSIS Pack Vendor :STMicroelectronics X-CUBE-ALS 1.0.1
2025-01-18 10:30:50,708 [INFO] ThirdParty:1030 - CMSIS Pack Vendor :STMicroelectronics X-CUBE-MEMS1 9.5.0
2025-01-18 10:30:50,708 [INFO] ThirdParty:1030 - CMSIS Pack Vendor :STMicroelectronics ThreadX 1.0.0
2025-01-18 10:30:50,708 [INFO] ThirdParty:1030 - CMSIS Pack Vendor :STMicroelectronics X-CUBE-AZRTOS-WB 1.1.0
2025-01-18 10:30:50,708 [INFO] ThirdParty:1030 - CMSIS Pack Vendor :SEGGER I-CUBE-embOS 1.3.1
2025-01-18 10:30:50,708 [INFO] ThirdParty:1030 - CMSIS Pack Vendor :STMicroelectronics X-CUBE-ALGOBUILD 1.4.0
2025-01-18 10:30:50,708 [INFO] ThirdParty:1030 - CMSIS Pack Vendor :STMicroelectronics X-CUBE-AZRTOS-H7RS 1.0.0
2025-01-18 10:30:50,708 [INFO] ThirdParty:1030 - CMSIS Pack Vendor :STMicroelectronics FP-ATR-ASTRA1 2.0.0
2025-01-18 10:30:50,708 [INFO] ThirdParty:1030 - CMSIS Pack Vendor :STMicroelectronics X-CUBE-AI 9.1.0
2025-01-18 10:30:50,709 [INFO] ThirdParty:1030 - CMSIS Pack Vendor :STMicroelectronics X-CUBE-TOF1 3.4.0
2025-01-18 10:30:50,709 [INFO] ThirdParty:1030 - CMSIS Pack Vendor :STMicroelectronics X-CUBE-TOF1 3.4.1
2025-01-18 10:30:50,709 [INFO] ThirdParty:1030 - CMSIS Pack Vendor :STMicroelectronics X-CUBE-AZRTOS-H7 3.2.0
2025-01-18 10:30:50,709 [INFO] ThirdParty:1030 - CMSIS Pack Vendor :wolfSSL I-CUBE-wolfSSH 1.4.17
2025-01-18 10:30:50,709 [INFO] ThirdParty:841 - exiting critical section [change project]
2025-01-18 10:30:52,525 [INFO] PinOutPanel:1499 - setPackage(No Configuration,No Configuration)
2025-01-18 10:30:52,529 [INFO] PinOutPanel:1499 - setPackage(STM32F746ZGTx,LQFP144)
2025-01-18 10:30:55,030 [INFO] UtilMem:75 - Before build in PCC Used Memory: 367155064 Bytes (441450496)
2025-01-18 10:30:57,339 [INFO] UtilMem:75 - After build in PCC Used Memory: 353235928 Bytes (441450496)
2025-01-18 10:30:57,455 [INFO] IPUIPlugin:80 - create IPUIPlugin
2025-01-18 10:30:57,455 [INFO] IPUIPlugin:80 - create IPUIPlugin
2025-01-18 10:30:57,455 [INFO] IPUIPlugin:80 - create IPUIPlugin
2025-01-18 10:30:57,455 [INFO] IPUIPlugin:80 - create IPUIPlugin
2025-01-18 10:30:57,455 [INFO] IPUIPlugin:80 - create IPUIPlugin
2025-01-18 10:30:57,456 [INFO] IPUIPlugin:80 - create IPUIPlugin
2025-01-18 10:30:57,456 [INFO] IPUIPlugin:80 - create IPUIPlugin
2025-01-18 10:30:57,456 [INFO] IPUIPlugin:80 - create IPUIPlugin
2025-01-18 10:30:57,457 [INFO] IPUIPlugin:80 - create IPUIPlugin
2025-01-18 10:30:57,457 [INFO] IPUIPlugin:80 - create IPUIPlugin
2025-01-18 10:30:57,457 [INFO] IPUIPlugin:80 - create IPUIPlugin
2025-01-18 10:30:57,458 [INFO] IPUIPlugin:80 - create IPUIPlugin
2025-01-18 10:30:57,458 [INFO] IPUIPlugin:80 - create IPUIPlugin
2025-01-18 10:30:57,458 [INFO] IPUIPlugin:80 - create IPUIPlugin
2025-01-18 10:30:57,458 [INFO] IPUIPlugin:80 - create IPUIPlugin
2025-01-18 10:30:57,458 [INFO] IPUIPlugin:80 - create IPUIPlugin
2025-01-18 10:30:57,459 [INFO] IPUIPlugin:80 - create IPUIPlugin
2025-01-18 10:30:57,459 [INFO] IPUIPlugin:80 - create IPUIPlugin
2025-01-18 10:30:57,459 [INFO] IPUIPlugin:80 - create IPUIPlugin
2025-01-18 10:30:57,460 [INFO] IPUIPlugin:80 - create IPUIPlugin
2025-01-18 10:30:57,460 [INFO] IPUIPlugin:80 - create IPUIPlugin
2025-01-18 10:30:57,460 [INFO] IPUIPlugin:80 - create IPUIPlugin
2025-01-18 10:30:57,461 [INFO] IPUIPlugin:80 - create IPUIPlugin
2025-01-18 10:30:57,461 [INFO] IPUIPlugin:80 - create IPUIPlugin
2025-01-18 10:30:57,462 [INFO] IPUIPlugin:80 - create IPUIPlugin
2025-01-18 10:30:57,462 [INFO] IPUIPlugin:80 - create IPUIPlugin
2025-01-18 10:30:57,463 [INFO] IPUIPlugin:80 - create IPUIPlugin
2025-01-18 10:30:57,463 [INFO] IPUIPlugin:80 - create IPUIPlugin
2025-01-18 10:30:57,464 [INFO] IPUIPlugin:80 - create IPUIPlugin
2025-01-18 10:30:57,464 [INFO] IPUIPlugin:80 - create IPUIPlugin
2025-01-18 10:30:57,465 [INFO] IPUIPlugin:80 - create IPUIPlugin
2025-01-18 10:30:57,465 [INFO] IPUIPlugin:80 - create IPUIPlugin
2025-01-18 10:30:57,465 [INFO] IPUIPlugin:80 - create IPUIPlugin
2025-01-18 10:30:57,467 [INFO] IPUIPlugin:80 - create IPUIPlugin
2025-01-18 10:30:57,467 [INFO] IPUIPlugin:80 - create IPUIPlugin
2025-01-18 10:30:57,469 [INFO] IPUIPlugin:80 - create IPUIPlugin
2025-01-18 10:30:57,469 [INFO] IPUIPlugin:80 - create IPUIPlugin
2025-01-18 10:30:57,470 [INFO] IPUIPlugin:80 - create IPUIPlugin
2025-01-18 10:30:57,470 [INFO] IPUIPlugin:80 - create IPUIPlugin
2025-01-18 10:30:57,471 [INFO] IPUIPlugin:80 - create IPUIPlugin
2025-01-18 10:30:57,472 [INFO] IPUIPlugin:80 - create IPUIPlugin
2025-01-18 10:30:57,472 [INFO] IPUIPlugin:80 - create IPUIPlugin
2025-01-18 10:30:57,473 [INFO] IPUIPlugin:80 - create IPUIPlugin
2025-01-18 10:30:57,473 [INFO] IPUIPlugin:80 - create IPUIPlugin
2025-01-18 10:30:57,474 [INFO] IPUIPlugin:80 - create IPUIPlugin
2025-01-18 10:30:57,474 [INFO] IPUIPlugin:80 - create IPUIPlugin
2025-01-18 10:30:57,475 [INFO] IPUIPlugin:80 - create IPUIPlugin
2025-01-18 10:30:57,476 [INFO] IPUIPlugin:80 - create IPUIPlugin
2025-01-18 10:30:57,476 [INFO] IPUIPlugin:80 - create IPUIPlugin
2025-01-18 10:30:57,489 [INFO] IPUIPlugin:80 - create IPUIPlugin
2025-01-18 10:30:57,490 [INFO] IPUIPlugin:80 - create IPUIPlugin
2025-01-18 10:30:57,491 [INFO] IPUIPlugin:80 - create IPUIPlugin
2025-01-18 10:30:57,492 [INFO] IPUIPlugin:80 - create IPUIPlugin
2025-01-18 10:30:57,493 [INFO] IPUIPlugin:80 - create IPUIPlugin
2025-01-18 10:30:57,494 [INFO] IPUIPlugin:80 - create IPUIPlugin
2025-01-18 10:30:57,494 [INFO] IPUIPlugin:80 - create IPUIPlugin
2025-01-18 10:30:57,495 [INFO] IPUIPlugin:80 - create IPUIPlugin
2025-01-18 10:30:57,496 [INFO] IPUIPlugin:80 - create IPUIPlugin
2025-01-18 10:30:57,496 [INFO] IPUIPlugin:80 - create IPUIPlugin
2025-01-18 10:30:57,497 [INFO] IPUIPlugin:80 - create IPUIPlugin
2025-01-18 10:30:57,497 [INFO] IPUIPlugin:80 - create IPUIPlugin
2025-01-18 10:30:57,498 [INFO] IPUIPlugin:80 - create IPUIPlugin
2025-01-18 10:30:57,500 [INFO] IPUIPlugin:80 - create IPUIPlugin
2025-01-18 10:30:57,500 [INFO] IPUIPlugin:80 - create IPUIPlugin
2025-01-18 10:30:57,501 [INFO] IPUIPlugin:80 - create IPUIPlugin
2025-01-18 10:30:57,502 [INFO] IPUIPlugin:80 - create IPUIPlugin
2025-01-18 10:30:57,503 [INFO] IPUIPlugin:80 - create IPUIPlugin
2025-01-18 10:30:57,513 [INFO] IPUIPlugin:80 - create IPUIPlugin
2025-01-18 10:30:57,515 [INFO] IPUIPlugin:80 - create IPUIPlugin
2025-01-18 10:30:57,516 [INFO] IPUIPlugin:80 - create IPUIPlugin
2025-01-18 10:30:57,517 [INFO] IPUIPlugin:80 - create IPUIPlugin
2025-01-18 10:30:57,519 [INFO] IPUIPlugin:80 - create IPUIPlugin
2025-01-18 10:30:57,520 [INFO] IPUIPlugin:80 - create IPUIPlugin
2025-01-18 10:30:57,521 [INFO] IPUIPlugin:80 - create IPUIPlugin
2025-01-18 10:30:57,685 [INFO] ApiDbMcu:507 - Load IP Config File for PDM2PCM
2025-01-18 10:30:57,719 [INFO] Can:71 - Can Add PropertyChangeListener com.st.microxplorer.plugins.ip.can.Can@5332c8c5
2025-01-18 10:30:57,721 [INFO] Can:71 - Can Add PropertyChangeListener com.st.microxplorer.plugins.ip.can.Can@711a0ab2
2025-01-18 10:30:58,428 [INFO] CADModel:165 - CPN selected for project levelSTM32F746ZGT6
2025-01-18 10:30:58,428 [INFO] CADModel:114 - Register for checkConnection events
2025-01-18 10:30:58,477 [INFO] OpenFileManager:328 - Restore cursor
2025-01-18 10:30:58,880 [WARN] IP:2113 - LayerIdx_L1 not found: check if there is a RefParameter without a condition.
2025-01-18 11:44:19,702 [INFO] I2cTimingTraitement:330 - 0x20404768
2025-01-18 11:44:19,736 [WARN] IP:2113 - LayerIdx_L1 not found: check if there is a RefParameter without a condition.
