2024-12-22 14:04:55,744 [INFO] Activator:176 - 


2024-12-22 14:04:55,750 [INFO] Activator:177 - !SESSION log4j initialized
2024-12-22 14:05:02,434 [INFO] LogOutputStream:77 - [STDOUT_REDIRECT] 
2024-12-22 14:05:28,816 [INFO] Activator:176 - 


2024-12-22 14:05:28,819 [INFO] Activator:177 - !SESSION log4j initialized
2024-12-22 14:05:34,823 [INFO] LogOutputStream:77 - [STDOUT_REDIRECT] 
2024-12-22 14:05:42,374 [INFO] ApplicationProperties:184 - Using Application install path: C:\ST\STM32CubeIDE_1.12.1\STM32CubeIDE\plugins\com.st.stm32cube.common.mx_6.8.1.202304191431
2024-12-22 14:05:42,420 [INFO] DbMcusXml:78 - Set database path to: C:\ST\STM32CubeIDE_1.12.1\STM32CubeIDE\plugins\com.st.stm32cube.common.mx_6.8.1.202304191431\\db\/mcu/
2024-12-22 14:05:42,420 [INFO] ApiDb:274 - Set plugin database path to: C:\ST\STM32CubeIDE_1.12.1\STM32CubeIDE\plugins\com.st.stm32cube.common.mx_6.8.1.202304191431\\db\/plugins/boardmanager/
2024-12-22 14:05:42,423 [WARN] ApiDb:259 - Overriding images path with different value:  => C:\ST\STM32CubeIDE_1.12.1\STM32CubeIDE\plugins\com.st.stm32cube.common.mx_6.8.1.202304191431\\db\/plugins/mcufinder/images/
2024-12-22 14:05:42,442 [INFO] ApiDb:250 - Set database path to: C:\Users\rhett\.stmcufinder\plugins\mcufinder//mcu/
2024-12-22 14:05:42,444 [INFO] DbMcusAds:125 - Set database path to: C:\Users\rhett\.stmcufinder\plugins\mcufinder//mcu/
2024-12-22 14:05:42,447 [INFO] CrossReferenceDbSqlite:203 - Set database path to: C:\Users\rhett\.stmcufinder\plugins\mcufinder//mcu/cs/
2024-12-22 14:05:42,591 [INFO] RulesReader:64 - Compatibility file has been processed (293 Rules)
2024-12-22 14:05:42,736 [INFO] DbMcusXml:78 - Set database path to: C:\ST\STM32CubeIDE_1.12.1\STM32CubeIDE\plugins\com.st.stm32cube.common.mx_6.8.1.202304191431\\db\/mcu/
2024-12-22 14:05:42,736 [INFO] ApiDb:274 - Set plugin database path to: C:\ST\STM32CubeIDE_1.12.1\STM32CubeIDE\plugins\com.st.stm32cube.common.mx_6.8.1.202304191431\\db\/plugins/boardmanager/
2024-12-22 14:05:42,736 [INFO] ApiDb:261 - Set plugin images path to: C:\ST\STM32CubeIDE_1.12.1\STM32CubeIDE\plugins\com.st.stm32cube.common.mx_6.8.1.202304191431\\db\/plugins/mcufinder/images/
2024-12-22 14:05:42,737 [WARN] DbFile:41 - Overriding database path with different value: C:\Users\rhett\.stmcufinder\plugins\mcufinder/ => C:\Users\rhett\.stmcufinder\plugins\mcufinder
2024-12-22 14:05:42,737 [INFO] ApiDb:250 - Set database path to: C:\Users\rhett\.stmcufinder\plugins\mcufinder//mcu/
2024-12-22 14:05:42,737 [WARN] DbFile:41 - Overriding database path with different value: C:\Users\rhett\.stmcufinder\plugins\mcufinder/ => C:\Users\rhett\.stmcufinder\plugins\mcufinder
2024-12-22 14:05:42,737 [INFO] DbMcusAds:125 - Set database path to: C:\Users\rhett\.stmcufinder\plugins\mcufinder//mcu/
2024-12-22 14:05:42,737 [WARN] DbFile:41 - Overriding database path with different value: C:\Users\rhett\.stmcufinder\plugins\mcufinder/ => C:\Users\rhett\.stmcufinder\plugins\mcufinder
2024-12-22 14:05:42,737 [WARN] DbFile:41 - Overriding database path with different value: C:\Users\rhett\.stmcufinder\plugins\mcufinder/ => C:\Users\rhett\.stmcufinder\plugins\mcufinder
2024-12-22 14:05:42,737 [INFO] CrossReferenceDbSqlite:203 - Set database path to: C:\Users\rhett\.stmcufinder\plugins\mcufinder//mcu/cs/
2024-12-22 14:05:42,855 [INFO] MainPanel:253 - HeapMemory: 268435456
2024-12-22 14:05:43,035 [INFO] DbMcusXml:78 - Set database path to: C:\ST\STM32CubeIDE_1.12.1\STM32CubeIDE\plugins\com.st.stm32cube.common.mx_6.8.1.202304191431\\db\/mcu/
2024-12-22 14:05:43,036 [INFO] ApiDb:274 - Set plugin database path to: C:\ST\STM32CubeIDE_1.12.1\STM32CubeIDE\plugins\com.st.stm32cube.common.mx_6.8.1.202304191431\\db\/plugins/boardmanager/
2024-12-22 14:05:43,036 [INFO] ApiDb:261 - Set plugin images path to: C:\ST\STM32CubeIDE_1.12.1\STM32CubeIDE\plugins\com.st.stm32cube.common.mx_6.8.1.202304191431\\db\/plugins/mcufinder/images/
2024-12-22 14:05:43,037 [WARN] DbFile:41 - Overriding database path with different value: C:\Users\rhett\.stmcufinder\plugins\mcufinder/ => C:\Users\rhett\.stmcufinder\plugins\mcufinder
2024-12-22 14:05:43,037 [INFO] ApiDb:250 - Set database path to: C:\Users\rhett\.stmcufinder\plugins\mcufinder//mcu/
2024-12-22 14:05:43,037 [WARN] DbFile:41 - Overriding database path with different value: C:\Users\rhett\.stmcufinder\plugins\mcufinder/ => C:\Users\rhett\.stmcufinder\plugins\mcufinder
2024-12-22 14:05:43,037 [INFO] DbMcusAds:125 - Set database path to: C:\Users\rhett\.stmcufinder\plugins\mcufinder//mcu/
2024-12-22 14:05:43,037 [WARN] DbFile:41 - Overriding database path with different value: C:\Users\rhett\.stmcufinder\plugins\mcufinder/ => C:\Users\rhett\.stmcufinder\plugins\mcufinder
2024-12-22 14:05:43,037 [WARN] DbFile:41 - Overriding database path with different value: C:\Users\rhett\.stmcufinder\plugins\mcufinder/ => C:\Users\rhett\.stmcufinder\plugins\mcufinder
2024-12-22 14:05:43,039 [INFO] CrossReferenceDbSqlite:203 - Set database path to: C:\Users\rhett\.stmcufinder\plugins\mcufinder//mcu/cs/
2024-12-22 14:05:43,064 [INFO] ApplicationProperties:184 - Using Application install path: C:\ST\STM32CubeIDE_1.12.1\STM32CubeIDE\plugins\com.st.stm32cube.common.mx_6.8.1.202304191431
2024-12-22 14:05:43,066 [INFO] PluginManage:196 - Search for loadable plugins [exclusion list=, ]
2024-12-22 14:05:43,069 [INFO] PluginManage:310 - Check plugin analytics
2024-12-22 14:05:48,277 [INFO] AnalyticsPlugin:253 - Accepted Software Licenses: 
2024-12-22 14:05:48,278 [INFO] AnalyticsPlugin:255 - Accepted CMSIS Pack Licenses: 
2024-12-22 14:05:48,278 [INFO] AnalyticsPlugin:257 - Accepted Firmware Licenses: FW.G0.1.6.0,FW.F4.1.27.0,FW.MP1.1.6.0,FW.C0.1.0.0
2024-12-22 14:05:48,316 [INFO] PluginManage:359 - Loaded plugin analytics (category:tool,tabindex:-1)
2024-12-22 14:05:48,316 [INFO] PluginManage:310 - Check plugin cadmodel
2024-12-22 14:05:48,340 [INFO] CADModel:105 - Init CAD model plugin
2024-12-22 14:05:48,340 [INFO] PluginManage:359 - Loaded plugin cadmodel (category:power,tabindex:5)
2024-12-22 14:05:48,340 [INFO] PluginManage:310 - Check plugin clock
2024-12-22 14:05:48,372 [INFO] PluginManage:359 - Loaded plugin clock (category:base,tabindex:2)
2024-12-22 14:05:48,372 [INFO] PluginManage:310 - Check plugin ddr
2024-12-22 14:05:48,376 [INFO] PluginManage:359 - Loaded plugin ddr (category:tool,tabindex:6)
2024-12-22 14:05:48,376 [INFO] PluginManage:310 - Check plugin filemanager
2024-12-22 14:05:48,585 [INFO] PluginManage:359 - Loaded plugin filemanager (category:base,tabindex:10)
2024-12-22 14:05:48,585 [INFO] PluginManage:310 - Check plugin ipmanager
2024-12-22 14:05:48,602 [INFO] PluginManage:359 - Loaded plugin ipmanager (category:base,tabindex:5)
2024-12-22 14:05:48,602 [INFO] PluginManage:310 - Check plugin lpbam
2024-12-22 14:05:48,641 [INFO] PluginManage:359 - Loaded plugin lpbam (category:base,tabindex:0)
2024-12-22 14:05:48,641 [INFO] PluginManage:310 - Check plugin pinoutandconfiguration
2024-12-22 14:05:48,683 [INFO] PluginManage:359 - Loaded plugin pinoutandconfiguration (category:base,tabindex:1)
2024-12-22 14:05:48,684 [INFO] PluginManage:310 - Check plugin pinoutconfig
2024-12-22 14:05:48,951 [WARN] SupportedApi:132 - Cannot load RTOS API schema: s4s-elt-must-match.1: The content of 'definitions' must match (annotation?, (simpleType | complexType)?, (unique | key | keyref)*)). A problem was found starting at: attribute.
2024-12-22 14:05:49,148 [INFO] PluginManage:359 - Loaded plugin pinoutconfig (category:base,tabindex:0)
2024-12-22 14:05:49,149 [INFO] PluginManage:310 - Check plugin power
2024-12-22 14:05:49,186 [INFO] PluginManage:359 - Loaded plugin power (category:power,tabindex:4)
2024-12-22 14:05:49,186 [INFO] PluginManage:310 - Check plugin projectmanager
2024-12-22 14:05:49,218 [INFO] PluginManage:359 - Loaded plugin projectmanager (category:projectmanager,tabindex:3)
2024-12-22 14:05:49,219 [INFO] PluginManage:310 - Check plugin thirdparty
2024-12-22 14:05:49,610 [WARN] IntegrityCheckThread:84 - waiting for thirdparty lock release [integrity check]
2024-12-22 14:05:49,613 [INFO] PluginManage:359 - Loaded plugin thirdparty (category:base,tabindex:-1)
2024-12-22 14:05:49,613 [INFO] IntegrityCheckThread:86 - entering critical section [integrity check]
2024-12-22 14:05:49,613 [INFO] PluginManage:310 - Check plugin tools
2024-12-22 14:05:49,617 [INFO] ThirdPartyUpdaterWithRetryManager:70 - Updater plugin not ready yet. [1/15]
2024-12-22 14:05:49,706 [INFO] PluginManage:359 - Loaded plugin tools (category:base,tabindex:7)
2024-12-22 14:05:49,707 [INFO] PluginManage:310 - Check plugin tutovideos
2024-12-22 14:05:50,296 [INFO] PluginManage:359 - Loaded plugin tutovideos (category:base,tabindex:-1)
2024-12-22 14:05:50,297 [INFO] PluginManage:310 - Check plugin updater
2024-12-22 14:05:50,328 [INFO] PluginManage:359 - Loaded plugin updater (category:base,tabindex:12)
2024-12-22 14:05:50,329 [INFO] PluginManage:283 - PluginManage : Loaded plugins [15]
2024-12-22 14:05:50,965 [INFO] PinOutPanel:1499 - setPackage(No Configuration,No Configuration)
2024-12-22 14:05:51,132 [INFO] CADModel:165 - CPN selected for project level
2024-12-22 14:05:51,133 [INFO] CADModel:114 - Register for checkConnection events
2024-12-22 14:05:51,216 [INFO] IPUIPlugin:80 - create IPUIPlugin
2024-12-22 14:05:51,216 [INFO] PluginManager:220 - loadIPPluginJar : add adc
2024-12-22 14:05:51,287 [INFO] IPUIPlugin:80 - create IPUIPlugin
2024-12-22 14:05:51,287 [INFO] PluginManager:220 - loadIPPluginJar : add aes
2024-12-22 14:05:51,366 [INFO] IPUIPlugin:80 - create IPUIPlugin
2024-12-22 14:05:51,366 [INFO] PluginManager:220 - loadIPPluginJar : add can
2024-12-22 14:05:51,410 [INFO] IPUIPlugin:80 - create IPUIPlugin
2024-12-22 14:05:51,410 [INFO] PluginManager:220 - loadIPPluginJar : add comp
2024-12-22 14:05:51,461 [INFO] IPUIPlugin:80 - create IPUIPlugin
2024-12-22 14:05:51,461 [INFO] PluginManager:220 - loadIPPluginJar : add cryp
2024-12-22 14:05:51,508 [INFO] IPUIPlugin:80 - create IPUIPlugin
2024-12-22 14:05:51,508 [INFO] PluginManager:220 - loadIPPluginJar : add dfsdm
2024-12-22 14:05:51,531 [INFO] IPUIPlugin:80 - create IPUIPlugin
2024-12-22 14:05:51,532 [INFO] PluginManager:220 - loadIPPluginJar : add dma
2024-12-22 14:05:51,600 [INFO] IPUIPlugin:80 - create IPUIPlugin
2024-12-22 14:05:51,600 [INFO] PluginManager:220 - loadIPPluginJar : add dma3
2024-12-22 14:05:51,632 [INFO] IPUIPlugin:80 - create IPUIPlugin
2024-12-22 14:05:51,632 [INFO] PluginManager:220 - loadIPPluginJar : add fatfs
2024-12-22 14:05:51,706 [INFO] IPUIPlugin:80 - create IPUIPlugin
2024-12-22 14:05:51,707 [INFO] PluginManager:220 - loadIPPluginJar : add fmc
2024-12-22 14:05:51,733 [INFO] IPUIPlugin:80 - create IPUIPlugin
2024-12-22 14:05:51,733 [INFO] PluginManager:220 - loadIPPluginJar : add freertos
2024-12-22 14:05:51,764 [INFO] IPUIPlugin:80 - create IPUIPlugin
2024-12-22 14:05:51,764 [INFO] PluginManager:220 - loadIPPluginJar : add genericplugin
2024-12-22 14:05:51,929 [INFO] IPUIPlugin:80 - create IPUIPlugin
2024-12-22 14:05:51,929 [INFO] PluginManager:220 - loadIPPluginJar : add gfxmmu
2024-12-22 14:05:52,143 [INFO] IPUIPlugin:80 - create IPUIPlugin
2024-12-22 14:05:52,143 [INFO] PluginManager:220 - loadIPPluginJar : add gic
2024-12-22 14:05:52,163 [INFO] IPUIPlugin:80 - create IPUIPlugin
2024-12-22 14:05:52,164 [INFO] PluginManager:220 - loadIPPluginJar : add gpio
2024-12-22 14:05:52,359 [INFO] IPUIPlugin:80 - create IPUIPlugin
2024-12-22 14:05:52,360 [INFO] PluginManager:220 - loadIPPluginJar : add gtzc
2024-12-22 14:05:52,417 [INFO] IPUIPlugin:80 - create IPUIPlugin
2024-12-22 14:05:52,417 [INFO] PluginManager:220 - loadIPPluginJar : add hash
2024-12-22 14:05:52,497 [INFO] IPUIPlugin:80 - create IPUIPlugin
2024-12-22 14:05:52,498 [INFO] PluginManager:220 - loadIPPluginJar : add i2c
2024-12-22 14:05:52,554 [INFO] IPUIPlugin:80 - create IPUIPlugin
2024-12-22 14:05:52,554 [INFO] PluginManager:220 - loadIPPluginJar : add i2s
2024-12-22 14:05:52,611 [INFO] IPUIPlugin:80 - create IPUIPlugin
2024-12-22 14:05:52,611 [INFO] PluginManager:220 - loadIPPluginJar : add i3c
2024-12-22 14:05:52,623 [INFO] ThirdPartyUpdaterWithRetryManager:70 - Updater plugin not ready yet. [2/15]
2024-12-22 14:05:52,764 [INFO] IPUIPlugin:80 - create IPUIPlugin
2024-12-22 14:05:52,764 [INFO] PluginManager:220 - loadIPPluginJar : add ipddr
2024-12-22 14:05:52,897 [INFO] IPUIPlugin:80 - create IPUIPlugin
2024-12-22 14:05:52,897 [INFO] PluginManager:220 - loadIPPluginJar : add linkedlist
2024-12-22 14:05:52,955 [INFO] IPUIPlugin:80 - create IPUIPlugin
2024-12-22 14:05:52,955 [INFO] PluginManager:220 - loadIPPluginJar : add lorawan
2024-12-22 14:05:53,015 [INFO] IPUIPlugin:80 - create IPUIPlugin
2024-12-22 14:05:53,015 [INFO] PluginManager:220 - loadIPPluginJar : add ltdc
2024-12-22 14:05:53,036 [INFO] IPUIPlugin:80 - create IPUIPlugin
2024-12-22 14:05:53,036 [INFO] PluginManager:220 - loadIPPluginJar : add mdma
2024-12-22 14:05:53,053 [INFO] IPUIPlugin:80 - create IPUIPlugin
2024-12-22 14:05:53,053 [INFO] PluginManager:220 - loadIPPluginJar : add nvic
2024-12-22 14:05:53,104 [INFO] IPUIPlugin:80 - create IPUIPlugin
2024-12-22 14:05:53,104 [INFO] PluginManager:220 - loadIPPluginJar : add opamp
2024-12-22 14:05:53,197 [INFO] IPUIPlugin:80 - create IPUIPlugin
2024-12-22 14:05:53,197 [INFO] PluginManager:220 - loadIPPluginJar : add openamp
2024-12-22 14:05:53,263 [INFO] IPUIPlugin:80 - create IPUIPlugin
2024-12-22 14:05:53,263 [INFO] PluginManager:220 - loadIPPluginJar : add pdm2pcm
2024-12-22 14:05:53,285 [INFO] IPUIPlugin:80 - create IPUIPlugin
2024-12-22 14:05:53,287 [INFO] PluginManager:220 - loadIPPluginJar : add plateformsettings
2024-12-22 14:05:53,320 [INFO] IPUIPlugin:80 - create IPUIPlugin
2024-12-22 14:05:53,320 [INFO] PluginManager:220 - loadIPPluginJar : add quadspi
2024-12-22 14:05:53,343 [INFO] IPUIPlugin:80 - create IPUIPlugin
2024-12-22 14:05:53,344 [INFO] PluginManager:220 - loadIPPluginJar : add resmgrutility
2024-12-22 14:05:53,417 [INFO] IPUIPlugin:80 - create IPUIPlugin
2024-12-22 14:05:53,417 [INFO] PluginManager:220 - loadIPPluginJar : add sai
2024-12-22 14:05:53,479 [INFO] IPUIPlugin:80 - create IPUIPlugin
2024-12-22 14:05:53,479 [INFO] PluginManager:220 - loadIPPluginJar : add spi
2024-12-22 14:05:53,563 [INFO] IPUIPlugin:80 - create IPUIPlugin
2024-12-22 14:05:53,563 [INFO] PluginManager:220 - loadIPPluginJar : add stm32_wpan
2024-12-22 14:05:53,599 [INFO] IPUIPlugin:80 - create IPUIPlugin
2024-12-22 14:05:53,599 [INFO] PluginManager:220 - loadIPPluginJar : add tim
2024-12-22 14:05:53,677 [INFO] IPUIPlugin:80 - create IPUIPlugin
2024-12-22 14:05:53,677 [INFO] PluginManager:220 - loadIPPluginJar : add touchsensing
2024-12-22 14:05:53,713 [INFO] IPUIPlugin:80 - create IPUIPlugin
2024-12-22 14:05:53,713 [INFO] PluginManager:220 - loadIPPluginJar : add tracer_emb
2024-12-22 14:05:53,750 [INFO] IPUIPlugin:80 - create IPUIPlugin
2024-12-22 14:05:53,750 [INFO] PluginManager:220 - loadIPPluginJar : add ts
2024-12-22 14:05:53,782 [INFO] IPUIPlugin:80 - create IPUIPlugin
2024-12-22 14:05:53,782 [INFO] PluginManager:220 - loadIPPluginJar : add tsc
2024-12-22 14:05:53,813 [INFO] IPUIPlugin:80 - create IPUIPlugin
2024-12-22 14:05:53,813 [INFO] PluginManager:220 - loadIPPluginJar : add ucpd
2024-12-22 14:05:53,880 [INFO] IPUIPlugin:80 - create IPUIPlugin
2024-12-22 14:05:53,880 [INFO] PluginManager:220 - loadIPPluginJar : add usart
2024-12-22 14:05:53,943 [INFO] IPUIPlugin:80 - create IPUIPlugin
2024-12-22 14:05:53,943 [INFO] PluginManager:220 - loadIPPluginJar : add usbx
2024-12-22 14:05:54,104 [INFO] CADModel:165 - CPN selected for project level
2024-12-22 14:05:54,104 [INFO] CADModel:114 - Register for checkConnection events
2024-12-22 14:05:54,104 [FATAL] Updater:308 - Updater called before beeing initialized
2024-12-22 14:05:54,104 [ERROR] CADModel:125 - Updater not yet initialized, retry later 
2024-12-22 14:05:54,379 [INFO] CADModel:165 - CPN selected for project level
2024-12-22 14:05:54,380 [INFO] CADModel:114 - Register for checkConnection events
2024-12-22 14:05:54,380 [FATAL] Updater:308 - Updater called before beeing initialized
2024-12-22 14:05:54,380 [ERROR] CADModel:125 - Updater not yet initialized, retry later 
2024-12-22 14:05:54,387 [FATAL] Updater:308 - Updater called before beeing initialized
2024-12-22 14:05:54,625 [FATAL] Updater:308 - Updater called before beeing initialized
2024-12-22 14:05:54,647 [INFO] DbMcusAds:53 - JSON generation date=Wed Dec 18 02:01:15 AEST 2024 (1734451275222)
2024-12-22 14:05:54,647 [FATAL] Updater:308 - Updater called before beeing initialized
2024-12-22 14:05:54,746 [WARN] DetailPanel:346 - Failed to get advertising image, set to default
2024-12-22 14:05:54,875 [FATAL] Updater:308 - Updater called before beeing initialized
2024-12-22 14:05:54,880 [FATAL] Updater:308 - Updater called before beeing initialized
2024-12-22 14:05:54,880 [FATAL] Updater:308 - Updater called before beeing initialized
2024-12-22 14:05:54,880 [WARN] DetailPanel:346 - Failed to get advertising image, set to default
2024-12-22 14:05:54,881 [FATAL] Updater:308 - Updater called before beeing initialized
2024-12-22 14:05:54,967 [ERROR] Updater:1120 - MainUpdater not yet initialized. External WinMGr cannot be set.
2024-12-22 14:05:54,979 [INFO] Updater:1056 - Updater Version found : 6.8.1
2024-12-22 14:05:55,003 [INFO] ApplicationProperties:184 - Using Application install path: C:\ST\STM32CubeIDE_1.12.1\STM32CubeIDE\plugins\com.st.stm32cube.common.mx_6.8.1.202304191431
2024-12-22 14:05:55,639 [INFO] ThirdPartyUpdaterWithRetryManager:70 - Updater plugin not ready yet. [3/15]
2024-12-22 14:05:56,180 [INFO] MainUpdater:2854 - connection check result : 10
2024-12-22 14:05:56,181 [INFO] MainUpdater:283 - Updater Check For Update Now.
2024-12-22 14:05:56,182 [INFO] MicroXplorer:498 - Change Database Version : DB.6.0.81
2024-12-22 14:05:56,438 [INFO] CheckServerUpdateThread:120 - End of CheckServer Thread
2024-12-22 14:05:56,616 [INFO] MainUpdater:2854 - connection check result : 10
2024-12-22 14:05:56,631 [INFO] MainUpdater:2854 - connection check result : 10
2024-12-22 14:05:56,850 [INFO] MicroXplorer:468 - Change Database Path : 
2024-12-22 14:05:56,850 [INFO] MicroXplorer:498 - Change Database Version : DB.6.0.81
2024-12-22 14:05:56,851 [WARN] ThirdParty:871 - waiting for thirdparty lock release [close project]
2024-12-22 14:05:58,966 [WARN] PackLoader:240 - Cannot read IP mode file for STMicroelectronics.FP-ATR-ASTRA1.2.0.1
2024-12-22 14:05:58,987 [WARN] PackLoader:240 - Cannot read IP mode file for STMicroelectronics.X-CUBE-SMBUS.2.1.0
2024-12-22 14:05:59,007 [WARN] PackLoader:240 - Cannot read IP mode file for STMicroelectronics.X-CUBE-WB05N.1.1.0
2024-12-22 14:05:59,026 [WARN] PackLoader:240 - Cannot read IP mode file for STMicroelectronics.X-CUBE-TOUCHGFX.4.23.1
2024-12-22 14:05:59,042 [WARN] PackLoader:240 - Cannot read IP mode file for STMicroelectronics.X-CUBE-TOUCHGFX.4.23.0
2024-12-22 14:05:59,057 [WARN] PackLoader:240 - Cannot read IP mode file for STMicroelectronics.X-CUBE-TOUCHGFX.4.23.2
2024-12-22 14:05:59,101 [WARN] PackLoader:240 - Cannot read IP mode file for STMicroelectronics.X-CUBE-AZRTOS-F7.1.1.0
2024-12-22 14:05:59,125 [ERROR] RealEvaluatedCondition:428 - Found unsupported composite condition: GROUP='STM32_MetaDataManager' CLASS='Data Exchange'
2024-12-22 14:05:59,125 [ERROR] RealEvaluatedCondition:428 - Found unsupported composite condition: GROUP='STM32_MetaDataManager' CLASS='Data Exchange'
2024-12-22 14:05:59,127 [WARN] PackLoader:240 - Cannot read IP mode file for STMicroelectronics.FP-SNS-MOTENV1.4.3.0
2024-12-22 14:05:59,147 [WARN] PackLoader:240 - Cannot read IP mode file for STMicroelectronics.FP-SNS-MOTENV1.4.3.2
2024-12-22 14:05:59,164 [WARN] PackLoader:240 - Cannot read IP mode file for STMicroelectronics.FP-SNS-FLIGHT1.5.0.0
2024-12-22 14:05:59,182 [ERROR] RealEvaluatedCondition:428 - Found unsupported composite condition: GROUP='STM32_MetaDataManager' CLASS='Data Exchange'
2024-12-22 14:05:59,183 [ERROR] RealEvaluatedCondition:428 - Found unsupported composite condition: CLASS='Data Exchange' GROUP='STM32_MetaDataManager'
2024-12-22 14:05:59,185 [WARN] PackLoader:240 - Cannot read IP mode file for STMicroelectronics.FP-SNS-MOTENV1.4.3.1
2024-12-22 14:05:59,202 [WARN] PackLoader:240 - Cannot read IP mode file for STMicroelectronics.FP-SNS-FLIGHT1.5.0.1
2024-12-22 14:05:59,319 [WARN] PackLoader:240 - Cannot read IP mode file for STMicroelectronics.X-CUBE-MEMS1.11.0.0
2024-12-22 14:05:59,581 [WARN] PackLoader:240 - Cannot read IP mode file for STMicroelectronics.X-CUBE-BLE1.6.2.4
2024-12-22 14:05:59,598 [WARN] PackLoader:240 - Cannot read IP mode file for STMicroelectronics.FP-SNS-FLIGHT1.5.0.2
2024-12-22 14:05:59,620 [WARN] PackLoader:240 - Cannot read IP mode file for STMicroelectronics.X-CUBE-DISPLAY.3.0.0
2024-12-22 14:05:59,647 [WARN] PackLoader:240 - Cannot read IP mode file for STMicroelectronics.X-CUBE-BLE1.7.0.0
2024-12-22 14:05:59,670 [WARN] PackLoader:240 - Cannot read IP mode file for STMicroelectronics.X-CUBE-NFC10.1.0.0
2024-12-22 14:05:59,689 [ERROR] Engine:466 - C:\Users\rhett\.stm32cubemx\thirdparties\pdsc\STMicroelectronics.X-CUBE-BLEMGR.4.0.0.pdsc: PDSC version is not supported
2024-12-22 14:05:59,707 [WARN] PackLoader:240 - Cannot read IP mode file for STMicroelectronics.X-CUBE-TOUCHGFX.4.22.0
2024-12-22 14:05:59,725 [WARN] PackLoader:240 - Cannot read IP mode file for STMicroelectronics.X-CUBE-TOUCHGFX.4.22.1
2024-12-22 14:05:59,745 [WARN] PackLoader:240 - Cannot read IP mode file for STMicroelectronics.X-CUBE-BLEMGR.3.1.0
2024-12-22 14:05:59,765 [WARN] PackLoader:240 - Cannot read IP mode file for STMicroelectronics.FP-SNS-SMARTAG2.1.2.0
2024-12-22 14:05:59,868 [WARN] PackLoader:240 - Cannot read IP mode file for STMicroelectronics.X-CUBE-MEMS1.11.1.0
2024-12-22 14:06:00,090 [INFO] LogOutputStream:77 - [STDOUT_REDIRECT] 1 : Invalid condition id : UX_CORESTACK_Condition cause : null
2024-12-22 14:06:00,091 [INFO] LogOutputStream:77 - [STDOUT_REDIRECT] 1 : Invalid condition id : UX_CORESTACK_Condition cause : null
2024-12-22 14:06:00,092 [INFO] LogOutputStream:77 - [STDOUT_REDIRECT] 1 : Invalid condition id : UX_CORESTACK_Condition cause : null
2024-12-22 14:06:00,093 [INFO] LogOutputStream:77 - [STDOUT_REDIRECT] 1 : Invalid condition id : UX_CORESTACK_Condition cause : null
2024-12-22 14:06:00,095 [INFO] LogOutputStream:77 - [STDOUT_REDIRECT] 1 : Invalid condition id : UX_CORESTACK_Condition cause : null
2024-12-22 14:06:00,100 [WARN] PackLoader:240 - Cannot read IP mode file for STMicroelectronics.X-CUBE-AZRTOS-WL.2.0.0
2024-12-22 14:06:00,122 [WARN] PackLoader:240 - Cannot read IP mode file for STMicroelectronics.FP-SNS-MOTENV1.5.0.0
2024-12-22 14:06:00,138 [WARN] PackLoader:240 - Cannot read IP mode file for wolfSSL.I-CUBE-wolfMQTT.1.19.0
2024-12-22 14:06:00,157 [WARN] PackLoader:240 - Cannot read IP mode file for WES.I-CUBE-Cesium.1.3.0
2024-12-22 14:06:00,180 [WARN] PackLoader:240 - Cannot read IP mode file for STMicroelectronics.X-CUBE-BLE2.3.3.0
2024-12-22 14:06:00,203 [WARN] PackLoader:240 - Cannot read IP mode file for STMicroelectronics.X-CUBE-NFC9.1.0.0
2024-12-22 14:06:00,226 [WARN] PackLoader:240 - Cannot read IP mode file for STMicroelectronics.X-CUBE-TCPP.4.1.0
2024-12-22 14:06:00,249 [WARN] PackLoader:240 - Cannot read IP mode file for STMicroelectronics.X-CUBE-TOUCHGFX.4.21.3
2024-12-22 14:06:00,265 [WARN] PackLoader:240 - Cannot read IP mode file for STMicroelectronics.X-CUBE-TOUCHGFX.4.21.4
2024-12-22 14:06:00,284 [WARN] PackLoader:240 - Cannot read IP mode file for STMicroelectronics.X-CUBE-ALGOBUILD.1.3.0
2024-12-22 14:06:00,323 [WARN] PackLoader:240 - Cannot read IP mode file for STMicroelectronics.X-CUBE-AZRTOS-G0.1.1.0
2024-12-22 14:06:00,349 [WARN] PackLoader:240 - Cannot read IP mode file for STMicroelectronics.X-CUBE-SAFEA1.1.2.2
2024-12-22 14:06:00,372 [WARN] PackLoader:240 - Cannot read IP mode file for STMicroelectronics.X-CUBE-NFC4.3.0.0
2024-12-22 14:06:00,391 [WARN] PackLoader:240 - Cannot read IP mode file for wolfSSL.I-CUBE-wolfMQTT.1.18.0
2024-12-22 14:06:00,409 [ERROR] Engine:466 - C:\Users\rhett\.stm32cubemx\thirdparties\pdsc\EmbeddedOffice.I-CUBE-FS-RTOS.1.0.1.pdsc: PDSC version is not supported
2024-12-22 14:06:00,439 [WARN] PackLoader:240 - Cannot read IP mode file for STMicroelectronics.X-CUBE-BLEMGR.3.0.0
2024-12-22 14:06:00,457 [ERROR] Engine:466 - C:\Users\rhett\.stm32cubemx\thirdparties\pdsc\STMicroelectronics.X-CUBE-TCPP.4.2.0.pdsc: PDSC version is not supported
2024-12-22 14:06:00,471 [ERROR] Engine:466 - C:\Users\rhett\.stm32cubemx\thirdparties\pdsc\RealThread.X-CUBE-RT-Thread_Nano.4.1.1.pdsc: PDSC version is not supported
2024-12-22 14:06:00,486 [WARN] PackLoader:240 - Cannot read IP mode file for STMicroelectronics.FP-ATR-SIGFOX1.3.2.0
2024-12-22 14:06:00,499 [ERROR] Engine:466 - C:\Users\rhett\.stm32cubemx\thirdparties\pdsc\quantropi.X-CUBE-qispace-sdk-base.1.9.3.pdsc: PDSC version is not supported
2024-12-22 14:06:00,520 [WARN] PackLoader:240 - Cannot read IP mode file for STMicroelectronics.X-CUBE-EEPRMA1.5.1.0
2024-12-22 14:06:00,633 [WARN] PackLoader:240 - Cannot read IP mode file for STMicroelectronics.X-CUBE-MEMS1.9.5.0
2024-12-22 14:06:00,818 [WARN] PackLoader:240 - Cannot read IP mode file for SEGGER.I-CUBE-embOS.1.3.1
2024-12-22 14:06:00,918 [WARN] PackLoader:240 - Cannot read IP mode file for STMicroelectronics.X-CUBE-ALGOBUILD.1.4.0
2024-12-22 14:06:00,936 [WARN] PackLoader:240 - Cannot read IP mode file for STMicroelectronics.X-CUBE-AI.9.1.0
2024-12-22 14:06:00,959 [WARN] PackLoader:240 - Cannot read IP mode file for STMicroelectronics.X-CUBE-GNSS1.6.0.0
2024-12-22 14:06:01,003 [WARN] PackLoader:240 - Cannot read IP mode file for STMicroelectronics.X-CUBE-AZRTOS-F4.1.1.0
2024-12-22 14:06:01,025 [WARN] PackLoader:240 - Cannot read IP mode file for wolfSSL.I-CUBE-wolfSSL.5.6.0
2024-12-22 14:06:01,049 [WARN] PackLoader:240 - Cannot read IP mode file for STMicroelectronics.X-CUBE-ISPU.2.1.0
2024-12-22 14:06:01,068 [WARN] PackLoader:240 - Cannot read IP mode file for STMicroelectronics.X-CUBE-FREERTOS.1.2.0
2024-12-22 14:06:01,108 [WARN] PackLoader:240 - Cannot read IP mode file for STMicroelectronics.X-CUBE-AZRTOS-L5.2.0.0
2024-12-22 14:06:01,201 [WARN] PackLoader:240 - Cannot read IP mode file for STMicroelectronics.X-CUBE-MEMS1.9.6.0
2024-12-22 14:06:01,464 [WARN] PackLoader:240 - Cannot read IP mode file for STMicroelectronics.X-CUBE-EEPRMA1.4.2.0
2024-12-22 14:06:01,488 [WARN] PackLoader:240 - Cannot read IP mode file for STMicroelectronics.X-CUBE-NFC6.3.1.0
2024-12-22 14:06:01,514 [WARN] PackLoader:240 - Cannot read IP mode file for ITTIA_DB.I-CUBE-ITTIADB.8.8.0
2024-12-22 14:06:01,540 [WARN] PackLoader:240 - Cannot read IP mode file for emotas.I-CUBE-CANOPEN.1.1.3
2024-12-22 14:06:01,567 [WARN] PackLoader:240 - Cannot read IP mode file for STMicroelectronics.X-CUBE-BLEMGR.2.0.0
2024-12-22 14:06:01,588 [ERROR] Engine:466 - C:\Users\rhett\.stm32cubemx\thirdparties\pdsc\STMicroelectronics.X-CUBE-DPower.1.2.0.pdsc: PDSC version is not supported
2024-12-22 14:06:01,610 [WARN] PackLoader:240 - Cannot read IP mode file for STMicroelectronics.X-CUBE-AI.9.0.0
2024-12-22 14:06:01,652 [WARN] ConditionMgr:438 - getConditionDescription Invalid condition id : UX DEVICE CLASS RTOS Condition cause : null
2024-12-22 14:06:01,652 [WARN] ConditionMgr:438 - getConditionDescription Invalid condition id : UX DEVICE CLASS RTOS Condition cause : null
2024-12-22 14:06:01,659 [WARN] PackLoader:240 - Cannot read IP mode file for STMicroelectronics.X-CUBE-AZRTOS-H7.3.1.0
2024-12-22 14:06:01,660 [WARN] ConditionMgr:1039 - genDependencies : Invalid condition id : UX DEVICE CLASS RTOS Condition cause : null
2024-12-22 14:06:01,660 [WARN] ConditionMgr:1039 - genDependencies : Invalid condition id : UX DEVICE CLASS RTOS Condition cause : null
2024-12-22 14:06:01,661 [WARN] ConditionMgr:1039 - genDependencies : Invalid condition id : UX DEVICE CLASS RTOS Condition cause : null
2024-12-22 14:06:01,662 [WARN] ConditionMgr:1039 - genDependencies : Invalid condition id : UX DEVICE CLASS RTOS Condition cause : null
2024-12-22 14:06:01,662 [WARN] ConditionMgr:1039 - genDependencies : Invalid condition id : UX DEVICE CLASS RTOS Condition cause : null
2024-12-22 14:06:01,684 [WARN] PackLoader:240 - Cannot read IP mode file for STMicroelectronics.X-CUBE-FREERTOS.1.3.0
2024-12-22 14:06:01,704 [WARN] PackLoader:240 - Cannot read IP mode file for STMicroelectronics.X-CUBE-NFC7.1.0.1
2024-12-22 14:06:01,729 [WARN] PackLoader:240 - Cannot read IP mode file for STMicroelectronics.X-CUBE-NFC7.1.0.0
2024-12-22 14:06:01,752 [WARN] PackLoader:240 - Cannot read IP mode file for wolfSSL.I-CUBE-wolfTPM.3.2.0
2024-12-22 14:06:01,775 [WARN] PackLoader:240 - Cannot read IP mode file for STMicroelectronics.X-CUBE-NFC6.3.0.0
2024-12-22 14:06:01,802 [WARN] PackLoader:240 - Cannot read IP mode file for STMicroelectronics.X-CUBE-EEPRMA1.4.1.0
2024-12-22 14:06:01,826 [WARN] PackLoader:240 - Cannot read IP mode file for STMicroelectronics.X-CUBE-AI.8.1.0
2024-12-22 14:06:01,871 [WARN] ConditionMgr:438 - getConditionDescription Invalid condition id : LAN8742 Phy interface Condition cause : null
2024-12-22 14:06:01,871 [WARN] PackLoader:240 - Cannot read IP mode file for STMicroelectronics.X-CUBE-AZRTOS-L4.2.0.0
2024-12-22 14:06:01,872 [ERROR] LogOutputStream:75 - [STDERR_REDIRECT] SLF4J: Failed to load class "org.slf4j.impl.StaticLoggerBinder".
2024-12-22 14:06:01,873 [ERROR] LogOutputStream:75 - [STDERR_REDIRECT] SLF4J: Defaulting to no-operation (NOP) logger implementation
2024-12-22 14:06:01,873 [WARN] ConditionMgr:1039 - genDependencies : Invalid condition id : LAN8742 Phy interface Condition cause : null
2024-12-22 14:06:01,873 [WARN] ConditionMgr:1039 - genDependencies : Invalid condition id : LAN8742 Phy interface Condition cause : null
2024-12-22 14:06:01,875 [WARN] ConditionMgr:1039 - genDependencies : Invalid condition id : LAN8742 Phy interface Condition cause : null
2024-12-22 14:06:01,877 [ERROR] LogOutputStream:75 - [STDERR_REDIRECT] SLF4J: See http://www.slf4j.org/codes.html#StaticLoggerBinder for further details.
2024-12-22 14:06:01,899 [WARN] PackLoader:240 - Cannot read IP mode file for STMicroelectronics.X-CUBE-SFXS2LP1.4.0.0
2024-12-22 14:06:01,935 [WARN] PackLoader:240 - Cannot read IP mode file for STMicroelectronics.X-CUBE-ISPU.1.1.0
2024-12-22 14:06:01,985 [WARN] PackLoader:240 - Cannot read IP mode file for STMicroelectronics.X-CUBE-AZRTOS-H7.3.3.0
2024-12-22 14:06:02,008 [WARN] PackLoader:240 - Cannot read IP mode file for STMicroelectronics.X-CUBE-AI.8.0.0
2024-12-22 14:06:02,030 [ERROR] Engine:466 - C:\Users\rhett\.stm32cubemx\thirdparties\pdsc\STMicroelectronics.X-CUBE-IPS.3.0.0.pdsc: PDSC version is not supported
2024-12-22 14:06:02,069 [WARN] ConditionMgr:438 - getConditionDescription Invalid condition id : UX DEVICE CLASS RTOS Condition cause : null
2024-12-22 14:06:02,069 [WARN] ConditionMgr:438 - getConditionDescription Invalid condition id : UX DEVICE CLASS RTOS Condition cause : null
2024-12-22 14:06:02,073 [WARN] PackLoader:240 - Cannot read IP mode file for STMicroelectronics.X-CUBE-AZRTOS-WB.2.0.0
2024-12-22 14:06:02,073 [WARN] ConditionMgr:1039 - genDependencies : Invalid condition id : UX DEVICE CLASS RTOS Condition cause : null
2024-12-22 14:06:02,074 [WARN] ConditionMgr:1039 - genDependencies : Invalid condition id : UX DEVICE CLASS RTOS Condition cause : null
2024-12-22 14:06:02,074 [WARN] ConditionMgr:1039 - genDependencies : Invalid condition id : UX DEVICE CLASS RTOS Condition cause : null
2024-12-22 14:06:02,074 [WARN] ConditionMgr:1039 - genDependencies : Invalid condition id : UX DEVICE CLASS RTOS Condition cause : null
2024-12-22 14:06:02,074 [WARN] ConditionMgr:1039 - genDependencies : Invalid condition id : UX DEVICE CLASS RTOS Condition cause : null
2024-12-22 14:06:02,092 [WARN] PackLoader:240 - Cannot read IP mode file for STMicroelectronics.X-CUBE-FREERTOS.1.0.1
2024-12-22 14:06:02,117 [WARN] PackLoader:240 - Cannot read IP mode file for STMicroelectronics.X-CUBE-GNSS1.7.0.0
2024-12-22 14:06:02,141 [WARN] PackLoader:240 - Cannot read IP mode file for STMicroelectronics.X-CUBE-GNSS1.7.0.1
2024-12-22 14:06:02,158 [ERROR] Engine:466 - C:\Users\rhett\.stm32cubemx\thirdparties\pdsc\STMicroelectronics.FP-SNS-STBOX1.2.0.0.pdsc: PDSC version is not supported
2024-12-22 14:06:02,198 [WARN] PackLoader:240 - Cannot read IP mode file for STMicroelectronics.X-CUBE-AZRTOS-L5.1.1.0
2024-12-22 14:06:02,219 [WARN] PackLoader:240 - Cannot read IP mode file for STMicroelectronics.X-CUBE-AI.8.0.1
2024-12-22 14:06:02,243 [WARN] PackLoader:240 - Cannot read IP mode file for STMicroelectronics.X-CUBE-SUBG2.5.0.0
2024-12-22 14:06:02,266 [WARN] PackLoader:240 - Cannot read IP mode file for Cesanta.I-CUBE-Mongoose.7.13.0
2024-12-22 14:06:02,288 [WARN] PackLoader:240 - Cannot read IP mode file for STMicroelectronics.X-CUBE-TOF1.3.3.1
2024-12-22 14:06:02,325 [WARN] PackLoader:240 - Cannot read IP mode file for STMicroelectronics.X-CUBE-AZRTOS-G4.2.0.0
2024-12-22 14:06:02,350 [WARN] PackLoader:240 - Cannot read IP mode file for STMicroelectronics.X-CUBE-TOF1.3.3.0
2024-12-22 14:06:02,394 [WARN] PackLoader:240 - Cannot read IP mode file for Infineon.AIROC-Wi-Fi-Bluetooth-STM32.1.5.1
2024-12-22 14:06:02,416 [WARN] PackLoader:240 - Cannot read IP mode file for STMicroelectronics.FP-SNS-MOTENVWB1.1.3.0
2024-12-22 14:06:02,430 [WARN] PackLoader:240 - Cannot read IP mode file for STMicroelectronics.FP-SNS-MOTENVWB1.1.3.1
2024-12-22 14:06:02,456 [WARN] PackLoader:240 - Cannot read IP mode file for STMicroelectronics.X-CUBE-AZRTOS-G4.1.0.0
2024-12-22 14:06:02,488 [WARN] PackLoader:240 - Cannot read IP mode file for STMicroelectronics.X-CUBE-AZRTOS-L4.1.0.0
2024-12-22 14:06:02,524 [WARN] PackLoader:240 - Cannot read IP mode file for STMicroelectronics.X-CUBE-ISPU.2.0.0
2024-12-22 14:06:02,541 [WARN] PackLoader:240 - Cannot read IP mode file for STMicroelectronics.X-CUBE-ALS.1.0.2
2024-12-22 14:06:02,610 [WARN] PackLoader:240 - Cannot read IP mode file for STMicroelectronics.X-CUBE-MEMS1.10.0.0
2024-12-22 14:06:02,725 [WARN] PackLoader:240 - Cannot read IP mode file for STMicroelectronics.X-CUBE-FREERTOS.1.1.0
2024-12-22 14:06:02,745 [WARN] PackLoader:240 - Cannot read IP mode file for STMicroelectronics.X-CUBE-TOUCHGFX.4.24.0
2024-12-22 14:06:02,767 [WARN] PackLoader:240 - Cannot read IP mode file for STMicroelectronics.X-CUBE-AZRTOS-WL.1.0.0
2024-12-22 14:06:02,784 [WARN] PackLoader:240 - Cannot read IP mode file for STMicroelectronics.X-CUBE-TOUCHGFX.4.24.1
2024-12-22 14:06:02,804 [WARN] PackLoader:240 - Cannot read IP mode file for portGmbH.I-Cube-SoM-uGOAL.1.1.0
2024-12-22 14:06:02,820 [WARN] PackLoader:240 - Cannot read IP mode file for STMicroelectronics.X-CUBE-ALS.1.0.1
2024-12-22 14:06:02,849 [WARN] PackLoader:240 - Cannot read IP mode file for STMicroelectronics.X-CUBE-AZRTOS-WB.1.1.0
2024-12-22 14:06:02,906 [WARN] PackLoader:240 - Cannot read IP mode file for STMicroelectronics.X-CUBE-AZRTOS-H7RS.1.0.0
2024-12-22 14:06:02,930 [WARN] PackLoader:240 - Cannot read IP mode file for STMicroelectronics.FP-ATR-ASTRA1.2.0.0
2024-12-22 14:06:02,949 [ERROR] Engine:466 - C:\Users\rhett\.stm32cubemx\thirdparties\pdsc\STMicroelectronics.X-CUBE-TOF1.3.4.2.pdsc: PDSC version is not supported
2024-12-22 14:06:02,972 [WARN] PackLoader:240 - Cannot read IP mode file for STMicroelectronics.X-CUBE-TOF1.3.4.0
2024-12-22 14:06:03,008 [WARN] PackLoader:240 - Cannot read IP mode file for STMicroelectronics.X-CUBE-TOF1.3.4.1
2024-12-22 14:06:03,064 [WARN] PackLoader:240 - Cannot read IP mode file for STMicroelectronics.X-CUBE-AZRTOS-H7.3.2.0
2024-12-22 14:06:03,084 [WARN] PackLoader:240 - Cannot read IP mode file for wolfSSL.I-CUBE-wolfSSH.1.4.17
2024-12-22 14:06:03,084 [INFO] ThirdParty:978 - Integrity check success = true
2024-12-22 14:06:03,085 [INFO] IntegrityCheckThread:100 - exiting critical section [integrity check]
2024-12-22 14:06:03,085 [INFO] IntegrityCheckThread:103 - End integrity checks thread
2024-12-22 14:06:03,085 [INFO] ThirdParty:873 - entering critical section [close project]
2024-12-22 14:06:03,086 [INFO] ThirdParty:883 - exiting critical section [close project]
2024-12-22 14:06:03,092 [INFO] PinOutPanel:1499 - setPackage(No Configuration,No Configuration)
2024-12-22 14:06:03,099 [INFO] UtilMem:75 - Begin LoadConfig() Used Memory: 163338624 Bytes (268435456)
2024-12-22 14:06:03,100 [INFO] MicroXplorer:468 - Change Database Path : 
2024-12-22 14:06:03,100 [INFO] MicroXplorer:498 - Change Database Version : DB.6.0.81
2024-12-22 14:06:03,100 [INFO] OpenFileManager:308 - Change cursor
2024-12-22 14:06:03,160 [INFO] Mcu:1937 - Initializing MCU STM32F410C(8-B)Tx STM32F410CBTx STM32F410CBT3
2024-12-22 14:06:04,739 [INFO] Context:659 - Trying to add GPIOservice into a context  which must be forbidden
2024-12-22 14:06:05,908 [INFO] RtosManager:555 - Registered RTOS mode: class=CMSIS, group=RTOS, mode=CMSIS_V1, owner=FREERTOS
2024-12-22 14:06:05,908 [INFO] RtosManager:555 - Registered RTOS mode: class=CMSIS, group=RTOS2, mode=CMSIS_V2, owner=FREERTOS
2024-12-22 14:06:05,909 [INFO] RtosManager:555 - Registered RTOS mode: class=RTOS, group=Core, mode=CMSIS_V1, owner=FREERTOS
2024-12-22 14:06:05,909 [INFO] RtosManager:555 - Registered RTOS mode: class=RTOS, group=Core, mode=CMSIS_V2, owner=FREERTOS
2024-12-22 14:06:05,909 [WARN] ModelIntegratedComponent:184 - Missing modes for component STMicroelectronics:FreeRTOS:0.0.1:STMicroelectronics:RTOS:FreeRTOS:Core:::10.2.0:
2024-12-22 14:06:05,921 [WARN] ModelIntegratedComponent:63 - No mode defined for component null
2024-12-22 14:06:05,922 [WARN] ModelIntegratedComponent:63 - No mode defined for component null
2024-12-22 14:06:05,922 [WARN] ModelIntegratedComponent:63 - No mode defined for component null
2024-12-22 14:06:05,922 [WARN] ModelIntegratedComponent:63 - No mode defined for component null
2024-12-22 14:06:05,922 [WARN] ModelIntegratedComponent:63 - No mode defined for component null
2024-12-22 14:06:05,922 [WARN] ModelIntegratedComponent:63 - No mode defined for component null
2024-12-22 14:06:05,923 [WARN] ModelIntegratedComponent:63 - No mode defined for component null
2024-12-22 14:06:05,923 [WARN] ModelIntegratedComponent:63 - No mode defined for component null
2024-12-22 14:06:05,923 [WARN] ModelIntegratedComponent:63 - No mode defined for component null
2024-12-22 14:06:05,923 [WARN] ModelIntegratedComponent:63 - No mode defined for component null
2024-12-22 14:06:05,923 [WARN] ModelIntegratedComponent:63 - No mode defined for component null
2024-12-22 14:06:05,924 [WARN] ModelIntegratedComponent:63 - No mode defined for component null
2024-12-22 14:06:05,924 [WARN] ModelIntegratedComponent:63 - No mode defined for component null
2024-12-22 14:06:05,924 [WARN] ModelIntegratedComponent:63 - No mode defined for component null
2024-12-22 14:06:05,924 [WARN] ModelIntegratedComponent:63 - No mode defined for component null
2024-12-22 14:06:05,924 [WARN] ModelIntegratedComponent:63 - No mode defined for component null
2024-12-22 14:06:05,924 [WARN] ModelIntegratedComponent:63 - No mode defined for component null
2024-12-22 14:06:05,924 [WARN] ModelIntegratedComponent:63 - No mode defined for component null
2024-12-22 14:06:05,924 [WARN] ModelIntegratedComponent:63 - No mode defined for component null
2024-12-22 14:06:05,924 [WARN] ModelIntegratedComponent:63 - No mode defined for component null
2024-12-22 14:06:05,924 [WARN] ModelIntegratedComponent:63 - No mode defined for component null
2024-12-22 14:06:05,925 [WARN] ModelIntegratedComponent:63 - No mode defined for component null
2024-12-22 14:06:05,925 [WARN] ModelIntegratedComponent:63 - No mode defined for component null
2024-12-22 14:06:05,925 [WARN] ModelIntegratedComponent:63 - No mode defined for component null
2024-12-22 14:06:05,925 [WARN] ModelIntegratedComponent:63 - No mode defined for component null
2024-12-22 14:06:05,925 [WARN] ModelIntegratedComponent:63 - No mode defined for component null
2024-12-22 14:06:05,925 [WARN] ModelIntegratedComponent:63 - No mode defined for component null
2024-12-22 14:06:05,925 [WARN] ModelIntegratedComponent:63 - No mode defined for component null
2024-12-22 14:06:05,925 [WARN] ModelIntegratedComponent:63 - No mode defined for component null
2024-12-22 14:06:05,926 [WARN] ModelIntegratedComponent:63 - No mode defined for component null
2024-12-22 14:06:05,926 [WARN] ModelIntegratedComponent:63 - No mode defined for component null
2024-12-22 14:06:05,929 [WARN] ModelIntegratedComponent:63 - No mode defined for component null
2024-12-22 14:06:05,929 [WARN] ModelIntegratedComponent:63 - No mode defined for component null
2024-12-22 14:06:06,317 [INFO] ThirdPartyModel:298 - Start build external matchings
2024-12-22 14:06:09,040 [INFO] ThirdPartyModel:316 - End build external matchings
2024-12-22 14:06:09,431 [INFO] UtilMem:75 - End LoadConfig() Used Memory: 162667376 Bytes (275775488)
2024-12-22 14:06:09,697 [INFO] ApiDb:581 - Connected to CubeFinder SQLite database (C:\Users\rhett\.stmcufinder\plugins\mcufinder\mcu\cube-finder-db.db)
2024-12-22 14:06:09,837 [INFO] ApiDb:668 - CubeFinder database Data Model version=2.1
2024-12-22 14:06:09,837 [INFO] ApiDb:669 - CubeFinder database Configuration version=3.0.39
2024-12-22 14:06:09,838 [INFO] ApiDb:670 - CubeFinder database generation date=2024-11-21 (1732182206)
2024-12-22 14:06:09,838 [INFO] ApiDb:671 - CubeFinder database FW Pack versions=[FP-ATR-ASTRA1_V2.0.0, FP-SNS-FLIGHT1_V5.0.2, FP-SNS-MOTENV1_V5.0.0, FP-SNS-MOTENVWB1_V1.4.0, FP-SNS-SMARTAG2_V1.2.0, FP-SNS-STBOX1_V2.0.0, STM32Cube_FW_C0_V1.3.0, STM32Cube_FW_F4_V1.28.1, STM32Cube_FW_F7_V1.17.2, STM32Cube_FW_G0_V1.6.2, STM32Cube_FW_G4_V1.6.1, STM32Cube_FW_H5_V1.4.0, STM32Cube_FW_H7RS_V1.1.0, STM32Cube_FW_H7_V1.12.0, STM32Cube_FW_L0_V1.12.2, STM32Cube_FW_L4_V1.18.1, STM32Cube_FW_L5_V1.5.1, STM32Cube_FW_N6_V1.0.0, STM32Cube_FW_U0_V1.2.0, STM32Cube_FW_U3_V1.0.0, STM32Cube_FW_U5_V1.7.0, STM32Cube_FW_WB0_V1.1.0, STM32Cube_FW_WBA_V1.5.0, STM32Cube_FW_WB_V1.21.0, STM32Cube_FW_WL3_V1.0.0, STM32Cube_FW_WL_V1.3.0, X-CUBE-ALGOBUILD_V1.4.0, X-CUBE-ALS_V1.0.2, X-CUBE-AZRTOS-F4_V1.1.0, X-CUBE-AZRTOS-F7_V1.1.0, X-CUBE-AZRTOS-G0_V1.1.0, X-CUBE-AZRTOS-G4_V2.0.0, X-CUBE-AZRTOS-H7RS_V1.0.0, X-CUBE-AZRTOS-H7_V3.3.0, X-CUBE-AZRTOS-L4_V2.0.0, X-CUBE-AZRTOS-L5_V2.0.0, X-CUBE-AZRTOS-WB_V2.0.0, X-CUBE-AZRTOS-WL_V2.0.0, X-CUBE-BLE1_V7.0.0, X-CUBE-BLE2_V3.3.0, X-CUBE-BLEMGR_V3.1.0, X-CUBE-EEPRMA1_V5.1.0, X-CUBE-FREERTOS_V1.2.0, X-CUBE-GNSS1_V6.0.0, X-CUBE-MEMS1_V11.0.0, X-CUBE-NFC4_V3.0.0, X-CUBE-NFC7_V1.0.1, X-CUBE-SFXS2LP1_V4.0.0, X-CUBE-SUBG2_V5.0.0, X-CUBE-TOF1_V3.4.2]
2024-12-22 14:06:13,726 [INFO] ApiDb:240 - Found 297 in-development CPN: [B-G473E-ZEST1S, B-WB1M-WPAN1, B-WL5M-SUBG1, NUCLEO-C031C6, NUCLEO-H503RB, NUCLEO-H563ZI, NUCLEO-U545RE-Q, NUCLEO-U5A5ZJ-Q, NUCLEO-WBA52CG, STEVAL-PROTEUS1, STEVAL-STWINBX1, STM320518-EVAL, STM32C0116-DK, STM32C011D6Y3TR, STM32C011D6Y6TR, STM32C011F4P3, STM32C011F4P6, STM32C011F4U3, STM32C011F4U6TR, STM32C011F6P3, STM32C011F6P6, STM32C011F6U3, STM32C011F6U6TR, STM32C011J4M3, STM32C011J4M6, STM32C011J6M3, STM32C011J6M6, STM32C0316-DK, STM32C031C4T3, STM32C031C4T6, STM32C031C4U3, STM32C031C4U6, STM32C031C6T3, STM32C031C6T6, STM32C031C6U3, STM32C031C6U6, STM32C031F4P3, STM32C031F4P6, STM32C031F6P3, STM32C031F6P6, STM32C031G4U3, STM32C031G4U6, STM32C031G6U3, STM32C031G6U6, STM32C031K4T3, STM32C031K4T6, STM32C031K4U3, STM32C031K4U6, STM32C031K6T3, STM32C031K6T6, STM32C031K6U3, STM32C031K6U6, STM32G071K8TXN, STM32G071K8UXN, STM32G081GBU6N, STM32G081KBT6N, STM32G081KBUXN, STM32G0B1CCT6N, STM32G0B1KCT6, STM32G0B1NEY6TR, STM32G0B1RCT6N, STM32G0C1CCT6, STM32G0C1CCT6N, STM32G0C1CCU6N, STM32G0C1CET6N, STM32G0C1CEU6N, STM32G0C1KCT6, STM32G0C1NEY6TR, STM32G0C1RCI6N, STM32G0C1RCT6N, STM32G0C1REI6N, STM32G0C1RET6N, STM32G0C1VCI6, STM32G0C1VEI6, STM32G471CCT6, STM32G471CCU6, STM32G471CET3, STM32G471CET6, STM32G471CEU3, STM32G471CEU6, STM32G471MCT6, STM32G471MET3, STM32G471MET6, STM32G471MEY6TR, STM32G471QCT6, STM32G471QET3, STM32G471RCT6, STM32G471RET3, STM32G471RET6, STM32G471VCH6, STM32G471VCI6, STM32G471VCT6, STM32G471VEH3, STM32G471VEH6, STM32G471VEI3, STM32G471VEI6, STM32G471VET3, STM32G471VET6, STM32G474CCT6, STM32H503CBT6, STM32H503CBU6, STM32H503EBY6TR, STM32H503KBU6, STM32H503RBT6, STM32H562AGI6, STM32H562AII6, STM32H562IGK6, STM32H562IGT6, STM32H562IIK6, STM32H562IIT6, STM32H562RGT6, STM32H562RGV6, STM32H562RIT6, STM32H562RIV6, STM32H562VGT6, STM32H562VIT6, STM32H562ZGT6, STM32H562ZIT6, STM32H563AGI6, STM32H563AII3Q, STM32H563AII6, STM32H563IGK6, STM32H563IGT6, STM32H563IIK3Q, STM32H563IIK6, STM32H563IIT3Q, STM32H563IIT6, STM32H563MIY3QTR, STM32H563RGT6, STM32H563RGV6, STM32H563RIT6, STM32H563RIV6, STM32H563VGT6, STM32H563VIT3Q, STM32H563VIT6, STM32H563ZGT6, STM32H563ZIT3Q, STM32H563ZIT6, STM32H573AII3Q, STM32H573AII6, STM32H573I-DK, STM32H573IIK3Q, STM32H573IIK6, STM32H573IIT3Q, STM32H573IIT6, STM32H573MIY3QTR, STM32H573RIT6, STM32H573RIV6, STM32H573VIT3Q, STM32H573VIT6, STM32H573ZIT3Q, STM32H573ZIT6, STM32L4R5QGI6STR, STM32MP131AAE3, STM32MP131AAF3, STM32MP131AAG3, STM32MP131CAE3, STM32MP131CAF3, STM32MP131CAG3, STM32MP131DAE7, STM32MP131DAF7, STM32MP131DAG7, STM32MP131FAE7, STM32MP131FAF7, STM32MP131FAG7, STM32MP133AAE3, STM32MP133AAF3, STM32MP133AAG3, STM32MP133CAE3, STM32MP133CAF3, STM32MP133CAG3, STM32MP133DAE7, STM32MP133DAF7, STM32MP133DAG7, STM32MP133FAE7, STM32MP133FAF7, STM32MP133FAG7, STM32MP135AAE3, STM32MP135AAF3, STM32MP135AAG3, STM32MP135CAE3, STM32MP135CAF3, STM32MP135CAG3, STM32MP135DAE7, STM32MP135DAF7, STM32MP135DAG7, STM32MP135F-DK, STM32MP135FAE7, STM32MP135FAF7, STM32MP135FAF7T, STM32MP135FAF7U, STM32MP135FAG7, STM32U535CBT6, STM32U535CBT6Q, STM32U535CBU6, STM32U535CBU6Q, STM32U535CCT6, STM32U535CCT6Q, STM32U535CCU6, STM32U535CCU6Q, STM32U535CET6, STM32U535CET6Q, STM32U535CEU6, STM32U535CEU6Q, STM32U535JEY6QTR, STM32U535NCY6QTR, STM32U535NEY6QTR, STM32U535RBI6, STM32U535RBI6Q, STM32U535RBT6, STM32U535RBT6Q, STM32U535RCI6, STM32U535RCI6Q, STM32U535RCT6, STM32U535RCT6Q, STM32U535REI6, STM32U535REI6Q, STM32U535RET6, STM32U535RET6Q, STM32U535VCI6, STM32U535VCI6Q, STM32U535VCT6, STM32U535VCT6Q, STM32U535VEI6, STM32U535VEI6Q, STM32U535VET6, STM32U535VET6Q, STM32U545CET6, STM32U545CET6Q, STM32U545CEU6, STM32U545CEU6Q, STM32U545JEY6QTR, STM32U545NEY6QTR, STM32U545REI6, STM32U545REI6Q, STM32U545RET6, STM32U545RET6Q, STM32U545VEI6, STM32U545VEI6Q, STM32U545VET6, STM32U545VET6Q, STM32U595AIH6, STM32U595AIH6Q, STM32U595AJH6, STM32U595AJH6Q, STM32U595QII6, STM32U595QII6Q, STM32U595QJI6, STM32U595QJI6Q, STM32U595RIT6, STM32U595RIT6Q, STM32U595RJT6, STM32U595RJT6Q, STM32U595VIT6, STM32U595VIT6Q, STM32U595VJT6, STM32U595VJT6Q, STM32U595ZIT6, STM32U595ZIT6Q, STM32U595ZIY6QTR, STM32U595ZJT6, STM32U595ZJT6Q, STM32U595ZJY6QTR, STM32U599BJY6QTR, STM32U599NIH6Q, STM32U599NJH6Q, STM32U599VIT6Q, STM32U599VJT6, STM32U599VJT6Q, STM32U599ZIT6Q, STM32U599ZIY6QTR, STM32U599ZJT6Q, STM32U599ZJY6QTR, STM32U5A5AJH6, STM32U5A5AJH6Q, STM32U5A5QJI6, STM32U5A5QJI6Q, STM32U5A5RJT6, STM32U5A5RJT6Q, STM32U5A5VJT6, STM32U5A5VJT6Q, STM32U5A5ZJT6, STM32U5A5ZJT6Q, STM32U5A5ZJY6QTR, STM32U5A9BJY6QTR, STM32U5A9J-DK, STM32U5A9NJH6Q, STM32U5A9VJT6Q, STM32U5A9ZJT6Q, STM32U5A9ZJY6QTR, STM32WB1MMCH6, STM32WBA52CEU6, STM32WBA52CEU6T, STM32WBA52CGU6, STM32WBA52CGU6T, STM32WL5MOCH6, STM32WL5MOCH6TR]
2024-12-22 14:06:13,733 [INFO] DbMcus:216 - Found 4366 MCUs, 4366 are supported
2024-12-22 14:06:13,738 [INFO] ApiDb:423 - Load user favorites file C:\Users\rhett/.stm32cubeide/favorites.mcus.txt: 0 item(s)
2024-12-22 14:06:13,739 [INFO] ApiDb:427 - User favorites MCUs=[]
2024-12-22 14:06:13,739 [INFO] DbMcus:222 - Set 0 / 0 favorites MCUs
2024-12-22 14:06:14,633 [WARN] ThirdParty:833 - waiting for thirdparty lock release [change project]
2024-12-22 14:06:14,633 [INFO] ThirdParty:835 - entering critical section [change project]
2024-12-22 14:06:14,633 [INFO] ThirdParty:1030 - CMSIS Pack Vendor :STMicroelectronics X-CUBE-GNSS1 6.0.0
2024-12-22 14:06:14,633 [INFO] ThirdParty:1030 - CMSIS Pack Vendor :STMicroelectronics USB_HOST 2.0.0
2024-12-22 14:06:14,633 [INFO] ThirdParty:1030 - CMSIS Pack Vendor :STMicroelectronics X-CUBE-AZRTOS-F4 1.1.0
2024-12-22 14:06:14,633 [INFO] ThirdParty:1030 - CMSIS Pack Vendor :STMicroelectronics LIBJPEG 8.0.0
2024-12-22 14:06:14,633 [INFO] ThirdParty:1030 - CMSIS Pack Vendor :STMicroelectronics FP-ATR-ASTRA1 2.0.1
2024-12-22 14:06:14,633 [INFO] ThirdParty:1030 - CMSIS Pack Vendor :STMicroelectronics X-CUBE-SMBUS 2.1.0
2024-12-22 14:06:14,634 [INFO] ThirdParty:1030 - CMSIS Pack Vendor :STMicroelectronics X-CUBE-WB05N 1.1.0
2024-12-22 14:06:14,634 [INFO] ThirdParty:1030 - CMSIS Pack Vendor :wolfSSL I-CUBE-wolfSSL 5.6.0
2024-12-22 14:06:14,634 [INFO] ThirdParty:1030 - CMSIS Pack Vendor :STMicroelectronics X-CUBE-ISPU 2.1.0
2024-12-22 14:06:14,634 [INFO] ThirdParty:1030 - CMSIS Pack Vendor :STMicroelectronics X-CUBE-FREERTOS 1.2.0
2024-12-22 14:06:14,634 [INFO] ThirdParty:1030 - CMSIS Pack Vendor :STMicroelectronics X-CUBE-TOUCHGFX 4.23.1
2024-12-22 14:06:14,634 [INFO] ThirdParty:1030 - CMSIS Pack Vendor :STMicroelectronics X-CUBE-TOUCHGFX 4.23.0
2024-12-22 14:06:14,634 [INFO] ThirdParty:1030 - CMSIS Pack Vendor :STMicroelectronics X-CUBE-TOUCHGFX 4.23.2
2024-12-22 14:06:14,634 [INFO] ThirdParty:1030 - CMSIS Pack Vendor :STMicroelectronics X-CUBE-AZRTOS-F7 1.1.0
2024-12-22 14:06:14,634 [INFO] ThirdParty:1030 - CMSIS Pack Vendor :STMicroelectronics X-CUBE-AZRTOS-L5 2.0.0
2024-12-22 14:06:14,634 [INFO] ThirdParty:1030 - CMSIS Pack Vendor :STMicroelectronics USB_DEVICE 2.0.0
2024-12-22 14:06:14,634 [INFO] ThirdParty:1030 - CMSIS Pack Vendor :STMicroelectronics X-CUBE-MEMS1 9.6.0
2024-12-22 14:06:14,634 [INFO] ThirdParty:1030 - CMSIS Pack Vendor :STMicroelectronics X-CUBE-EEPRMA1 4.2.0
2024-12-22 14:06:14,634 [INFO] ThirdParty:1030 - CMSIS Pack Vendor :STMicroelectronics X-CUBE-NFC6 3.1.0
2024-12-22 14:06:14,634 [INFO] ThirdParty:1030 - CMSIS Pack Vendor :ITTIA_DB I-CUBE-ITTIADB 8.8.0
2024-12-22 14:06:14,634 [INFO] ThirdParty:1030 - CMSIS Pack Vendor :STMicroelectronics FP-SNS-MOTENV1 4.3.0
2024-12-22 14:06:14,635 [INFO] ThirdParty:1030 - CMSIS Pack Vendor :STMicroelectronics FP-SNS-MOTENV1 4.3.2
2024-12-22 14:06:14,635 [INFO] ThirdParty:1030 - CMSIS Pack Vendor :STMicroelectronics FP-SNS-FLIGHT1 5.0.0
2024-12-22 14:06:14,635 [INFO] ThirdParty:1030 - CMSIS Pack Vendor :STMicroelectronics FP-SNS-MOTENV1 4.3.1
2024-12-22 14:06:14,635 [INFO] ThirdParty:1030 - CMSIS Pack Vendor :STMicroelectronics FP-SNS-FLIGHT1 5.0.1
2024-12-22 14:06:14,635 [INFO] ThirdParty:1030 - CMSIS Pack Vendor :STMicroelectronics X-CUBE-MEMS1 11.0.0
2024-12-22 14:06:14,635 [INFO] ThirdParty:1030 - CMSIS Pack Vendor :STMicroelectronics X-CUBE-BLE1 6.2.4
2024-12-22 14:06:14,635 [INFO] ThirdParty:1030 - CMSIS Pack Vendor :STMicroelectronics FreeRTOS 0.0.1
2024-12-22 14:06:14,635 [INFO] ThirdParty:1030 - CMSIS Pack Vendor :emotas I-CUBE-CANOPEN 1.1.3
2024-12-22 14:06:14,635 [INFO] ThirdParty:1030 - CMSIS Pack Vendor :STMicroelectronics X-CUBE-BLEMGR 2.0.0
2024-12-22 14:06:14,635 [INFO] ThirdParty:1030 - CMSIS Pack Vendor :STMicroelectronics FP-SNS-FLIGHT1 5.0.2
2024-12-22 14:06:14,635 [INFO] ThirdParty:1030 - CMSIS Pack Vendor :STMicroelectronics X-CUBE-AI 9.0.0
2024-12-22 14:06:14,635 [INFO] ThirdParty:1030 - CMSIS Pack Vendor :STMicroelectronics X-CUBE-AZRTOS-H7 3.1.0
2024-12-22 14:06:14,635 [INFO] ThirdParty:1030 - CMSIS Pack Vendor :STMicroelectronics PDM2PCM 3.3.0
2024-12-22 14:06:14,635 [INFO] ThirdParty:1030 - CMSIS Pack Vendor :STMicroelectronics X-CUBE-DISPLAY 3.0.0
2024-12-22 14:06:14,635 [INFO] ThirdParty:1030 - CMSIS Pack Vendor :STMicroelectronics X-CUBE-BLE1 7.0.0
2024-12-22 14:06:14,635 [INFO] ThirdParty:1030 - CMSIS Pack Vendor :STMicroelectronics X-CUBE-NFC10 1.0.0
2024-12-22 14:06:14,635 [INFO] ThirdParty:1030 - CMSIS Pack Vendor :STMicroelectronics HAL Drivers 0.0.0
2024-12-22 14:06:14,635 [INFO] ThirdParty:1030 - CMSIS Pack Vendor :STMicroelectronics X-CUBE-FREERTOS 1.3.0
2024-12-22 14:06:14,636 [INFO] ThirdParty:1030 - CMSIS Pack Vendor :STMicroelectronics X-CUBE-TOUCHGFX 4.22.0
2024-12-22 14:06:14,636 [INFO] ThirdParty:1030 - CMSIS Pack Vendor :STMicroelectronics X-CUBE-NFC7 1.0.1
2024-12-22 14:06:14,636 [INFO] ThirdParty:1030 - CMSIS Pack Vendor :STMicroelectronics MBEDTLS 2.14.1
2024-12-22 14:06:14,636 [INFO] ThirdParty:1030 - CMSIS Pack Vendor :STMicroelectronics X-CUBE-NFC7 1.0.0
2024-12-22 14:06:14,636 [INFO] ThirdParty:1030 - CMSIS Pack Vendor :STMicroelectronics X-CUBE-TOUCHGFX 4.22.1
2024-12-22 14:06:14,636 [INFO] ThirdParty:1030 - CMSIS Pack Vendor :wolfSSL I-CUBE-wolfTPM 3.2.0
2024-12-22 14:06:14,636 [INFO] ThirdParty:1030 - CMSIS Pack Vendor :STMicroelectronics X-CUBE-NFC6 3.0.0
2024-12-22 14:06:14,636 [INFO] ThirdParty:1030 - CMSIS Pack Vendor :STMicroelectronics X-CUBE-EEPRMA1 4.1.0
2024-12-22 14:06:14,636 [INFO] ThirdParty:1030 - CMSIS Pack Vendor :STMicroelectronics X-CUBE-BLEMGR 3.1.0
2024-12-22 14:06:14,636 [INFO] ThirdParty:1030 - CMSIS Pack Vendor :STMicroelectronics FP-SNS-SMARTAG2 1.2.0
2024-12-22 14:06:14,636 [INFO] ThirdParty:1030 - CMSIS Pack Vendor :STMicroelectronics X-CUBE-MEMS1 11.1.0
2024-12-22 14:06:14,636 [INFO] ThirdParty:1030 - CMSIS Pack Vendor :STMicroelectronics X-CUBE-AZRTOS-WL 2.0.0
2024-12-22 14:06:14,636 [INFO] ThirdParty:1030 - CMSIS Pack Vendor :STMicroelectronics FP-SNS-MOTENV1 5.0.0
2024-12-22 14:06:14,636 [INFO] ThirdParty:1030 - CMSIS Pack Vendor :STMicroelectronics USB_DEVICE 1.0.0
2024-12-22 14:06:14,637 [INFO] ThirdParty:1030 - CMSIS Pack Vendor :STMicroelectronics X-CUBE-AI 8.1.0
2024-12-22 14:06:14,637 [INFO] ThirdParty:1030 - CMSIS Pack Vendor :wolfSSL I-CUBE-wolfMQTT 1.19.0
2024-12-22 14:06:14,637 [INFO] ThirdParty:1030 - CMSIS Pack Vendor :STMicroelectronics X-CUBE-AZRTOS-L4 2.0.0
2024-12-22 14:06:14,637 [INFO] ThirdParty:1030 - CMSIS Pack Vendor :STMicroelectronics ThreadX 0.0.2
2024-12-22 14:06:14,637 [INFO] ThirdParty:1030 - CMSIS Pack Vendor :WES I-CUBE-Cesium 1.3.0
2024-12-22 14:06:14,637 [INFO] ThirdParty:1030 - CMSIS Pack Vendor :STMicroelectronics lwIP 2.1.2
2024-12-22 14:06:14,637 [INFO] ThirdParty:1030 - CMSIS Pack Vendor :STMicroelectronics X-CUBE-SFXS2LP1 4.0.0
2024-12-22 14:06:14,637 [INFO] ThirdParty:1030 - CMSIS Pack Vendor :STMicroelectronics X-CUBE-BLE2 3.3.0
2024-12-22 14:06:14,637 [INFO] ThirdParty:1030 - CMSIS Pack Vendor :STMicroelectronics PDM2PCM 3.2.0
2024-12-22 14:06:14,637 [INFO] ThirdParty:1030 - CMSIS Pack Vendor :STMicroelectronics X-CUBE-ISPU 1.1.0
2024-12-22 14:06:14,637 [INFO] ThirdParty:1030 - CMSIS Pack Vendor :STMicroelectronics X-CUBE-AZRTOS-H7 3.3.0
2024-12-22 14:06:14,637 [INFO] ThirdParty:1030 - CMSIS Pack Vendor :STMicroelectronics X-CUBE-NFC9 1.0.0
2024-12-22 14:06:14,637 [INFO] ThirdParty:1030 - CMSIS Pack Vendor :STMicroelectronics USB_DEVICE 3.0.0
2024-12-22 14:06:14,637 [INFO] ThirdParty:1030 - CMSIS Pack Vendor :STMicroelectronics X-CUBE-TCPP 4.1.0
2024-12-22 14:06:14,638 [INFO] ThirdParty:1030 - CMSIS Pack Vendor :STMicroelectronics X-CUBE-AI 8.0.0
2024-12-22 14:06:14,638 [INFO] ThirdParty:1030 - CMSIS Pack Vendor :STMicroelectronics X-CUBE-AZRTOS-WB 2.0.0
2024-12-22 14:06:14,638 [INFO] ThirdParty:1030 - CMSIS Pack Vendor :STMicroelectronics X-CUBE-FREERTOS 1.0.1
2024-12-22 14:06:14,638 [INFO] ThirdParty:1030 - CMSIS Pack Vendor :STMicroelectronics X-CUBE-GNSS1 7.0.0
2024-12-22 14:06:14,639 [INFO] ThirdParty:1030 - CMSIS Pack Vendor :STMicroelectronics X-CUBE-GNSS1 7.0.1
2024-12-22 14:06:14,639 [INFO] ThirdParty:1030 - CMSIS Pack Vendor :STMicroelectronics X-CUBE-TOUCHGFX 4.21.3
2024-12-22 14:06:14,639 [INFO] ThirdParty:1030 - CMSIS Pack Vendor :STMicroelectronics X-CUBE-TOUCHGFX 4.21.4
2024-12-22 14:06:14,640 [INFO] ThirdParty:1030 - CMSIS Pack Vendor :STMicroelectronics X-CUBE-ALGOBUILD 1.3.0
2024-12-22 14:06:14,640 [INFO] ThirdParty:1030 - CMSIS Pack Vendor :STMicroelectronics X-CUBE-AZRTOS-L5 1.1.0
2024-12-22 14:06:14,640 [INFO] ThirdParty:1030 - CMSIS Pack Vendor :STMicroelectronics X-CUBE-AZRTOS-G0 1.1.0
2024-12-22 14:06:14,640 [INFO] ThirdParty:1030 - CMSIS Pack Vendor :STMicroelectronics X-CUBE-AI 8.0.1
2024-12-22 14:06:14,640 [INFO] ThirdParty:1030 - CMSIS Pack Vendor :STMicroelectronics X-CUBE-SAFEA1 1.2.2
2024-12-22 14:06:14,640 [INFO] ThirdParty:1030 - CMSIS Pack Vendor :STMicroelectronics X-CUBE-NFC4 3.0.0
2024-12-22 14:06:14,640 [INFO] ThirdParty:1030 - CMSIS Pack Vendor :STMicroelectronics X-CUBE-SUBG2 5.0.0
2024-12-22 14:06:14,640 [INFO] ThirdParty:1030 - CMSIS Pack Vendor :STMicroelectronics STM32_WPAN 1.0.0
2024-12-22 14:06:14,640 [INFO] ThirdParty:1030 - CMSIS Pack Vendor :wolfSSL I-CUBE-wolfMQTT 1.18.0
2024-12-22 14:06:14,640 [INFO] ThirdParty:1030 - CMSIS Pack Vendor :STMicroelectronics lwIP 2.0.3
2024-12-22 14:06:14,640 [INFO] ThirdParty:1030 - CMSIS Pack Vendor :Cesanta I-CUBE-Mongoose 7.13.0
2024-12-22 14:06:14,640 [INFO] ThirdParty:1030 - CMSIS Pack Vendor :STMicroelectronics USB_HOST 1.0.0
2024-12-22 14:06:14,640 [INFO] ThirdParty:1030 - CMSIS Pack Vendor :STMicroelectronics X-CUBE-TOF1 3.3.1
2024-12-22 14:06:14,640 [INFO] ThirdParty:1030 - CMSIS Pack Vendor :STMicroelectronics X-CUBE-AZRTOS-G4 2.0.0
2024-12-22 14:06:14,640 [INFO] ThirdParty:1030 - CMSIS Pack Vendor :STMicroelectronics PDM2PCM 3.1.0
2024-12-22 14:06:14,640 [INFO] ThirdParty:1030 - CMSIS Pack Vendor :STMicroelectronics X-CUBE-TOF1 3.3.0
2024-12-22 14:06:14,641 [INFO] ThirdParty:1030 - CMSIS Pack Vendor :Infineon AIROC-Wi-Fi-Bluetooth-STM32 1.5.1
2024-12-22 14:06:14,641 [INFO] ThirdParty:1030 - CMSIS Pack Vendor :STMicroelectronics X-CUBE-BLEMGR 3.0.0
2024-12-22 14:06:14,641 [INFO] ThirdParty:1030 - CMSIS Pack Vendor :STMicroelectronics FP-SNS-MOTENVWB1 1.3.0
2024-12-22 14:06:14,641 [INFO] ThirdParty:1030 - CMSIS Pack Vendor :STMicroelectronics FP-SNS-MOTENVWB1 1.3.1
2024-12-22 14:06:14,641 [INFO] ThirdParty:1030 - CMSIS Pack Vendor :STMicroelectronics FP-ATR-SIGFOX1 3.2.0
2024-12-22 14:06:14,641 [INFO] ThirdParty:1030 - CMSIS Pack Vendor :STMicroelectronics X-CUBE-AZRTOS-G4 1.0.0
2024-12-22 14:06:14,641 [INFO] ThirdParty:1030 - CMSIS Pack Vendor :STMicroelectronics X-CUBE-AZRTOS-L4 1.0.0
2024-12-22 14:06:14,641 [INFO] ThirdParty:1030 - CMSIS Pack Vendor :STMicroelectronics X-CUBE-ISPU 2.0.0
2024-12-22 14:06:14,641 [INFO] ThirdParty:1030 - CMSIS Pack Vendor :STMicroelectronics X-CUBE-EEPRMA1 5.1.0
2024-12-22 14:06:14,641 [INFO] ThirdParty:1030 - CMSIS Pack Vendor :STMicroelectronics MBEDTLS 2.16.2
2024-12-22 14:06:14,641 [INFO] ThirdParty:1030 - CMSIS Pack Vendor :STMicroelectronics X-CUBE-ALS 1.0.2
2024-12-22 14:06:14,641 [INFO] ThirdParty:1030 - CMSIS Pack Vendor :STMicroelectronics X-CUBE-MEMS1 10.0.0
2024-12-22 14:06:14,641 [INFO] ThirdParty:1030 - CMSIS Pack Vendor :STMicroelectronics X-CUBE-FREERTOS 1.1.0
2024-12-22 14:06:14,641 [INFO] ThirdParty:1030 - CMSIS Pack Vendor :STMicroelectronics X-CUBE-TOUCHGFX 4.24.0
2024-12-22 14:06:14,641 [INFO] ThirdParty:1030 - CMSIS Pack Vendor :STMicroelectronics X-CUBE-AZRTOS-WL 1.0.0
2024-12-22 14:06:14,641 [INFO] ThirdParty:1030 - CMSIS Pack Vendor :STMicroelectronics X-CUBE-TOUCHGFX 4.24.1
2024-12-22 14:06:14,642 [INFO] ThirdParty:1030 - CMSIS Pack Vendor :portGmbH I-Cube-SoM-uGOAL 1.1.0
2024-12-22 14:06:14,642 [INFO] ThirdParty:1030 - CMSIS Pack Vendor :STMicroelectronics X-CUBE-ALS 1.0.1
2024-12-22 14:06:14,642 [INFO] ThirdParty:1030 - CMSIS Pack Vendor :STMicroelectronics X-CUBE-MEMS1 9.5.0
2024-12-22 14:06:14,642 [INFO] ThirdParty:1030 - CMSIS Pack Vendor :STMicroelectronics ThreadX 1.0.0
2024-12-22 14:06:14,642 [INFO] ThirdParty:1030 - CMSIS Pack Vendor :STMicroelectronics X-CUBE-AZRTOS-WB 1.1.0
2024-12-22 14:06:14,642 [INFO] ThirdParty:1030 - CMSIS Pack Vendor :SEGGER I-CUBE-embOS 1.3.1
2024-12-22 14:06:14,642 [INFO] ThirdParty:1030 - CMSIS Pack Vendor :STMicroelectronics X-CUBE-ALGOBUILD 1.4.0
2024-12-22 14:06:14,642 [INFO] ThirdParty:1030 - CMSIS Pack Vendor :STMicroelectronics X-CUBE-AZRTOS-H7RS 1.0.0
2024-12-22 14:06:14,642 [INFO] ThirdParty:1030 - CMSIS Pack Vendor :STMicroelectronics FP-ATR-ASTRA1 2.0.0
2024-12-22 14:06:14,642 [INFO] ThirdParty:1030 - CMSIS Pack Vendor :STMicroelectronics X-CUBE-AI 9.1.0
2024-12-22 14:06:14,642 [INFO] ThirdParty:1030 - CMSIS Pack Vendor :STMicroelectronics X-CUBE-TOF1 3.4.0
2024-12-22 14:06:14,643 [INFO] ThirdParty:1030 - CMSIS Pack Vendor :STMicroelectronics X-CUBE-TOF1 3.4.1
2024-12-22 14:06:14,643 [INFO] ThirdParty:1030 - CMSIS Pack Vendor :STMicroelectronics X-CUBE-AZRTOS-H7 3.2.0
2024-12-22 14:06:14,643 [INFO] ThirdParty:1030 - CMSIS Pack Vendor :wolfSSL I-CUBE-wolfSSH 1.4.17
2024-12-22 14:06:14,644 [INFO] ThirdParty:841 - exiting critical section [change project]
2024-12-22 14:06:15,187 [INFO] PinOutPanel:1499 - setPackage(No Configuration,No Configuration)
2024-12-22 14:06:15,190 [INFO] PinOutPanel:1499 - setPackage(STM32F410CBTx,LQFP48)
2024-12-22 14:06:15,944 [INFO] UtilMem:75 - Before build in PCC Used Memory: 209677264 Bytes (283115520)
2024-12-22 14:06:17,406 [INFO] UtilMem:75 - After build in PCC Used Memory: 223773504 Bytes (283115520)
2024-12-22 14:06:17,460 [INFO] IPUIPlugin:80 - create IPUIPlugin
2024-12-22 14:06:17,460 [INFO] IPUIPlugin:80 - create IPUIPlugin
2024-12-22 14:06:17,460 [INFO] IPUIPlugin:80 - create IPUIPlugin
2024-12-22 14:06:17,461 [INFO] IPUIPlugin:80 - create IPUIPlugin
2024-12-22 14:06:17,461 [INFO] IPUIPlugin:80 - create IPUIPlugin
2024-12-22 14:06:17,461 [INFO] IPUIPlugin:80 - create IPUIPlugin
2024-12-22 14:06:17,461 [INFO] IPUIPlugin:80 - create IPUIPlugin
2024-12-22 14:06:17,461 [INFO] IPUIPlugin:80 - create IPUIPlugin
2024-12-22 14:06:17,462 [INFO] IPUIPlugin:80 - create IPUIPlugin
2024-12-22 14:06:17,462 [INFO] IPUIPlugin:80 - create IPUIPlugin
2024-12-22 14:06:17,462 [INFO] IPUIPlugin:80 - create IPUIPlugin
2024-12-22 14:06:17,462 [INFO] IPUIPlugin:80 - create IPUIPlugin
2024-12-22 14:06:17,462 [INFO] IPUIPlugin:80 - create IPUIPlugin
2024-12-22 14:06:17,462 [INFO] IPUIPlugin:80 - create IPUIPlugin
2024-12-22 14:06:17,463 [INFO] IPUIPlugin:80 - create IPUIPlugin
2024-12-22 14:06:17,463 [INFO] IPUIPlugin:80 - create IPUIPlugin
2024-12-22 14:06:17,465 [INFO] IPUIPlugin:80 - create IPUIPlugin
2024-12-22 14:06:17,465 [INFO] IPUIPlugin:80 - create IPUIPlugin
2024-12-22 14:06:17,466 [INFO] IPUIPlugin:80 - create IPUIPlugin
2024-12-22 14:06:17,466 [INFO] IPUIPlugin:80 - create IPUIPlugin
2024-12-22 14:06:17,466 [INFO] IPUIPlugin:80 - create IPUIPlugin
2024-12-22 14:06:17,467 [INFO] IPUIPlugin:80 - create IPUIPlugin
2024-12-22 14:06:17,467 [INFO] IPUIPlugin:80 - create IPUIPlugin
2024-12-22 14:06:17,468 [INFO] IPUIPlugin:80 - create IPUIPlugin
2024-12-22 14:06:17,468 [INFO] IPUIPlugin:80 - create IPUIPlugin
2024-12-22 14:06:17,468 [INFO] IPUIPlugin:80 - create IPUIPlugin
2024-12-22 14:06:17,469 [INFO] IPUIPlugin:80 - create IPUIPlugin
2024-12-22 14:06:17,469 [INFO] IPUIPlugin:80 - create IPUIPlugin
2024-12-22 14:06:17,470 [INFO] IPUIPlugin:80 - create IPUIPlugin
2024-12-22 14:06:17,470 [INFO] IPUIPlugin:80 - create IPUIPlugin
2024-12-22 14:06:17,471 [INFO] IPUIPlugin:80 - create IPUIPlugin
2024-12-22 14:06:17,471 [INFO] IPUIPlugin:80 - create IPUIPlugin
2024-12-22 14:06:17,471 [INFO] IPUIPlugin:80 - create IPUIPlugin
2024-12-22 14:06:17,472 [INFO] IPUIPlugin:80 - create IPUIPlugin
2024-12-22 14:06:17,472 [INFO] IPUIPlugin:80 - create IPUIPlugin
2024-12-22 14:06:17,611 [INFO] ApiDbMcu:507 - Load IP Config File for PDM2PCM
2024-12-22 14:06:17,878 [INFO] CADModel:165 - CPN selected for project levelSTM32F410CBT3
2024-12-22 14:06:17,879 [INFO] CADModel:114 - Register for checkConnection events
2024-12-22 14:06:17,960 [INFO] OpenFileManager:328 - Restore cursor
2024-12-22 14:06:34,414 [WARN] IP:2113 - I2C_Coeff_DF not found: check if there is a RefParameter without a condition.
2024-12-22 14:06:34,414 [WARN] IP:2113 - Analog_Filter not found: check if there is a RefParameter without a condition.
2024-12-22 14:06:34,431 [WARN] IP:2113 - I2C_Coeff_DF not found: check if there is a RefParameter without a condition.
2024-12-22 14:06:34,432 [WARN] IP:2113 - Analog_Filter not found: check if there is a RefParameter without a condition.
2024-12-22 14:06:34,432 [WARN] IP:2113 - I2C_Coeff_DF not found: check if there is a RefParameter without a condition.
2024-12-22 14:06:34,432 [WARN] IP:2113 - Analog_Filter not found: check if there is a RefParameter without a condition.
2024-12-22 14:06:34,593 [WARN] IP:2113 - I2C_Coeff_DF not found: check if there is a RefParameter without a condition.
2024-12-22 14:06:34,594 [WARN] IP:2113 - Analog_Filter not found: check if there is a RefParameter without a condition.
2024-12-22 14:06:34,598 [WARN] IP:2113 - I2C_Coeff_DF not found: check if there is a RefParameter without a condition.
2024-12-22 14:06:34,599 [WARN] IP:2113 - Analog_Filter not found: check if there is a RefParameter without a condition.
2024-12-22 14:08:14,080 [WARN] IP:2113 - I2C_Coeff_DF not found: check if there is a RefParameter without a condition.
2024-12-22 14:08:14,080 [WARN] IP:2113 - Analog_Filter not found: check if there is a RefParameter without a condition.
2024-12-22 14:08:14,081 [WARN] IP:2113 - I2C_Coeff_DF not found: check if there is a RefParameter without a condition.
2024-12-22 14:08:14,081 [WARN] IP:2113 - Analog_Filter not found: check if there is a RefParameter without a condition.
2024-12-22 14:08:39,025 [WARN] IP:2113 - I2C_Coeff_DF not found: check if there is a RefParameter without a condition.
2024-12-22 14:08:39,025 [WARN] IP:2113 - Analog_Filter not found: check if there is a RefParameter without a condition.
2024-12-22 14:08:39,026 [WARN] IP:2113 - I2C_Coeff_DF not found: check if there is a RefParameter without a condition.
2024-12-22 14:08:39,026 [WARN] IP:2113 - Analog_Filter not found: check if there is a RefParameter without a condition.
2024-12-22 14:08:44,071 [WARN] IP:2113 - I2C_Coeff_DF not found: check if there is a RefParameter without a condition.
2024-12-22 14:08:44,071 [WARN] IP:2113 - Analog_Filter not found: check if there is a RefParameter without a condition.
2024-12-22 14:08:44,072 [WARN] IP:2113 - I2C_Coeff_DF not found: check if there is a RefParameter without a condition.
2024-12-22 14:08:44,072 [WARN] IP:2113 - Analog_Filter not found: check if there is a RefParameter without a condition.
2024-12-22 14:09:10,671 [WARN] IP:2113 - I2C_Coeff_DF not found: check if there is a RefParameter without a condition.
2024-12-22 14:09:10,671 [WARN] IP:2113 - Analog_Filter not found: check if there is a RefParameter without a condition.
2024-12-22 14:09:10,671 [WARN] IP:2113 - I2C_Coeff_DF not found: check if there is a RefParameter without a condition.
2024-12-22 14:09:10,671 [WARN] IP:2113 - Analog_Filter not found: check if there is a RefParameter without a condition.
2024-12-22 14:09:11,536 [WARN] IP:2113 - I2C_Coeff_DF not found: check if there is a RefParameter without a condition.
2024-12-22 14:09:11,536 [WARN] IP:2113 - Analog_Filter not found: check if there is a RefParameter without a condition.
2024-12-22 14:09:11,536 [WARN] IP:2113 - I2C_Coeff_DF not found: check if there is a RefParameter without a condition.
2024-12-22 14:09:11,536 [WARN] IP:2113 - Analog_Filter not found: check if there is a RefParameter without a condition.
2024-12-22 14:09:11,687 [WARN] IP:2113 - I2C_Coeff_DF not found: check if there is a RefParameter without a condition.
2024-12-22 14:09:11,688 [WARN] IP:2113 - Analog_Filter not found: check if there is a RefParameter without a condition.
2024-12-22 14:09:11,688 [WARN] IP:2113 - I2C_Coeff_DF not found: check if there is a RefParameter without a condition.
2024-12-22 14:09:11,688 [WARN] IP:2113 - Analog_Filter not found: check if there is a RefParameter without a condition.
2024-12-22 14:09:11,842 [WARN] IP:2113 - I2C_Coeff_DF not found: check if there is a RefParameter without a condition.
2024-12-22 14:09:11,842 [WARN] IP:2113 - Analog_Filter not found: check if there is a RefParameter without a condition.
2024-12-22 14:09:11,843 [WARN] IP:2113 - I2C_Coeff_DF not found: check if there is a RefParameter without a condition.
2024-12-22 14:09:11,843 [WARN] IP:2113 - Analog_Filter not found: check if there is a RefParameter without a condition.
2024-12-22 14:09:12,153 [WARN] IP:2113 - I2C_Coeff_DF not found: check if there is a RefParameter without a condition.
2024-12-22 14:09:12,153 [WARN] IP:2113 - Analog_Filter not found: check if there is a RefParameter without a condition.
2024-12-22 14:09:12,153 [WARN] IP:2113 - I2C_Coeff_DF not found: check if there is a RefParameter without a condition.
2024-12-22 14:09:12,154 [WARN] IP:2113 - Analog_Filter not found: check if there is a RefParameter without a condition.
2024-12-22 14:09:12,341 [WARN] IP:2113 - I2C_Coeff_DF not found: check if there is a RefParameter without a condition.
2024-12-22 14:09:12,341 [WARN] IP:2113 - Analog_Filter not found: check if there is a RefParameter without a condition.
2024-12-22 14:09:12,341 [WARN] IP:2113 - I2C_Coeff_DF not found: check if there is a RefParameter without a condition.
2024-12-22 14:09:12,341 [WARN] IP:2113 - Analog_Filter not found: check if there is a RefParameter without a condition.
2024-12-22 14:09:12,479 [WARN] IP:2113 - I2C_Coeff_DF not found: check if there is a RefParameter without a condition.
2024-12-22 14:09:12,479 [WARN] IP:2113 - Analog_Filter not found: check if there is a RefParameter without a condition.
2024-12-22 14:09:12,480 [WARN] IP:2113 - I2C_Coeff_DF not found: check if there is a RefParameter without a condition.
2024-12-22 14:09:12,480 [WARN] IP:2113 - Analog_Filter not found: check if there is a RefParameter without a condition.
2024-12-22 14:09:12,628 [WARN] IP:2113 - I2C_Coeff_DF not found: check if there is a RefParameter without a condition.
2024-12-22 14:09:12,628 [WARN] IP:2113 - Analog_Filter not found: check if there is a RefParameter without a condition.
2024-12-22 14:09:12,629 [WARN] IP:2113 - I2C_Coeff_DF not found: check if there is a RefParameter without a condition.
2024-12-22 14:09:12,629 [WARN] IP:2113 - Analog_Filter not found: check if there is a RefParameter without a condition.
2024-12-22 14:09:12,799 [WARN] IP:2113 - I2C_Coeff_DF not found: check if there is a RefParameter without a condition.
2024-12-22 14:09:12,799 [WARN] IP:2113 - Analog_Filter not found: check if there is a RefParameter without a condition.
2024-12-22 14:09:12,799 [WARN] IP:2113 - I2C_Coeff_DF not found: check if there is a RefParameter without a condition.
2024-12-22 14:09:12,799 [WARN] IP:2113 - Analog_Filter not found: check if there is a RefParameter without a condition.
2024-12-22 14:09:12,943 [WARN] IP:2113 - I2C_Coeff_DF not found: check if there is a RefParameter without a condition.
2024-12-22 14:09:12,943 [WARN] IP:2113 - Analog_Filter not found: check if there is a RefParameter without a condition.
2024-12-22 14:09:12,943 [WARN] IP:2113 - I2C_Coeff_DF not found: check if there is a RefParameter without a condition.
2024-12-22 14:09:12,944 [WARN] IP:2113 - Analog_Filter not found: check if there is a RefParameter without a condition.
2024-12-22 14:09:27,538 [WARN] IP:2113 - I2C_Coeff_DF not found: check if there is a RefParameter without a condition.
2024-12-22 14:09:27,538 [WARN] IP:2113 - Analog_Filter not found: check if there is a RefParameter without a condition.
2024-12-22 14:09:27,545 [WARN] IP:2113 - I2C_Coeff_DF not found: check if there is a RefParameter without a condition.
2024-12-22 14:09:27,545 [WARN] IP:2113 - Analog_Filter not found: check if there is a RefParameter without a condition.
2024-12-22 14:09:27,559 [WARN] IP:2113 - I2C_Coeff_DF not found: check if there is a RefParameter without a condition.
2024-12-22 14:09:27,559 [WARN] IP:2113 - Analog_Filter not found: check if there is a RefParameter without a condition.
2024-12-22 14:09:27,571 [WARN] IP:2113 - I2C_Coeff_DF not found: check if there is a RefParameter without a condition.
2024-12-22 14:09:27,571 [WARN] IP:2113 - Analog_Filter not found: check if there is a RefParameter without a condition.
2024-12-22 14:11:13,276 [WARN] IP:2113 - I2C_Coeff_DF not found: check if there is a RefParameter without a condition.
2024-12-22 14:11:13,276 [WARN] IP:2113 - Analog_Filter not found: check if there is a RefParameter without a condition.
2024-12-22 14:11:13,276 [WARN] IP:2113 - I2C_Coeff_DF not found: check if there is a RefParameter without a condition.
2024-12-22 14:11:13,276 [WARN] IP:2113 - Analog_Filter not found: check if there is a RefParameter without a condition.
2024-12-22 14:11:13,287 [WARN] IP:2113 - I2C_Coeff_DF not found: check if there is a RefParameter without a condition.
2024-12-22 14:11:13,287 [WARN] IP:2113 - Analog_Filter not found: check if there is a RefParameter without a condition.
2024-12-22 14:11:13,298 [WARN] IP:2113 - I2C_Coeff_DF not found: check if there is a RefParameter without a condition.
2024-12-22 14:11:13,298 [WARN] IP:2113 - Analog_Filter not found: check if there is a RefParameter without a condition.
2024-12-22 14:11:16,093 [WARN] IP:2113 - I2C_Coeff_DF not found: check if there is a RefParameter without a condition.
2024-12-22 14:11:16,093 [WARN] IP:2113 - Analog_Filter not found: check if there is a RefParameter without a condition.
2024-12-22 14:11:16,093 [WARN] IP:2113 - I2C_Coeff_DF not found: check if there is a RefParameter without a condition.
2024-12-22 14:11:16,093 [WARN] IP:2113 - Analog_Filter not found: check if there is a RefParameter without a condition.
2024-12-22 14:11:16,113 [WARN] IP:2113 - I2C_Coeff_DF not found: check if there is a RefParameter without a condition.
2024-12-22 14:11:16,113 [WARN] IP:2113 - Analog_Filter not found: check if there is a RefParameter without a condition.
2024-12-22 14:11:16,127 [WARN] IP:2113 - I2C_Coeff_DF not found: check if there is a RefParameter without a condition.
2024-12-22 14:11:16,127 [WARN] IP:2113 - Analog_Filter not found: check if there is a RefParameter without a condition.
2024-12-22 14:11:17,503 [WARN] IP:2113 - I2C_Coeff_DF not found: check if there is a RefParameter without a condition.
2024-12-22 14:11:17,503 [WARN] IP:2113 - Analog_Filter not found: check if there is a RefParameter without a condition.
2024-12-22 14:11:17,504 [WARN] IP:2113 - I2C_Coeff_DF not found: check if there is a RefParameter without a condition.
2024-12-22 14:11:17,504 [WARN] IP:2113 - Analog_Filter not found: check if there is a RefParameter without a condition.
2024-12-22 14:11:17,514 [WARN] IP:2113 - I2C_Coeff_DF not found: check if there is a RefParameter without a condition.
2024-12-22 14:11:17,515 [WARN] IP:2113 - Analog_Filter not found: check if there is a RefParameter without a condition.
2024-12-22 14:11:17,526 [WARN] IP:2113 - I2C_Coeff_DF not found: check if there is a RefParameter without a condition.
2024-12-22 14:11:17,526 [WARN] IP:2113 - Analog_Filter not found: check if there is a RefParameter without a condition.
2024-12-22 14:11:47,162 [WARN] IP:2113 - I2C_Coeff_DF not found: check if there is a RefParameter without a condition.
2024-12-22 14:11:47,162 [WARN] IP:2113 - Analog_Filter not found: check if there is a RefParameter without a condition.
2024-12-22 14:11:47,163 [WARN] IP:2113 - I2C_Coeff_DF not found: check if there is a RefParameter without a condition.
2024-12-22 14:11:47,163 [WARN] IP:2113 - Analog_Filter not found: check if there is a RefParameter without a condition.
2024-12-22 14:11:47,177 [WARN] IP:2113 - I2C_Coeff_DF not found: check if there is a RefParameter without a condition.
2024-12-22 14:11:47,177 [WARN] IP:2113 - Analog_Filter not found: check if there is a RefParameter without a condition.
2024-12-22 14:11:47,197 [WARN] IP:2113 - I2C_Coeff_DF not found: check if there is a RefParameter without a condition.
2024-12-22 14:11:47,198 [WARN] IP:2113 - Analog_Filter not found: check if there is a RefParameter without a condition.
2024-12-22 14:14:15,650 [INFO] Mcu:1596 - InternalPropertyChange: try BijectiveRequest:DAC_OUT1
2024-12-22 14:21:59,215 [WARN] IP:2113 - I2C_Coeff_DF not found: check if there is a RefParameter without a condition.
2024-12-22 14:21:59,215 [WARN] IP:2113 - Analog_Filter not found: check if there is a RefParameter without a condition.
2024-12-22 14:21:59,216 [WARN] IP:2113 - I2C_Coeff_DF not found: check if there is a RefParameter without a condition.
2024-12-22 14:21:59,216 [WARN] IP:2113 - Analog_Filter not found: check if there is a RefParameter without a condition.
2024-12-22 16:28:43,614 [INFO] UtilMem:75 - End SaveConfig() Used Memory: 607054448 Bytes (948961280)
2024-12-22 16:28:44,890 [INFO] UtilMem:75 - End SaveConfig() Used Memory: 635725032 Bytes (948961280)
2024-12-22 16:28:47,865 [INFO] UtilMem:75 - End SaveConfig() Used Memory: 737436904 Bytes (948961280)
2024-12-22 16:28:48,781 [INFO] BlockDiagram:2759 - set Specific Code input for plugin: SPI
2024-12-22 16:28:48,781 [INFO] BlockDiagram:2759 - set Specific Code input for plugin: NVIC
2024-12-22 16:28:48,781 [INFO] BlockDiagram:2759 - set Specific Code input for plugin: GPIO
2024-12-22 16:28:48,781 [INFO] BlockDiagram:2759 - set Specific Code input for plugin: RCC
2024-12-22 16:28:48,782 [INFO] BlockDiagram:2759 - set Specific Code input for plugin: I2C
2024-12-22 16:28:48,784 [INFO] CodeGenerator:793 - code generatio: config db path: C:\ST\STM32CubeIDE_1.12.1\STM32CubeIDE\plugins\com.st.stm32cube.common.mx_6.8.1.202304191431\\db\
2024-12-22 16:28:48,800 [WARN] IP:2113 - I2C_Coeff_DF not found: check if there is a RefParameter without a condition.
2024-12-22 16:28:48,801 [WARN] IP:2113 - Analog_Filter not found: check if there is a RefParameter without a condition.
2024-12-22 16:28:49,252 [INFO] CodeEngine:255 - oldGeneratedFile, C:\Users\rhett\OneDrive\Documents\Projects\DGAS\DGAS Firmware\MXTmpFiles\license.tmp_save
2024-12-22 16:28:49,775 [INFO] CodeEngine:279 - Generated code: C:\Users\rhett\OneDrive\Documents\Projects\DGAS\DGAS Firmware\MXTmpFiles\license.tmp
2024-12-22 16:28:49,874 [INFO] CodeEngine:255 - oldGeneratedFile, C:\Users\rhett\OneDrive\Documents\Projects\DGAS\DGAS Firmware\MXTmpFiles\gpio.tmp_save
2024-12-22 16:28:50,059 [INFO] CodeEngine:279 - Generated code: C:\Users\rhett\OneDrive\Documents\Projects\DGAS\DGAS Firmware\MXTmpFiles\gpio.tmp
2024-12-22 16:28:50,235 [INFO] CodeEngine:255 - oldGeneratedFile, C:\Users\rhett\OneDrive\Documents\Projects\DGAS\DGAS Firmware\Core\Src\stm32f4xx_it.c_save
2024-12-22 16:28:50,465 [INFO] CodeEngine:279 - Generated code: C:\Users\rhett\OneDrive\Documents\Projects\DGAS\DGAS Firmware\Core\Src\stm32f4xx_it.c
2024-12-22 16:28:50,498 [INFO] CodeEngine:255 - oldGeneratedFile, C:\Users\rhett\OneDrive\Documents\Projects\DGAS\DGAS Firmware\Core\Inc\stm32f4xx_it.h_save
2024-12-22 16:28:50,624 [INFO] CodeEngine:279 - Generated code: C:\Users\rhett\OneDrive\Documents\Projects\DGAS\DGAS Firmware\Core\Inc\stm32f4xx_it.h
2024-12-22 16:28:50,713 [INFO] CodeEngine:255 - oldGeneratedFile, C:\Users\rhett\OneDrive\Documents\Projects\DGAS\DGAS Firmware\Core\Src\stm32f4xx_hal_msp.c_save
2024-12-22 16:28:51,008 [INFO] CodeEngine:279 - Generated code: C:\Users\rhett\OneDrive\Documents\Projects\DGAS\DGAS Firmware\Core\Src\stm32f4xx_hal_msp.c
2024-12-22 16:28:51,027 [INFO] CodeEngine:255 - oldGeneratedFile, C:\Users\rhett\OneDrive\Documents\Projects\DGAS\DGAS Firmware\MXTmpFiles\system.tmp_save
2024-12-22 16:28:51,124 [INFO] CodeEngine:279 - Generated code: C:\Users\rhett\OneDrive\Documents\Projects\DGAS\DGAS Firmware\MXTmpFiles\system.tmp
2024-12-22 16:28:51,172 [INFO] CodeEngine:311 - oldGeneratedFile, C:\Users\rhett\OneDrive\Documents\Projects\DGAS\DGAS Firmware\Core\Inc\stm32f4xx_hal_conf.h_save
2024-12-22 16:28:51,323 [INFO] CodeEngine:335 - Generated code: C:\Users\rhett\OneDrive\Documents\Projects\DGAS\DGAS Firmware\Core\Inc\stm32f4xx_hal_conf.h
2024-12-22 16:28:51,433 [INFO] CodeEngine:255 - oldGeneratedFile, C:\Users\rhett\OneDrive\Documents\Projects\DGAS\DGAS Firmware\Core\Inc\main.h_save
2024-12-22 16:28:51,615 [INFO] CodeEngine:279 - Generated code: C:\Users\rhett\OneDrive\Documents\Projects\DGAS\DGAS Firmware\Core\Inc\main.h
2024-12-22 16:28:51,653 [INFO] CodeEngine:255 - oldGeneratedFile, C:\Users\rhett\OneDrive\Documents\Projects\DGAS\DGAS Firmware\Core\Src\main.c_save
2024-12-22 16:28:51,906 [INFO] CodeEngine:279 - Generated code: C:\Users\rhett\OneDrive\Documents\Projects\DGAS\DGAS Firmware\Core\Src\main.c
2024-12-22 16:28:52,915 [INFO] ProjectBuilder:2996 - Time for Copy HAL[1] : 337mS.
2024-12-22 16:28:52,938 [INFO] ProjectBuilder:4304 - Project Generator version: 3.19.2
2024-12-22 16:28:53,502 [INFO] ConfigFileManager:1483 - The Die is : DIE458
2024-12-22 16:28:53,526 [INFO] ApiDbMcu:507 - Load IP Config File for FATFS
2024-12-22 16:28:53,547 [INFO] ApiDbMcu:507 - Load IP Config File for FREERTOS
2024-12-22 16:28:53,566 [INFO] ApiDbMcu:507 - Load IP Config File for LIBJPEG
2024-12-22 16:28:53,591 [INFO] ApiDbMcu:507 - Load IP Config File for MBEDTLS
2024-12-22 16:28:55,314 [INFO] LogOutputStream:77 - [STDOUT_REDIRECT] 
2024-12-22 16:28:58,321 [INFO] ProjectBuilder:4505 - Time for Generating toolchain IDE Files: 5383mS.
2024-12-22 16:28:58,323 [INFO] ProjectBuilder:2867 - Time for Copy CMSIS : 1mS.
2024-12-22 16:28:58,326 [INFO] ProjectBuilder:2867 - Time for Copy CMSIS : 0mS.
