2025-01-11 00:20:22,129 [INFO] ApplicationProperties:184 - Using Application install path: C:\ST\STM32CubeIDE_1.12.1\STM32CubeIDE\plugins\com.st.stm32cube.common.mx_6.8.1.202304191431
2025-01-11 00:20:22,161 [INFO] DbMcusXml:78 - Set database path to: C:\ST\STM32CubeIDE_1.12.1\STM32CubeIDE\plugins\com.st.stm32cube.common.mx_6.8.1.202304191431\\db\/mcu/
2025-01-11 00:20:22,162 [INFO] ApiDb:274 - Set plugin database path to: C:\ST\STM32CubeIDE_1.12.1\STM32CubeIDE\plugins\com.st.stm32cube.common.mx_6.8.1.202304191431\\db\/plugins/boardmanager/
2025-01-11 00:20:22,164 [WARN] ApiDb:259 - Overriding images path with different value:  => C:\ST\STM32CubeIDE_1.12.1\STM32CubeIDE\plugins\com.st.stm32cube.common.mx_6.8.1.202304191431\\db\/plugins/mcufinder/images/
2025-01-11 00:20:22,180 [INFO] ApiDb:250 - Set database path to: C:\Users\rhett\.stmcufinder\plugins\mcufinder//mcu/
2025-01-11 00:20:22,182 [INFO] DbMcusAds:125 - Set database path to: C:\Users\rhett\.stmcufinder\plugins\mcufinder//mcu/
2025-01-11 00:20:22,200 [INFO] CrossReferenceDbSqlite:203 - Set database path to: C:\Users\rhett\.stmcufinder\plugins\mcufinder//mcu/cs/
2025-01-11 00:20:22,344 [INFO] RulesReader:64 - Compatibility file has been processed (293 Rules)
2025-01-11 00:20:22,462 [INFO] DbMcusXml:78 - Set database path to: C:\ST\STM32CubeIDE_1.12.1\STM32CubeIDE\plugins\com.st.stm32cube.common.mx_6.8.1.202304191431\\db\/mcu/
2025-01-11 00:20:22,462 [INFO] ApiDb:274 - Set plugin database path to: C:\ST\STM32CubeIDE_1.12.1\STM32CubeIDE\plugins\com.st.stm32cube.common.mx_6.8.1.202304191431\\db\/plugins/boardmanager/
2025-01-11 00:20:22,462 [INFO] ApiDb:261 - Set plugin images path to: C:\ST\STM32CubeIDE_1.12.1\STM32CubeIDE\plugins\com.st.stm32cube.common.mx_6.8.1.202304191431\\db\/plugins/mcufinder/images/
2025-01-11 00:20:22,463 [WARN] DbFile:41 - Overriding database path with different value: C:\Users\rhett\.stmcufinder\plugins\mcufinder/ => C:\Users\rhett\.stmcufinder\plugins\mcufinder
2025-01-11 00:20:22,463 [INFO] ApiDb:250 - Set database path to: C:\Users\rhett\.stmcufinder\plugins\mcufinder//mcu/
2025-01-11 00:20:22,463 [WARN] DbFile:41 - Overriding database path with different value: C:\Users\rhett\.stmcufinder\plugins\mcufinder/ => C:\Users\rhett\.stmcufinder\plugins\mcufinder
2025-01-11 00:20:22,463 [INFO] DbMcusAds:125 - Set database path to: C:\Users\rhett\.stmcufinder\plugins\mcufinder//mcu/
2025-01-11 00:20:22,463 [WARN] DbFile:41 - Overriding database path with different value: C:\Users\rhett\.stmcufinder\plugins\mcufinder/ => C:\Users\rhett\.stmcufinder\plugins\mcufinder
2025-01-11 00:20:22,463 [WARN] DbFile:41 - Overriding database path with different value: C:\Users\rhett\.stmcufinder\plugins\mcufinder/ => C:\Users\rhett\.stmcufinder\plugins\mcufinder
2025-01-11 00:20:22,463 [INFO] CrossReferenceDbSqlite:203 - Set database path to: C:\Users\rhett\.stmcufinder\plugins\mcufinder//mcu/cs/
2025-01-11 00:20:22,550 [INFO] MainPanel:253 - HeapMemory: 829423616
2025-01-11 00:20:22,675 [INFO] DbMcusXml:78 - Set database path to: C:\ST\STM32CubeIDE_1.12.1\STM32CubeIDE\plugins\com.st.stm32cube.common.mx_6.8.1.202304191431\\db\/mcu/
2025-01-11 00:20:22,675 [INFO] ApiDb:274 - Set plugin database path to: C:\ST\STM32CubeIDE_1.12.1\STM32CubeIDE\plugins\com.st.stm32cube.common.mx_6.8.1.202304191431\\db\/plugins/boardmanager/
2025-01-11 00:20:22,675 [INFO] ApiDb:261 - Set plugin images path to: C:\ST\STM32CubeIDE_1.12.1\STM32CubeIDE\plugins\com.st.stm32cube.common.mx_6.8.1.202304191431\\db\/plugins/mcufinder/images/
2025-01-11 00:20:22,676 [WARN] DbFile:41 - Overriding database path with different value: C:\Users\rhett\.stmcufinder\plugins\mcufinder/ => C:\Users\rhett\.stmcufinder\plugins\mcufinder
2025-01-11 00:20:22,676 [INFO] ApiDb:250 - Set database path to: C:\Users\rhett\.stmcufinder\plugins\mcufinder//mcu/
2025-01-11 00:20:22,676 [WARN] DbFile:41 - Overriding database path with different value: C:\Users\rhett\.stmcufinder\plugins\mcufinder/ => C:\Users\rhett\.stmcufinder\plugins\mcufinder
2025-01-11 00:20:22,677 [INFO] DbMcusAds:125 - Set database path to: C:\Users\rhett\.stmcufinder\plugins\mcufinder//mcu/
2025-01-11 00:20:22,677 [WARN] DbFile:41 - Overriding database path with different value: C:\Users\rhett\.stmcufinder\plugins\mcufinder/ => C:\Users\rhett\.stmcufinder\plugins\mcufinder
2025-01-11 00:20:22,677 [WARN] DbFile:41 - Overriding database path with different value: C:\Users\rhett\.stmcufinder\plugins\mcufinder/ => C:\Users\rhett\.stmcufinder\plugins\mcufinder
2025-01-11 00:20:22,677 [INFO] CrossReferenceDbSqlite:203 - Set database path to: C:\Users\rhett\.stmcufinder\plugins\mcufinder//mcu/cs/
2025-01-11 00:20:22,705 [INFO] ApplicationProperties:184 - Using Application install path: C:\ST\STM32CubeIDE_1.12.1\STM32CubeIDE\plugins\com.st.stm32cube.common.mx_6.8.1.202304191431
2025-01-11 00:20:22,708 [INFO] PluginManage:196 - Search for loadable plugins [exclusion list=, ]
2025-01-11 00:20:22,709 [INFO] PluginManage:310 - Check plugin analytics
2025-01-11 00:20:22,924 [INFO] AnalyticsPlugin:253 - Accepted Software Licenses: 
2025-01-11 00:20:22,925 [INFO] AnalyticsPlugin:255 - Accepted CMSIS Pack Licenses: STMicroelectronics.X-CUBE-TOUCHGFX.4.24.0
2025-01-11 00:20:22,925 [INFO] AnalyticsPlugin:257 - Accepted Firmware Licenses: FW.G0.1.6.0,FW.F4.1.27.0,FW.MP1.1.6.0,FW.C0.1.0.0,FW.F7.1.17.0
2025-01-11 00:20:22,932 [INFO] PluginManage:359 - Loaded plugin analytics (category:tool,tabindex:-1)
2025-01-11 00:20:22,932 [INFO] PluginManage:310 - Check plugin cadmodel
2025-01-11 00:20:22,952 [INFO] CADModel:105 - Init CAD model plugin
2025-01-11 00:20:22,953 [INFO] PluginManage:359 - Loaded plugin cadmodel (category:power,tabindex:5)
2025-01-11 00:20:22,953 [INFO] PluginManage:310 - Check plugin clock
2025-01-11 00:20:22,978 [INFO] PluginManage:359 - Loaded plugin clock (category:base,tabindex:2)
2025-01-11 00:20:22,980 [INFO] PluginManage:310 - Check plugin ddr
2025-01-11 00:20:22,983 [INFO] PluginManage:359 - Loaded plugin ddr (category:tool,tabindex:6)
2025-01-11 00:20:22,983 [INFO] PluginManage:310 - Check plugin filemanager
2025-01-11 00:20:23,188 [INFO] PluginManage:359 - Loaded plugin filemanager (category:base,tabindex:10)
2025-01-11 00:20:23,188 [INFO] PluginManage:310 - Check plugin ipmanager
2025-01-11 00:20:23,198 [INFO] PluginManage:359 - Loaded plugin ipmanager (category:base,tabindex:5)
2025-01-11 00:20:23,198 [INFO] PluginManage:310 - Check plugin lpbam
2025-01-11 00:20:23,224 [INFO] PluginManage:359 - Loaded plugin lpbam (category:base,tabindex:0)
2025-01-11 00:20:23,224 [INFO] PluginManage:310 - Check plugin pinoutandconfiguration
2025-01-11 00:20:23,251 [INFO] PluginManage:359 - Loaded plugin pinoutandconfiguration (category:base,tabindex:1)
2025-01-11 00:20:23,251 [INFO] PluginManage:310 - Check plugin pinoutconfig
2025-01-11 00:20:23,390 [WARN] SupportedApi:132 - Cannot load RTOS API schema: s4s-elt-must-match.1: The content of 'definitions' must match (annotation?, (simpleType | complexType)?, (unique | key | keyref)*)). A problem was found starting at: attribute.
2025-01-11 00:20:23,561 [INFO] PluginManage:359 - Loaded plugin pinoutconfig (category:base,tabindex:0)
2025-01-11 00:20:23,562 [INFO] PluginManage:310 - Check plugin power
2025-01-11 00:20:23,590 [INFO] PluginManage:359 - Loaded plugin power (category:power,tabindex:4)
2025-01-11 00:20:23,590 [INFO] PluginManage:310 - Check plugin projectmanager
2025-01-11 00:20:23,611 [INFO] PluginManage:359 - Loaded plugin projectmanager (category:projectmanager,tabindex:3)
2025-01-11 00:20:23,612 [INFO] PluginManage:310 - Check plugin thirdparty
2025-01-11 00:20:23,924 [INFO] PluginManage:359 - Loaded plugin thirdparty (category:base,tabindex:-1)
2025-01-11 00:20:23,925 [INFO] PluginManage:310 - Check plugin tools
2025-01-11 00:20:23,924 [WARN] IntegrityCheckThread:84 - waiting for thirdparty lock release [integrity check]
2025-01-11 00:20:23,925 [INFO] IntegrityCheckThread:86 - entering critical section [integrity check]
2025-01-11 00:20:23,928 [INFO] ThirdPartyUpdaterWithRetryManager:70 - Updater plugin not ready yet. [1/15]
2025-01-11 00:20:23,965 [INFO] PluginManage:359 - Loaded plugin tools (category:base,tabindex:7)
2025-01-11 00:20:23,966 [INFO] PluginManage:310 - Check plugin tutovideos
2025-01-11 00:20:24,244 [INFO] PluginManage:359 - Loaded plugin tutovideos (category:base,tabindex:-1)
2025-01-11 00:20:24,244 [INFO] PluginManage:310 - Check plugin updater
2025-01-11 00:20:24,268 [INFO] PluginManage:359 - Loaded plugin updater (category:base,tabindex:12)
2025-01-11 00:20:24,269 [INFO] PluginManage:283 - PluginManage : Loaded plugins [15]
2025-01-11 00:20:24,592 [INFO] PinOutPanel:1499 - setPackage(No Configuration,No Configuration)
2025-01-11 00:20:24,677 [INFO] CADModel:165 - CPN selected for project level
2025-01-11 00:20:24,677 [INFO] CADModel:114 - Register for checkConnection events
2025-01-11 00:20:24,712 [INFO] IPUIPlugin:80 - create IPUIPlugin
2025-01-11 00:20:24,712 [INFO] PluginManager:220 - loadIPPluginJar : add adc
2025-01-11 00:20:24,754 [INFO] IPUIPlugin:80 - create IPUIPlugin
2025-01-11 00:20:24,754 [INFO] PluginManager:220 - loadIPPluginJar : add aes
2025-01-11 00:20:24,827 [INFO] IPUIPlugin:80 - create IPUIPlugin
2025-01-11 00:20:24,827 [INFO] PluginManager:220 - loadIPPluginJar : add can
2025-01-11 00:20:24,871 [INFO] IPUIPlugin:80 - create IPUIPlugin
2025-01-11 00:20:24,872 [INFO] PluginManager:220 - loadIPPluginJar : add comp
2025-01-11 00:20:24,916 [INFO] IPUIPlugin:80 - create IPUIPlugin
2025-01-11 00:20:24,916 [INFO] PluginManager:220 - loadIPPluginJar : add cryp
2025-01-11 00:20:24,957 [INFO] IPUIPlugin:80 - create IPUIPlugin
2025-01-11 00:20:24,958 [INFO] PluginManager:220 - loadIPPluginJar : add dfsdm
2025-01-11 00:20:24,980 [INFO] IPUIPlugin:80 - create IPUIPlugin
2025-01-11 00:20:24,980 [INFO] PluginManager:220 - loadIPPluginJar : add dma
2025-01-11 00:20:25,034 [INFO] IPUIPlugin:80 - create IPUIPlugin
2025-01-11 00:20:25,034 [INFO] PluginManager:220 - loadIPPluginJar : add dma3
2025-01-11 00:20:25,062 [INFO] IPUIPlugin:80 - create IPUIPlugin
2025-01-11 00:20:25,062 [INFO] PluginManager:220 - loadIPPluginJar : add fatfs
2025-01-11 00:20:25,119 [INFO] IPUIPlugin:80 - create IPUIPlugin
2025-01-11 00:20:25,119 [INFO] PluginManager:220 - loadIPPluginJar : add fmc
2025-01-11 00:20:25,142 [INFO] IPUIPlugin:80 - create IPUIPlugin
2025-01-11 00:20:25,143 [INFO] PluginManager:220 - loadIPPluginJar : add freertos
2025-01-11 00:20:25,170 [INFO] IPUIPlugin:80 - create IPUIPlugin
2025-01-11 00:20:25,170 [INFO] PluginManager:220 - loadIPPluginJar : add genericplugin
2025-01-11 00:20:25,279 [INFO] IPUIPlugin:80 - create IPUIPlugin
2025-01-11 00:20:25,279 [INFO] PluginManager:220 - loadIPPluginJar : add gfxmmu
2025-01-11 00:20:25,438 [INFO] IPUIPlugin:80 - create IPUIPlugin
2025-01-11 00:20:25,438 [INFO] PluginManager:220 - loadIPPluginJar : add gic
2025-01-11 00:20:25,455 [INFO] IPUIPlugin:80 - create IPUIPlugin
2025-01-11 00:20:25,455 [INFO] PluginManager:220 - loadIPPluginJar : add gpio
2025-01-11 00:20:25,567 [INFO] IPUIPlugin:80 - create IPUIPlugin
2025-01-11 00:20:25,567 [INFO] PluginManager:220 - loadIPPluginJar : add gtzc
2025-01-11 00:20:25,610 [INFO] IPUIPlugin:80 - create IPUIPlugin
2025-01-11 00:20:25,610 [INFO] PluginManager:220 - loadIPPluginJar : add hash
2025-01-11 00:20:25,676 [INFO] IPUIPlugin:80 - create IPUIPlugin
2025-01-11 00:20:25,676 [INFO] PluginManager:220 - loadIPPluginJar : add i2c
2025-01-11 00:20:25,725 [INFO] IPUIPlugin:80 - create IPUIPlugin
2025-01-11 00:20:25,725 [INFO] PluginManager:220 - loadIPPluginJar : add i2s
2025-01-11 00:20:25,777 [INFO] IPUIPlugin:80 - create IPUIPlugin
2025-01-11 00:20:25,777 [INFO] PluginManager:220 - loadIPPluginJar : add i3c
2025-01-11 00:20:25,898 [INFO] IPUIPlugin:80 - create IPUIPlugin
2025-01-11 00:20:25,898 [INFO] PluginManager:220 - loadIPPluginJar : add ipddr
2025-01-11 00:20:26,012 [INFO] IPUIPlugin:80 - create IPUIPlugin
2025-01-11 00:20:26,012 [INFO] PluginManager:220 - loadIPPluginJar : add linkedlist
2025-01-11 00:20:26,056 [INFO] IPUIPlugin:80 - create IPUIPlugin
2025-01-11 00:20:26,056 [INFO] PluginManager:220 - loadIPPluginJar : add lorawan
2025-01-11 00:20:26,099 [INFO] IPUIPlugin:80 - create IPUIPlugin
2025-01-11 00:20:26,099 [INFO] PluginManager:220 - loadIPPluginJar : add ltdc
2025-01-11 00:20:26,121 [INFO] IPUIPlugin:80 - create IPUIPlugin
2025-01-11 00:20:26,121 [INFO] PluginManager:220 - loadIPPluginJar : add mdma
2025-01-11 00:20:26,138 [INFO] IPUIPlugin:80 - create IPUIPlugin
2025-01-11 00:20:26,138 [INFO] PluginManager:220 - loadIPPluginJar : add nvic
2025-01-11 00:20:26,185 [INFO] IPUIPlugin:80 - create IPUIPlugin
2025-01-11 00:20:26,185 [INFO] PluginManager:220 - loadIPPluginJar : add opamp
2025-01-11 00:20:26,257 [INFO] IPUIPlugin:80 - create IPUIPlugin
2025-01-11 00:20:26,257 [INFO] PluginManager:220 - loadIPPluginJar : add openamp
2025-01-11 00:20:26,315 [INFO] IPUIPlugin:80 - create IPUIPlugin
2025-01-11 00:20:26,315 [INFO] PluginManager:220 - loadIPPluginJar : add pdm2pcm
2025-01-11 00:20:26,333 [INFO] IPUIPlugin:80 - create IPUIPlugin
2025-01-11 00:20:26,336 [INFO] PluginManager:220 - loadIPPluginJar : add plateformsettings
2025-01-11 00:20:26,365 [INFO] IPUIPlugin:80 - create IPUIPlugin
2025-01-11 00:20:26,365 [INFO] PluginManager:220 - loadIPPluginJar : add quadspi
2025-01-11 00:20:26,396 [INFO] IPUIPlugin:80 - create IPUIPlugin
2025-01-11 00:20:26,396 [INFO] PluginManager:220 - loadIPPluginJar : add resmgrutility
2025-01-11 00:20:26,456 [INFO] IPUIPlugin:80 - create IPUIPlugin
2025-01-11 00:20:26,456 [INFO] PluginManager:220 - loadIPPluginJar : add sai
2025-01-11 00:20:26,501 [INFO] IPUIPlugin:80 - create IPUIPlugin
2025-01-11 00:20:26,501 [INFO] PluginManager:220 - loadIPPluginJar : add spi
2025-01-11 00:20:26,565 [INFO] IPUIPlugin:80 - create IPUIPlugin
2025-01-11 00:20:26,566 [INFO] PluginManager:220 - loadIPPluginJar : add stm32_wpan
2025-01-11 00:20:26,596 [INFO] IPUIPlugin:80 - create IPUIPlugin
2025-01-11 00:20:26,597 [INFO] PluginManager:220 - loadIPPluginJar : add tim
2025-01-11 00:20:26,662 [INFO] IPUIPlugin:80 - create IPUIPlugin
2025-01-11 00:20:26,663 [INFO] PluginManager:220 - loadIPPluginJar : add touchsensing
2025-01-11 00:20:26,695 [INFO] IPUIPlugin:80 - create IPUIPlugin
2025-01-11 00:20:26,695 [INFO] PluginManager:220 - loadIPPluginJar : add tracer_emb
2025-01-11 00:20:26,728 [INFO] IPUIPlugin:80 - create IPUIPlugin
2025-01-11 00:20:26,728 [INFO] PluginManager:220 - loadIPPluginJar : add ts
2025-01-11 00:20:26,758 [INFO] IPUIPlugin:80 - create IPUIPlugin
2025-01-11 00:20:26,759 [INFO] PluginManager:220 - loadIPPluginJar : add tsc
2025-01-11 00:20:26,790 [INFO] IPUIPlugin:80 - create IPUIPlugin
2025-01-11 00:20:26,790 [INFO] PluginManager:220 - loadIPPluginJar : add ucpd
2025-01-11 00:20:26,852 [INFO] IPUIPlugin:80 - create IPUIPlugin
2025-01-11 00:20:26,852 [INFO] PluginManager:220 - loadIPPluginJar : add usart
2025-01-11 00:20:26,904 [INFO] IPUIPlugin:80 - create IPUIPlugin
2025-01-11 00:20:26,904 [INFO] PluginManager:220 - loadIPPluginJar : add usbx
2025-01-11 00:20:26,930 [INFO] ThirdPartyUpdaterWithRetryManager:70 - Updater plugin not ready yet. [2/15]
2025-01-11 00:20:27,053 [INFO] CADModel:165 - CPN selected for project level
2025-01-11 00:20:27,054 [INFO] CADModel:114 - Register for checkConnection events
2025-01-11 00:20:27,054 [FATAL] Updater:308 - Updater called before beeing initialized
2025-01-11 00:20:27,054 [ERROR] CADModel:125 - Updater not yet initialized, retry later 
2025-01-11 00:20:27,262 [INFO] CADModel:165 - CPN selected for project level
2025-01-11 00:20:27,262 [INFO] CADModel:114 - Register for checkConnection events
2025-01-11 00:20:27,262 [FATAL] Updater:308 - Updater called before beeing initialized
2025-01-11 00:20:27,262 [ERROR] CADModel:125 - Updater not yet initialized, retry later 
2025-01-11 00:20:27,267 [FATAL] Updater:308 - Updater called before beeing initialized
2025-01-11 00:20:27,454 [FATAL] Updater:308 - Updater called before beeing initialized
2025-01-11 00:20:27,472 [INFO] DbMcusAds:53 - JSON generation date=Wed Dec 18 02:01:15 AEST 2024 (1734451275222)
2025-01-11 00:20:27,472 [FATAL] Updater:308 - Updater called before beeing initialized
2025-01-11 00:20:27,578 [WARN] DetailPanel:346 - Failed to get advertising image, set to default
2025-01-11 00:20:27,696 [FATAL] Updater:308 - Updater called before beeing initialized
2025-01-11 00:20:27,700 [FATAL] Updater:308 - Updater called before beeing initialized
2025-01-11 00:20:27,700 [FATAL] Updater:308 - Updater called before beeing initialized
2025-01-11 00:20:27,700 [WARN] DetailPanel:346 - Failed to get advertising image, set to default
2025-01-11 00:20:27,701 [FATAL] Updater:308 - Updater called before beeing initialized
2025-01-11 00:20:27,784 [ERROR] Updater:1120 - MainUpdater not yet initialized. External WinMGr cannot be set.
2025-01-11 00:20:27,798 [INFO] Updater:1056 - Updater Version found : 6.8.1
2025-01-11 00:20:27,889 [INFO] ApplicationProperties:184 - Using Application install path: C:\ST\STM32CubeIDE_1.12.1\STM32CubeIDE\plugins\com.st.stm32cube.common.mx_6.8.1.202304191431
2025-01-11 00:20:28,607 [INFO] MainUpdater:2854 - connection check result : 10
2025-01-11 00:20:28,607 [INFO] MainUpdater:283 - Updater Check For Update Now.
2025-01-11 00:20:28,608 [INFO] MicroXplorer:498 - Change Database Version : DB.6.0.81
2025-01-11 00:20:28,863 [INFO] CheckServerUpdateThread:120 - End of CheckServer Thread
2025-01-11 00:20:29,060 [INFO] MainUpdater:2854 - connection check result : 10
2025-01-11 00:20:29,084 [INFO] MainUpdater:2854 - connection check result : 10
2025-01-11 00:20:29,314 [INFO] MicroXplorer:468 - Change Database Path : 
2025-01-11 00:20:29,314 [INFO] MicroXplorer:498 - Change Database Version : DB.6.0.81
2025-01-11 00:20:29,315 [WARN] ThirdParty:871 - waiting for thirdparty lock release [close project]
2025-01-11 00:20:30,228 [WARN] PackLoader:240 - Cannot read IP mode file for STMicroelectronics.FP-ATR-ASTRA1.2.0.1
2025-01-11 00:20:30,250 [WARN] PackLoader:240 - Cannot read IP mode file for STMicroelectronics.X-CUBE-SMBUS.2.1.0
2025-01-11 00:20:30,271 [WARN] PackLoader:240 - Cannot read IP mode file for STMicroelectronics.X-CUBE-WB05N.1.1.0
2025-01-11 00:20:30,289 [WARN] PackLoader:240 - Cannot read IP mode file for STMicroelectronics.X-CUBE-TOUCHGFX.4.23.1
2025-01-11 00:20:30,305 [WARN] PackLoader:240 - Cannot read IP mode file for STMicroelectronics.X-CUBE-TOUCHGFX.4.23.0
2025-01-11 00:20:30,320 [WARN] PackLoader:240 - Cannot read IP mode file for STMicroelectronics.X-CUBE-TOUCHGFX.4.23.2
2025-01-11 00:20:30,361 [WARN] PackLoader:240 - Cannot read IP mode file for STMicroelectronics.X-CUBE-AZRTOS-F7.1.1.0
2025-01-11 00:20:30,380 [ERROR] RealEvaluatedCondition:428 - Found unsupported composite condition: GROUP='STM32_MetaDataManager' CLASS='Data Exchange'
2025-01-11 00:20:30,381 [ERROR] RealEvaluatedCondition:428 - Found unsupported composite condition: CLASS='Data Exchange' GROUP='STM32_MetaDataManager'
2025-01-11 00:20:30,382 [WARN] PackLoader:240 - Cannot read IP mode file for STMicroelectronics.FP-SNS-MOTENV1.4.3.0
2025-01-11 00:20:30,401 [WARN] PackLoader:240 - Cannot read IP mode file for STMicroelectronics.FP-SNS-MOTENV1.4.3.2
2025-01-11 00:20:30,419 [WARN] PackLoader:240 - Cannot read IP mode file for STMicroelectronics.FP-SNS-FLIGHT1.5.0.0
2025-01-11 00:20:30,436 [ERROR] RealEvaluatedCondition:428 - Found unsupported composite condition: GROUP='STM32_MetaDataManager' CLASS='Data Exchange'
2025-01-11 00:20:30,436 [ERROR] RealEvaluatedCondition:428 - Found unsupported composite condition: CLASS='Data Exchange' GROUP='STM32_MetaDataManager'
2025-01-11 00:20:30,437 [WARN] PackLoader:240 - Cannot read IP mode file for STMicroelectronics.FP-SNS-MOTENV1.4.3.1
2025-01-11 00:20:30,455 [WARN] PackLoader:240 - Cannot read IP mode file for STMicroelectronics.FP-SNS-FLIGHT1.5.0.1
2025-01-11 00:20:30,574 [WARN] PackLoader:240 - Cannot read IP mode file for STMicroelectronics.X-CUBE-MEMS1.11.0.0
2025-01-11 00:20:30,819 [WARN] PackLoader:240 - Cannot read IP mode file for STMicroelectronics.X-CUBE-BLE1.6.2.4
2025-01-11 00:20:30,838 [WARN] PackLoader:240 - Cannot read IP mode file for STMicroelectronics.FP-SNS-FLIGHT1.5.0.2
2025-01-11 00:20:30,860 [WARN] PackLoader:240 - Cannot read IP mode file for STMicroelectronics.X-CUBE-DISPLAY.3.0.0
2025-01-11 00:20:30,887 [WARN] PackLoader:240 - Cannot read IP mode file for STMicroelectronics.X-CUBE-BLE1.7.0.0
2025-01-11 00:20:30,906 [WARN] PackLoader:240 - Cannot read IP mode file for STMicroelectronics.X-CUBE-NFC10.1.0.0
2025-01-11 00:20:30,924 [ERROR] Engine:466 - C:\Users\rhett\.stm32cubemx\thirdparties\pdsc\STMicroelectronics.X-CUBE-BLEMGR.4.0.0.pdsc: PDSC version is not supported
2025-01-11 00:20:30,939 [WARN] PackLoader:240 - Cannot read IP mode file for STMicroelectronics.X-CUBE-TOUCHGFX.4.22.0
2025-01-11 00:20:30,955 [WARN] PackLoader:240 - Cannot read IP mode file for STMicroelectronics.X-CUBE-TOUCHGFX.4.22.1
2025-01-11 00:20:30,977 [WARN] PackLoader:240 - Cannot read IP mode file for STMicroelectronics.X-CUBE-BLEMGR.3.1.0
2025-01-11 00:20:30,995 [WARN] PackLoader:240 - Cannot read IP mode file for STMicroelectronics.FP-SNS-SMARTAG2.1.2.0
2025-01-11 00:20:31,077 [WARN] PackLoader:240 - Cannot read IP mode file for STMicroelectronics.X-CUBE-MEMS1.11.1.0
