2025-01-12 11:17:27,354 [INFO] Activator:176 - 


2025-01-12 11:17:27,370 [INFO] Activator:177 - !SESSION log4j initialized
2025-01-12 11:17:39,743 [INFO] LogOutputStream:77 - [STDOUT_REDIRECT] 
2025-01-12 11:18:03,806 [ERROR] LogOutputStream:75 - [STDERR_REDIRECT] SLF4J: Failed to load class "org.slf4j.impl.StaticLoggerBinder".
2025-01-12 11:18:03,806 [ERROR] LogOutputStream:75 - [STDERR_REDIRECT] SLF4J: Defaulting to no-operation (NOP) logger implementation
2025-01-12 11:18:03,806 [ERROR] LogOutputStream:75 - [STDERR_REDIRECT] SLF4J: See http://www.slf4j.org/codes.html#StaticLoggerBinder for further details.
2025-01-12 11:37:24,848 [INFO] Activator:176 - 


2025-01-12 11:37:24,853 [INFO] Activator:177 - !SESSION log4j initialized
2025-01-12 11:37:34,822 [INFO] LogOutputStream:77 - [STDOUT_REDIRECT] 
2025-01-12 11:38:31,117 [ERROR] LogOutputStream:75 - [STDERR_REDIRECT] SLF4J: Failed to load class "org.slf4j.impl.StaticLoggerBinder".
2025-01-12 11:38:31,118 [ERROR] LogOutputStream:75 - [STDERR_REDIRECT] SLF4J: Defaulting to no-operation (NOP) logger implementation
2025-01-12 11:38:31,120 [ERROR] LogOutputStream:75 - [STDERR_REDIRECT] SLF4J: See http://www.slf4j.org/codes.html#StaticLoggerBinder for further details.
2025-01-12 12:55:01,288 [INFO] Activator:176 - 


2025-01-12 12:55:01,290 [INFO] Activator:177 - !SESSION log4j initialized
2025-01-12 12:55:09,262 [INFO] LogOutputStream:77 - [STDOUT_REDIRECT] 
2025-01-12 12:55:49,287 [ERROR] LogOutputStream:75 - [STDERR_REDIRECT] SLF4J: Failed to load class "org.slf4j.impl.StaticLoggerBinder".
2025-01-12 12:55:49,288 [ERROR] LogOutputStream:75 - [STDERR_REDIRECT] SLF4J: Defaulting to no-operation (NOP) logger implementation
2025-01-12 12:55:49,291 [ERROR] LogOutputStream:75 - [STDERR_REDIRECT] SLF4J: See http://www.slf4j.org/codes.html#StaticLoggerBinder for further details.
2025-01-12 13:50:18,890 [INFO] ApplicationProperties:184 - Using Application install path: C:\ST\STM32CubeIDE_1.12.1\STM32CubeIDE\plugins\com.st.stm32cube.common.mx_6.8.1.202304191431
2025-01-12 13:50:18,930 [INFO] DbMcusXml:78 - Set database path to: C:\ST\STM32CubeIDE_1.12.1\STM32CubeIDE\plugins\com.st.stm32cube.common.mx_6.8.1.202304191431\\db\/mcu/
2025-01-12 13:50:18,930 [INFO] ApiDb:274 - Set plugin database path to: C:\ST\STM32CubeIDE_1.12.1\STM32CubeIDE\plugins\com.st.stm32cube.common.mx_6.8.1.202304191431\\db\/plugins/boardmanager/
2025-01-12 13:50:18,938 [WARN] ApiDb:259 - Overriding images path with different value:  => C:\ST\STM32CubeIDE_1.12.1\STM32CubeIDE\plugins\com.st.stm32cube.common.mx_6.8.1.202304191431\\db\/plugins/mcufinder/images/
2025-01-12 13:50:18,962 [INFO] ApiDb:250 - Set database path to: C:\Users\rhett\.stmcufinder\plugins\mcufinder//mcu/
2025-01-12 13:50:18,962 [INFO] DbMcusAds:125 - Set database path to: C:\Users\rhett\.stmcufinder\plugins\mcufinder//mcu/
2025-01-12 13:50:18,978 [INFO] CrossReferenceDbSqlite:203 - Set database path to: C:\Users\rhett\.stmcufinder\plugins\mcufinder//mcu/cs/
2025-01-12 13:50:19,211 [INFO] RulesReader:64 - Compatibility file has been processed (293 Rules)
2025-01-12 13:50:19,411 [INFO] DbMcusXml:78 - Set database path to: C:\ST\STM32CubeIDE_1.12.1\STM32CubeIDE\plugins\com.st.stm32cube.common.mx_6.8.1.202304191431\\db\/mcu/
2025-01-12 13:50:19,411 [INFO] ApiDb:274 - Set plugin database path to: C:\ST\STM32CubeIDE_1.12.1\STM32CubeIDE\plugins\com.st.stm32cube.common.mx_6.8.1.202304191431\\db\/plugins/boardmanager/
2025-01-12 13:50:19,411 [INFO] ApiDb:261 - Set plugin images path to: C:\ST\STM32CubeIDE_1.12.1\STM32CubeIDE\plugins\com.st.stm32cube.common.mx_6.8.1.202304191431\\db\/plugins/mcufinder/images/
2025-01-12 13:50:19,411 [WARN] DbFile:41 - Overriding database path with different value: C:\Users\rhett\.stmcufinder\plugins\mcufinder/ => C:\Users\rhett\.stmcufinder\plugins\mcufinder
2025-01-12 13:50:19,411 [INFO] ApiDb:250 - Set database path to: C:\Users\rhett\.stmcufinder\plugins\mcufinder//mcu/
2025-01-12 13:50:19,411 [WARN] DbFile:41 - Overriding database path with different value: C:\Users\rhett\.stmcufinder\plugins\mcufinder/ => C:\Users\rhett\.stmcufinder\plugins\mcufinder
2025-01-12 13:50:19,411 [INFO] DbMcusAds:125 - Set database path to: C:\Users\rhett\.stmcufinder\plugins\mcufinder//mcu/
2025-01-12 13:50:19,411 [WARN] DbFile:41 - Overriding database path with different value: C:\Users\rhett\.stmcufinder\plugins\mcufinder/ => C:\Users\rhett\.stmcufinder\plugins\mcufinder
2025-01-12 13:50:19,411 [WARN] DbFile:41 - Overriding database path with different value: C:\Users\rhett\.stmcufinder\plugins\mcufinder/ => C:\Users\rhett\.stmcufinder\plugins\mcufinder
2025-01-12 13:50:19,411 [INFO] CrossReferenceDbSqlite:203 - Set database path to: C:\Users\rhett\.stmcufinder\plugins\mcufinder//mcu/cs/
2025-01-12 13:50:19,563 [INFO] MainPanel:253 - HeapMemory: 828375040
2025-01-12 13:50:19,779 [INFO] DbMcusXml:78 - Set database path to: C:\ST\STM32CubeIDE_1.12.1\STM32CubeIDE\plugins\com.st.stm32cube.common.mx_6.8.1.202304191431\\db\/mcu/
2025-01-12 13:50:19,779 [INFO] ApiDb:274 - Set plugin database path to: C:\ST\STM32CubeIDE_1.12.1\STM32CubeIDE\plugins\com.st.stm32cube.common.mx_6.8.1.202304191431\\db\/plugins/boardmanager/
2025-01-12 13:50:19,779 [INFO] ApiDb:261 - Set plugin images path to: C:\ST\STM32CubeIDE_1.12.1\STM32CubeIDE\plugins\com.st.stm32cube.common.mx_6.8.1.202304191431\\db\/plugins/mcufinder/images/
2025-01-12 13:50:19,779 [WARN] DbFile:41 - Overriding database path with different value: C:\Users\rhett\.stmcufinder\plugins\mcufinder/ => C:\Users\rhett\.stmcufinder\plugins\mcufinder
2025-01-12 13:50:19,779 [INFO] ApiDb:250 - Set database path to: C:\Users\rhett\.stmcufinder\plugins\mcufinder//mcu/
2025-01-12 13:50:19,787 [WARN] DbFile:41 - Overriding database path with different value: C:\Users\rhett\.stmcufinder\plugins\mcufinder/ => C:\Users\rhett\.stmcufinder\plugins\mcufinder
2025-01-12 13:50:19,787 [INFO] DbMcusAds:125 - Set database path to: C:\Users\rhett\.stmcufinder\plugins\mcufinder//mcu/
2025-01-12 13:50:19,787 [WARN] DbFile:41 - Overriding database path with different value: C:\Users\rhett\.stmcufinder\plugins\mcufinder/ => C:\Users\rhett\.stmcufinder\plugins\mcufinder
2025-01-12 13:50:19,787 [WARN] DbFile:41 - Overriding database path with different value: C:\Users\rhett\.stmcufinder\plugins\mcufinder/ => C:\Users\rhett\.stmcufinder\plugins\mcufinder
2025-01-12 13:50:19,787 [INFO] CrossReferenceDbSqlite:203 - Set database path to: C:\Users\rhett\.stmcufinder\plugins\mcufinder//mcu/cs/
2025-01-12 13:50:19,819 [INFO] ApplicationProperties:184 - Using Application install path: C:\ST\STM32CubeIDE_1.12.1\STM32CubeIDE\plugins\com.st.stm32cube.common.mx_6.8.1.202304191431
2025-01-12 13:50:19,827 [INFO] PluginManage:196 - Search for loadable plugins [exclusion list=, ]
2025-01-12 13:50:19,827 [INFO] PluginManage:310 - Check plugin analytics
2025-01-12 13:50:20,179 [INFO] AnalyticsPlugin:253 - Accepted Software Licenses: 
2025-01-12 13:50:20,179 [INFO] AnalyticsPlugin:255 - Accepted CMSIS Pack Licenses: STMicroelectronics.X-CUBE-TOUCHGFX.4.24.0
2025-01-12 13:50:20,179 [INFO] AnalyticsPlugin:257 - Accepted Firmware Licenses: FW.G0.1.6.0,FW.F4.1.27.0,FW.MP1.1.6.0,FW.C0.1.0.0,FW.F7.1.17.0
2025-01-12 13:50:20,203 [INFO] PluginManage:359 - Loaded plugin analytics (category:tool,tabindex:-1)
2025-01-12 13:50:20,203 [INFO] PluginManage:310 - Check plugin cadmodel
2025-01-12 13:50:20,235 [INFO] CADModel:105 - Init CAD model plugin
2025-01-12 13:50:20,235 [INFO] PluginManage:359 - Loaded plugin cadmodel (category:power,tabindex:5)
2025-01-12 13:50:20,235 [INFO] PluginManage:310 - Check plugin clock
2025-01-12 13:50:20,275 [INFO] PluginManage:359 - Loaded plugin clock (category:base,tabindex:2)
2025-01-12 13:50:20,275 [INFO] PluginManage:310 - Check plugin ddr
2025-01-12 13:50:20,275 [INFO] PluginManage:359 - Loaded plugin ddr (category:tool,tabindex:6)
2025-01-12 13:50:20,275 [INFO] PluginManage:310 - Check plugin filemanager
2025-01-12 13:50:20,532 [INFO] PluginManage:359 - Loaded plugin filemanager (category:base,tabindex:10)
2025-01-12 13:50:20,532 [INFO] PluginManage:310 - Check plugin ipmanager
2025-01-12 13:50:20,547 [INFO] PluginManage:359 - Loaded plugin ipmanager (category:base,tabindex:5)
2025-01-12 13:50:20,547 [INFO] PluginManage:310 - Check plugin lpbam
2025-01-12 13:50:20,580 [INFO] PluginManage:359 - Loaded plugin lpbam (category:base,tabindex:0)
2025-01-12 13:50:20,580 [INFO] PluginManage:310 - Check plugin pinoutandconfiguration
2025-01-12 13:50:20,620 [INFO] PluginManage:359 - Loaded plugin pinoutandconfiguration (category:base,tabindex:1)
2025-01-12 13:50:20,620 [INFO] PluginManage:310 - Check plugin pinoutconfig
2025-01-12 13:50:20,852 [WARN] SupportedApi:132 - Cannot load RTOS API schema: s4s-elt-must-match.1: The content of 'definitions' must match (annotation?, (simpleType | complexType)?, (unique | key | keyref)*)). A problem was found starting at: attribute.
2025-01-12 13:50:21,108 [INFO] PluginManage:359 - Loaded plugin pinoutconfig (category:base,tabindex:0)
2025-01-12 13:50:21,108 [INFO] PluginManage:310 - Check plugin power
2025-01-12 13:50:21,196 [INFO] PluginManage:359 - Loaded plugin power (category:power,tabindex:4)
2025-01-12 13:50:21,196 [INFO] PluginManage:310 - Check plugin projectmanager
2025-01-12 13:50:21,292 [INFO] PluginManage:359 - Loaded plugin projectmanager (category:projectmanager,tabindex:3)
2025-01-12 13:50:21,292 [INFO] PluginManage:310 - Check plugin thirdparty
2025-01-12 13:50:21,756 [INFO] PluginManage:359 - Loaded plugin thirdparty (category:base,tabindex:-1)
2025-01-12 13:50:21,756 [INFO] PluginManage:310 - Check plugin tools
2025-01-12 13:50:21,756 [WARN] IntegrityCheckThread:84 - waiting for thirdparty lock release [integrity check]
2025-01-12 13:50:21,764 [INFO] IntegrityCheckThread:86 - entering critical section [integrity check]
2025-01-12 13:50:21,764 [INFO] ThirdPartyUpdaterWithRetryManager:70 - Updater plugin not ready yet. [1/15]
2025-01-12 13:50:21,813 [INFO] PluginManage:359 - Loaded plugin tools (category:base,tabindex:7)
2025-01-12 13:50:21,813 [INFO] PluginManage:310 - Check plugin tutovideos
2025-01-12 13:50:22,197 [INFO] PluginManage:359 - Loaded plugin tutovideos (category:base,tabindex:-1)
2025-01-12 13:50:22,197 [INFO] PluginManage:310 - Check plugin updater
2025-01-12 13:50:22,229 [INFO] PluginManage:359 - Loaded plugin updater (category:base,tabindex:12)
2025-01-12 13:50:22,229 [INFO] PluginManage:283 - PluginManage : Loaded plugins [15]
2025-01-12 13:50:22,797 [INFO] PinOutPanel:1499 - setPackage(No Configuration,No Configuration)
2025-01-12 13:50:22,925 [INFO] CADModel:165 - CPN selected for project level
2025-01-12 13:50:22,925 [INFO] CADModel:114 - Register for checkConnection events
2025-01-12 13:50:22,981 [INFO] IPUIPlugin:80 - create IPUIPlugin
2025-01-12 13:50:22,981 [INFO] PluginManager:220 - loadIPPluginJar : add adc
2025-01-12 13:50:23,045 [INFO] IPUIPlugin:80 - create IPUIPlugin
2025-01-12 13:50:23,045 [INFO] PluginManager:220 - loadIPPluginJar : add aes
2025-01-12 13:50:23,109 [INFO] IPUIPlugin:80 - create IPUIPlugin
2025-01-12 13:50:23,109 [INFO] PluginManager:220 - loadIPPluginJar : add can
2025-01-12 13:50:23,157 [INFO] IPUIPlugin:80 - create IPUIPlugin
2025-01-12 13:50:23,157 [INFO] PluginManager:220 - loadIPPluginJar : add comp
2025-01-12 13:50:23,222 [INFO] IPUIPlugin:80 - create IPUIPlugin
2025-01-12 13:50:23,222 [INFO] PluginManager:220 - loadIPPluginJar : add cryp
2025-01-12 13:50:23,270 [INFO] IPUIPlugin:80 - create IPUIPlugin
2025-01-12 13:50:23,270 [INFO] PluginManager:220 - loadIPPluginJar : add dfsdm
2025-01-12 13:50:23,302 [INFO] IPUIPlugin:80 - create IPUIPlugin
2025-01-12 13:50:23,302 [INFO] PluginManager:220 - loadIPPluginJar : add dma
2025-01-12 13:50:23,374 [INFO] IPUIPlugin:80 - create IPUIPlugin
2025-01-12 13:50:23,374 [INFO] PluginManager:220 - loadIPPluginJar : add dma3
2025-01-12 13:50:23,406 [INFO] IPUIPlugin:80 - create IPUIPlugin
2025-01-12 13:50:23,406 [INFO] PluginManager:220 - loadIPPluginJar : add fatfs
2025-01-12 13:50:23,486 [INFO] IPUIPlugin:80 - create IPUIPlugin
2025-01-12 13:50:23,486 [INFO] PluginManager:220 - loadIPPluginJar : add fmc
2025-01-12 13:50:23,518 [INFO] IPUIPlugin:80 - create IPUIPlugin
2025-01-12 13:50:23,526 [INFO] PluginManager:220 - loadIPPluginJar : add freertos
2025-01-12 13:50:23,566 [INFO] IPUIPlugin:80 - create IPUIPlugin
2025-01-12 13:50:23,566 [INFO] PluginManager:220 - loadIPPluginJar : add genericplugin
2025-01-12 13:50:23,718 [INFO] IPUIPlugin:80 - create IPUIPlugin
2025-01-12 13:50:23,718 [INFO] PluginManager:220 - loadIPPluginJar : add gfxmmu
2025-01-12 13:50:23,950 [INFO] IPUIPlugin:80 - create IPUIPlugin
2025-01-12 13:50:23,950 [INFO] PluginManager:220 - loadIPPluginJar : add gic
2025-01-12 13:50:23,966 [INFO] IPUIPlugin:80 - create IPUIPlugin
2025-01-12 13:50:23,966 [INFO] PluginManager:220 - loadIPPluginJar : add gpio
2025-01-12 13:50:24,119 [INFO] IPUIPlugin:80 - create IPUIPlugin
2025-01-12 13:50:24,119 [INFO] PluginManager:220 - loadIPPluginJar : add gtzc
2025-01-12 13:50:24,179 [INFO] IPUIPlugin:80 - create IPUIPlugin
2025-01-12 13:50:24,179 [INFO] PluginManager:220 - loadIPPluginJar : add hash
2025-01-12 13:50:24,271 [INFO] IPUIPlugin:80 - create IPUIPlugin
2025-01-12 13:50:24,271 [INFO] PluginManager:220 - loadIPPluginJar : add i2c
2025-01-12 13:50:24,335 [INFO] IPUIPlugin:80 - create IPUIPlugin
2025-01-12 13:50:24,335 [INFO] PluginManager:220 - loadIPPluginJar : add i2s
2025-01-12 13:50:24,407 [INFO] IPUIPlugin:80 - create IPUIPlugin
2025-01-12 13:50:24,407 [INFO] PluginManager:220 - loadIPPluginJar : add i3c
2025-01-12 13:50:24,583 [INFO] IPUIPlugin:80 - create IPUIPlugin
2025-01-12 13:50:24,583 [INFO] PluginManager:220 - loadIPPluginJar : add ipddr
2025-01-12 13:50:24,743 [INFO] IPUIPlugin:80 - create IPUIPlugin
2025-01-12 13:50:24,743 [INFO] PluginManager:220 - loadIPPluginJar : add linkedlist
2025-01-12 13:50:24,767 [INFO] ThirdPartyUpdaterWithRetryManager:70 - Updater plugin not ready yet. [2/15]
2025-01-12 13:50:24,807 [INFO] IPUIPlugin:80 - create IPUIPlugin
2025-01-12 13:50:24,807 [INFO] PluginManager:220 - loadIPPluginJar : add lorawan
2025-01-12 13:50:24,871 [INFO] IPUIPlugin:80 - create IPUIPlugin
2025-01-12 13:50:24,871 [INFO] PluginManager:220 - loadIPPluginJar : add ltdc
2025-01-12 13:50:24,903 [INFO] IPUIPlugin:80 - create IPUIPlugin
2025-01-12 13:50:24,903 [INFO] PluginManager:220 - loadIPPluginJar : add mdma
2025-01-12 13:50:24,919 [INFO] IPUIPlugin:80 - create IPUIPlugin
2025-01-12 13:50:24,927 [INFO] PluginManager:220 - loadIPPluginJar : add nvic
2025-01-12 13:50:24,983 [INFO] IPUIPlugin:80 - create IPUIPlugin
2025-01-12 13:50:24,983 [INFO] PluginManager:220 - loadIPPluginJar : add opamp
2025-01-12 13:50:25,080 [INFO] IPUIPlugin:80 - create IPUIPlugin
2025-01-12 13:50:25,080 [INFO] PluginManager:220 - loadIPPluginJar : add openamp
2025-01-12 13:50:25,160 [INFO] IPUIPlugin:80 - create IPUIPlugin
2025-01-12 13:50:25,160 [INFO] PluginManager:220 - loadIPPluginJar : add pdm2pcm
2025-01-12 13:50:25,184 [INFO] IPUIPlugin:80 - create IPUIPlugin
2025-01-12 13:50:25,192 [INFO] PluginManager:220 - loadIPPluginJar : add plateformsettings
2025-01-12 13:50:25,232 [INFO] IPUIPlugin:80 - create IPUIPlugin
2025-01-12 13:50:25,232 [INFO] PluginManager:220 - loadIPPluginJar : add quadspi
2025-01-12 13:50:25,256 [INFO] IPUIPlugin:80 - create IPUIPlugin
2025-01-12 13:50:25,264 [INFO] PluginManager:220 - loadIPPluginJar : add resmgrutility
2025-01-12 13:50:25,344 [INFO] IPUIPlugin:80 - create IPUIPlugin
2025-01-12 13:50:25,344 [INFO] PluginManager:220 - loadIPPluginJar : add sai
2025-01-12 13:50:25,408 [INFO] IPUIPlugin:80 - create IPUIPlugin
2025-01-12 13:50:25,408 [INFO] PluginManager:220 - loadIPPluginJar : add spi
2025-01-12 13:50:25,512 [INFO] IPUIPlugin:80 - create IPUIPlugin
2025-01-12 13:50:25,512 [INFO] PluginManager:220 - loadIPPluginJar : add stm32_wpan
2025-01-12 13:50:25,552 [INFO] IPUIPlugin:80 - create IPUIPlugin
2025-01-12 13:50:25,552 [INFO] PluginManager:220 - loadIPPluginJar : add tim
2025-01-12 13:50:25,656 [INFO] IPUIPlugin:80 - create IPUIPlugin
2025-01-12 13:50:25,656 [INFO] PluginManager:220 - loadIPPluginJar : add touchsensing
2025-01-12 13:50:25,696 [INFO] IPUIPlugin:80 - create IPUIPlugin
2025-01-12 13:50:25,696 [INFO] PluginManager:220 - loadIPPluginJar : add tracer_emb
2025-01-12 13:50:25,736 [INFO] IPUIPlugin:80 - create IPUIPlugin
2025-01-12 13:50:25,736 [INFO] PluginManager:220 - loadIPPluginJar : add ts
2025-01-12 13:50:25,780 [INFO] IPUIPlugin:80 - create IPUIPlugin
2025-01-12 13:50:25,780 [INFO] PluginManager:220 - loadIPPluginJar : add tsc
2025-01-12 13:50:25,816 [INFO] IPUIPlugin:80 - create IPUIPlugin
2025-01-12 13:50:25,816 [INFO] PluginManager:220 - loadIPPluginJar : add ucpd
2025-01-12 13:50:25,888 [INFO] IPUIPlugin:80 - create IPUIPlugin
2025-01-12 13:50:25,888 [INFO] PluginManager:220 - loadIPPluginJar : add usart
2025-01-12 13:50:25,952 [INFO] IPUIPlugin:80 - create IPUIPlugin
2025-01-12 13:50:25,952 [INFO] PluginManager:220 - loadIPPluginJar : add usbx
2025-01-12 13:50:26,138 [INFO] CADModel:165 - CPN selected for project level
2025-01-12 13:50:26,138 [INFO] CADModel:114 - Register for checkConnection events
2025-01-12 13:50:26,138 [FATAL] Updater:308 - Updater called before beeing initialized
2025-01-12 13:50:26,146 [ERROR] CADModel:125 - Updater not yet initialized, retry later 
2025-01-12 13:50:26,467 [INFO] CADModel:165 - CPN selected for project level
2025-01-12 13:50:26,475 [INFO] CADModel:114 - Register for checkConnection events
2025-01-12 13:50:26,475 [FATAL] Updater:308 - Updater called before beeing initialized
2025-01-12 13:50:26,475 [ERROR] CADModel:125 - Updater not yet initialized, retry later 
2025-01-12 13:50:26,481 [FATAL] Updater:308 - Updater called before beeing initialized
2025-01-12 13:50:26,891 [FATAL] Updater:308 - Updater called before beeing initialized
2025-01-12 13:50:26,915 [INFO] DbMcusAds:53 - JSON generation date=Wed Dec 18 02:01:15 AEST 2024 (1734451275222)
2025-01-12 13:50:26,915 [FATAL] Updater:308 - Updater called before beeing initialized
2025-01-12 13:50:27,059 [WARN] DetailPanel:346 - Failed to get advertising image, set to default
2025-01-12 13:50:27,283 [FATAL] Updater:308 - Updater called before beeing initialized
2025-01-12 13:50:27,291 [FATAL] Updater:308 - Updater called before beeing initialized
2025-01-12 13:50:27,291 [FATAL] Updater:308 - Updater called before beeing initialized
2025-01-12 13:50:27,291 [WARN] DetailPanel:346 - Failed to get advertising image, set to default
2025-01-12 13:50:27,291 [FATAL] Updater:308 - Updater called before beeing initialized
2025-01-12 13:50:27,435 [ERROR] Updater:1120 - MainUpdater not yet initialized. External WinMGr cannot be set.
2025-01-12 13:50:27,451 [INFO] Updater:1056 - Updater Version found : 6.8.1
2025-01-12 13:50:27,483 [INFO] ApplicationProperties:184 - Using Application install path: C:\ST\STM32CubeIDE_1.12.1\STM32CubeIDE\plugins\com.st.stm32cube.common.mx_6.8.1.202304191431
2025-01-12 13:50:27,780 [INFO] ThirdPartyUpdaterWithRetryManager:70 - Updater plugin not ready yet. [3/15]
2025-01-12 13:50:29,088 [INFO] MainUpdater:2854 - connection check result : 10
2025-01-12 13:50:29,088 [INFO] MainUpdater:283 - Updater Check For Update Now.
2025-01-12 13:50:29,096 [INFO] MicroXplorer:498 - Change Database Version : DB.6.0.81
2025-01-12 13:50:29,376 [INFO] CheckServerUpdateThread:120 - End of CheckServer Thread
2025-01-12 13:50:29,537 [INFO] MainUpdater:2854 - connection check result : 10
2025-01-12 13:50:29,561 [INFO] MainUpdater:2854 - connection check result : 10
2025-01-12 13:50:29,808 [INFO] MicroXplorer:468 - Change Database Path : 
2025-01-12 13:50:29,808 [INFO] MicroXplorer:498 - Change Database Version : DB.6.0.81
2025-01-12 13:50:29,808 [WARN] ThirdParty:871 - waiting for thirdparty lock release [close project]
2025-01-12 13:50:31,313 [WARN] PackLoader:240 - Cannot read IP mode file for STMicroelectronics.FP-ATR-ASTRA1.2.0.1
2025-01-12 13:50:31,337 [WARN] PackLoader:240 - Cannot read IP mode file for STMicroelectronics.X-CUBE-SMBUS.2.1.0
2025-01-12 13:50:31,369 [WARN] PackLoader:240 - Cannot read IP mode file for STMicroelectronics.X-CUBE-WB05N.1.1.0
2025-01-12 13:50:31,393 [WARN] PackLoader:240 - Cannot read IP mode file for STMicroelectronics.X-CUBE-TOUCHGFX.4.23.1
2025-01-12 13:50:31,409 [WARN] PackLoader:240 - Cannot read IP mode file for STMicroelectronics.X-CUBE-TOUCHGFX.4.23.0
2025-01-12 13:50:31,425 [WARN] PackLoader:240 - Cannot read IP mode file for STMicroelectronics.X-CUBE-TOUCHGFX.4.23.2
2025-01-12 13:50:31,485 [WARN] PackLoader:240 - Cannot read IP mode file for STMicroelectronics.X-CUBE-AZRTOS-F7.1.1.0
2025-01-12 13:50:31,513 [ERROR] RealEvaluatedCondition:428 - Found unsupported composite condition: CLASS='Data Exchange' GROUP='STM32_MetaDataManager'
2025-01-12 13:50:31,513 [ERROR] RealEvaluatedCondition:428 - Found unsupported composite condition: CLASS='Data Exchange' GROUP='STM32_MetaDataManager'
2025-01-12 13:50:31,513 [WARN] PackLoader:240 - Cannot read IP mode file for STMicroelectronics.FP-SNS-MOTENV1.4.3.0
2025-01-12 13:50:31,537 [WARN] PackLoader:240 - Cannot read IP mode file for STMicroelectronics.FP-SNS-MOTENV1.4.3.2
2025-01-12 13:50:31,553 [WARN] PackLoader:240 - Cannot read IP mode file for STMicroelectronics.FP-SNS-FLIGHT1.5.0.0
2025-01-12 13:50:31,569 [ERROR] RealEvaluatedCondition:428 - Found unsupported composite condition: CLASS='Data Exchange' GROUP='STM32_MetaDataManager'
2025-01-12 13:50:31,569 [ERROR] RealEvaluatedCondition:428 - Found unsupported composite condition: CLASS='Data Exchange' GROUP='STM32_MetaDataManager'
2025-01-12 13:50:31,569 [WARN] PackLoader:240 - Cannot read IP mode file for STMicroelectronics.FP-SNS-MOTENV1.4.3.1
2025-01-12 13:50:31,593 [WARN] PackLoader:240 - Cannot read IP mode file for STMicroelectronics.FP-SNS-FLIGHT1.5.0.1
2025-01-12 13:50:31,721 [WARN] PackLoader:240 - Cannot read IP mode file for STMicroelectronics.X-CUBE-MEMS1.11.0.0
2025-01-12 13:50:31,921 [WARN] PackLoader:240 - Cannot read IP mode file for STMicroelectronics.X-CUBE-BLE1.6.2.4
2025-01-12 13:50:31,937 [WARN] PackLoader:240 - Cannot read IP mode file for STMicroelectronics.FP-SNS-FLIGHT1.5.0.2
2025-01-12 13:50:31,953 [WARN] PackLoader:240 - Cannot read IP mode file for STMicroelectronics.X-CUBE-DISPLAY.3.0.0
2025-01-12 13:50:31,977 [WARN] PackLoader:240 - Cannot read IP mode file for STMicroelectronics.X-CUBE-BLE1.7.0.0
2025-01-12 13:50:31,993 [WARN] PackLoader:240 - Cannot read IP mode file for STMicroelectronics.X-CUBE-NFC10.1.0.0
2025-01-12 13:50:32,017 [ERROR] Engine:466 - C:\Users\rhett\.stm32cubemx\thirdparties\pdsc\STMicroelectronics.X-CUBE-BLEMGR.4.0.0.pdsc: PDSC version is not supported
2025-01-12 13:50:32,033 [WARN] PackLoader:240 - Cannot read IP mode file for STMicroelectronics.X-CUBE-TOUCHGFX.4.22.0
2025-01-12 13:50:32,057 [WARN] PackLoader:240 - Cannot read IP mode file for STMicroelectronics.X-CUBE-TOUCHGFX.4.22.1
2025-01-12 13:50:32,081 [WARN] PackLoader:240 - Cannot read IP mode file for STMicroelectronics.X-CUBE-BLEMGR.3.1.0
2025-01-12 13:50:32,097 [WARN] PackLoader:240 - Cannot read IP mode file for STMicroelectronics.FP-SNS-SMARTAG2.1.2.0
2025-01-12 13:50:32,185 [WARN] PackLoader:240 - Cannot read IP mode file for STMicroelectronics.X-CUBE-MEMS1.11.1.0
2025-01-12 13:50:32,385 [INFO] LogOutputStream:77 - [STDOUT_REDIRECT] 1 : Invalid condition id : UX_CORESTACK_Condition cause : null
2025-01-12 13:50:32,385 [INFO] LogOutputStream:77 - [STDOUT_REDIRECT] 1 : Invalid condition id : UX_CORESTACK_Condition cause : null
2025-01-12 13:50:32,385 [INFO] LogOutputStream:77 - [STDOUT_REDIRECT] 1 : Invalid condition id : UX_CORESTACK_Condition cause : null
2025-01-12 13:50:32,385 [INFO] LogOutputStream:77 - [STDOUT_REDIRECT] 1 : Invalid condition id : UX_CORESTACK_Condition cause : null
2025-01-12 13:50:32,393 [INFO] LogOutputStream:77 - [STDOUT_REDIRECT] 1 : Invalid condition id : UX_CORESTACK_Condition cause : null
2025-01-12 13:50:32,393 [WARN] PackLoader:240 - Cannot read IP mode file for STMicroelectronics.X-CUBE-AZRTOS-WL.2.0.0
2025-01-12 13:50:32,417 [WARN] PackLoader:240 - Cannot read IP mode file for STMicroelectronics.FP-SNS-MOTENV1.5.0.0
2025-01-12 13:50:32,441 [WARN] PackLoader:240 - Cannot read IP mode file for wolfSSL.I-CUBE-wolfMQTT.1.19.0
2025-01-12 13:50:32,473 [WARN] PackLoader:240 - Cannot read IP mode file for WES.I-CUBE-Cesium.1.3.0
2025-01-12 13:50:32,489 [WARN] PackLoader:240 - Cannot read IP mode file for STMicroelectronics.X-CUBE-BLE2.3.3.0
2025-01-12 13:50:32,521 [WARN] PackLoader:240 - Cannot read IP mode file for STMicroelectronics.X-CUBE-NFC9.1.0.0
2025-01-12 13:50:32,545 [WARN] PackLoader:240 - Cannot read IP mode file for STMicroelectronics.X-CUBE-TCPP.4.1.0
2025-01-12 13:50:32,569 [WARN] PackLoader:240 - Cannot read IP mode file for STMicroelectronics.X-CUBE-TOUCHGFX.4.21.3
2025-01-12 13:50:32,593 [WARN] PackLoader:240 - Cannot read IP mode file for STMicroelectronics.X-CUBE-TOUCHGFX.4.21.4
2025-01-12 13:50:32,617 [WARN] PackLoader:240 - Cannot read IP mode file for STMicroelectronics.X-CUBE-ALGOBUILD.1.3.0
2025-01-12 13:50:32,665 [WARN] PackLoader:240 - Cannot read IP mode file for STMicroelectronics.X-CUBE-AZRTOS-G0.1.1.0
2025-01-12 13:50:32,689 [WARN] PackLoader:240 - Cannot read IP mode file for STMicroelectronics.X-CUBE-SAFEA1.1.2.2
2025-01-12 13:50:32,721 [WARN] PackLoader:240 - Cannot read IP mode file for STMicroelectronics.X-CUBE-NFC4.3.0.0
2025-01-12 13:50:32,737 [WARN] PackLoader:240 - Cannot read IP mode file for wolfSSL.I-CUBE-wolfMQTT.1.18.0
2025-01-12 13:50:32,761 [ERROR] Engine:466 - C:\Users\rhett\.stm32cubemx\thirdparties\pdsc\EmbeddedOffice.I-CUBE-FS-RTOS.1.0.1.pdsc: PDSC version is not supported
2025-01-12 13:50:32,786 [WARN] PackLoader:240 - Cannot read IP mode file for STMicroelectronics.X-CUBE-BLEMGR.3.0.0
2025-01-12 13:50:32,810 [ERROR] Engine:466 - C:\Users\rhett\.stm32cubemx\thirdparties\pdsc\STMicroelectronics.X-CUBE-TCPP.4.2.0.pdsc: PDSC version is not supported
2025-01-12 13:50:32,826 [ERROR] Engine:466 - C:\Users\rhett\.stm32cubemx\thirdparties\pdsc\RealThread.X-CUBE-RT-Thread_Nano.4.1.1.pdsc: PDSC version is not supported
2025-01-12 13:50:32,842 [WARN] PackLoader:240 - Cannot read IP mode file for STMicroelectronics.FP-ATR-SIGFOX1.3.2.0
2025-01-12 13:50:32,858 [ERROR] Engine:466 - C:\Users\rhett\.stm32cubemx\thirdparties\pdsc\quantropi.X-CUBE-qispace-sdk-base.1.9.3.pdsc: PDSC version is not supported
2025-01-12 13:50:32,886 [WARN] PackLoader:240 - Cannot read IP mode file for STMicroelectronics.X-CUBE-EEPRMA1.5.1.0
2025-01-12 13:50:33,058 [WARN] PackLoader:240 - Cannot read IP mode file for STMicroelectronics.X-CUBE-MEMS1.9.5.0
2025-01-12 13:50:33,242 [WARN] PackLoader:240 - Cannot read IP mode file for SEGGER.I-CUBE-embOS.1.3.1
2025-01-12 13:50:33,322 [WARN] PackLoader:240 - Cannot read IP mode file for STMicroelectronics.X-CUBE-ALGOBUILD.1.4.0
2025-01-12 13:50:33,346 [WARN] PackLoader:240 - Cannot read IP mode file for STMicroelectronics.X-CUBE-AI.9.1.0
2025-01-12 13:50:33,370 [WARN] PackLoader:240 - Cannot read IP mode file for STMicroelectronics.X-CUBE-GNSS1.6.0.0
2025-01-12 13:50:33,410 [WARN] PackLoader:240 - Cannot read IP mode file for STMicroelectronics.X-CUBE-AZRTOS-F4.1.1.0
2025-01-12 13:50:33,434 [WARN] PackLoader:240 - Cannot read IP mode file for wolfSSL.I-CUBE-wolfSSL.5.6.0
2025-01-12 13:50:33,458 [WARN] PackLoader:240 - Cannot read IP mode file for STMicroelectronics.X-CUBE-ISPU.2.1.0
2025-01-12 13:50:33,486 [WARN] PackLoader:240 - Cannot read IP mode file for STMicroelectronics.X-CUBE-FREERTOS.1.2.0
2025-01-12 13:50:33,530 [WARN] PackLoader:240 - Cannot read IP mode file for STMicroelectronics.X-CUBE-AZRTOS-L5.2.0.0
2025-01-12 13:50:33,618 [WARN] PackLoader:240 - Cannot read IP mode file for STMicroelectronics.X-CUBE-MEMS1.9.6.0
2025-01-12 13:50:33,802 [WARN] PackLoader:240 - Cannot read IP mode file for STMicroelectronics.X-CUBE-EEPRMA1.4.2.0
2025-01-12 13:50:33,826 [WARN] PackLoader:240 - Cannot read IP mode file for STMicroelectronics.X-CUBE-NFC6.3.1.0
2025-01-12 13:50:33,850 [WARN] PackLoader:240 - Cannot read IP mode file for ITTIA_DB.I-CUBE-ITTIADB.8.8.0
2025-01-12 13:50:33,874 [WARN] PackLoader:240 - Cannot read IP mode file for emotas.I-CUBE-CANOPEN.1.1.3
2025-01-12 13:50:33,890 [WARN] PackLoader:240 - Cannot read IP mode file for STMicroelectronics.X-CUBE-BLEMGR.2.0.0
2025-01-12 13:50:33,914 [ERROR] Engine:466 - C:\Users\rhett\.stm32cubemx\thirdparties\pdsc\STMicroelectronics.X-CUBE-DPower.1.2.0.pdsc: PDSC version is not supported
2025-01-12 13:50:33,930 [WARN] PackLoader:240 - Cannot read IP mode file for STMicroelectronics.X-CUBE-AI.9.0.0
2025-01-12 13:50:33,962 [WARN] ConditionMgr:438 - getConditionDescription Invalid condition id : UX DEVICE CLASS RTOS Condition cause : null
2025-01-12 13:50:33,962 [WARN] ConditionMgr:438 - getConditionDescription Invalid condition id : UX DEVICE CLASS RTOS Condition cause : null
2025-01-12 13:50:33,962 [WARN] PackLoader:240 - Cannot read IP mode file for STMicroelectronics.X-CUBE-AZRTOS-H7.3.1.0
2025-01-12 13:50:33,970 [WARN] ConditionMgr:1039 - genDependencies : Invalid condition id : UX DEVICE CLASS RTOS Condition cause : null
2025-01-12 13:50:33,970 [WARN] ConditionMgr:1039 - genDependencies : Invalid condition id : UX DEVICE CLASS RTOS Condition cause : null
2025-01-12 13:50:33,970 [WARN] ConditionMgr:1039 - genDependencies : Invalid condition id : UX DEVICE CLASS RTOS Condition cause : null
2025-01-12 13:50:33,970 [WARN] ConditionMgr:1039 - genDependencies : Invalid condition id : UX DEVICE CLASS RTOS Condition cause : null
2025-01-12 13:50:33,970 [WARN] ConditionMgr:1039 - genDependencies : Invalid condition id : UX DEVICE CLASS RTOS Condition cause : null
2025-01-12 13:50:33,986 [WARN] PackLoader:240 - Cannot read IP mode file for STMicroelectronics.X-CUBE-FREERTOS.1.3.0
2025-01-12 13:50:34,010 [WARN] PackLoader:240 - Cannot read IP mode file for STMicroelectronics.X-CUBE-NFC7.1.0.1
2025-01-12 13:50:34,026 [WARN] PackLoader:240 - Cannot read IP mode file for STMicroelectronics.X-CUBE-NFC7.1.0.0
2025-01-12 13:50:34,050 [WARN] PackLoader:240 - Cannot read IP mode file for wolfSSL.I-CUBE-wolfTPM.3.2.0
2025-01-12 13:50:34,066 [WARN] PackLoader:240 - Cannot read IP mode file for STMicroelectronics.X-CUBE-NFC6.3.0.0
2025-01-12 13:50:34,086 [WARN] PackLoader:240 - Cannot read IP mode file for STMicroelectronics.X-CUBE-EEPRMA1.4.1.0
2025-01-12 13:50:34,106 [WARN] PackLoader:240 - Cannot read IP mode file for STMicroelectronics.X-CUBE-AI.8.1.0
2025-01-12 13:50:34,138 [WARN] ConditionMgr:438 - getConditionDescription Invalid condition id : LAN8742 Phy interface Condition cause : null
2025-01-12 13:50:34,138 [WARN] PackLoader:240 - Cannot read IP mode file for STMicroelectronics.X-CUBE-AZRTOS-L4.2.0.0
2025-01-12 13:50:34,138 [WARN] ConditionMgr:1039 - genDependencies : Invalid condition id : LAN8742 Phy interface Condition cause : null
2025-01-12 13:50:34,138 [WARN] ConditionMgr:1039 - genDependencies : Invalid condition id : LAN8742 Phy interface Condition cause : null
2025-01-12 13:50:34,138 [WARN] ConditionMgr:1039 - genDependencies : Invalid condition id : LAN8742 Phy interface Condition cause : null
2025-01-12 13:50:34,162 [WARN] PackLoader:240 - Cannot read IP mode file for STMicroelectronics.X-CUBE-SFXS2LP1.4.0.0
2025-01-12 13:50:34,186 [WARN] PackLoader:240 - Cannot read IP mode file for STMicroelectronics.X-CUBE-ISPU.1.1.0
2025-01-12 13:50:34,226 [WARN] PackLoader:240 - Cannot read IP mode file for STMicroelectronics.X-CUBE-AZRTOS-H7.3.3.0
2025-01-12 13:50:34,250 [WARN] PackLoader:240 - Cannot read IP mode file for STMicroelectronics.X-CUBE-AI.8.0.0
2025-01-12 13:50:34,266 [ERROR] Engine:466 - C:\Users\rhett\.stm32cubemx\thirdparties\pdsc\STMicroelectronics.X-CUBE-IPS.3.0.0.pdsc: PDSC version is not supported
2025-01-12 13:50:34,290 [WARN] ConditionMgr:438 - getConditionDescription Invalid condition id : UX DEVICE CLASS RTOS Condition cause : null
2025-01-12 13:50:34,290 [WARN] ConditionMgr:438 - getConditionDescription Invalid condition id : UX DEVICE CLASS RTOS Condition cause : null
2025-01-12 13:50:34,298 [WARN] PackLoader:240 - Cannot read IP mode file for STMicroelectronics.X-CUBE-AZRTOS-WB.2.0.0
2025-01-12 13:50:34,298 [WARN] ConditionMgr:1039 - genDependencies : Invalid condition id : UX DEVICE CLASS RTOS Condition cause : null
2025-01-12 13:50:34,298 [WARN] ConditionMgr:1039 - genDependencies : Invalid condition id : UX DEVICE CLASS RTOS Condition cause : null
2025-01-12 13:50:34,298 [WARN] ConditionMgr:1039 - genDependencies : Invalid condition id : UX DEVICE CLASS RTOS Condition cause : null
2025-01-12 13:50:34,298 [WARN] ConditionMgr:1039 - genDependencies : Invalid condition id : UX DEVICE CLASS RTOS Condition cause : null
2025-01-12 13:50:34,298 [WARN] ConditionMgr:1039 - genDependencies : Invalid condition id : UX DEVICE CLASS RTOS Condition cause : null
2025-01-12 13:50:34,314 [WARN] PackLoader:240 - Cannot read IP mode file for STMicroelectronics.X-CUBE-FREERTOS.1.0.1
2025-01-12 13:50:34,330 [WARN] PackLoader:240 - Cannot read IP mode file for STMicroelectronics.X-CUBE-GNSS1.7.0.0
2025-01-12 13:50:34,346 [WARN] PackLoader:240 - Cannot read IP mode file for STMicroelectronics.X-CUBE-GNSS1.7.0.1
2025-01-12 13:50:34,370 [ERROR] Engine:466 - C:\Users\rhett\.stm32cubemx\thirdparties\pdsc\STMicroelectronics.FP-SNS-STBOX1.2.0.0.pdsc: PDSC version is not supported
2025-01-12 13:50:34,394 [WARN] PackLoader:240 - Cannot read IP mode file for STMicroelectronics.X-CUBE-AZRTOS-L5.1.1.0
2025-01-12 13:50:34,426 [WARN] PackLoader:240 - Cannot read IP mode file for STMicroelectronics.X-CUBE-AI.8.0.1
2025-01-12 13:50:34,458 [WARN] PackLoader:240 - Cannot read IP mode file for STMicroelectronics.X-CUBE-SUBG2.5.0.0
2025-01-12 13:50:34,486 [WARN] PackLoader:240 - Cannot read IP mode file for Cesanta.I-CUBE-Mongoose.7.13.0
2025-01-12 13:50:34,514 [WARN] PackLoader:240 - Cannot read IP mode file for STMicroelectronics.X-CUBE-TOF1.3.3.1
2025-01-12 13:50:34,562 [WARN] PackLoader:240 - Cannot read IP mode file for STMicroelectronics.X-CUBE-AZRTOS-G4.2.0.0
2025-01-12 13:50:34,594 [WARN] PackLoader:240 - Cannot read IP mode file for STMicroelectronics.X-CUBE-TOF1.3.3.0
2025-01-12 13:50:34,658 [WARN] PackLoader:240 - Cannot read IP mode file for Infineon.AIROC-Wi-Fi-Bluetooth-STM32.1.5.1
2025-01-12 13:50:34,686 [WARN] PackLoader:240 - Cannot read IP mode file for STMicroelectronics.FP-SNS-MOTENVWB1.1.3.0
2025-01-12 13:50:34,706 [WARN] PackLoader:240 - Cannot read IP mode file for STMicroelectronics.FP-SNS-MOTENVWB1.1.3.1
2025-01-12 13:50:34,738 [WARN] PackLoader:240 - Cannot read IP mode file for STMicroelectronics.X-CUBE-AZRTOS-G4.1.0.0
2025-01-12 13:50:34,778 [WARN] PackLoader:240 - Cannot read IP mode file for STMicroelectronics.X-CUBE-AZRTOS-L4.1.0.0
2025-01-12 13:50:34,802 [WARN] PackLoader:240 - Cannot read IP mode file for STMicroelectronics.X-CUBE-ISPU.2.0.0
2025-01-12 13:50:34,826 [ERROR] Engine:466 - C:\Users\rhett\.stm32cubemx\thirdparties\pdsc\STMicroelectronics.X-CUBE-IPS.3.1.0.pdsc: PDSC version is not supported
2025-01-12 13:50:34,850 [WARN] PackLoader:240 - Cannot read IP mode file for STMicroelectronics.X-CUBE-ALS.1.0.2
2025-01-12 13:50:34,930 [WARN] PackLoader:240 - Cannot read IP mode file for STMicroelectronics.X-CUBE-MEMS1.10.0.0
2025-01-12 13:50:35,082 [WARN] PackLoader:240 - Cannot read IP mode file for STMicroelectronics.X-CUBE-FREERTOS.1.1.0
2025-01-12 13:50:35,098 [WARN] PackLoader:240 - Cannot read IP mode file for STMicroelectronics.X-CUBE-TOUCHGFX.4.24.0
2025-01-12 13:50:35,338 [WARN] PackLoader:240 - Cannot read IP mode file for STMicroelectronics.X-CUBE-TOUCHGFX.4.24.2
2025-01-12 13:50:35,370 [WARN] PackLoader:240 - Cannot read IP mode file for STMicroelectronics.X-CUBE-AZRTOS-WL.1.0.0
2025-01-12 13:50:35,394 [WARN] PackLoader:240 - Cannot read IP mode file for STMicroelectronics.X-CUBE-TOUCHGFX.4.24.1
2025-01-12 13:50:35,418 [WARN] PackLoader:240 - Cannot read IP mode file for portGmbH.I-Cube-SoM-uGOAL.1.1.0
2025-01-12 13:50:35,434 [WARN] PackLoader:240 - Cannot read IP mode file for STMicroelectronics.X-CUBE-ALS.1.0.1
2025-01-12 13:50:35,474 [WARN] PackLoader:240 - Cannot read IP mode file for STMicroelectronics.X-CUBE-AZRTOS-WB.1.1.0
2025-01-12 13:50:35,522 [WARN] PackLoader:240 - Cannot read IP mode file for STMicroelectronics.X-CUBE-AZRTOS-H7RS.1.0.0
2025-01-12 13:50:35,546 [WARN] PackLoader:240 - Cannot read IP mode file for STMicroelectronics.FP-ATR-ASTRA1.2.0.0
2025-01-12 13:50:35,570 [ERROR] Engine:466 - C:\Users\rhett\.stm32cubemx\thirdparties\pdsc\STMicroelectronics.X-CUBE-TOF1.3.4.2.pdsc: PDSC version is not supported
2025-01-12 13:50:35,602 [WARN] PackLoader:240 - Cannot read IP mode file for STMicroelectronics.X-CUBE-TOF1.3.4.0
2025-01-12 13:50:35,658 [WARN] PackLoader:240 - Cannot read IP mode file for STMicroelectronics.X-CUBE-TOF1.3.4.1
2025-01-12 13:50:35,706 [WARN] PackLoader:240 - Cannot read IP mode file for STMicroelectronics.X-CUBE-AZRTOS-H7.3.2.0
2025-01-12 13:50:35,730 [WARN] PackLoader:240 - Cannot read IP mode file for wolfSSL.I-CUBE-wolfSSH.1.4.17
2025-01-12 13:50:35,730 [INFO] ThirdParty:978 - Integrity check success = true
2025-01-12 13:50:35,730 [INFO] IntegrityCheckThread:100 - exiting critical section [integrity check]
2025-01-12 13:50:35,730 [INFO] IntegrityCheckThread:103 - End integrity checks thread
2025-01-12 13:50:35,730 [INFO] ThirdParty:873 - entering critical section [close project]
2025-01-12 13:50:35,738 [INFO] ThirdParty:883 - exiting critical section [close project]
2025-01-12 13:50:35,738 [INFO] PinOutPanel:1499 - setPackage(No Configuration,No Configuration)
2025-01-12 13:50:35,746 [INFO] UtilMem:75 - Begin LoadConfig() Used Memory: 652235056 Bytes (828375040)
2025-01-12 13:50:35,754 [INFO] MicroXplorer:468 - Change Database Path : 
2025-01-12 13:50:35,754 [INFO] MicroXplorer:498 - Change Database Version : DB.6.0.81
2025-01-12 13:50:35,754 [INFO] OpenFileManager:308 - Change cursor
2025-01-12 13:50:35,834 [INFO] Mcu:1937 - Initializing MCU STM32F746ZGTx STM32F746ZGTx STM32F746ZGT6
2025-01-12 13:50:40,212 [INFO] Context:659 - Trying to add GPIOservice into a context  which must be forbidden
2025-01-12 13:50:42,197 [INFO] RtosManager:555 - Registered RTOS mode: class=CMSIS, group=RTOS, mode=CMSIS_V1, owner=FREERTOS
2025-01-12 13:50:42,197 [INFO] RtosManager:555 - Registered RTOS mode: class=CMSIS, group=RTOS2, mode=CMSIS_V2, owner=FREERTOS
2025-01-12 13:50:42,197 [INFO] RtosManager:555 - Registered RTOS mode: class=RTOS, group=Core, mode=CMSIS_V1, owner=FREERTOS
2025-01-12 13:50:42,197 [INFO] RtosManager:555 - Registered RTOS mode: class=RTOS, group=Core, mode=CMSIS_V2, owner=FREERTOS
2025-01-12 13:50:42,197 [WARN] ModelIntegratedComponent:184 - Missing modes for component STMicroelectronics:FreeRTOS:0.0.1:STMicroelectronics:RTOS:FreeRTOS:Core:::10.2.0:
2025-01-12 13:50:42,205 [WARN] ModelIntegratedComponent:63 - No mode defined for component null
2025-01-12 13:50:42,205 [WARN] ModelIntegratedComponent:63 - No mode defined for component null
2025-01-12 13:50:42,205 [WARN] ModelIntegratedComponent:63 - No mode defined for component null
2025-01-12 13:50:42,205 [WARN] ModelIntegratedComponent:63 - No mode defined for component null
2025-01-12 13:50:42,205 [WARN] ModelIntegratedComponent:63 - No mode defined for component null
2025-01-12 13:50:42,205 [WARN] ModelIntegratedComponent:63 - No mode defined for component null
2025-01-12 13:50:42,205 [WARN] ModelIntegratedComponent:63 - No mode defined for component null
2025-01-12 13:50:42,205 [WARN] ModelIntegratedComponent:63 - No mode defined for component null
2025-01-12 13:50:42,205 [WARN] ModelIntegratedComponent:63 - No mode defined for component null
2025-01-12 13:50:42,205 [WARN] ModelIntegratedComponent:63 - No mode defined for component null
2025-01-12 13:50:42,205 [WARN] ModelIntegratedComponent:63 - No mode defined for component null
2025-01-12 13:50:42,205 [WARN] ModelIntegratedComponent:63 - No mode defined for component null
2025-01-12 13:50:42,205 [WARN] ModelIntegratedComponent:63 - No mode defined for component null
2025-01-12 13:50:42,205 [WARN] ModelIntegratedComponent:63 - No mode defined for component null
2025-01-12 13:50:42,205 [WARN] ModelIntegratedComponent:63 - No mode defined for component null
2025-01-12 13:50:42,205 [WARN] ModelIntegratedComponent:63 - No mode defined for component null
2025-01-12 13:50:42,205 [WARN] ModelIntegratedComponent:63 - No mode defined for component null
2025-01-12 13:50:42,205 [WARN] ModelIntegratedComponent:63 - No mode defined for component null
2025-01-12 13:50:42,205 [WARN] ModelIntegratedComponent:63 - No mode defined for component null
2025-01-12 13:50:42,205 [WARN] ModelIntegratedComponent:63 - No mode defined for component null
2025-01-12 13:50:42,205 [WARN] ModelIntegratedComponent:63 - No mode defined for component null
2025-01-12 13:50:42,205 [WARN] ModelIntegratedComponent:63 - No mode defined for component null
2025-01-12 13:50:42,205 [WARN] ModelIntegratedComponent:63 - No mode defined for component null
2025-01-12 13:50:42,205 [WARN] ModelIntegratedComponent:63 - No mode defined for component null
2025-01-12 13:50:42,205 [WARN] ModelIntegratedComponent:63 - No mode defined for component null
2025-01-12 13:50:42,205 [WARN] ModelIntegratedComponent:63 - No mode defined for component null
2025-01-12 13:50:42,205 [WARN] ModelIntegratedComponent:63 - No mode defined for component null
2025-01-12 13:50:42,205 [WARN] ModelIntegratedComponent:63 - No mode defined for component null
2025-01-12 13:50:42,205 [WARN] ModelIntegratedComponent:63 - No mode defined for component null
2025-01-12 13:50:42,213 [WARN] ModelIntegratedComponent:63 - No mode defined for component null
2025-01-12 13:50:42,213 [WARN] ModelIntegratedComponent:63 - No mode defined for component null
2025-01-12 13:50:42,213 [WARN] ModelIntegratedComponent:63 - No mode defined for component null
2025-01-12 13:50:42,213 [WARN] ModelIntegratedComponent:63 - No mode defined for component null
2025-01-12 13:50:42,489 [INFO] ThirdPartyModel:298 - Start build external matchings
2025-01-12 13:50:44,951 [INFO] ThirdPartyModel:316 - End build external matchings
2025-01-12 13:50:45,091 [WARN] IP:2113 - LayerIdx_L1 not found: check if there is a RefParameter without a condition.
2025-01-12 13:50:45,095 [INFO] ImportTextPane:194 - (OptionalMessage_ERROR) IP (RCC) : Invalid parameter (FamilyName)
2025-01-12 13:50:45,095 [INFO] ImportTextPane:194 - (OptionalMessage_ERROR) IP (RCC) : Parameter (RNGFreq_Value) has invalid value (216000000)
2025-01-12 13:50:45,095 [INFO] ImportTextPane:194 - (OptionalMessage_ERROR) IP (RCC) : Parameter (SDMMCFreq_Value) has invalid value (216000000)
2025-01-12 13:50:45,095 [INFO] ImportTextPane:194 - (OptionalMessage_ERROR) IP (RCC) : Parameter (USBFreq_Value) has invalid value (216000000)
2025-01-12 13:50:45,872 [INFO] UtilMem:75 - End LoadConfig() Used Memory: 698116696 Bytes (828375040)
2025-01-12 13:50:46,144 [INFO] ApiDb:581 - Connected to CubeFinder SQLite database (C:\Users\rhett\.stmcufinder\plugins\mcufinder\mcu\cube-finder-db.db)
2025-01-12 13:50:46,312 [INFO] ApiDb:668 - CubeFinder database Data Model version=2.1
2025-01-12 13:50:46,312 [INFO] ApiDb:669 - CubeFinder database Configuration version=3.0.39
2025-01-12 13:50:46,312 [INFO] ApiDb:670 - CubeFinder database generation date=2024-12-10 (1733817889)
2025-01-12 13:50:46,312 [INFO] ApiDb:671 - CubeFinder database FW Pack versions=[FP-ATR-ASTRA1_V2.0.0, FP-SNS-FLIGHT1_V5.0.2, FP-SNS-MOTENV1_V5.0.0, FP-SNS-MOTENVWB1_V1.4.0, FP-SNS-SMARTAG2_V1.2.0, FP-SNS-STBOX1_V2.0.0, STM32Cube_FW_C0_V1.3.0, STM32Cube_FW_F4_V1.28.1, STM32Cube_FW_F7_V1.17.2, STM32Cube_FW_G0_V1.6.2, STM32Cube_FW_G4_V1.6.1, STM32Cube_FW_H5_V1.4.0, STM32Cube_FW_H7RS_V1.1.0, STM32Cube_FW_H7_V1.12.0, STM32Cube_FW_L0_V1.12.2, STM32Cube_FW_L4_V1.18.1, STM32Cube_FW_L5_V1.5.1, STM32Cube_FW_N6_V1.0.0, STM32Cube_FW_U0_V1.2.0, STM32Cube_FW_U3_V1.0.0, STM32Cube_FW_U5_V1.7.0, STM32Cube_FW_WB0_V1.1.0, STM32Cube_FW_WBA_V1.5.0, STM32Cube_FW_WB_V1.21.0, STM32Cube_FW_WL3_V1.0.0, STM32Cube_FW_WL_V1.3.0, X-CUBE-ALGOBUILD_V1.4.0, X-CUBE-ALS_V1.0.2, X-CUBE-AZRTOS-F4_V1.1.0, X-CUBE-AZRTOS-F7_V1.1.0, X-CUBE-AZRTOS-G0_V1.1.0, X-CUBE-AZRTOS-G4_V2.0.0, X-CUBE-AZRTOS-H7RS_V1.0.0, X-CUBE-AZRTOS-H7_V3.3.0, X-CUBE-AZRTOS-L4_V2.0.0, X-CUBE-AZRTOS-L5_V2.0.0, X-CUBE-AZRTOS-WB_V2.0.0, X-CUBE-AZRTOS-WL_V2.0.0, X-CUBE-BLE1_V7.0.0, X-CUBE-BLE2_V3.3.0, X-CUBE-BLEMGR_V3.1.0, X-CUBE-EEPRMA1_V5.1.0, X-CUBE-FREERTOS_V1.2.0, X-CUBE-GNSS1_V6.0.0, X-CUBE-MEMS1_V11.0.0, X-CUBE-NFC4_V3.0.0, X-CUBE-NFC7_V1.0.1, X-CUBE-SFXS2LP1_V4.0.0, X-CUBE-SUBG2_V5.0.0, X-CUBE-TOF1_V3.4.2]
2025-01-12 13:50:49,683 [INFO] ApiDb:240 - Found 297 in-development CPN: [B-G473E-ZEST1S, B-WB1M-WPAN1, B-WL5M-SUBG1, NUCLEO-C031C6, NUCLEO-H503RB, NUCLEO-H563ZI, NUCLEO-U545RE-Q, NUCLEO-U5A5ZJ-Q, NUCLEO-WBA52CG, STEVAL-PROTEUS1, STEVAL-STWINBX1, STM320518-EVAL, STM32C0116-DK, STM32C011D6Y3TR, STM32C011D6Y6TR, STM32C011F4P3, STM32C011F4P6, STM32C011F4U3, STM32C011F4U6TR, STM32C011F6P3, STM32C011F6P6, STM32C011F6U3, STM32C011F6U6TR, STM32C011J4M3, STM32C011J4M6, STM32C011J6M3, STM32C011J6M6, STM32C0316-DK, STM32C031C4T3, STM32C031C4T6, STM32C031C4U3, STM32C031C4U6, STM32C031C6T3, STM32C031C6T6, STM32C031C6U3, STM32C031C6U6, STM32C031F4P3, STM32C031F4P6, STM32C031F6P3, STM32C031F6P6, STM32C031G4U3, STM32C031G4U6, STM32C031G6U3, STM32C031G6U6, STM32C031K4T3, STM32C031K4T6, STM32C031K4U3, STM32C031K4U6, STM32C031K6T3, STM32C031K6T6, STM32C031K6U3, STM32C031K6U6, STM32G071K8TXN, STM32G071K8UXN, STM32G081GBU6N, STM32G081KBT6N, STM32G081KBUXN, STM32G0B1CCT6N, STM32G0B1KCT6, STM32G0B1NEY6TR, STM32G0B1RCT6N, STM32G0C1CCT6, STM32G0C1CCT6N, STM32G0C1CCU6N, STM32G0C1CET6N, STM32G0C1CEU6N, STM32G0C1KCT6, STM32G0C1NEY6TR, STM32G0C1RCI6N, STM32G0C1RCT6N, STM32G0C1REI6N, STM32G0C1RET6N, STM32G0C1VCI6, STM32G0C1VEI6, STM32G471CCT6, STM32G471CCU6, STM32G471CET3, STM32G471CET6, STM32G471CEU3, STM32G471CEU6, STM32G471MCT6, STM32G471MET3, STM32G471MET6, STM32G471MEY6TR, STM32G471QCT6, STM32G471QET3, STM32G471RCT6, STM32G471RET3, STM32G471RET6, STM32G471VCH6, STM32G471VCI6, STM32G471VCT6, STM32G471VEH3, STM32G471VEH6, STM32G471VEI3, STM32G471VEI6, STM32G471VET3, STM32G471VET6, STM32G474CCT6, STM32H503CBT6, STM32H503CBU6, STM32H503EBY6TR, STM32H503KBU6, STM32H503RBT6, STM32H562AGI6, STM32H562AII6, STM32H562IGK6, STM32H562IGT6, STM32H562IIK6, STM32H562IIT6, STM32H562RGT6, STM32H562RGV6, STM32H562RIT6, STM32H562RIV6, STM32H562VGT6, STM32H562VIT6, STM32H562ZGT6, STM32H562ZIT6, STM32H563AGI6, STM32H563AII3Q, STM32H563AII6, STM32H563IGK6, STM32H563IGT6, STM32H563IIK3Q, STM32H563IIK6, STM32H563IIT3Q, STM32H563IIT6, STM32H563MIY3QTR, STM32H563RGT6, STM32H563RGV6, STM32H563RIT6, STM32H563RIV6, STM32H563VGT6, STM32H563VIT3Q, STM32H563VIT6, STM32H563ZGT6, STM32H563ZIT3Q, STM32H563ZIT6, STM32H573AII3Q, STM32H573AII6, STM32H573I-DK, STM32H573IIK3Q, STM32H573IIK6, STM32H573IIT3Q, STM32H573IIT6, STM32H573MIY3QTR, STM32H573RIT6, STM32H573RIV6, STM32H573VIT3Q, STM32H573VIT6, STM32H573ZIT3Q, STM32H573ZIT6, STM32L4R5QGI6STR, STM32MP131AAE3, STM32MP131AAF3, STM32MP131AAG3, STM32MP131CAE3, STM32MP131CAF3, STM32MP131CAG3, STM32MP131DAE7, STM32MP131DAF7, STM32MP131DAG7, STM32MP131FAE7, STM32MP131FAF7, STM32MP131FAG7, STM32MP133AAE3, STM32MP133AAF3, STM32MP133AAG3, STM32MP133CAE3, STM32MP133CAF3, STM32MP133CAG3, STM32MP133DAE7, STM32MP133DAF7, STM32MP133DAG7, STM32MP133FAE7, STM32MP133FAF7, STM32MP133FAG7, STM32MP135AAE3, STM32MP135AAF3, STM32MP135AAG3, STM32MP135CAE3, STM32MP135CAF3, STM32MP135CAG3, STM32MP135DAE7, STM32MP135DAF7, STM32MP135DAG7, STM32MP135F-DK, STM32MP135FAE7, STM32MP135FAF7, STM32MP135FAF7T, STM32MP135FAF7U, STM32MP135FAG7, STM32U535CBT6, STM32U535CBT6Q, STM32U535CBU6, STM32U535CBU6Q, STM32U535CCT6, STM32U535CCT6Q, STM32U535CCU6, STM32U535CCU6Q, STM32U535CET6, STM32U535CET6Q, STM32U535CEU6, STM32U535CEU6Q, STM32U535JEY6QTR, STM32U535NCY6QTR, STM32U535NEY6QTR, STM32U535RBI6, STM32U535RBI6Q, STM32U535RBT6, STM32U535RBT6Q, STM32U535RCI6, STM32U535RCI6Q, STM32U535RCT6, STM32U535RCT6Q, STM32U535REI6, STM32U535REI6Q, STM32U535RET6, STM32U535RET6Q, STM32U535VCI6, STM32U535VCI6Q, STM32U535VCT6, STM32U535VCT6Q, STM32U535VEI6, STM32U535VEI6Q, STM32U535VET6, STM32U535VET6Q, STM32U545CET6, STM32U545CET6Q, STM32U545CEU6, STM32U545CEU6Q, STM32U545JEY6QTR, STM32U545NEY6QTR, STM32U545REI6, STM32U545REI6Q, STM32U545RET6, STM32U545RET6Q, STM32U545VEI6, STM32U545VEI6Q, STM32U545VET6, STM32U545VET6Q, STM32U595AIH6, STM32U595AIH6Q, STM32U595AJH6, STM32U595AJH6Q, STM32U595QII6, STM32U595QII6Q, STM32U595QJI6, STM32U595QJI6Q, STM32U595RIT6, STM32U595RIT6Q, STM32U595RJT6, STM32U595RJT6Q, STM32U595VIT6, STM32U595VIT6Q, STM32U595VJT6, STM32U595VJT6Q, STM32U595ZIT6, STM32U595ZIT6Q, STM32U595ZIY6QTR, STM32U595ZJT6, STM32U595ZJT6Q, STM32U595ZJY6QTR, STM32U599BJY6QTR, STM32U599NIH6Q, STM32U599NJH6Q, STM32U599VIT6Q, STM32U599VJT6, STM32U599VJT6Q, STM32U599ZIT6Q, STM32U599ZIY6QTR, STM32U599ZJT6Q, STM32U599ZJY6QTR, STM32U5A5AJH6, STM32U5A5AJH6Q, STM32U5A5QJI6, STM32U5A5QJI6Q, STM32U5A5RJT6, STM32U5A5RJT6Q, STM32U5A5VJT6, STM32U5A5VJT6Q, STM32U5A5ZJT6, STM32U5A5ZJT6Q, STM32U5A5ZJY6QTR, STM32U5A9BJY6QTR, STM32U5A9J-DK, STM32U5A9NJH6Q, STM32U5A9VJT6Q, STM32U5A9ZJT6Q, STM32U5A9ZJY6QTR, STM32WB1MMCH6, STM32WBA52CEU6, STM32WBA52CEU6T, STM32WBA52CGU6, STM32WBA52CGU6T, STM32WL5MOCH6, STM32WL5MOCH6TR]
2025-01-12 13:50:49,695 [INFO] DbMcus:216 - Found 4381 MCUs, 4381 are supported
2025-01-12 13:50:49,699 [INFO] ApiDb:423 - Load user favorites file C:\Users\rhett/.stm32cubeide/favorites.mcus.txt: 0 item(s)
2025-01-12 13:50:49,699 [INFO] ApiDb:427 - User favorites MCUs=[]
2025-01-12 13:50:49,699 [INFO] DbMcus:222 - Set 0 / 0 favorites MCUs
2025-01-12 13:50:50,364 [WARN] ThirdParty:833 - waiting for thirdparty lock release [change project]
2025-01-12 13:50:50,364 [INFO] ThirdParty:835 - entering critical section [change project]
2025-01-12 13:50:50,364 [INFO] ThirdParty:1030 - CMSIS Pack Vendor :STMicroelectronics X-CUBE-GNSS1 6.0.0
2025-01-12 13:50:50,364 [INFO] ThirdParty:1030 - CMSIS Pack Vendor :STMicroelectronics USB_HOST 2.0.0
2025-01-12 13:50:50,364 [INFO] ThirdParty:1030 - CMSIS Pack Vendor :STMicroelectronics X-CUBE-AZRTOS-F4 1.1.0
2025-01-12 13:50:50,364 [INFO] ThirdParty:1030 - CMSIS Pack Vendor :STMicroelectronics LIBJPEG 8.0.0
2025-01-12 13:50:50,364 [INFO] ThirdParty:1030 - CMSIS Pack Vendor :STMicroelectronics FP-ATR-ASTRA1 2.0.1
2025-01-12 13:50:50,364 [INFO] ThirdParty:1030 - CMSIS Pack Vendor :STMicroelectronics X-CUBE-SMBUS 2.1.0
2025-01-12 13:50:50,364 [INFO] ThirdParty:1030 - CMSIS Pack Vendor :STMicroelectronics X-CUBE-WB05N 1.1.0
2025-01-12 13:50:50,364 [INFO] ThirdParty:1030 - CMSIS Pack Vendor :wolfSSL I-CUBE-wolfSSL 5.6.0
2025-01-12 13:50:50,364 [INFO] ThirdParty:1030 - CMSIS Pack Vendor :STMicroelectronics X-CUBE-ISPU 2.1.0
2025-01-12 13:50:50,364 [INFO] ThirdParty:1030 - CMSIS Pack Vendor :STMicroelectronics X-CUBE-FREERTOS 1.2.0
2025-01-12 13:50:50,364 [INFO] ThirdParty:1030 - CMSIS Pack Vendor :STMicroelectronics X-CUBE-TOUCHGFX 4.23.1
2025-01-12 13:50:50,364 [INFO] ThirdParty:1030 - CMSIS Pack Vendor :STMicroelectronics X-CUBE-TOUCHGFX 4.23.0
2025-01-12 13:50:50,364 [INFO] ThirdParty:1030 - CMSIS Pack Vendor :STMicroelectronics X-CUBE-TOUCHGFX 4.23.2
2025-01-12 13:50:50,364 [INFO] ThirdParty:1030 - CMSIS Pack Vendor :STMicroelectronics X-CUBE-AZRTOS-F7 1.1.0
2025-01-12 13:50:50,364 [INFO] ThirdParty:1030 - CMSIS Pack Vendor :STMicroelectronics X-CUBE-AZRTOS-L5 2.0.0
2025-01-12 13:50:50,364 [INFO] ThirdParty:1030 - CMSIS Pack Vendor :STMicroelectronics USB_DEVICE 2.0.0
2025-01-12 13:50:50,364 [INFO] ThirdParty:1030 - CMSIS Pack Vendor :STMicroelectronics X-CUBE-MEMS1 9.6.0
2025-01-12 13:50:50,364 [INFO] ThirdParty:1030 - CMSIS Pack Vendor :STMicroelectronics X-CUBE-EEPRMA1 4.2.0
2025-01-12 13:50:50,364 [INFO] ThirdParty:1030 - CMSIS Pack Vendor :STMicroelectronics X-CUBE-NFC6 3.1.0
2025-01-12 13:50:50,364 [INFO] ThirdParty:1030 - CMSIS Pack Vendor :ITTIA_DB I-CUBE-ITTIADB 8.8.0
2025-01-12 13:50:50,364 [INFO] ThirdParty:1030 - CMSIS Pack Vendor :STMicroelectronics FP-SNS-MOTENV1 4.3.0
2025-01-12 13:50:50,364 [INFO] ThirdParty:1030 - CMSIS Pack Vendor :STMicroelectronics FP-SNS-MOTENV1 4.3.2
2025-01-12 13:50:50,364 [INFO] ThirdParty:1030 - CMSIS Pack Vendor :STMicroelectronics FP-SNS-FLIGHT1 5.0.0
2025-01-12 13:50:50,364 [INFO] ThirdParty:1030 - CMSIS Pack Vendor :STMicroelectronics FP-SNS-MOTENV1 4.3.1
2025-01-12 13:50:50,364 [INFO] ThirdParty:1030 - CMSIS Pack Vendor :STMicroelectronics FP-SNS-FLIGHT1 5.0.1
2025-01-12 13:50:50,364 [INFO] ThirdParty:1030 - CMSIS Pack Vendor :STMicroelectronics X-CUBE-MEMS1 11.0.0
2025-01-12 13:50:50,364 [INFO] ThirdParty:1030 - CMSIS Pack Vendor :STMicroelectronics X-CUBE-BLE1 6.2.4
2025-01-12 13:50:50,364 [INFO] ThirdParty:1030 - CMSIS Pack Vendor :STMicroelectronics FreeRTOS 0.0.1
2025-01-12 13:50:50,364 [INFO] ThirdParty:1030 - CMSIS Pack Vendor :emotas I-CUBE-CANOPEN 1.1.3
2025-01-12 13:50:50,364 [INFO] ThirdParty:1030 - CMSIS Pack Vendor :STMicroelectronics X-CUBE-BLEMGR 2.0.0
2025-01-12 13:50:50,364 [INFO] ThirdParty:1030 - CMSIS Pack Vendor :STMicroelectronics FP-SNS-FLIGHT1 5.0.2
2025-01-12 13:50:50,364 [INFO] ThirdParty:1030 - CMSIS Pack Vendor :STMicroelectronics X-CUBE-AI 9.0.0
2025-01-12 13:50:50,364 [INFO] ThirdParty:1030 - CMSIS Pack Vendor :STMicroelectronics X-CUBE-AZRTOS-H7 3.1.0
2025-01-12 13:50:50,364 [INFO] ThirdParty:1030 - CMSIS Pack Vendor :STMicroelectronics PDM2PCM 3.3.0
2025-01-12 13:50:50,364 [INFO] ThirdParty:1030 - CMSIS Pack Vendor :STMicroelectronics X-CUBE-DISPLAY 3.0.0
2025-01-12 13:50:50,364 [INFO] ThirdParty:1030 - CMSIS Pack Vendor :STMicroelectronics X-CUBE-BLE1 7.0.0
2025-01-12 13:50:50,372 [INFO] ThirdParty:1030 - CMSIS Pack Vendor :STMicroelectronics X-CUBE-NFC10 1.0.0
2025-01-12 13:50:50,372 [INFO] ThirdParty:1030 - CMSIS Pack Vendor :STMicroelectronics HAL Drivers 0.0.0
2025-01-12 13:50:50,372 [INFO] ThirdParty:1030 - CMSIS Pack Vendor :STMicroelectronics X-CUBE-FREERTOS 1.3.0
2025-01-12 13:50:50,372 [INFO] ThirdParty:1030 - CMSIS Pack Vendor :STMicroelectronics X-CUBE-TOUCHGFX 4.22.0
2025-01-12 13:50:50,372 [INFO] ThirdParty:1030 - CMSIS Pack Vendor :STMicroelectronics X-CUBE-NFC7 1.0.1
2025-01-12 13:50:50,372 [INFO] ThirdParty:1030 - CMSIS Pack Vendor :STMicroelectronics MBEDTLS 2.14.1
2025-01-12 13:50:50,372 [INFO] ThirdParty:1030 - CMSIS Pack Vendor :STMicroelectronics X-CUBE-NFC7 1.0.0
2025-01-12 13:50:50,372 [INFO] ThirdParty:1030 - CMSIS Pack Vendor :STMicroelectronics X-CUBE-TOUCHGFX 4.22.1
2025-01-12 13:50:50,372 [INFO] ThirdParty:1030 - CMSIS Pack Vendor :wolfSSL I-CUBE-wolfTPM 3.2.0
2025-01-12 13:50:50,372 [INFO] ThirdParty:1030 - CMSIS Pack Vendor :STMicroelectronics X-CUBE-NFC6 3.0.0
2025-01-12 13:50:50,372 [INFO] ThirdParty:1030 - CMSIS Pack Vendor :STMicroelectronics X-CUBE-EEPRMA1 4.1.0
2025-01-12 13:50:50,372 [INFO] ThirdParty:1030 - CMSIS Pack Vendor :STMicroelectronics X-CUBE-BLEMGR 3.1.0
2025-01-12 13:50:50,372 [INFO] ThirdParty:1030 - CMSIS Pack Vendor :STMicroelectronics FP-SNS-SMARTAG2 1.2.0
2025-01-12 13:50:50,372 [INFO] ThirdParty:1030 - CMSIS Pack Vendor :STMicroelectronics X-CUBE-MEMS1 11.1.0
2025-01-12 13:50:50,372 [INFO] ThirdParty:1030 - CMSIS Pack Vendor :STMicroelectronics X-CUBE-AZRTOS-WL 2.0.0
2025-01-12 13:50:50,372 [INFO] ThirdParty:1030 - CMSIS Pack Vendor :STMicroelectronics FP-SNS-MOTENV1 5.0.0
2025-01-12 13:50:50,372 [INFO] ThirdParty:1030 - CMSIS Pack Vendor :STMicroelectronics USB_DEVICE 1.0.0
2025-01-12 13:50:50,372 [INFO] ThirdParty:1030 - CMSIS Pack Vendor :STMicroelectronics X-CUBE-AI 8.1.0
2025-01-12 13:50:50,372 [INFO] ThirdParty:1030 - CMSIS Pack Vendor :wolfSSL I-CUBE-wolfMQTT 1.19.0
2025-01-12 13:50:50,372 [INFO] ThirdParty:1030 - CMSIS Pack Vendor :STMicroelectronics X-CUBE-AZRTOS-L4 2.0.0
2025-01-12 13:50:50,372 [INFO] ThirdParty:1030 - CMSIS Pack Vendor :STMicroelectronics ThreadX 0.0.2
2025-01-12 13:50:50,372 [INFO] ThirdParty:1030 - CMSIS Pack Vendor :WES I-CUBE-Cesium 1.3.0
2025-01-12 13:50:50,372 [INFO] ThirdParty:1030 - CMSIS Pack Vendor :STMicroelectronics lwIP 2.1.2
2025-01-12 13:50:50,372 [INFO] ThirdParty:1030 - CMSIS Pack Vendor :STMicroelectronics X-CUBE-SFXS2LP1 4.0.0
2025-01-12 13:50:50,372 [INFO] ThirdParty:1030 - CMSIS Pack Vendor :STMicroelectronics X-CUBE-BLE2 3.3.0
2025-01-12 13:50:50,372 [INFO] ThirdParty:1030 - CMSIS Pack Vendor :STMicroelectronics PDM2PCM 3.2.0
2025-01-12 13:50:50,372 [INFO] ThirdParty:1030 - CMSIS Pack Vendor :STMicroelectronics X-CUBE-ISPU 1.1.0
2025-01-12 13:50:50,372 [INFO] ThirdParty:1030 - CMSIS Pack Vendor :STMicroelectronics X-CUBE-AZRTOS-H7 3.3.0
2025-01-12 13:50:50,372 [INFO] ThirdParty:1030 - CMSIS Pack Vendor :STMicroelectronics X-CUBE-NFC9 1.0.0
2025-01-12 13:50:50,372 [INFO] ThirdParty:1030 - CMSIS Pack Vendor :STMicroelectronics USB_DEVICE 3.0.0
2025-01-12 13:50:50,372 [INFO] ThirdParty:1030 - CMSIS Pack Vendor :STMicroelectronics X-CUBE-TCPP 4.1.0
2025-01-12 13:50:50,380 [INFO] ThirdParty:1030 - CMSIS Pack Vendor :STMicroelectronics X-CUBE-AI 8.0.0
2025-01-12 13:50:50,380 [INFO] ThirdParty:1030 - CMSIS Pack Vendor :STMicroelectronics X-CUBE-AZRTOS-WB 2.0.0
2025-01-12 13:50:50,380 [INFO] ThirdParty:1030 - CMSIS Pack Vendor :STMicroelectronics X-CUBE-FREERTOS 1.0.1
2025-01-12 13:50:50,380 [INFO] ThirdParty:1030 - CMSIS Pack Vendor :STMicroelectronics X-CUBE-GNSS1 7.0.0
2025-01-12 13:50:50,380 [INFO] ThirdParty:1030 - CMSIS Pack Vendor :STMicroelectronics X-CUBE-GNSS1 7.0.1
2025-01-12 13:50:50,380 [INFO] ThirdParty:1030 - CMSIS Pack Vendor :STMicroelectronics X-CUBE-TOUCHGFX 4.21.3
2025-01-12 13:50:50,380 [INFO] ThirdParty:1030 - CMSIS Pack Vendor :STMicroelectronics X-CUBE-TOUCHGFX 4.21.4
2025-01-12 13:50:50,380 [INFO] ThirdParty:1030 - CMSIS Pack Vendor :STMicroelectronics X-CUBE-ALGOBUILD 1.3.0
2025-01-12 13:50:50,380 [INFO] ThirdParty:1030 - CMSIS Pack Vendor :STMicroelectronics X-CUBE-AZRTOS-L5 1.1.0
2025-01-12 13:50:50,380 [INFO] ThirdParty:1030 - CMSIS Pack Vendor :STMicroelectronics X-CUBE-AZRTOS-G0 1.1.0
2025-01-12 13:50:50,380 [INFO] ThirdParty:1030 - CMSIS Pack Vendor :STMicroelectronics X-CUBE-AI 8.0.1
2025-01-12 13:50:50,380 [INFO] ThirdParty:1030 - CMSIS Pack Vendor :STMicroelectronics X-CUBE-SAFEA1 1.2.2
2025-01-12 13:50:50,380 [INFO] ThirdParty:1030 - CMSIS Pack Vendor :STMicroelectronics X-CUBE-NFC4 3.0.0
2025-01-12 13:50:50,380 [INFO] ThirdParty:1030 - CMSIS Pack Vendor :STMicroelectronics X-CUBE-SUBG2 5.0.0
2025-01-12 13:50:50,380 [INFO] ThirdParty:1030 - CMSIS Pack Vendor :STMicroelectronics STM32_WPAN 1.0.0
2025-01-12 13:50:50,380 [INFO] ThirdParty:1030 - CMSIS Pack Vendor :wolfSSL I-CUBE-wolfMQTT 1.18.0
2025-01-12 13:50:50,380 [INFO] ThirdParty:1030 - CMSIS Pack Vendor :STMicroelectronics lwIP 2.0.3
2025-01-12 13:50:50,380 [INFO] ThirdParty:1030 - CMSIS Pack Vendor :Cesanta I-CUBE-Mongoose 7.13.0
2025-01-12 13:50:50,380 [INFO] ThirdParty:1030 - CMSIS Pack Vendor :STMicroelectronics USB_HOST 1.0.0
2025-01-12 13:50:50,380 [INFO] ThirdParty:1030 - CMSIS Pack Vendor :STMicroelectronics X-CUBE-TOF1 3.3.1
2025-01-12 13:50:50,380 [INFO] ThirdParty:1030 - CMSIS Pack Vendor :STMicroelectronics X-CUBE-AZRTOS-G4 2.0.0
2025-01-12 13:50:50,380 [INFO] ThirdParty:1030 - CMSIS Pack Vendor :STMicroelectronics PDM2PCM 3.1.0
2025-01-12 13:50:50,380 [INFO] ThirdParty:1030 - CMSIS Pack Vendor :STMicroelectronics X-CUBE-TOF1 3.3.0
2025-01-12 13:50:50,380 [INFO] ThirdParty:1030 - CMSIS Pack Vendor :Infineon AIROC-Wi-Fi-Bluetooth-STM32 1.5.1
2025-01-12 13:50:50,380 [INFO] ThirdParty:1030 - CMSIS Pack Vendor :STMicroelectronics X-CUBE-BLEMGR 3.0.0
2025-01-12 13:50:50,380 [INFO] ThirdParty:1030 - CMSIS Pack Vendor :STMicroelectronics FP-SNS-MOTENVWB1 1.3.0
2025-01-12 13:50:50,388 [INFO] ThirdParty:1030 - CMSIS Pack Vendor :STMicroelectronics FP-SNS-MOTENVWB1 1.3.1
2025-01-12 13:50:50,388 [INFO] ThirdParty:1030 - CMSIS Pack Vendor :STMicroelectronics FP-ATR-SIGFOX1 3.2.0
2025-01-12 13:50:50,388 [INFO] ThirdParty:1030 - CMSIS Pack Vendor :STMicroelectronics X-CUBE-AZRTOS-G4 1.0.0
2025-01-12 13:50:50,388 [INFO] ThirdParty:1030 - CMSIS Pack Vendor :STMicroelectronics X-CUBE-AZRTOS-L4 1.0.0
2025-01-12 13:50:50,388 [INFO] ThirdParty:1030 - CMSIS Pack Vendor :STMicroelectronics X-CUBE-ISPU 2.0.0
2025-01-12 13:50:50,388 [INFO] ThirdParty:1030 - CMSIS Pack Vendor :STMicroelectronics X-CUBE-EEPRMA1 5.1.0
2025-01-12 13:50:50,388 [INFO] ThirdParty:1030 - CMSIS Pack Vendor :STMicroelectronics MBEDTLS 2.16.2
2025-01-12 13:50:50,388 [INFO] ThirdParty:1030 - CMSIS Pack Vendor :STMicroelectronics X-CUBE-ALS 1.0.2
2025-01-12 13:50:50,388 [INFO] ThirdParty:1030 - CMSIS Pack Vendor :STMicroelectronics X-CUBE-MEMS1 10.0.0
2025-01-12 13:50:50,388 [INFO] ThirdParty:1030 - CMSIS Pack Vendor :STMicroelectronics X-CUBE-FREERTOS 1.1.0
2025-01-12 13:50:50,388 [INFO] ThirdParty:1030 - CMSIS Pack Vendor :STMicroelectronics X-CUBE-TOUCHGFX 4.24.0
2025-01-12 13:50:50,388 [INFO] ThirdParty:1030 - CMSIS Pack Vendor :STMicroelectronics X-CUBE-TOUCHGFX 4.24.2
2025-01-12 13:50:50,388 [INFO] ThirdParty:1030 - CMSIS Pack Vendor :STMicroelectronics X-CUBE-AZRTOS-WL 1.0.0
2025-01-12 13:50:50,388 [INFO] ThirdParty:1030 - CMSIS Pack Vendor :STMicroelectronics X-CUBE-TOUCHGFX 4.24.1
2025-01-12 13:50:50,388 [INFO] ThirdParty:1030 - CMSIS Pack Vendor :portGmbH I-Cube-SoM-uGOAL 1.1.0
2025-01-12 13:50:50,388 [INFO] ThirdParty:1030 - CMSIS Pack Vendor :STMicroelectronics X-CUBE-ALS 1.0.1
2025-01-12 13:50:50,388 [INFO] ThirdParty:1030 - CMSIS Pack Vendor :STMicroelectronics X-CUBE-MEMS1 9.5.0
2025-01-12 13:50:50,388 [INFO] ThirdParty:1030 - CMSIS Pack Vendor :STMicroelectronics ThreadX 1.0.0
2025-01-12 13:50:50,388 [INFO] ThirdParty:1030 - CMSIS Pack Vendor :STMicroelectronics X-CUBE-AZRTOS-WB 1.1.0
2025-01-12 13:50:50,388 [INFO] ThirdParty:1030 - CMSIS Pack Vendor :SEGGER I-CUBE-embOS 1.3.1
2025-01-12 13:50:50,388 [INFO] ThirdParty:1030 - CMSIS Pack Vendor :STMicroelectronics X-CUBE-ALGOBUILD 1.4.0
2025-01-12 13:50:50,388 [INFO] ThirdParty:1030 - CMSIS Pack Vendor :STMicroelectronics X-CUBE-AZRTOS-H7RS 1.0.0
2025-01-12 13:50:50,388 [INFO] ThirdParty:1030 - CMSIS Pack Vendor :STMicroelectronics FP-ATR-ASTRA1 2.0.0
2025-01-12 13:50:50,396 [INFO] ThirdParty:1030 - CMSIS Pack Vendor :STMicroelectronics X-CUBE-AI 9.1.0
2025-01-12 13:50:50,396 [INFO] ThirdParty:1030 - CMSIS Pack Vendor :STMicroelectronics X-CUBE-TOF1 3.4.0
2025-01-12 13:50:50,396 [INFO] ThirdParty:1030 - CMSIS Pack Vendor :STMicroelectronics X-CUBE-TOF1 3.4.1
2025-01-12 13:50:50,396 [INFO] ThirdParty:1030 - CMSIS Pack Vendor :STMicroelectronics X-CUBE-AZRTOS-H7 3.2.0
2025-01-12 13:50:50,396 [INFO] ThirdParty:1030 - CMSIS Pack Vendor :wolfSSL I-CUBE-wolfSSH 1.4.17
2025-01-12 13:50:50,396 [INFO] ThirdParty:841 - exiting critical section [change project]
2025-01-12 13:50:51,460 [INFO] PinOutPanel:1499 - setPackage(No Configuration,No Configuration)
2025-01-12 13:50:51,460 [INFO] PinOutPanel:1499 - setPackage(STM32F746ZGTx,LQFP144)
2025-01-12 13:50:52,780 [INFO] UtilMem:75 - Before build in PCC Used Memory: 694656000 Bytes (828375040)
2025-01-12 13:50:54,245 [INFO] UtilMem:75 - After build in PCC Used Memory: 722166424 Bytes (828375040)
2025-01-12 13:50:54,341 [INFO] IPUIPlugin:80 - create IPUIPlugin
2025-01-12 13:50:54,341 [INFO] IPUIPlugin:80 - create IPUIPlugin
2025-01-12 13:50:54,341 [INFO] IPUIPlugin:80 - create IPUIPlugin
2025-01-12 13:50:54,341 [INFO] IPUIPlugin:80 - create IPUIPlugin
2025-01-12 13:50:54,341 [INFO] IPUIPlugin:80 - create IPUIPlugin
2025-01-12 13:50:54,341 [INFO] IPUIPlugin:80 - create IPUIPlugin
2025-01-12 13:50:54,341 [INFO] IPUIPlugin:80 - create IPUIPlugin
2025-01-12 13:50:54,349 [INFO] IPUIPlugin:80 - create IPUIPlugin
2025-01-12 13:50:54,349 [INFO] IPUIPlugin:80 - create IPUIPlugin
2025-01-12 13:50:54,349 [INFO] IPUIPlugin:80 - create IPUIPlugin
2025-01-12 13:50:54,349 [INFO] IPUIPlugin:80 - create IPUIPlugin
2025-01-12 13:50:54,349 [INFO] IPUIPlugin:80 - create IPUIPlugin
2025-01-12 13:50:54,349 [INFO] IPUIPlugin:80 - create IPUIPlugin
2025-01-12 13:50:54,349 [INFO] IPUIPlugin:80 - create IPUIPlugin
2025-01-12 13:50:54,349 [INFO] IPUIPlugin:80 - create IPUIPlugin
2025-01-12 13:50:54,349 [INFO] IPUIPlugin:80 - create IPUIPlugin
2025-01-12 13:50:54,349 [INFO] IPUIPlugin:80 - create IPUIPlugin
2025-01-12 13:50:54,349 [INFO] IPUIPlugin:80 - create IPUIPlugin
2025-01-12 13:50:54,349 [INFO] IPUIPlugin:80 - create IPUIPlugin
2025-01-12 13:50:54,349 [INFO] IPUIPlugin:80 - create IPUIPlugin
2025-01-12 13:50:54,349 [INFO] IPUIPlugin:80 - create IPUIPlugin
2025-01-12 13:50:54,349 [INFO] IPUIPlugin:80 - create IPUIPlugin
2025-01-12 13:50:54,349 [INFO] IPUIPlugin:80 - create IPUIPlugin
2025-01-12 13:50:54,349 [INFO] IPUIPlugin:80 - create IPUIPlugin
2025-01-12 13:50:54,349 [INFO] IPUIPlugin:80 - create IPUIPlugin
2025-01-12 13:50:54,349 [INFO] IPUIPlugin:80 - create IPUIPlugin
2025-01-12 13:50:54,349 [INFO] IPUIPlugin:80 - create IPUIPlugin
2025-01-12 13:50:54,349 [INFO] IPUIPlugin:80 - create IPUIPlugin
2025-01-12 13:50:54,349 [INFO] IPUIPlugin:80 - create IPUIPlugin
2025-01-12 13:50:54,349 [INFO] IPUIPlugin:80 - create IPUIPlugin
2025-01-12 13:50:54,349 [INFO] IPUIPlugin:80 - create IPUIPlugin
2025-01-12 13:50:54,357 [INFO] IPUIPlugin:80 - create IPUIPlugin
2025-01-12 13:50:54,357 [INFO] IPUIPlugin:80 - create IPUIPlugin
2025-01-12 13:50:54,357 [INFO] IPUIPlugin:80 - create IPUIPlugin
2025-01-12 13:50:54,357 [INFO] IPUIPlugin:80 - create IPUIPlugin
2025-01-12 13:50:54,357 [INFO] IPUIPlugin:80 - create IPUIPlugin
2025-01-12 13:50:54,357 [INFO] IPUIPlugin:80 - create IPUIPlugin
2025-01-12 13:50:54,357 [INFO] IPUIPlugin:80 - create IPUIPlugin
2025-01-12 13:50:54,357 [INFO] IPUIPlugin:80 - create IPUIPlugin
2025-01-12 13:50:54,357 [INFO] IPUIPlugin:80 - create IPUIPlugin
2025-01-12 13:50:54,357 [INFO] IPUIPlugin:80 - create IPUIPlugin
2025-01-12 13:50:54,357 [INFO] IPUIPlugin:80 - create IPUIPlugin
2025-01-12 13:50:54,357 [INFO] IPUIPlugin:80 - create IPUIPlugin
2025-01-12 13:50:54,357 [INFO] IPUIPlugin:80 - create IPUIPlugin
2025-01-12 13:50:54,357 [INFO] IPUIPlugin:80 - create IPUIPlugin
2025-01-12 13:50:54,357 [INFO] IPUIPlugin:80 - create IPUIPlugin
2025-01-12 13:50:54,365 [INFO] IPUIPlugin:80 - create IPUIPlugin
2025-01-12 13:50:54,365 [INFO] IPUIPlugin:80 - create IPUIPlugin
2025-01-12 13:50:54,365 [INFO] IPUIPlugin:80 - create IPUIPlugin
2025-01-12 13:50:54,365 [INFO] IPUIPlugin:80 - create IPUIPlugin
2025-01-12 13:50:54,365 [INFO] IPUIPlugin:80 - create IPUIPlugin
2025-01-12 13:50:54,365 [INFO] IPUIPlugin:80 - create IPUIPlugin
2025-01-12 13:50:54,365 [INFO] IPUIPlugin:80 - create IPUIPlugin
2025-01-12 13:50:54,365 [INFO] IPUIPlugin:80 - create IPUIPlugin
2025-01-12 13:50:54,365 [INFO] IPUIPlugin:80 - create IPUIPlugin
2025-01-12 13:50:54,365 [INFO] IPUIPlugin:80 - create IPUIPlugin
2025-01-12 13:50:54,365 [INFO] IPUIPlugin:80 - create IPUIPlugin
2025-01-12 13:50:54,365 [INFO] IPUIPlugin:80 - create IPUIPlugin
2025-01-12 13:50:54,365 [INFO] IPUIPlugin:80 - create IPUIPlugin
2025-01-12 13:50:54,365 [INFO] IPUIPlugin:80 - create IPUIPlugin
2025-01-12 13:50:54,373 [INFO] IPUIPlugin:80 - create IPUIPlugin
2025-01-12 13:50:54,373 [INFO] IPUIPlugin:80 - create IPUIPlugin
2025-01-12 13:50:54,373 [INFO] IPUIPlugin:80 - create IPUIPlugin
2025-01-12 13:50:54,373 [INFO] IPUIPlugin:80 - create IPUIPlugin
2025-01-12 13:50:54,373 [INFO] IPUIPlugin:80 - create IPUIPlugin
2025-01-12 13:50:54,373 [INFO] IPUIPlugin:80 - create IPUIPlugin
2025-01-12 13:50:54,373 [INFO] IPUIPlugin:80 - create IPUIPlugin
2025-01-12 13:50:54,373 [INFO] IPUIPlugin:80 - create IPUIPlugin
2025-01-12 13:50:54,373 [INFO] IPUIPlugin:80 - create IPUIPlugin
2025-01-12 13:50:54,373 [INFO] IPUIPlugin:80 - create IPUIPlugin
2025-01-12 13:50:54,381 [INFO] IPUIPlugin:80 - create IPUIPlugin
2025-01-12 13:50:54,381 [INFO] IPUIPlugin:80 - create IPUIPlugin
2025-01-12 13:50:54,381 [INFO] IPUIPlugin:80 - create IPUIPlugin
2025-01-12 13:50:54,381 [INFO] IPUIPlugin:80 - create IPUIPlugin
2025-01-12 13:50:54,509 [INFO] ApiDbMcu:507 - Load IP Config File for PDM2PCM
2025-01-12 13:50:54,541 [INFO] Can:71 - Can Add PropertyChangeListener com.st.microxplorer.plugins.ip.can.Can@482ed6f
2025-01-12 13:50:54,541 [INFO] Can:71 - Can Add PropertyChangeListener com.st.microxplorer.plugins.ip.can.Can@3a0b5e74
2025-01-12 13:50:55,029 [INFO] CADModel:165 - CPN selected for project levelSTM32F746ZGT6
2025-01-12 13:50:55,037 [INFO] CADModel:114 - Register for checkConnection events
2025-01-12 13:50:55,117 [INFO] OpenFileManager:328 - Restore cursor
2025-01-12 13:50:55,421 [WARN] IP:2113 - LayerIdx_L1 not found: check if there is a RefParameter without a condition.
2025-01-12 15:56:43,491 [WARN] IP:2113 - LayerIdx_L1 not found: check if there is a RefParameter without a condition.
2025-01-12 15:56:43,753 [WARN] IP:2113 - LayerIdx_L1 not found: check if there is a RefParameter without a condition.
2025-01-12 15:56:43,976 [WARN] IP:2113 - LayerIdx_L1 not found: check if there is a RefParameter without a condition.
2025-01-12 15:56:48,347 [INFO] UtilMem:75 - End SaveConfig() Used Memory: 701169440 Bytes (963641344)
2025-01-12 15:56:49,512 [INFO] UtilMem:75 - End SaveConfig() Used Memory: 727383840 Bytes (963641344)
2025-01-12 15:56:53,655 [INFO] UtilMem:75 - End SaveConfig() Used Memory: 856358688 Bytes (963641344)
2025-01-12 15:56:54,800 [INFO] BlockDiagram:2759 - set Specific Code input for plugin: SPI
2025-01-12 15:56:54,800 [INFO] BlockDiagram:2759 - set Specific Code input for plugin: CAN
2025-01-12 15:56:54,800 [INFO] BlockDiagram:2759 - set Specific Code input for plugin: CAN
2025-01-12 15:56:54,800 [INFO] BlockDiagram:2759 - set Specific Code input for plugin: TIM1_8F7
2025-01-12 15:56:54,800 [INFO] BlockDiagram:2759 - set Specific Code input for plugin: LTDC
2025-01-12 15:56:54,800 [INFO] BlockDiagram:2759 - set Specific Code input for plugin: SYS
2025-01-12 15:56:54,801 [INFO] BlockDiagram:2759 - set Specific Code input for plugin: ADC
2025-01-12 15:56:54,801 [INFO] BlockDiagram:2759 - set Specific Code input for plugin: RCC
2025-01-12 15:56:54,801 [INFO] BlockDiagram:2759 - set Specific Code input for plugin: I2C
2025-01-12 15:56:54,801 [INFO] BlockDiagram:2759 - set Specific Code input for plugin: NVIC
2025-01-12 15:56:54,801 [INFO] BlockDiagram:2759 - set Specific Code input for plugin: FMC
2025-01-12 15:56:54,801 [INFO] BlockDiagram:2759 - set Specific Code input for plugin: UART
2025-01-12 15:56:54,803 [INFO] BlockDiagram:2759 - set Specific Code input for plugin: GPIO
2025-01-12 15:56:54,803 [INFO] BlockDiagram:2759 - set Specific Code input for plugin: QUADSPI
2025-01-12 15:56:54,806 [INFO] CodeGenerator:793 - code generatio: config db path: C:\ST\STM32CubeIDE_1.12.1\STM32CubeIDE\plugins\com.st.stm32cube.common.mx_6.8.1.202304191431\\db\
2025-01-12 15:56:54,850 [WARN] IP:2113 - LayerIdx_L1 not found: check if there is a RefParameter without a condition.
2025-01-12 15:56:55,585 [INFO] CodeEngine:255 - oldGeneratedFile, C:\Users\rhett\OneDrive\Documents\Projects\DGAS\DGAS Firmware\MXTmpFiles\license.tmp_save
2025-01-12 15:56:56,177 [INFO] CodeEngine:279 - Generated code: C:\Users\rhett\OneDrive\Documents\Projects\DGAS\DGAS Firmware\MXTmpFiles\license.tmp
2025-01-12 15:56:56,532 [INFO] CodeEngine:255 - oldGeneratedFile, C:\Users\rhett\OneDrive\Documents\Projects\DGAS\DGAS Firmware\MXTmpFiles\gpio.tmp_save
2025-01-12 15:56:56,786 [INFO] CodeEngine:279 - Generated code: C:\Users\rhett\OneDrive\Documents\Projects\DGAS\DGAS Firmware\MXTmpFiles\gpio.tmp
2025-01-12 15:56:58,933 [INFO] CodeEngine:255 - oldGeneratedFile, C:\Users\rhett\OneDrive\Documents\Projects\DGAS\DGAS Firmware\MXTmpFiles\cortex.tmp_save
2025-01-12 15:56:59,104 [INFO] CodeEngine:279 - Generated code: C:\Users\rhett\OneDrive\Documents\Projects\DGAS\DGAS Firmware\MXTmpFiles\cortex.tmp
2025-01-12 15:56:59,152 [INFO] CodeEngine:255 - oldGeneratedFile, C:\Users\rhett\OneDrive\Documents\Projects\DGAS\DGAS Firmware\MXTmpFiles\mx_fmc_HC.tmp_save
2025-01-12 15:56:59,366 [INFO] CodeEngine:279 - Generated code: C:\Users\rhett\OneDrive\Documents\Projects\DGAS\DGAS Firmware\MXTmpFiles\mx_fmc_HC.tmp
2025-01-12 15:56:59,384 [INFO] CodeEngine:255 - oldGeneratedFile, C:\Users\rhett\OneDrive\Documents\Projects\DGAS\DGAS Firmware\MXTmpFiles\mx_fmc_GV.tmp_save
2025-01-12 15:56:59,543 [INFO] CodeEngine:279 - Generated code: C:\Users\rhett\OneDrive\Documents\Projects\DGAS\DGAS Firmware\MXTmpFiles\mx_fmc_GV.tmp
2025-01-12 15:56:59,590 [INFO] CodeEngine:255 - oldGeneratedFile, C:\Users\rhett\OneDrive\Documents\Projects\DGAS\DGAS Firmware\MXTmpFiles\mx_fmc_MSP.tmp_save
2025-01-12 15:56:59,879 [INFO] CodeEngine:279 - Generated code: C:\Users\rhett\OneDrive\Documents\Projects\DGAS\DGAS Firmware\MXTmpFiles\mx_fmc_MSP.tmp
2025-01-12 15:56:59,944 [INFO] CodeEngine:255 - oldGeneratedFile, C:\Users\rhett\OneDrive\Documents\Projects\DGAS\DGAS Firmware\Core\Src\stm32f7xx_it.c_save
2025-01-12 15:57:00,185 [INFO] CodeEngine:279 - Generated code: C:\Users\rhett\OneDrive\Documents\Projects\DGAS\DGAS Firmware\Core\Src\stm32f7xx_it.c
2025-01-12 15:57:00,222 [INFO] CodeEngine:255 - oldGeneratedFile, C:\Users\rhett\OneDrive\Documents\Projects\DGAS\DGAS Firmware\Core\Inc\stm32f7xx_it.h_save
2025-01-12 15:57:00,364 [INFO] CodeEngine:279 - Generated code: C:\Users\rhett\OneDrive\Documents\Projects\DGAS\DGAS Firmware\Core\Inc\stm32f7xx_it.h
2025-01-12 15:57:00,417 [INFO] CodeEngine:255 - oldGeneratedFile, C:\Users\rhett\OneDrive\Documents\Projects\DGAS\DGAS Firmware\MXTmpFiles\mx_fmc_HC.tmp_save
2025-01-12 15:57:00,545 [INFO] CodeEngine:279 - Generated code: C:\Users\rhett\OneDrive\Documents\Projects\DGAS\DGAS Firmware\MXTmpFiles\mx_fmc_HC.tmp
2025-01-12 15:57:00,554 [INFO] CodeEngine:255 - oldGeneratedFile, C:\Users\rhett\OneDrive\Documents\Projects\DGAS\DGAS Firmware\MXTmpFiles\mx_fmc_GV.tmp_save
2025-01-12 15:57:00,621 [INFO] CodeEngine:279 - Generated code: C:\Users\rhett\OneDrive\Documents\Projects\DGAS\DGAS Firmware\MXTmpFiles\mx_fmc_GV.tmp
2025-01-12 15:57:00,645 [INFO] CodeEngine:255 - oldGeneratedFile, C:\Users\rhett\OneDrive\Documents\Projects\DGAS\DGAS Firmware\MXTmpFiles\mx_fmc_MSP.tmp_save
2025-01-12 15:57:00,733 [INFO] CodeEngine:279 - Generated code: C:\Users\rhett\OneDrive\Documents\Projects\DGAS\DGAS Firmware\MXTmpFiles\mx_fmc_MSP.tmp
2025-01-12 15:57:00,783 [INFO] CodeEngine:255 - oldGeneratedFile, C:\Users\rhett\OneDrive\Documents\Projects\DGAS\DGAS Firmware\Core\Src\stm32f7xx_hal_msp.c_save
2025-01-12 15:57:00,990 [INFO] CodeEngine:279 - Generated code: C:\Users\rhett\OneDrive\Documents\Projects\DGAS\DGAS Firmware\Core\Src\stm32f7xx_hal_msp.c
2025-01-12 15:57:01,005 [INFO] CodeEngine:255 - oldGeneratedFile, C:\Users\rhett\OneDrive\Documents\Projects\DGAS\DGAS Firmware\MXTmpFiles\system.tmp_save
2025-01-12 15:57:01,085 [INFO] CodeEngine:279 - Generated code: C:\Users\rhett\OneDrive\Documents\Projects\DGAS\DGAS Firmware\MXTmpFiles\system.tmp
2025-01-12 15:57:01,122 [INFO] CodeEngine:311 - oldGeneratedFile, C:\Users\rhett\OneDrive\Documents\Projects\DGAS\DGAS Firmware\Core\Inc\stm32f7xx_hal_conf.h_save
2025-01-12 15:57:01,247 [INFO] CodeEngine:335 - Generated code: C:\Users\rhett\OneDrive\Documents\Projects\DGAS\DGAS Firmware\Core\Inc\stm32f7xx_hal_conf.h
2025-01-12 15:57:01,310 [WARN] IPConfigManager:3431 - IP not found : TIM
2025-01-12 15:57:01,313 [WARN] CodeGenerator:3754 - IP not found : null
2025-01-12 15:57:01,351 [INFO] CodeEngine:255 - oldGeneratedFile, C:\Users\rhett\OneDrive\Documents\Projects\DGAS\DGAS Firmware\Core\Inc\main.h_save
2025-01-12 15:57:01,511 [INFO] CodeEngine:279 - Generated code: C:\Users\rhett\OneDrive\Documents\Projects\DGAS\DGAS Firmware\Core\Inc\main.h
2025-01-12 15:57:01,568 [INFO] CodeEngine:255 - oldGeneratedFile, C:\Users\rhett\OneDrive\Documents\Projects\DGAS\DGAS Firmware\Core\Src\main.c_save
2025-01-12 15:57:01,845 [INFO] CodeEngine:279 - Generated code: C:\Users\rhett\OneDrive\Documents\Projects\DGAS\DGAS Firmware\Core\Src\main.c
2025-01-12 15:57:03,256 [INFO] ProjectBuilder:2996 - Time for Copy HAL[1] : 413mS.
2025-01-12 15:57:03,276 [INFO] ProjectBuilder:4304 - Project Generator version: 3.19.2
2025-01-12 15:57:03,785 [INFO] ConfigFileManager:1483 - The Die is : DIE449
2025-01-12 15:57:03,805 [INFO] ApiDbMcu:507 - Load IP Config File for FATFS
2025-01-12 15:57:03,822 [INFO] ApiDbMcu:507 - Load IP Config File for FREERTOS
2025-01-12 15:57:03,835 [INFO] ApiDbMcu:507 - Load IP Config File for LIBJPEG
2025-01-12 15:57:03,893 [INFO] ApiDbMcu:507 - Load IP Config File for LWIP
2025-01-12 15:57:03,916 [INFO] ApiDbMcu:507 - Load IP Config File for MBEDTLS
2025-01-12 15:57:03,938 [INFO] ApiDbMcu:507 - Load IP Config File for USB_DEVICE
2025-01-12 15:57:03,957 [INFO] ApiDbMcu:507 - Load IP Config File for USB_HOST
2025-01-12 15:57:06,472 [INFO] LogOutputStream:77 - [STDOUT_REDIRECT] 
2025-01-12 15:57:14,185 [INFO] ProjectBuilder:4505 - Time for Generating toolchain IDE Files: 10906mS.
2025-01-12 15:57:14,192 [INFO] ProjectBuilder:2867 - Time for Copy CMSIS : 6mS.
2025-01-12 15:57:14,520 [INFO] ProjectBuilder:2867 - Time for Copy CMSIS : 0mS.
