2025-01-19 22:46:22,453 [INFO] Activator:176 - 


2025-01-19 22:46:22,460 [INFO] Activator:177 - !SESSION log4j initialized
2025-01-19 22:46:29,762 [INFO] LogOutputStream:77 - [STDOUT_REDIRECT] 
2025-01-19 22:47:13,102 [ERROR] LogOutputStream:75 - [STDERR_REDIRECT] SLF4J: Failed to load class "org.slf4j.impl.StaticLoggerBinder".
2025-01-19 22:47:13,104 [ERROR] LogOutputStream:75 - [STDERR_REDIRECT] SLF4J: Defaulting to no-operation (NOP) logger implementation
2025-01-19 22:47:13,105 [ERROR] LogOutputStream:75 - [STDERR_REDIRECT] SLF4J: See http://www.slf4j.org/codes.html#StaticLoggerBinder for further details.
2025-01-19 22:47:39,644 [INFO] ApplicationProperties:184 - Using Application install path: C:\ST\STM32CubeIDE_1.12.1\STM32CubeIDE\plugins\com.st.stm32cube.common.mx_6.8.1.202304191431
2025-01-19 22:47:39,676 [INFO] DbMcusXml:78 - Set database path to: C:\ST\STM32CubeIDE_1.12.1\STM32CubeIDE\plugins\com.st.stm32cube.common.mx_6.8.1.202304191431\\db\/mcu/
2025-01-19 22:47:39,676 [INFO] ApiDb:274 - Set plugin database path to: C:\ST\STM32CubeIDE_1.12.1\STM32CubeIDE\plugins\com.st.stm32cube.common.mx_6.8.1.202304191431\\db\/plugins/boardmanager/
2025-01-19 22:47:39,678 [WARN] ApiDb:259 - Overriding images path with different value:  => C:\ST\STM32CubeIDE_1.12.1\STM32CubeIDE\plugins\com.st.stm32cube.common.mx_6.8.1.202304191431\\db\/plugins/mcufinder/images/
2025-01-19 22:47:39,700 [INFO] ApiDb:250 - Set database path to: C:\Users\rhett\.stmcufinder\plugins\mcufinder//mcu/
2025-01-19 22:47:39,702 [INFO] DbMcusAds:125 - Set database path to: C:\Users\rhett\.stmcufinder\plugins\mcufinder//mcu/
2025-01-19 22:47:39,722 [INFO] CrossReferenceDbSqlite:203 - Set database path to: C:\Users\rhett\.stmcufinder\plugins\mcufinder//mcu/cs/
2025-01-19 22:47:39,873 [INFO] RulesReader:64 - Compatibility file has been processed (293 Rules)
2025-01-19 22:47:40,015 [INFO] DbMcusXml:78 - Set database path to: C:\ST\STM32CubeIDE_1.12.1\STM32CubeIDE\plugins\com.st.stm32cube.common.mx_6.8.1.202304191431\\db\/mcu/
2025-01-19 22:47:40,015 [INFO] ApiDb:274 - Set plugin database path to: C:\ST\STM32CubeIDE_1.12.1\STM32CubeIDE\plugins\com.st.stm32cube.common.mx_6.8.1.202304191431\\db\/plugins/boardmanager/
2025-01-19 22:47:40,015 [INFO] ApiDb:261 - Set plugin images path to: C:\ST\STM32CubeIDE_1.12.1\STM32CubeIDE\plugins\com.st.stm32cube.common.mx_6.8.1.202304191431\\db\/plugins/mcufinder/images/
2025-01-19 22:47:40,015 [WARN] DbFile:41 - Overriding database path with different value: C:\Users\rhett\.stmcufinder\plugins\mcufinder/ => C:\Users\rhett\.stmcufinder\plugins\mcufinder
2025-01-19 22:47:40,015 [INFO] ApiDb:250 - Set database path to: C:\Users\rhett\.stmcufinder\plugins\mcufinder//mcu/
2025-01-19 22:47:40,015 [WARN] DbFile:41 - Overriding database path with different value: C:\Users\rhett\.stmcufinder\plugins\mcufinder/ => C:\Users\rhett\.stmcufinder\plugins\mcufinder
2025-01-19 22:47:40,016 [INFO] DbMcusAds:125 - Set database path to: C:\Users\rhett\.stmcufinder\plugins\mcufinder//mcu/
2025-01-19 22:47:40,016 [WARN] DbFile:41 - Overriding database path with different value: C:\Users\rhett\.stmcufinder\plugins\mcufinder/ => C:\Users\rhett\.stmcufinder\plugins\mcufinder
2025-01-19 22:47:40,016 [WARN] DbFile:41 - Overriding database path with different value: C:\Users\rhett\.stmcufinder\plugins\mcufinder/ => C:\Users\rhett\.stmcufinder\plugins\mcufinder
2025-01-19 22:47:40,016 [INFO] CrossReferenceDbSqlite:203 - Set database path to: C:\Users\rhett\.stmcufinder\plugins\mcufinder//mcu/cs/
2025-01-19 22:47:40,128 [INFO] MainPanel:253 - HeapMemory: 318767104
2025-01-19 22:47:40,267 [INFO] DbMcusXml:78 - Set database path to: C:\ST\STM32CubeIDE_1.12.1\STM32CubeIDE\plugins\com.st.stm32cube.common.mx_6.8.1.202304191431\\db\/mcu/
2025-01-19 22:47:40,267 [INFO] ApiDb:274 - Set plugin database path to: C:\ST\STM32CubeIDE_1.12.1\STM32CubeIDE\plugins\com.st.stm32cube.common.mx_6.8.1.202304191431\\db\/plugins/boardmanager/
2025-01-19 22:47:40,267 [INFO] ApiDb:261 - Set plugin images path to: C:\ST\STM32CubeIDE_1.12.1\STM32CubeIDE\plugins\com.st.stm32cube.common.mx_6.8.1.202304191431\\db\/plugins/mcufinder/images/
2025-01-19 22:47:40,268 [WARN] DbFile:41 - Overriding database path with different value: C:\Users\rhett\.stmcufinder\plugins\mcufinder/ => C:\Users\rhett\.stmcufinder\plugins\mcufinder
2025-01-19 22:47:40,268 [INFO] ApiDb:250 - Set database path to: C:\Users\rhett\.stmcufinder\plugins\mcufinder//mcu/
2025-01-19 22:47:40,268 [WARN] DbFile:41 - Overriding database path with different value: C:\Users\rhett\.stmcufinder\plugins\mcufinder/ => C:\Users\rhett\.stmcufinder\plugins\mcufinder
2025-01-19 22:47:40,268 [INFO] DbMcusAds:125 - Set database path to: C:\Users\rhett\.stmcufinder\plugins\mcufinder//mcu/
2025-01-19 22:47:40,268 [WARN] DbFile:41 - Overriding database path with different value: C:\Users\rhett\.stmcufinder\plugins\mcufinder/ => C:\Users\rhett\.stmcufinder\plugins\mcufinder
2025-01-19 22:47:40,268 [WARN] DbFile:41 - Overriding database path with different value: C:\Users\rhett\.stmcufinder\plugins\mcufinder/ => C:\Users\rhett\.stmcufinder\plugins\mcufinder
2025-01-19 22:47:40,269 [INFO] CrossReferenceDbSqlite:203 - Set database path to: C:\Users\rhett\.stmcufinder\plugins\mcufinder//mcu/cs/
2025-01-19 22:47:40,292 [INFO] ApplicationProperties:184 - Using Application install path: C:\ST\STM32CubeIDE_1.12.1\STM32CubeIDE\plugins\com.st.stm32cube.common.mx_6.8.1.202304191431
2025-01-19 22:47:40,294 [INFO] PluginManage:196 - Search for loadable plugins [exclusion list=, ]
2025-01-19 22:47:40,297 [INFO] PluginManage:310 - Check plugin analytics
2025-01-19 22:47:40,560 [INFO] AnalyticsPlugin:253 - Accepted Software Licenses: 
2025-01-19 22:47:40,560 [INFO] AnalyticsPlugin:255 - Accepted CMSIS Pack Licenses: STMicroelectronics.X-CUBE-TOUCHGFX.4.24.0
2025-01-19 22:47:40,561 [INFO] AnalyticsPlugin:257 - Accepted Firmware Licenses: FW.G0.1.6.0,FW.F4.1.27.0,FW.MP1.1.6.0,FW.C0.1.0.0,FW.F7.1.17.0
2025-01-19 22:47:40,591 [INFO] PluginManage:359 - Loaded plugin analytics (category:tool,tabindex:-1)
2025-01-19 22:47:40,592 [INFO] PluginManage:310 - Check plugin cadmodel
2025-01-19 22:47:40,627 [INFO] CADModel:105 - Init CAD model plugin
2025-01-19 22:47:40,627 [INFO] PluginManage:359 - Loaded plugin cadmodel (category:power,tabindex:5)
2025-01-19 22:47:40,628 [INFO] PluginManage:310 - Check plugin clock
2025-01-19 22:47:40,670 [INFO] PluginManage:359 - Loaded plugin clock (category:base,tabindex:2)
2025-01-19 22:47:40,671 [INFO] PluginManage:310 - Check plugin ddr
2025-01-19 22:47:40,675 [INFO] PluginManage:359 - Loaded plugin ddr (category:tool,tabindex:6)
2025-01-19 22:47:40,675 [INFO] PluginManage:310 - Check plugin filemanager
2025-01-19 22:47:40,906 [INFO] PluginManage:359 - Loaded plugin filemanager (category:base,tabindex:10)
2025-01-19 22:47:40,907 [INFO] PluginManage:310 - Check plugin ipmanager
2025-01-19 22:47:40,916 [INFO] PluginManage:359 - Loaded plugin ipmanager (category:base,tabindex:5)
2025-01-19 22:47:40,916 [INFO] PluginManage:310 - Check plugin lpbam
2025-01-19 22:47:40,941 [INFO] PluginManage:359 - Loaded plugin lpbam (category:base,tabindex:0)
2025-01-19 22:47:40,941 [INFO] PluginManage:310 - Check plugin pinoutandconfiguration
2025-01-19 22:47:40,964 [INFO] PluginManage:359 - Loaded plugin pinoutandconfiguration (category:base,tabindex:1)
2025-01-19 22:47:40,964 [INFO] PluginManage:310 - Check plugin pinoutconfig
2025-01-19 22:47:41,089 [WARN] SupportedApi:132 - Cannot load RTOS API schema: s4s-elt-must-match.1: The content of 'definitions' must match (annotation?, (simpleType | complexType)?, (unique | key | keyref)*)). A problem was found starting at: attribute.
2025-01-19 22:47:41,299 [INFO] PluginManage:359 - Loaded plugin pinoutconfig (category:base,tabindex:0)
2025-01-19 22:47:41,300 [INFO] PluginManage:310 - Check plugin power
2025-01-19 22:47:41,348 [INFO] PluginManage:359 - Loaded plugin power (category:power,tabindex:4)
2025-01-19 22:47:41,348 [INFO] PluginManage:310 - Check plugin projectmanager
2025-01-19 22:47:41,374 [INFO] PluginManage:359 - Loaded plugin projectmanager (category:projectmanager,tabindex:3)
2025-01-19 22:47:41,374 [INFO] PluginManage:310 - Check plugin thirdparty
2025-01-19 22:47:41,728 [INFO] PluginManage:359 - Loaded plugin thirdparty (category:base,tabindex:-1)
2025-01-19 22:47:41,728 [INFO] PluginManage:310 - Check plugin tools
2025-01-19 22:47:41,728 [WARN] IntegrityCheckThread:84 - waiting for thirdparty lock release [integrity check]
2025-01-19 22:47:41,728 [INFO] IntegrityCheckThread:86 - entering critical section [integrity check]
2025-01-19 22:47:41,730 [INFO] ThirdPartyUpdaterWithRetryManager:70 - Updater plugin not ready yet. [1/15]
2025-01-19 22:47:41,772 [INFO] PluginManage:359 - Loaded plugin tools (category:base,tabindex:7)
2025-01-19 22:47:41,772 [INFO] PluginManage:310 - Check plugin tutovideos
2025-01-19 22:47:42,073 [INFO] PluginManage:359 - Loaded plugin tutovideos (category:base,tabindex:-1)
2025-01-19 22:47:42,073 [INFO] PluginManage:310 - Check plugin updater
2025-01-19 22:47:42,093 [INFO] PluginManage:359 - Loaded plugin updater (category:base,tabindex:12)
2025-01-19 22:47:42,094 [INFO] PluginManage:283 - PluginManage : Loaded plugins [15]
2025-01-19 22:47:42,473 [INFO] PinOutPanel:1499 - setPackage(No Configuration,No Configuration)
2025-01-19 22:47:42,572 [INFO] CADModel:165 - CPN selected for project level
2025-01-19 22:47:42,572 [INFO] CADModel:114 - Register for checkConnection events
2025-01-19 22:47:42,617 [INFO] IPUIPlugin:80 - create IPUIPlugin
2025-01-19 22:47:42,617 [INFO] PluginManager:220 - loadIPPluginJar : add adc
2025-01-19 22:47:42,672 [INFO] IPUIPlugin:80 - create IPUIPlugin
2025-01-19 22:47:42,673 [INFO] PluginManager:220 - loadIPPluginJar : add aes
2025-01-19 22:47:42,739 [INFO] IPUIPlugin:80 - create IPUIPlugin
2025-01-19 22:47:42,739 [INFO] PluginManager:220 - loadIPPluginJar : add can
2025-01-19 22:47:42,775 [INFO] IPUIPlugin:80 - create IPUIPlugin
2025-01-19 22:47:42,775 [INFO] PluginManager:220 - loadIPPluginJar : add comp
2025-01-19 22:47:42,831 [INFO] IPUIPlugin:80 - create IPUIPlugin
2025-01-19 22:47:42,831 [INFO] PluginManager:220 - loadIPPluginJar : add cryp
2025-01-19 22:47:42,883 [INFO] IPUIPlugin:80 - create IPUIPlugin
2025-01-19 22:47:42,884 [INFO] PluginManager:220 - loadIPPluginJar : add dfsdm
2025-01-19 22:47:42,903 [INFO] IPUIPlugin:80 - create IPUIPlugin
2025-01-19 22:47:42,904 [INFO] PluginManager:220 - loadIPPluginJar : add dma
2025-01-19 22:47:42,966 [INFO] IPUIPlugin:80 - create IPUIPlugin
2025-01-19 22:47:42,966 [INFO] PluginManager:220 - loadIPPluginJar : add dma3
2025-01-19 22:47:42,994 [INFO] IPUIPlugin:80 - create IPUIPlugin
2025-01-19 22:47:42,994 [INFO] PluginManager:220 - loadIPPluginJar : add fatfs
2025-01-19 22:47:43,052 [INFO] IPUIPlugin:80 - create IPUIPlugin
2025-01-19 22:47:43,052 [INFO] PluginManager:220 - loadIPPluginJar : add fmc
2025-01-19 22:47:43,087 [INFO] IPUIPlugin:80 - create IPUIPlugin
2025-01-19 22:47:43,087 [INFO] PluginManager:220 - loadIPPluginJar : add freertos
2025-01-19 22:47:43,117 [INFO] IPUIPlugin:80 - create IPUIPlugin
2025-01-19 22:47:43,118 [INFO] PluginManager:220 - loadIPPluginJar : add genericplugin
2025-01-19 22:47:43,255 [INFO] IPUIPlugin:80 - create IPUIPlugin
2025-01-19 22:47:43,256 [INFO] PluginManager:220 - loadIPPluginJar : add gfxmmu
2025-01-19 22:47:43,453 [INFO] IPUIPlugin:80 - create IPUIPlugin
2025-01-19 22:47:43,453 [INFO] PluginManager:220 - loadIPPluginJar : add gic
2025-01-19 22:47:43,471 [INFO] IPUIPlugin:80 - create IPUIPlugin
2025-01-19 22:47:43,471 [INFO] PluginManager:220 - loadIPPluginJar : add gpio
2025-01-19 22:47:43,600 [INFO] IPUIPlugin:80 - create IPUIPlugin
2025-01-19 22:47:43,600 [INFO] PluginManager:220 - loadIPPluginJar : add gtzc
2025-01-19 22:47:43,645 [INFO] IPUIPlugin:80 - create IPUIPlugin
2025-01-19 22:47:43,645 [INFO] PluginManager:220 - loadIPPluginJar : add hash
2025-01-19 22:47:43,722 [INFO] IPUIPlugin:80 - create IPUIPlugin
2025-01-19 22:47:43,722 [INFO] PluginManager:220 - loadIPPluginJar : add i2c
2025-01-19 22:47:43,779 [INFO] IPUIPlugin:80 - create IPUIPlugin
2025-01-19 22:47:43,779 [INFO] PluginManager:220 - loadIPPluginJar : add i2s
2025-01-19 22:47:43,839 [INFO] IPUIPlugin:80 - create IPUIPlugin
2025-01-19 22:47:43,839 [INFO] PluginManager:220 - loadIPPluginJar : add i3c
2025-01-19 22:47:43,977 [INFO] IPUIPlugin:80 - create IPUIPlugin
2025-01-19 22:47:43,977 [INFO] PluginManager:220 - loadIPPluginJar : add ipddr
2025-01-19 22:47:44,113 [INFO] IPUIPlugin:80 - create IPUIPlugin
2025-01-19 22:47:44,113 [INFO] PluginManager:220 - loadIPPluginJar : add linkedlist
2025-01-19 22:47:44,178 [INFO] IPUIPlugin:80 - create IPUIPlugin
2025-01-19 22:47:44,178 [INFO] PluginManager:220 - loadIPPluginJar : add lorawan
2025-01-19 22:47:44,240 [INFO] IPUIPlugin:80 - create IPUIPlugin
2025-01-19 22:47:44,240 [INFO] PluginManager:220 - loadIPPluginJar : add ltdc
2025-01-19 22:47:44,267 [INFO] IPUIPlugin:80 - create IPUIPlugin
2025-01-19 22:47:44,267 [INFO] PluginManager:220 - loadIPPluginJar : add mdma
2025-01-19 22:47:44,308 [INFO] IPUIPlugin:80 - create IPUIPlugin
2025-01-19 22:47:44,309 [INFO] PluginManager:220 - loadIPPluginJar : add nvic
2025-01-19 22:47:44,386 [INFO] IPUIPlugin:80 - create IPUIPlugin
2025-01-19 22:47:44,386 [INFO] PluginManager:220 - loadIPPluginJar : add opamp
2025-01-19 22:47:44,486 [INFO] IPUIPlugin:80 - create IPUIPlugin
2025-01-19 22:47:44,487 [INFO] PluginManager:220 - loadIPPluginJar : add openamp
2025-01-19 22:47:44,562 [INFO] IPUIPlugin:80 - create IPUIPlugin
2025-01-19 22:47:44,562 [INFO] PluginManager:220 - loadIPPluginJar : add pdm2pcm
2025-01-19 22:47:44,587 [INFO] IPUIPlugin:80 - create IPUIPlugin
2025-01-19 22:47:44,590 [INFO] PluginManager:220 - loadIPPluginJar : add plateformsettings
2025-01-19 22:47:44,624 [INFO] IPUIPlugin:80 - create IPUIPlugin
2025-01-19 22:47:44,624 [INFO] PluginManager:220 - loadIPPluginJar : add quadspi
2025-01-19 22:47:44,647 [INFO] IPUIPlugin:80 - create IPUIPlugin
2025-01-19 22:47:44,647 [INFO] PluginManager:220 - loadIPPluginJar : add resmgrutility
2025-01-19 22:47:44,715 [INFO] IPUIPlugin:80 - create IPUIPlugin
2025-01-19 22:47:44,715 [INFO] PluginManager:220 - loadIPPluginJar : add sai
2025-01-19 22:47:44,736 [INFO] ThirdPartyUpdaterWithRetryManager:70 - Updater plugin not ready yet. [2/15]
2025-01-19 22:47:44,774 [INFO] IPUIPlugin:80 - create IPUIPlugin
2025-01-19 22:47:44,775 [INFO] PluginManager:220 - loadIPPluginJar : add spi
2025-01-19 22:47:44,867 [INFO] IPUIPlugin:80 - create IPUIPlugin
2025-01-19 22:47:44,867 [INFO] PluginManager:220 - loadIPPluginJar : add stm32_wpan
2025-01-19 22:47:44,904 [INFO] IPUIPlugin:80 - create IPUIPlugin
2025-01-19 22:47:44,904 [INFO] PluginManager:220 - loadIPPluginJar : add tim
2025-01-19 22:47:45,051 [INFO] IPUIPlugin:80 - create IPUIPlugin
2025-01-19 22:47:45,051 [INFO] PluginManager:220 - loadIPPluginJar : add touchsensing
2025-01-19 22:47:45,094 [INFO] IPUIPlugin:80 - create IPUIPlugin
2025-01-19 22:47:45,094 [INFO] PluginManager:220 - loadIPPluginJar : add tracer_emb
2025-01-19 22:47:45,147 [INFO] IPUIPlugin:80 - create IPUIPlugin
2025-01-19 22:47:45,147 [INFO] PluginManager:220 - loadIPPluginJar : add ts
2025-01-19 22:47:45,189 [INFO] IPUIPlugin:80 - create IPUIPlugin
2025-01-19 22:47:45,189 [INFO] PluginManager:220 - loadIPPluginJar : add tsc
2025-01-19 22:47:45,227 [INFO] IPUIPlugin:80 - create IPUIPlugin
2025-01-19 22:47:45,228 [INFO] PluginManager:220 - loadIPPluginJar : add ucpd
2025-01-19 22:47:45,308 [INFO] IPUIPlugin:80 - create IPUIPlugin
2025-01-19 22:47:45,308 [INFO] PluginManager:220 - loadIPPluginJar : add usart
2025-01-19 22:47:45,386 [INFO] IPUIPlugin:80 - create IPUIPlugin
2025-01-19 22:47:45,386 [INFO] PluginManager:220 - loadIPPluginJar : add usbx
2025-01-19 22:47:45,553 [INFO] CADModel:165 - CPN selected for project level
2025-01-19 22:47:45,553 [INFO] CADModel:114 - Register for checkConnection events
2025-01-19 22:47:45,553 [FATAL] Updater:308 - Updater called before beeing initialized
2025-01-19 22:47:45,553 [ERROR] CADModel:125 - Updater not yet initialized, retry later 
2025-01-19 22:47:45,787 [INFO] CADModel:165 - CPN selected for project level
2025-01-19 22:47:45,787 [INFO] CADModel:114 - Register for checkConnection events
2025-01-19 22:47:45,787 [FATAL] Updater:308 - Updater called before beeing initialized
2025-01-19 22:47:45,787 [ERROR] CADModel:125 - Updater not yet initialized, retry later 
2025-01-19 22:47:45,793 [FATAL] Updater:308 - Updater called before beeing initialized
2025-01-19 22:47:46,010 [FATAL] Updater:308 - Updater called before beeing initialized
2025-01-19 22:47:46,036 [INFO] DbMcusAds:53 - JSON generation date=Wed Dec 18 02:01:15 AEST 2024 (1734451275230)
2025-01-19 22:47:46,037 [FATAL] Updater:308 - Updater called before beeing initialized
2025-01-19 22:47:46,191 [WARN] DetailPanel:346 - Failed to get advertising image, set to default
2025-01-19 22:47:46,355 [FATAL] Updater:308 - Updater called before beeing initialized
2025-01-19 22:47:46,362 [FATAL] Updater:308 - Updater called before beeing initialized
2025-01-19 22:47:46,362 [FATAL] Updater:308 - Updater called before beeing initialized
2025-01-19 22:47:46,362 [WARN] DetailPanel:346 - Failed to get advertising image, set to default
2025-01-19 22:47:46,367 [FATAL] Updater:308 - Updater called before beeing initialized
2025-01-19 22:47:46,502 [ERROR] Updater:1120 - MainUpdater not yet initialized. External WinMGr cannot be set.
2025-01-19 22:47:46,517 [INFO] Updater:1056 - Updater Version found : 6.8.1
2025-01-19 22:47:46,546 [INFO] ApplicationProperties:184 - Using Application install path: C:\ST\STM32CubeIDE_1.12.1\STM32CubeIDE\plugins\com.st.stm32cube.common.mx_6.8.1.202304191431
2025-01-19 22:47:47,136 [INFO] MainUpdater:2854 - connection check result : 10
2025-01-19 22:47:47,136 [INFO] MainUpdater:3548 - Updater definition file requires update
2025-01-19 22:47:47,137 [INFO] MainUpdater:283 - Updater Check For Update Now.
2025-01-19 22:47:47,137 [INFO] MicroXplorer:498 - Change Database Version : DB.6.0.81
2025-01-19 22:47:47,232 [INFO] ServerAccessManage:473 - Download File updaters.zip
2025-01-19 22:47:47,328 [INFO] FileExtend:240 - Unzip File : updaters.zip
2025-01-19 22:47:47,328 [INFO] FileExtend:255 - Standard Zip Deflate
2025-01-19 22:47:47,771 [WARN] MainUpdater:1187 - Updater busy. Cannot search thirdparties
2025-01-19 22:47:47,806 [INFO] ThirdPartyUpdaterWithRetryManager:96 - Updater plugin is busy. [1/15]
2025-01-19 22:47:49,163 [INFO] ServerAccessManage:473 - Download File PacksControlFlags.xml
2025-01-19 22:47:49,383 [INFO] ServerAccessManage:473 - Download File cubemx.pidx
2025-01-19 22:47:49,541 [INFO] LoadServerUpdatesThread:373 - End of LoadServerUpdate Thread
2025-01-19 22:47:49,843 [INFO] CheckServerUpdateThread:120 - End of CheckServer Thread
2025-01-19 22:47:49,930 [INFO] MainUpdater:2854 - connection check result : 10
2025-01-19 22:47:49,942 [INFO] MainUpdater:2854 - connection check result : 10
2025-01-19 22:47:50,239 [INFO] MicroXplorer:468 - Change Database Path : 
2025-01-19 22:47:50,239 [INFO] MicroXplorer:498 - Change Database Version : DB.6.0.81
2025-01-19 22:47:50,239 [WARN] ThirdParty:871 - waiting for thirdparty lock release [close project]
2025-01-19 22:47:51,612 [WARN] PackLoader:240 - Cannot read IP mode file for STMicroelectronics.FP-ATR-ASTRA1.2.0.1
2025-01-19 22:47:51,674 [WARN] PackLoader:240 - Cannot read IP mode file for STMicroelectronics.X-CUBE-SMBUS.2.1.0
2025-01-19 22:47:51,727 [WARN] PackLoader:240 - Cannot read IP mode file for STMicroelectronics.X-CUBE-WB05N.1.1.0
2025-01-19 22:47:51,785 [WARN] PackLoader:240 - Cannot read IP mode file for STMicroelectronics.X-CUBE-TOUCHGFX.4.23.1
2025-01-19 22:47:51,818 [WARN] PackLoader:240 - Cannot read IP mode file for STMicroelectronics.X-CUBE-TOUCHGFX.4.23.0
2025-01-19 22:47:51,849 [WARN] PackLoader:240 - Cannot read IP mode file for STMicroelectronics.X-CUBE-TOUCHGFX.4.23.2
2025-01-19 22:47:51,967 [WARN] PackLoader:240 - Cannot read IP mode file for STMicroelectronics.X-CUBE-AZRTOS-F7.1.1.0
2025-01-19 22:47:52,060 [ERROR] RealEvaluatedCondition:428 - Found unsupported composite condition: CLASS='Data Exchange' GROUP='STM32_MetaDataManager'
2025-01-19 22:47:52,061 [ERROR] RealEvaluatedCondition:428 - Found unsupported composite condition: GROUP='STM32_MetaDataManager' CLASS='Data Exchange'
2025-01-19 22:47:52,067 [WARN] PackLoader:240 - Cannot read IP mode file for STMicroelectronics.FP-SNS-MOTENV1.4.3.0
2025-01-19 22:47:52,143 [WARN] PackLoader:240 - Cannot read IP mode file for STMicroelectronics.FP-SNS-MOTENV1.4.3.2
2025-01-19 22:47:52,186 [WARN] PackLoader:240 - Cannot read IP mode file for STMicroelectronics.FP-SNS-FLIGHT1.5.0.0
2025-01-19 22:47:52,253 [ERROR] RealEvaluatedCondition:428 - Found unsupported composite condition: CLASS='Data Exchange' GROUP='STM32_MetaDataManager'
2025-01-19 22:47:52,253 [ERROR] RealEvaluatedCondition:428 - Found unsupported composite condition: CLASS='Data Exchange' GROUP='STM32_MetaDataManager'
2025-01-19 22:47:52,259 [WARN] PackLoader:240 - Cannot read IP mode file for STMicroelectronics.FP-SNS-MOTENV1.4.3.1
2025-01-19 22:47:52,387 [WARN] PackLoader:240 - Cannot read IP mode file for STMicroelectronics.FP-SNS-FLIGHT1.5.0.1
2025-01-19 22:47:52,691 [WARN] PackLoader:240 - Cannot read IP mode file for STMicroelectronics.X-CUBE-MEMS1.11.0.0
2025-01-19 22:47:53,135 [WARN] PackLoader:240 - Cannot read IP mode file for STMicroelectronics.X-CUBE-BLE1.6.2.4
2025-01-19 22:47:53,158 [WARN] PackLoader:240 - Cannot read IP mode file for STMicroelectronics.FP-SNS-FLIGHT1.5.0.2
2025-01-19 22:47:53,193 [WARN] PackLoader:240 - Cannot read IP mode file for STMicroelectronics.X-CUBE-DISPLAY.3.0.0
2025-01-19 22:47:53,232 [WARN] PackLoader:240 - Cannot read IP mode file for STMicroelectronics.X-CUBE-BLE1.7.0.0
2025-01-19 22:47:53,264 [WARN] PackLoader:240 - Cannot read IP mode file for STMicroelectronics.X-CUBE-NFC10.1.0.0
2025-01-19 22:47:53,304 [ERROR] Engine:466 - C:\Users\rhett\.stm32cubemx\thirdparties\pdsc\STMicroelectronics.X-CUBE-BLEMGR.4.0.0.pdsc: PDSC version is not supported
2025-01-19 22:47:53,331 [WARN] PackLoader:240 - Cannot read IP mode file for STMicroelectronics.X-CUBE-TOUCHGFX.4.22.0
2025-01-19 22:47:53,350 [WARN] PackLoader:240 - Cannot read IP mode file for STMicroelectronics.X-CUBE-TOUCHGFX.4.22.1
2025-01-19 22:47:53,381 [WARN] PackLoader:240 - Cannot read IP mode file for STMicroelectronics.X-CUBE-BLEMGR.3.1.0
2025-01-19 22:47:53,409 [WARN] PackLoader:240 - Cannot read IP mode file for STMicroelectronics.FP-SNS-SMARTAG2.1.2.0
2025-01-19 22:47:53,531 [WARN] PackLoader:240 - Cannot read IP mode file for STMicroelectronics.X-CUBE-MEMS1.11.1.0
2025-01-19 22:47:53,743 [INFO] LogOutputStream:77 - [STDOUT_REDIRECT] 1 : Invalid condition id : UX_CORESTACK_Condition cause : null
2025-01-19 22:47:53,744 [INFO] LogOutputStream:77 - [STDOUT_REDIRECT] 1 : Invalid condition id : UX_CORESTACK_Condition cause : null
2025-01-19 22:47:53,745 [INFO] LogOutputStream:77 - [STDOUT_REDIRECT] 1 : Invalid condition id : UX_CORESTACK_Condition cause : null
2025-01-19 22:47:53,747 [INFO] LogOutputStream:77 - [STDOUT_REDIRECT] 1 : Invalid condition id : UX_CORESTACK_Condition cause : null
2025-01-19 22:47:53,748 [INFO] LogOutputStream:77 - [STDOUT_REDIRECT] 1 : Invalid condition id : UX_CORESTACK_Condition cause : null
2025-01-19 22:47:53,753 [WARN] PackLoader:240 - Cannot read IP mode file for STMicroelectronics.X-CUBE-AZRTOS-WL.2.0.0
2025-01-19 22:47:53,777 [WARN] PackLoader:240 - Cannot read IP mode file for STMicroelectronics.FP-SNS-MOTENV1.5.0.0
2025-01-19 22:47:53,802 [WARN] PackLoader:240 - Cannot read IP mode file for wolfSSL.I-CUBE-wolfMQTT.1.19.0
2025-01-19 22:47:53,834 [WARN] PackLoader:240 - Cannot read IP mode file for WES.I-CUBE-Cesium.1.3.0
2025-01-19 22:47:53,858 [WARN] PackLoader:240 - Cannot read IP mode file for STMicroelectronics.X-CUBE-BLE2.3.3.0
2025-01-19 22:47:53,887 [WARN] PackLoader:240 - Cannot read IP mode file for STMicroelectronics.X-CUBE-NFC9.1.0.0
2025-01-19 22:47:53,914 [WARN] PackLoader:240 - Cannot read IP mode file for STMicroelectronics.X-CUBE-TCPP.4.1.0
2025-01-19 22:47:53,939 [WARN] PackLoader:240 - Cannot read IP mode file for STMicroelectronics.X-CUBE-TOUCHGFX.4.21.3
2025-01-19 22:47:53,964 [WARN] PackLoader:240 - Cannot read IP mode file for STMicroelectronics.X-CUBE-TOUCHGFX.4.21.4
2025-01-19 22:47:53,991 [WARN] PackLoader:240 - Cannot read IP mode file for STMicroelectronics.X-CUBE-ALGOBUILD.1.3.0
2025-01-19 22:47:54,045 [WARN] PackLoader:240 - Cannot read IP mode file for STMicroelectronics.X-CUBE-AZRTOS-G0.1.1.0
2025-01-19 22:47:54,080 [WARN] PackLoader:240 - Cannot read IP mode file for STMicroelectronics.X-CUBE-SAFEA1.1.2.2
2025-01-19 22:47:54,115 [WARN] PackLoader:240 - Cannot read IP mode file for STMicroelectronics.X-CUBE-NFC4.3.0.0
2025-01-19 22:47:54,139 [WARN] PackLoader:240 - Cannot read IP mode file for wolfSSL.I-CUBE-wolfMQTT.1.18.0
2025-01-19 22:47:54,161 [ERROR] Engine:466 - C:\Users\rhett\.stm32cubemx\thirdparties\pdsc\EmbeddedOffice.I-CUBE-FS-RTOS.1.0.1.pdsc: PDSC version is not supported
2025-01-19 22:47:54,187 [WARN] PackLoader:240 - Cannot read IP mode file for STMicroelectronics.X-CUBE-BLEMGR.3.0.0
2025-01-19 22:47:54,208 [ERROR] Engine:466 - C:\Users\rhett\.stm32cubemx\thirdparties\pdsc\STMicroelectronics.X-CUBE-TCPP.4.2.0.pdsc: PDSC version is not supported
2025-01-19 22:47:54,229 [ERROR] Engine:466 - C:\Users\rhett\.stm32cubemx\thirdparties\pdsc\RealThread.X-CUBE-RT-Thread_Nano.4.1.1.pdsc: PDSC version is not supported
2025-01-19 22:47:54,248 [WARN] PackLoader:240 - Cannot read IP mode file for STMicroelectronics.FP-ATR-SIGFOX1.3.2.0
2025-01-19 22:47:54,267 [ERROR] Engine:466 - C:\Users\rhett\.stm32cubemx\thirdparties\pdsc\quantropi.X-CUBE-qispace-sdk-base.1.9.3.pdsc: PDSC version is not supported
2025-01-19 22:47:54,298 [WARN] PackLoader:240 - Cannot read IP mode file for STMicroelectronics.X-CUBE-EEPRMA1.5.1.0
2025-01-19 22:47:54,415 [WARN] PackLoader:240 - Cannot read IP mode file for STMicroelectronics.X-CUBE-MEMS1.9.5.0
2025-01-19 22:47:54,655 [WARN] PackLoader:240 - Cannot read IP mode file for SEGGER.I-CUBE-embOS.1.3.1
2025-01-19 22:47:54,799 [WARN] PackLoader:240 - Cannot read IP mode file for STMicroelectronics.X-CUBE-ALGOBUILD.1.4.0
2025-01-19 22:47:54,830 [WARN] PackLoader:240 - Cannot read IP mode file for STMicroelectronics.X-CUBE-AI.9.1.0
2025-01-19 22:47:54,931 [WARN] PackLoader:240 - Cannot read IP mode file for STMicroelectronics.X-CUBE-GNSS1.6.0.0
2025-01-19 22:47:54,998 [WARN] PackLoader:240 - Cannot read IP mode file for STMicroelectronics.X-CUBE-AZRTOS-F4.1.1.0
2025-01-19 22:47:55,032 [WARN] PackLoader:240 - Cannot read IP mode file for wolfSSL.I-CUBE-wolfSSL.5.6.0
2025-01-19 22:47:55,065 [WARN] PackLoader:240 - Cannot read IP mode file for STMicroelectronics.X-CUBE-ISPU.2.1.0
2025-01-19 22:47:55,091 [WARN] PackLoader:240 - Cannot read IP mode file for STMicroelectronics.X-CUBE-FREERTOS.1.2.0
2025-01-19 22:47:55,141 [WARN] PackLoader:240 - Cannot read IP mode file for STMicroelectronics.X-CUBE-AZRTOS-L5.2.0.0
2025-01-19 22:47:55,246 [WARN] PackLoader:240 - Cannot read IP mode file for STMicroelectronics.X-CUBE-MEMS1.9.6.0
2025-01-19 22:47:55,536 [WARN] PackLoader:240 - Cannot read IP mode file for STMicroelectronics.X-CUBE-EEPRMA1.4.2.0
2025-01-19 22:47:55,569 [WARN] PackLoader:240 - Cannot read IP mode file for STMicroelectronics.X-CUBE-NFC6.3.1.0
2025-01-19 22:47:55,598 [WARN] PackLoader:240 - Cannot read IP mode file for ITTIA_DB.I-CUBE-ITTIADB.8.8.0
2025-01-19 22:47:55,624 [WARN] PackLoader:240 - Cannot read IP mode file for emotas.I-CUBE-CANOPEN.1.1.3
2025-01-19 22:47:55,659 [WARN] PackLoader:240 - Cannot read IP mode file for STMicroelectronics.X-CUBE-BLEMGR.2.0.0
2025-01-19 22:47:55,689 [ERROR] Engine:466 - C:\Users\rhett\.stm32cubemx\thirdparties\pdsc\STMicroelectronics.X-CUBE-DPower.1.2.0.pdsc: PDSC version is not supported
2025-01-19 22:47:55,720 [WARN] PackLoader:240 - Cannot read IP mode file for STMicroelectronics.X-CUBE-AI.9.0.0
2025-01-19 22:47:55,791 [WARN] ConditionMgr:438 - getConditionDescription Invalid condition id : UX DEVICE CLASS RTOS Condition cause : null
2025-01-19 22:47:55,792 [WARN] ConditionMgr:438 - getConditionDescription Invalid condition id : UX DEVICE CLASS RTOS Condition cause : null
2025-01-19 22:47:55,801 [WARN] PackLoader:240 - Cannot read IP mode file for STMicroelectronics.X-CUBE-AZRTOS-H7.3.1.0
2025-01-19 22:47:55,804 [WARN] ConditionMgr:1039 - genDependencies : Invalid condition id : UX DEVICE CLASS RTOS Condition cause : null
2025-01-19 22:47:55,805 [WARN] ConditionMgr:1039 - genDependencies : Invalid condition id : UX DEVICE CLASS RTOS Condition cause : null
2025-01-19 22:47:55,806 [WARN] ConditionMgr:1039 - genDependencies : Invalid condition id : UX DEVICE CLASS RTOS Condition cause : null
2025-01-19 22:47:55,807 [WARN] ConditionMgr:1039 - genDependencies : Invalid condition id : UX DEVICE CLASS RTOS Condition cause : null
2025-01-19 22:47:55,808 [WARN] ConditionMgr:1039 - genDependencies : Invalid condition id : UX DEVICE CLASS RTOS Condition cause : null
2025-01-19 22:47:55,849 [WARN] PackLoader:240 - Cannot read IP mode file for STMicroelectronics.X-CUBE-FREERTOS.1.3.0
2025-01-19 22:47:55,889 [WARN] PackLoader:240 - Cannot read IP mode file for STMicroelectronics.X-CUBE-NFC7.1.0.1
2025-01-19 22:47:55,928 [WARN] PackLoader:240 - Cannot read IP mode file for STMicroelectronics.X-CUBE-NFC7.1.0.0
2025-01-19 22:47:55,966 [WARN] PackLoader:240 - Cannot read IP mode file for wolfSSL.I-CUBE-wolfTPM.3.2.0
2025-01-19 22:47:56,010 [WARN] PackLoader:240 - Cannot read IP mode file for STMicroelectronics.X-CUBE-NFC6.3.0.0
2025-01-19 22:47:56,062 [WARN] PackLoader:240 - Cannot read IP mode file for STMicroelectronics.X-CUBE-EEPRMA1.4.1.0
2025-01-19 22:47:56,096 [WARN] PackLoader:240 - Cannot read IP mode file for STMicroelectronics.X-CUBE-AI.8.1.0
2025-01-19 22:47:56,161 [WARN] ConditionMgr:438 - getConditionDescription Invalid condition id : LAN8742 Phy interface Condition cause : null
2025-01-19 22:47:56,162 [WARN] PackLoader:240 - Cannot read IP mode file for STMicroelectronics.X-CUBE-AZRTOS-L4.2.0.0
2025-01-19 22:47:56,165 [WARN] ConditionMgr:1039 - genDependencies : Invalid condition id : LAN8742 Phy interface Condition cause : null
2025-01-19 22:47:56,165 [WARN] ConditionMgr:1039 - genDependencies : Invalid condition id : LAN8742 Phy interface Condition cause : null
2025-01-19 22:47:56,166 [WARN] ConditionMgr:1039 - genDependencies : Invalid condition id : LAN8742 Phy interface Condition cause : null
2025-01-19 22:47:56,205 [WARN] PackLoader:240 - Cannot read IP mode file for STMicroelectronics.X-CUBE-SFXS2LP1.4.0.0
2025-01-19 22:47:56,243 [WARN] PackLoader:240 - Cannot read IP mode file for STMicroelectronics.X-CUBE-ISPU.1.1.0
2025-01-19 22:47:56,426 [WARN] PackLoader:240 - Cannot read IP mode file for STMicroelectronics.X-CUBE-AZRTOS-H7.3.3.0
2025-01-19 22:47:56,515 [WARN] PackLoader:240 - Cannot read IP mode file for STMicroelectronics.X-CUBE-AI.8.0.0
2025-01-19 22:47:56,576 [ERROR] Engine:466 - C:\Users\rhett\.stm32cubemx\thirdparties\pdsc\STMicroelectronics.X-CUBE-IPS.3.0.0.pdsc: PDSC version is not supported
2025-01-19 22:47:56,644 [WARN] ConditionMgr:438 - getConditionDescription Invalid condition id : UX DEVICE CLASS RTOS Condition cause : null
2025-01-19 22:47:56,645 [WARN] ConditionMgr:438 - getConditionDescription Invalid condition id : UX DEVICE CLASS RTOS Condition cause : null
2025-01-19 22:47:56,649 [WARN] PackLoader:240 - Cannot read IP mode file for STMicroelectronics.X-CUBE-AZRTOS-WB.2.0.0
2025-01-19 22:47:56,649 [WARN] ConditionMgr:1039 - genDependencies : Invalid condition id : UX DEVICE CLASS RTOS Condition cause : null
2025-01-19 22:47:56,650 [WARN] ConditionMgr:1039 - genDependencies : Invalid condition id : UX DEVICE CLASS RTOS Condition cause : null
2025-01-19 22:47:56,650 [WARN] ConditionMgr:1039 - genDependencies : Invalid condition id : UX DEVICE CLASS RTOS Condition cause : null
2025-01-19 22:47:56,651 [WARN] ConditionMgr:1039 - genDependencies : Invalid condition id : UX DEVICE CLASS RTOS Condition cause : null
2025-01-19 22:47:56,651 [WARN] ConditionMgr:1039 - genDependencies : Invalid condition id : UX DEVICE CLASS RTOS Condition cause : null
2025-01-19 22:47:56,707 [WARN] PackLoader:240 - Cannot read IP mode file for STMicroelectronics.X-CUBE-FREERTOS.1.0.1
2025-01-19 22:47:56,747 [WARN] PackLoader:240 - Cannot read IP mode file for STMicroelectronics.X-CUBE-GNSS1.7.0.0
2025-01-19 22:47:56,786 [WARN] PackLoader:240 - Cannot read IP mode file for STMicroelectronics.X-CUBE-GNSS1.7.0.1
2025-01-19 22:47:56,820 [ERROR] Engine:466 - C:\Users\rhett\.stm32cubemx\thirdparties\pdsc\STMicroelectronics.FP-SNS-STBOX1.2.0.0.pdsc: PDSC version is not supported
2025-01-19 22:47:56,883 [WARN] PackLoader:240 - Cannot read IP mode file for STMicroelectronics.X-CUBE-AZRTOS-L5.1.1.0
2025-01-19 22:47:56,914 [WARN] PackLoader:240 - Cannot read IP mode file for STMicroelectronics.X-CUBE-AI.8.0.1
2025-01-19 22:47:56,952 [WARN] PackLoader:240 - Cannot read IP mode file for STMicroelectronics.X-CUBE-SUBG2.5.0.0
2025-01-19 22:47:56,994 [WARN] PackLoader:240 - Cannot read IP mode file for Cesanta.I-CUBE-Mongoose.7.13.0
2025-01-19 22:47:57,032 [WARN] PackLoader:240 - Cannot read IP mode file for STMicroelectronics.X-CUBE-TOF1.3.3.1
2025-01-19 22:47:57,098 [WARN] PackLoader:240 - Cannot read IP mode file for STMicroelectronics.X-CUBE-AZRTOS-G4.2.0.0
2025-01-19 22:47:57,140 [WARN] PackLoader:240 - Cannot read IP mode file for STMicroelectronics.X-CUBE-TOF1.3.3.0
2025-01-19 22:47:57,223 [WARN] PackLoader:240 - Cannot read IP mode file for Infineon.AIROC-Wi-Fi-Bluetooth-STM32.1.5.1
2025-01-19 22:47:57,257 [WARN] PackLoader:240 - Cannot read IP mode file for STMicroelectronics.FP-SNS-MOTENVWB1.1.3.0
2025-01-19 22:47:57,284 [WARN] PackLoader:240 - Cannot read IP mode file for STMicroelectronics.FP-SNS-MOTENVWB1.1.3.1
2025-01-19 22:47:57,344 [WARN] PackLoader:240 - Cannot read IP mode file for STMicroelectronics.X-CUBE-AZRTOS-G4.1.0.0
2025-01-19 22:47:57,508 [WARN] PackLoader:240 - Cannot read IP mode file for STMicroelectronics.X-CUBE-AZRTOS-L4.1.0.0
2025-01-19 22:47:57,550 [WARN] PackLoader:240 - Cannot read IP mode file for STMicroelectronics.X-CUBE-ISPU.2.0.0
2025-01-19 22:47:57,590 [ERROR] Engine:466 - C:\Users\rhett\.stm32cubemx\thirdparties\pdsc\STMicroelectronics.X-CUBE-IPS.3.1.0.pdsc: PDSC version is not supported
2025-01-19 22:47:57,619 [WARN] PackLoader:240 - Cannot read IP mode file for STMicroelectronics.X-CUBE-ALS.1.0.2
2025-01-19 22:47:57,796 [WARN] PackLoader:240 - Cannot read IP mode file for STMicroelectronics.X-CUBE-MEMS1.10.0.0
2025-01-19 22:47:58,307 [WARN] PackLoader:240 - Cannot read IP mode file for STMicroelectronics.X-CUBE-FREERTOS.1.1.0
2025-01-19 22:47:58,350 [WARN] PackLoader:240 - Cannot read IP mode file for STMicroelectronics.X-CUBE-TOUCHGFX.4.24.0
2025-01-19 22:47:58,908 [WARN] PackLoader:240 - Cannot read IP mode file for STMicroelectronics.X-CUBE-TOUCHGFX.4.24.2
2025-01-19 22:47:58,961 [WARN] PackLoader:240 - Cannot read IP mode file for STMicroelectronics.X-CUBE-AZRTOS-WL.1.0.0
2025-01-19 22:47:58,994 [WARN] PackLoader:240 - Cannot read IP mode file for STMicroelectronics.X-CUBE-TOUCHGFX.4.24.1
2025-01-19 22:47:59,020 [WARN] PackLoader:240 - Cannot read IP mode file for portGmbH.I-Cube-SoM-uGOAL.1.1.0
2025-01-19 22:47:59,078 [WARN] PackLoader:240 - Cannot read IP mode file for STMicroelectronics.X-CUBE-ALS.1.0.1
2025-01-19 22:47:59,132 [WARN] PackLoader:240 - Cannot read IP mode file for STMicroelectronics.X-CUBE-AZRTOS-WB.1.1.0
2025-01-19 22:47:59,202 [WARN] PackLoader:240 - Cannot read IP mode file for STMicroelectronics.X-CUBE-AZRTOS-H7RS.1.0.0
2025-01-19 22:47:59,238 [WARN] PackLoader:240 - Cannot read IP mode file for STMicroelectronics.FP-ATR-ASTRA1.2.0.0
2025-01-19 22:47:59,283 [ERROR] Engine:466 - C:\Users\rhett\.stm32cubemx\thirdparties\pdsc\STMicroelectronics.X-CUBE-TOF1.3.4.2.pdsc: PDSC version is not supported
2025-01-19 22:47:59,345 [WARN] PackLoader:240 - Cannot read IP mode file for STMicroelectronics.X-CUBE-TOF1.3.4.0
2025-01-19 22:47:59,459 [WARN] PackLoader:240 - Cannot read IP mode file for STMicroelectronics.X-CUBE-TOF1.3.4.1
2025-01-19 22:47:59,554 [WARN] PackLoader:240 - Cannot read IP mode file for STMicroelectronics.X-CUBE-AZRTOS-H7.3.2.0
2025-01-19 22:47:59,616 [WARN] PackLoader:240 - Cannot read IP mode file for wolfSSL.I-CUBE-wolfSSH.1.4.17
2025-01-19 22:47:59,618 [INFO] ThirdParty:978 - Integrity check success = true
2025-01-19 22:47:59,618 [INFO] IntegrityCheckThread:100 - exiting critical section [integrity check]
2025-01-19 22:47:59,618 [INFO] IntegrityCheckThread:103 - End integrity checks thread
2025-01-19 22:47:59,618 [INFO] ThirdParty:873 - entering critical section [close project]
2025-01-19 22:47:59,620 [INFO] ThirdParty:883 - exiting critical section [close project]
2025-01-19 22:47:59,630 [INFO] PinOutPanel:1499 - setPackage(No Configuration,No Configuration)
2025-01-19 22:47:59,643 [INFO] UtilMem:75 - Begin LoadConfig() Used Memory: 268764040 Bytes (440401920)
2025-01-19 22:47:59,646 [INFO] MicroXplorer:468 - Change Database Path : 
2025-01-19 22:47:59,647 [INFO] MicroXplorer:498 - Change Database Version : DB.6.0.81
2025-01-19 22:47:59,647 [INFO] OpenFileManager:308 - Change cursor
2025-01-19 22:47:59,756 [INFO] Mcu:1937 - Initializing MCU STM32F746ZGTx STM32F746ZGTx STM32F746ZGT6
2025-01-19 22:48:04,713 [INFO] Context:659 - Trying to add GPIOservice into a context  which must be forbidden
2025-01-19 22:48:06,419 [INFO] RtosManager:555 - Registered RTOS mode: class=CMSIS, group=RTOS, mode=CMSIS_V1, owner=FREERTOS
2025-01-19 22:48:06,419 [INFO] RtosManager:555 - Registered RTOS mode: class=CMSIS, group=RTOS2, mode=CMSIS_V2, owner=FREERTOS
2025-01-19 22:48:06,419 [INFO] RtosManager:555 - Registered RTOS mode: class=RTOS, group=Core, mode=CMSIS_V1, owner=FREERTOS
2025-01-19 22:48:06,420 [INFO] RtosManager:555 - Registered RTOS mode: class=RTOS, group=Core, mode=CMSIS_V2, owner=FREERTOS
2025-01-19 22:48:06,420 [WARN] ModelIntegratedComponent:184 - Missing modes for component STMicroelectronics:FreeRTOS:0.0.1:STMicroelectronics:RTOS:FreeRTOS:Core:::10.2.0:
2025-01-19 22:48:06,431 [WARN] ModelIntegratedComponent:63 - No mode defined for component null
2025-01-19 22:48:06,431 [WARN] ModelIntegratedComponent:63 - No mode defined for component null
2025-01-19 22:48:06,432 [WARN] ModelIntegratedComponent:63 - No mode defined for component null
2025-01-19 22:48:06,432 [WARN] ModelIntegratedComponent:63 - No mode defined for component null
2025-01-19 22:48:06,432 [WARN] ModelIntegratedComponent:63 - No mode defined for component null
2025-01-19 22:48:06,432 [WARN] ModelIntegratedComponent:63 - No mode defined for component null
2025-01-19 22:48:06,432 [WARN] ModelIntegratedComponent:63 - No mode defined for component null
2025-01-19 22:48:06,432 [WARN] ModelIntegratedComponent:63 - No mode defined for component null
2025-01-19 22:48:06,432 [WARN] ModelIntegratedComponent:63 - No mode defined for component null
2025-01-19 22:48:06,432 [WARN] ModelIntegratedComponent:63 - No mode defined for component null
2025-01-19 22:48:06,432 [WARN] ModelIntegratedComponent:63 - No mode defined for component null
2025-01-19 22:48:06,432 [WARN] ModelIntegratedComponent:63 - No mode defined for component null
2025-01-19 22:48:06,433 [WARN] ModelIntegratedComponent:63 - No mode defined for component null
2025-01-19 22:48:06,433 [WARN] ModelIntegratedComponent:63 - No mode defined for component null
2025-01-19 22:48:06,433 [WARN] ModelIntegratedComponent:63 - No mode defined for component null
2025-01-19 22:48:06,433 [WARN] ModelIntegratedComponent:63 - No mode defined for component null
2025-01-19 22:48:06,433 [WARN] ModelIntegratedComponent:63 - No mode defined for component null
2025-01-19 22:48:06,433 [WARN] ModelIntegratedComponent:63 - No mode defined for component null
2025-01-19 22:48:06,433 [WARN] ModelIntegratedComponent:63 - No mode defined for component null
2025-01-19 22:48:06,434 [WARN] ModelIntegratedComponent:63 - No mode defined for component null
2025-01-19 22:48:06,434 [WARN] ModelIntegratedComponent:63 - No mode defined for component null
2025-01-19 22:48:06,434 [WARN] ModelIntegratedComponent:63 - No mode defined for component null
2025-01-19 22:48:06,434 [WARN] ModelIntegratedComponent:63 - No mode defined for component null
2025-01-19 22:48:06,434 [WARN] ModelIntegratedComponent:63 - No mode defined for component null
2025-01-19 22:48:06,434 [WARN] ModelIntegratedComponent:63 - No mode defined for component null
2025-01-19 22:48:06,435 [WARN] ModelIntegratedComponent:63 - No mode defined for component null
2025-01-19 22:48:06,435 [WARN] ModelIntegratedComponent:63 - No mode defined for component null
2025-01-19 22:48:06,435 [WARN] ModelIntegratedComponent:63 - No mode defined for component null
2025-01-19 22:48:06,435 [WARN] ModelIntegratedComponent:63 - No mode defined for component null
2025-01-19 22:48:06,435 [WARN] ModelIntegratedComponent:63 - No mode defined for component null
2025-01-19 22:48:06,435 [WARN] ModelIntegratedComponent:63 - No mode defined for component null
2025-01-19 22:48:06,436 [WARN] ModelIntegratedComponent:63 - No mode defined for component null
2025-01-19 22:48:06,436 [WARN] ModelIntegratedComponent:63 - No mode defined for component null
2025-01-19 22:48:06,794 [INFO] ThirdPartyModel:298 - Start build external matchings
2025-01-19 22:48:09,652 [INFO] ThirdPartyModel:316 - End build external matchings
2025-01-19 22:48:09,757 [WARN] IP:2113 - LayerIdx_L1 not found: check if there is a RefParameter without a condition.
2025-01-19 22:48:09,759 [INFO] ImportTextPane:194 - (OptionalMessage_ERROR) IP (RCC) : Invalid parameter (FamilyName)
2025-01-19 22:48:09,760 [INFO] ImportTextPane:194 - (OptionalMessage_ERROR) IP (RCC) : Parameter (RNGFreq_Value) has invalid value (216000000)
2025-01-19 22:48:09,760 [INFO] ImportTextPane:194 - (OptionalMessage_ERROR) IP (RCC) : Parameter (SDMMCFreq_Value) has invalid value (216000000)
2025-01-19 22:48:09,761 [INFO] ImportTextPane:194 - (OptionalMessage_ERROR) IP (RCC) : Parameter (USBFreq_Value) has invalid value (216000000)
2025-01-19 22:48:10,831 [INFO] UtilMem:75 - End LoadConfig() Used Memory: 336387440 Bytes (440401920)
2025-01-19 22:48:11,176 [INFO] ApiDb:581 - Connected to CubeFinder SQLite database (C:\Users\rhett\.stmcufinder\plugins\mcufinder\mcu\cube-finder-db.db)
2025-01-19 22:48:11,336 [INFO] ApiDb:668 - CubeFinder database Data Model version=2.1
2025-01-19 22:48:11,336 [INFO] ApiDb:669 - CubeFinder database Configuration version=3.0.39
2025-01-19 22:48:11,336 [INFO] ApiDb:670 - CubeFinder database generation date=2024-12-10 (1733817889)
2025-01-19 22:48:11,336 [INFO] ApiDb:671 - CubeFinder database FW Pack versions=[FP-ATR-ASTRA1_V2.0.0, FP-SNS-FLIGHT1_V5.0.2, FP-SNS-MOTENV1_V5.0.0, FP-SNS-MOTENVWB1_V1.4.0, FP-SNS-SMARTAG2_V1.2.0, FP-SNS-STBOX1_V2.0.0, STM32Cube_FW_C0_V1.3.0, STM32Cube_FW_F4_V1.28.1, STM32Cube_FW_F7_V1.17.2, STM32Cube_FW_G0_V1.6.2, STM32Cube_FW_G4_V1.6.1, STM32Cube_FW_H5_V1.4.0, STM32Cube_FW_H7RS_V1.1.0, STM32Cube_FW_H7_V1.12.0, STM32Cube_FW_L0_V1.12.2, STM32Cube_FW_L4_V1.18.1, STM32Cube_FW_L5_V1.5.1, STM32Cube_FW_N6_V1.0.0, STM32Cube_FW_U0_V1.2.0, STM32Cube_FW_U3_V1.0.0, STM32Cube_FW_U5_V1.7.0, STM32Cube_FW_WB0_V1.1.0, STM32Cube_FW_WBA_V1.5.0, STM32Cube_FW_WB_V1.21.0, STM32Cube_FW_WL3_V1.0.0, STM32Cube_FW_WL_V1.3.0, X-CUBE-ALGOBUILD_V1.4.0, X-CUBE-ALS_V1.0.2, X-CUBE-AZRTOS-F4_V1.1.0, X-CUBE-AZRTOS-F7_V1.1.0, X-CUBE-AZRTOS-G0_V1.1.0, X-CUBE-AZRTOS-G4_V2.0.0, X-CUBE-AZRTOS-H7RS_V1.0.0, X-CUBE-AZRTOS-H7_V3.3.0, X-CUBE-AZRTOS-L4_V2.0.0, X-CUBE-AZRTOS-L5_V2.0.0, X-CUBE-AZRTOS-WB_V2.0.0, X-CUBE-AZRTOS-WL_V2.0.0, X-CUBE-BLE1_V7.0.0, X-CUBE-BLE2_V3.3.0, X-CUBE-BLEMGR_V3.1.0, X-CUBE-EEPRMA1_V5.1.0, X-CUBE-FREERTOS_V1.2.0, X-CUBE-GNSS1_V6.0.0, X-CUBE-MEMS1_V11.0.0, X-CUBE-NFC4_V3.0.0, X-CUBE-NFC7_V1.0.1, X-CUBE-SFXS2LP1_V4.0.0, X-CUBE-SUBG2_V5.0.0, X-CUBE-TOF1_V3.4.2]
2025-01-19 22:48:14,956 [INFO] ApiDb:240 - Found 297 in-development CPN: [B-G473E-ZEST1S, B-WB1M-WPAN1, B-WL5M-SUBG1, NUCLEO-C031C6, NUCLEO-H503RB, NUCLEO-H563ZI, NUCLEO-U545RE-Q, NUCLEO-U5A5ZJ-Q, NUCLEO-WBA52CG, STEVAL-PROTEUS1, STEVAL-STWINBX1, STM320518-EVAL, STM32C0116-DK, STM32C011D6Y3TR, STM32C011D6Y6TR, STM32C011F4P3, STM32C011F4P6, STM32C011F4U3, STM32C011F4U6TR, STM32C011F6P3, STM32C011F6P6, STM32C011F6U3, STM32C011F6U6TR, STM32C011J4M3, STM32C011J4M6, STM32C011J6M3, STM32C011J6M6, STM32C0316-DK, STM32C031C4T3, STM32C031C4T6, STM32C031C4U3, STM32C031C4U6, STM32C031C6T3, STM32C031C6T6, STM32C031C6U3, STM32C031C6U6, STM32C031F4P3, STM32C031F4P6, STM32C031F6P3, STM32C031F6P6, STM32C031G4U3, STM32C031G4U6, STM32C031G6U3, STM32C031G6U6, STM32C031K4T3, STM32C031K4T6, STM32C031K4U3, STM32C031K4U6, STM32C031K6T3, STM32C031K6T6, STM32C031K6U3, STM32C031K6U6, STM32G071K8TXN, STM32G071K8UXN, STM32G081GBU6N, STM32G081KBT6N, STM32G081KBUXN, STM32G0B1CCT6N, STM32G0B1KCT6, STM32G0B1NEY6TR, STM32G0B1RCT6N, STM32G0C1CCT6, STM32G0C1CCT6N, STM32G0C1CCU6N, STM32G0C1CET6N, STM32G0C1CEU6N, STM32G0C1KCT6, STM32G0C1NEY6TR, STM32G0C1RCI6N, STM32G0C1RCT6N, STM32G0C1REI6N, STM32G0C1RET6N, STM32G0C1VCI6, STM32G0C1VEI6, STM32G471CCT6, STM32G471CCU6, STM32G471CET3, STM32G471CET6, STM32G471CEU3, STM32G471CEU6, STM32G471MCT6, STM32G471MET3, STM32G471MET6, STM32G471MEY6TR, STM32G471QCT6, STM32G471QET3, STM32G471RCT6, STM32G471RET3, STM32G471RET6, STM32G471VCH6, STM32G471VCI6, STM32G471VCT6, STM32G471VEH3, STM32G471VEH6, STM32G471VEI3, STM32G471VEI6, STM32G471VET3, STM32G471VET6, STM32G474CCT6, STM32H503CBT6, STM32H503CBU6, STM32H503EBY6TR, STM32H503KBU6, STM32H503RBT6, STM32H562AGI6, STM32H562AII6, STM32H562IGK6, STM32H562IGT6, STM32H562IIK6, STM32H562IIT6, STM32H562RGT6, STM32H562RGV6, STM32H562RIT6, STM32H562RIV6, STM32H562VGT6, STM32H562VIT6, STM32H562ZGT6, STM32H562ZIT6, STM32H563AGI6, STM32H563AII3Q, STM32H563AII6, STM32H563IGK6, STM32H563IGT6, STM32H563IIK3Q, STM32H563IIK6, STM32H563IIT3Q, STM32H563IIT6, STM32H563MIY3QTR, STM32H563RGT6, STM32H563RGV6, STM32H563RIT6, STM32H563RIV6, STM32H563VGT6, STM32H563VIT3Q, STM32H563VIT6, STM32H563ZGT6, STM32H563ZIT3Q, STM32H563ZIT6, STM32H573AII3Q, STM32H573AII6, STM32H573I-DK, STM32H573IIK3Q, STM32H573IIK6, STM32H573IIT3Q, STM32H573IIT6, STM32H573MIY3QTR, STM32H573RIT6, STM32H573RIV6, STM32H573VIT3Q, STM32H573VIT6, STM32H573ZIT3Q, STM32H573ZIT6, STM32L4R5QGI6STR, STM32MP131AAE3, STM32MP131AAF3, STM32MP131AAG3, STM32MP131CAE3, STM32MP131CAF3, STM32MP131CAG3, STM32MP131DAE7, STM32MP131DAF7, STM32MP131DAG7, STM32MP131FAE7, STM32MP131FAF7, STM32MP131FAG7, STM32MP133AAE3, STM32MP133AAF3, STM32MP133AAG3, STM32MP133CAE3, STM32MP133CAF3, STM32MP133CAG3, STM32MP133DAE7, STM32MP133DAF7, STM32MP133DAG7, STM32MP133FAE7, STM32MP133FAF7, STM32MP133FAG7, STM32MP135AAE3, STM32MP135AAF3, STM32MP135AAG3, STM32MP135CAE3, STM32MP135CAF3, STM32MP135CAG3, STM32MP135DAE7, STM32MP135DAF7, STM32MP135DAG7, STM32MP135F-DK, STM32MP135FAE7, STM32MP135FAF7, STM32MP135FAF7T, STM32MP135FAF7U, STM32MP135FAG7, STM32U535CBT6, STM32U535CBT6Q, STM32U535CBU6, STM32U535CBU6Q, STM32U535CCT6, STM32U535CCT6Q, STM32U535CCU6, STM32U535CCU6Q, STM32U535CET6, STM32U535CET6Q, STM32U535CEU6, STM32U535CEU6Q, STM32U535JEY6QTR, STM32U535NCY6QTR, STM32U535NEY6QTR, STM32U535RBI6, STM32U535RBI6Q, STM32U535RBT6, STM32U535RBT6Q, STM32U535RCI6, STM32U535RCI6Q, STM32U535RCT6, STM32U535RCT6Q, STM32U535REI6, STM32U535REI6Q, STM32U535RET6, STM32U535RET6Q, STM32U535VCI6, STM32U535VCI6Q, STM32U535VCT6, STM32U535VCT6Q, STM32U535VEI6, STM32U535VEI6Q, STM32U535VET6, STM32U535VET6Q, STM32U545CET6, STM32U545CET6Q, STM32U545CEU6, STM32U545CEU6Q, STM32U545JEY6QTR, STM32U545NEY6QTR, STM32U545REI6, STM32U545REI6Q, STM32U545RET6, STM32U545RET6Q, STM32U545VEI6, STM32U545VEI6Q, STM32U545VET6, STM32U545VET6Q, STM32U595AIH6, STM32U595AIH6Q, STM32U595AJH6, STM32U595AJH6Q, STM32U595QII6, STM32U595QII6Q, STM32U595QJI6, STM32U595QJI6Q, STM32U595RIT6, STM32U595RIT6Q, STM32U595RJT6, STM32U595RJT6Q, STM32U595VIT6, STM32U595VIT6Q, STM32U595VJT6, STM32U595VJT6Q, STM32U595ZIT6, STM32U595ZIT6Q, STM32U595ZIY6QTR, STM32U595ZJT6, STM32U595ZJT6Q, STM32U595ZJY6QTR, STM32U599BJY6QTR, STM32U599NIH6Q, STM32U599NJH6Q, STM32U599VIT6Q, STM32U599VJT6, STM32U599VJT6Q, STM32U599ZIT6Q, STM32U599ZIY6QTR, STM32U599ZJT6Q, STM32U599ZJY6QTR, STM32U5A5AJH6, STM32U5A5AJH6Q, STM32U5A5QJI6, STM32U5A5QJI6Q, STM32U5A5RJT6, STM32U5A5RJT6Q, STM32U5A5VJT6, STM32U5A5VJT6Q, STM32U5A5ZJT6, STM32U5A5ZJT6Q, STM32U5A5ZJY6QTR, STM32U5A9BJY6QTR, STM32U5A9J-DK, STM32U5A9NJH6Q, STM32U5A9VJT6Q, STM32U5A9ZJT6Q, STM32U5A9ZJY6QTR, STM32WB1MMCH6, STM32WBA52CEU6, STM32WBA52CEU6T, STM32WBA52CGU6, STM32WBA52CGU6T, STM32WL5MOCH6, STM32WL5MOCH6TR]
2025-01-19 22:48:14,963 [INFO] DbMcus:216 - Found 4381 MCUs, 4381 are supported
2025-01-19 22:48:14,968 [INFO] ApiDb:423 - Load user favorites file C:\Users\rhett/.stm32cubeide/favorites.mcus.txt: 0 item(s)
2025-01-19 22:48:14,968 [INFO] ApiDb:427 - User favorites MCUs=[]
2025-01-19 22:48:14,968 [INFO] DbMcus:222 - Set 0 / 0 favorites MCUs
2025-01-19 22:48:15,721 [WARN] ThirdParty:833 - waiting for thirdparty lock release [change project]
2025-01-19 22:48:15,721 [INFO] ThirdParty:835 - entering critical section [change project]
2025-01-19 22:48:15,721 [INFO] ThirdParty:1030 - CMSIS Pack Vendor :STMicroelectronics X-CUBE-GNSS1 6.0.0
2025-01-19 22:48:15,721 [INFO] ThirdParty:1030 - CMSIS Pack Vendor :STMicroelectronics USB_HOST 2.0.0
2025-01-19 22:48:15,721 [INFO] ThirdParty:1030 - CMSIS Pack Vendor :STMicroelectronics X-CUBE-AZRTOS-F4 1.1.0
2025-01-19 22:48:15,721 [INFO] ThirdParty:1030 - CMSIS Pack Vendor :STMicroelectronics LIBJPEG 8.0.0
2025-01-19 22:48:15,722 [INFO] ThirdParty:1030 - CMSIS Pack Vendor :STMicroelectronics FP-ATR-ASTRA1 2.0.1
2025-01-19 22:48:15,722 [INFO] ThirdParty:1030 - CMSIS Pack Vendor :STMicroelectronics X-CUBE-SMBUS 2.1.0
2025-01-19 22:48:15,722 [INFO] ThirdParty:1030 - CMSIS Pack Vendor :STMicroelectronics X-CUBE-WB05N 1.1.0
2025-01-19 22:48:15,722 [INFO] ThirdParty:1030 - CMSIS Pack Vendor :wolfSSL I-CUBE-wolfSSL 5.6.0
2025-01-19 22:48:15,722 [INFO] ThirdParty:1030 - CMSIS Pack Vendor :STMicroelectronics X-CUBE-ISPU 2.1.0
2025-01-19 22:48:15,722 [INFO] ThirdParty:1030 - CMSIS Pack Vendor :STMicroelectronics X-CUBE-FREERTOS 1.2.0
2025-01-19 22:48:15,722 [INFO] ThirdParty:1030 - CMSIS Pack Vendor :STMicroelectronics X-CUBE-TOUCHGFX 4.23.1
2025-01-19 22:48:15,722 [INFO] ThirdParty:1030 - CMSIS Pack Vendor :STMicroelectronics X-CUBE-TOUCHGFX 4.23.0
2025-01-19 22:48:15,722 [INFO] ThirdParty:1030 - CMSIS Pack Vendor :STMicroelectronics X-CUBE-TOUCHGFX 4.23.2
2025-01-19 22:48:15,722 [INFO] ThirdParty:1030 - CMSIS Pack Vendor :STMicroelectronics X-CUBE-AZRTOS-F7 1.1.0
2025-01-19 22:48:15,722 [INFO] ThirdParty:1030 - CMSIS Pack Vendor :STMicroelectronics X-CUBE-AZRTOS-L5 2.0.0
2025-01-19 22:48:15,723 [INFO] ThirdParty:1030 - CMSIS Pack Vendor :STMicroelectronics USB_DEVICE 2.0.0
2025-01-19 22:48:15,723 [INFO] ThirdParty:1030 - CMSIS Pack Vendor :STMicroelectronics X-CUBE-MEMS1 9.6.0
2025-01-19 22:48:15,723 [INFO] ThirdParty:1030 - CMSIS Pack Vendor :STMicroelectronics X-CUBE-EEPRMA1 4.2.0
2025-01-19 22:48:15,723 [INFO] ThirdParty:1030 - CMSIS Pack Vendor :STMicroelectronics X-CUBE-NFC6 3.1.0
2025-01-19 22:48:15,723 [INFO] ThirdParty:1030 - CMSIS Pack Vendor :ITTIA_DB I-CUBE-ITTIADB 8.8.0
2025-01-19 22:48:15,723 [INFO] ThirdParty:1030 - CMSIS Pack Vendor :STMicroelectronics FP-SNS-MOTENV1 4.3.0
2025-01-19 22:48:15,723 [INFO] ThirdParty:1030 - CMSIS Pack Vendor :STMicroelectronics FP-SNS-MOTENV1 4.3.2
2025-01-19 22:48:15,723 [INFO] ThirdParty:1030 - CMSIS Pack Vendor :STMicroelectronics FP-SNS-FLIGHT1 5.0.0
2025-01-19 22:48:15,723 [INFO] ThirdParty:1030 - CMSIS Pack Vendor :STMicroelectronics FP-SNS-MOTENV1 4.3.1
2025-01-19 22:48:15,723 [INFO] ThirdParty:1030 - CMSIS Pack Vendor :STMicroelectronics FP-SNS-FLIGHT1 5.0.1
2025-01-19 22:48:15,723 [INFO] ThirdParty:1030 - CMSIS Pack Vendor :STMicroelectronics X-CUBE-MEMS1 11.0.0
2025-01-19 22:48:15,723 [INFO] ThirdParty:1030 - CMSIS Pack Vendor :STMicroelectronics X-CUBE-BLE1 6.2.4
2025-01-19 22:48:15,723 [INFO] ThirdParty:1030 - CMSIS Pack Vendor :STMicroelectronics FreeRTOS 0.0.1
2025-01-19 22:48:15,724 [INFO] ThirdParty:1030 - CMSIS Pack Vendor :emotas I-CUBE-CANOPEN 1.1.3
2025-01-19 22:48:15,724 [INFO] ThirdParty:1030 - CMSIS Pack Vendor :STMicroelectronics X-CUBE-BLEMGR 2.0.0
2025-01-19 22:48:15,724 [INFO] ThirdParty:1030 - CMSIS Pack Vendor :STMicroelectronics FP-SNS-FLIGHT1 5.0.2
2025-01-19 22:48:15,724 [INFO] ThirdParty:1030 - CMSIS Pack Vendor :STMicroelectronics X-CUBE-AI 9.0.0
2025-01-19 22:48:15,724 [INFO] ThirdParty:1030 - CMSIS Pack Vendor :STMicroelectronics X-CUBE-AZRTOS-H7 3.1.0
2025-01-19 22:48:15,724 [INFO] ThirdParty:1030 - CMSIS Pack Vendor :STMicroelectronics PDM2PCM 3.3.0
2025-01-19 22:48:15,724 [INFO] ThirdParty:1030 - CMSIS Pack Vendor :STMicroelectronics X-CUBE-DISPLAY 3.0.0
2025-01-19 22:48:15,724 [INFO] ThirdParty:1030 - CMSIS Pack Vendor :STMicroelectronics X-CUBE-BLE1 7.0.0
2025-01-19 22:48:15,724 [INFO] ThirdParty:1030 - CMSIS Pack Vendor :STMicroelectronics X-CUBE-NFC10 1.0.0
2025-01-19 22:48:15,724 [INFO] ThirdParty:1030 - CMSIS Pack Vendor :STMicroelectronics HAL Drivers 0.0.0
2025-01-19 22:48:15,724 [INFO] ThirdParty:1030 - CMSIS Pack Vendor :STMicroelectronics X-CUBE-FREERTOS 1.3.0
2025-01-19 22:48:15,724 [INFO] ThirdParty:1030 - CMSIS Pack Vendor :STMicroelectronics X-CUBE-TOUCHGFX 4.22.0
2025-01-19 22:48:15,724 [INFO] ThirdParty:1030 - CMSIS Pack Vendor :STMicroelectronics X-CUBE-NFC7 1.0.1
2025-01-19 22:48:15,724 [INFO] ThirdParty:1030 - CMSIS Pack Vendor :STMicroelectronics MBEDTLS 2.14.1
2025-01-19 22:48:15,724 [INFO] ThirdParty:1030 - CMSIS Pack Vendor :STMicroelectronics X-CUBE-NFC7 1.0.0
2025-01-19 22:48:15,725 [INFO] ThirdParty:1030 - CMSIS Pack Vendor :STMicroelectronics X-CUBE-TOUCHGFX 4.22.1
2025-01-19 22:48:15,725 [INFO] ThirdParty:1030 - CMSIS Pack Vendor :wolfSSL I-CUBE-wolfTPM 3.2.0
2025-01-19 22:48:15,725 [INFO] ThirdParty:1030 - CMSIS Pack Vendor :STMicroelectronics X-CUBE-NFC6 3.0.0
2025-01-19 22:48:15,725 [INFO] ThirdParty:1030 - CMSIS Pack Vendor :STMicroelectronics X-CUBE-EEPRMA1 4.1.0
2025-01-19 22:48:15,725 [INFO] ThirdParty:1030 - CMSIS Pack Vendor :STMicroelectronics X-CUBE-BLEMGR 3.1.0
2025-01-19 22:48:15,725 [INFO] ThirdParty:1030 - CMSIS Pack Vendor :STMicroelectronics FP-SNS-SMARTAG2 1.2.0
2025-01-19 22:48:15,725 [INFO] ThirdParty:1030 - CMSIS Pack Vendor :STMicroelectronics X-CUBE-MEMS1 11.1.0
2025-01-19 22:48:15,725 [INFO] ThirdParty:1030 - CMSIS Pack Vendor :STMicroelectronics X-CUBE-AZRTOS-WL 2.0.0
2025-01-19 22:48:15,725 [INFO] ThirdParty:1030 - CMSIS Pack Vendor :STMicroelectronics FP-SNS-MOTENV1 5.0.0
2025-01-19 22:48:15,725 [INFO] ThirdParty:1030 - CMSIS Pack Vendor :STMicroelectronics USB_DEVICE 1.0.0
2025-01-19 22:48:15,725 [INFO] ThirdParty:1030 - CMSIS Pack Vendor :STMicroelectronics X-CUBE-AI 8.1.0
2025-01-19 22:48:15,726 [INFO] ThirdParty:1030 - CMSIS Pack Vendor :wolfSSL I-CUBE-wolfMQTT 1.19.0
2025-01-19 22:48:15,726 [INFO] ThirdParty:1030 - CMSIS Pack Vendor :STMicroelectronics X-CUBE-AZRTOS-L4 2.0.0
2025-01-19 22:48:15,726 [INFO] ThirdParty:1030 - CMSIS Pack Vendor :STMicroelectronics ThreadX 0.0.2
2025-01-19 22:48:15,726 [INFO] ThirdParty:1030 - CMSIS Pack Vendor :WES I-CUBE-Cesium 1.3.0
2025-01-19 22:48:15,726 [INFO] ThirdParty:1030 - CMSIS Pack Vendor :STMicroelectronics lwIP 2.1.2
2025-01-19 22:48:15,726 [INFO] ThirdParty:1030 - CMSIS Pack Vendor :STMicroelectronics X-CUBE-SFXS2LP1 4.0.0
2025-01-19 22:48:15,726 [INFO] ThirdParty:1030 - CMSIS Pack Vendor :STMicroelectronics X-CUBE-BLE2 3.3.0
2025-01-19 22:48:15,726 [INFO] ThirdParty:1030 - CMSIS Pack Vendor :STMicroelectronics PDM2PCM 3.2.0
2025-01-19 22:48:15,726 [INFO] ThirdParty:1030 - CMSIS Pack Vendor :STMicroelectronics X-CUBE-ISPU 1.1.0
2025-01-19 22:48:15,726 [INFO] ThirdParty:1030 - CMSIS Pack Vendor :STMicroelectronics X-CUBE-AZRTOS-H7 3.3.0
2025-01-19 22:48:15,726 [INFO] ThirdParty:1030 - CMSIS Pack Vendor :STMicroelectronics X-CUBE-NFC9 1.0.0
2025-01-19 22:48:15,726 [INFO] ThirdParty:1030 - CMSIS Pack Vendor :STMicroelectronics USB_DEVICE 3.0.0
2025-01-19 22:48:15,726 [INFO] ThirdParty:1030 - CMSIS Pack Vendor :STMicroelectronics X-CUBE-TCPP 4.1.0
2025-01-19 22:48:15,726 [INFO] ThirdParty:1030 - CMSIS Pack Vendor :STMicroelectronics X-CUBE-AI 8.0.0
2025-01-19 22:48:15,726 [INFO] ThirdParty:1030 - CMSIS Pack Vendor :STMicroelectronics X-CUBE-AZRTOS-WB 2.0.0
2025-01-19 22:48:15,727 [INFO] ThirdParty:1030 - CMSIS Pack Vendor :STMicroelectronics X-CUBE-FREERTOS 1.0.1
2025-01-19 22:48:15,727 [INFO] ThirdParty:1030 - CMSIS Pack Vendor :STMicroelectronics X-CUBE-GNSS1 7.0.0
2025-01-19 22:48:15,727 [INFO] ThirdParty:1030 - CMSIS Pack Vendor :STMicroelectronics X-CUBE-GNSS1 7.0.1
2025-01-19 22:48:15,727 [INFO] ThirdParty:1030 - CMSIS Pack Vendor :STMicroelectronics X-CUBE-TOUCHGFX 4.21.3
2025-01-19 22:48:15,727 [INFO] ThirdParty:1030 - CMSIS Pack Vendor :STMicroelectronics X-CUBE-TOUCHGFX 4.21.4
2025-01-19 22:48:15,727 [INFO] ThirdParty:1030 - CMSIS Pack Vendor :STMicroelectronics X-CUBE-ALGOBUILD 1.3.0
2025-01-19 22:48:15,727 [INFO] ThirdParty:1030 - CMSIS Pack Vendor :STMicroelectronics X-CUBE-AZRTOS-L5 1.1.0
2025-01-19 22:48:15,727 [INFO] ThirdParty:1030 - CMSIS Pack Vendor :STMicroelectronics X-CUBE-AZRTOS-G0 1.1.0
2025-01-19 22:48:15,727 [INFO] ThirdParty:1030 - CMSIS Pack Vendor :STMicroelectronics X-CUBE-AI 8.0.1
2025-01-19 22:48:15,728 [INFO] ThirdParty:1030 - CMSIS Pack Vendor :STMicroelectronics X-CUBE-SAFEA1 1.2.2
2025-01-19 22:48:15,728 [INFO] ThirdParty:1030 - CMSIS Pack Vendor :STMicroelectronics X-CUBE-NFC4 3.0.0
2025-01-19 22:48:15,728 [INFO] ThirdParty:1030 - CMSIS Pack Vendor :STMicroelectronics X-CUBE-SUBG2 5.0.0
2025-01-19 22:48:15,728 [INFO] ThirdParty:1030 - CMSIS Pack Vendor :STMicroelectronics STM32_WPAN 1.0.0
2025-01-19 22:48:15,728 [INFO] ThirdParty:1030 - CMSIS Pack Vendor :wolfSSL I-CUBE-wolfMQTT 1.18.0
2025-01-19 22:48:15,728 [INFO] ThirdParty:1030 - CMSIS Pack Vendor :STMicroelectronics lwIP 2.0.3
2025-01-19 22:48:15,728 [INFO] ThirdParty:1030 - CMSIS Pack Vendor :Cesanta I-CUBE-Mongoose 7.13.0
2025-01-19 22:48:15,728 [INFO] ThirdParty:1030 - CMSIS Pack Vendor :STMicroelectronics USB_HOST 1.0.0
2025-01-19 22:48:15,728 [INFO] ThirdParty:1030 - CMSIS Pack Vendor :STMicroelectronics X-CUBE-TOF1 3.3.1
2025-01-19 22:48:15,728 [INFO] ThirdParty:1030 - CMSIS Pack Vendor :STMicroelectronics X-CUBE-AZRTOS-G4 2.0.0
2025-01-19 22:48:15,728 [INFO] ThirdParty:1030 - CMSIS Pack Vendor :STMicroelectronics PDM2PCM 3.1.0
2025-01-19 22:48:15,728 [INFO] ThirdParty:1030 - CMSIS Pack Vendor :STMicroelectronics X-CUBE-TOF1 3.3.0
2025-01-19 22:48:15,728 [INFO] ThirdParty:1030 - CMSIS Pack Vendor :Infineon AIROC-Wi-Fi-Bluetooth-STM32 1.5.1
2025-01-19 22:48:15,729 [INFO] ThirdParty:1030 - CMSIS Pack Vendor :STMicroelectronics X-CUBE-BLEMGR 3.0.0
2025-01-19 22:48:15,729 [INFO] ThirdParty:1030 - CMSIS Pack Vendor :STMicroelectronics FP-SNS-MOTENVWB1 1.3.0
2025-01-19 22:48:15,730 [INFO] ThirdParty:1030 - CMSIS Pack Vendor :STMicroelectronics FP-SNS-MOTENVWB1 1.3.1
2025-01-19 22:48:15,730 [INFO] ThirdParty:1030 - CMSIS Pack Vendor :STMicroelectronics FP-ATR-SIGFOX1 3.2.0
2025-01-19 22:48:15,730 [INFO] ThirdParty:1030 - CMSIS Pack Vendor :STMicroelectronics X-CUBE-AZRTOS-G4 1.0.0
2025-01-19 22:48:15,732 [INFO] ThirdParty:1030 - CMSIS Pack Vendor :STMicroelectronics X-CUBE-AZRTOS-L4 1.0.0
2025-01-19 22:48:15,732 [INFO] ThirdParty:1030 - CMSIS Pack Vendor :STMicroelectronics X-CUBE-ISPU 2.0.0
2025-01-19 22:48:15,732 [INFO] ThirdParty:1030 - CMSIS Pack Vendor :STMicroelectronics X-CUBE-EEPRMA1 5.1.0
2025-01-19 22:48:15,733 [INFO] ThirdParty:1030 - CMSIS Pack Vendor :STMicroelectronics MBEDTLS 2.16.2
2025-01-19 22:48:15,733 [INFO] ThirdParty:1030 - CMSIS Pack Vendor :STMicroelectronics X-CUBE-ALS 1.0.2
2025-01-19 22:48:15,733 [INFO] ThirdParty:1030 - CMSIS Pack Vendor :STMicroelectronics X-CUBE-MEMS1 10.0.0
2025-01-19 22:48:15,733 [INFO] ThirdParty:1030 - CMSIS Pack Vendor :STMicroelectronics X-CUBE-FREERTOS 1.1.0
2025-01-19 22:48:15,733 [INFO] ThirdParty:1030 - CMSIS Pack Vendor :STMicroelectronics X-CUBE-TOUCHGFX 4.24.0
2025-01-19 22:48:15,733 [INFO] ThirdParty:1030 - CMSIS Pack Vendor :STMicroelectronics X-CUBE-TOUCHGFX 4.24.2
2025-01-19 22:48:15,733 [INFO] ThirdParty:1030 - CMSIS Pack Vendor :STMicroelectronics X-CUBE-AZRTOS-WL 1.0.0
2025-01-19 22:48:15,733 [INFO] ThirdParty:1030 - CMSIS Pack Vendor :STMicroelectronics X-CUBE-TOUCHGFX 4.24.1
2025-01-19 22:48:15,733 [INFO] ThirdParty:1030 - CMSIS Pack Vendor :portGmbH I-Cube-SoM-uGOAL 1.1.0
2025-01-19 22:48:15,733 [INFO] ThirdParty:1030 - CMSIS Pack Vendor :STMicroelectronics X-CUBE-ALS 1.0.1
2025-01-19 22:48:15,734 [INFO] ThirdParty:1030 - CMSIS Pack Vendor :STMicroelectronics X-CUBE-MEMS1 9.5.0
2025-01-19 22:48:15,734 [INFO] ThirdParty:1030 - CMSIS Pack Vendor :STMicroelectronics ThreadX 1.0.0
2025-01-19 22:48:15,734 [INFO] ThirdParty:1030 - CMSIS Pack Vendor :STMicroelectronics X-CUBE-AZRTOS-WB 1.1.0
2025-01-19 22:48:15,734 [INFO] ThirdParty:1030 - CMSIS Pack Vendor :SEGGER I-CUBE-embOS 1.3.1
2025-01-19 22:48:15,734 [INFO] ThirdParty:1030 - CMSIS Pack Vendor :STMicroelectronics X-CUBE-ALGOBUILD 1.4.0
2025-01-19 22:48:15,734 [INFO] ThirdParty:1030 - CMSIS Pack Vendor :STMicroelectronics X-CUBE-AZRTOS-H7RS 1.0.0
2025-01-19 22:48:15,734 [INFO] ThirdParty:1030 - CMSIS Pack Vendor :STMicroelectronics FP-ATR-ASTRA1 2.0.0
2025-01-19 22:48:15,734 [INFO] ThirdParty:1030 - CMSIS Pack Vendor :STMicroelectronics X-CUBE-AI 9.1.0
2025-01-19 22:48:15,734 [INFO] ThirdParty:1030 - CMSIS Pack Vendor :STMicroelectronics X-CUBE-TOF1 3.4.0
2025-01-19 22:48:15,735 [INFO] ThirdParty:1030 - CMSIS Pack Vendor :STMicroelectronics X-CUBE-TOF1 3.4.1
2025-01-19 22:48:15,735 [INFO] ThirdParty:1030 - CMSIS Pack Vendor :STMicroelectronics X-CUBE-AZRTOS-H7 3.2.0
2025-01-19 22:48:15,735 [INFO] ThirdParty:1030 - CMSIS Pack Vendor :wolfSSL I-CUBE-wolfSSH 1.4.17
2025-01-19 22:48:15,735 [INFO] ThirdParty:841 - exiting critical section [change project]
2025-01-19 22:48:16,709 [INFO] PinOutPanel:1499 - setPackage(No Configuration,No Configuration)
2025-01-19 22:48:16,712 [INFO] PinOutPanel:1499 - setPackage(STM32F746ZGTx,LQFP144)
2025-01-19 22:48:18,523 [INFO] UtilMem:75 - Before build in PCC Used Memory: 342074608 Bytes (440401920)
2025-01-19 22:48:20,138 [INFO] UtilMem:75 - After build in PCC Used Memory: 349337920 Bytes (440401920)
2025-01-19 22:48:20,225 [INFO] IPUIPlugin:80 - create IPUIPlugin
2025-01-19 22:48:20,225 [INFO] IPUIPlugin:80 - create IPUIPlugin
2025-01-19 22:48:20,225 [INFO] IPUIPlugin:80 - create IPUIPlugin
2025-01-19 22:48:20,225 [INFO] IPUIPlugin:80 - create IPUIPlugin
2025-01-19 22:48:20,225 [INFO] IPUIPlugin:80 - create IPUIPlugin
2025-01-19 22:48:20,226 [INFO] IPUIPlugin:80 - create IPUIPlugin
2025-01-19 22:48:20,226 [INFO] IPUIPlugin:80 - create IPUIPlugin
2025-01-19 22:48:20,227 [INFO] IPUIPlugin:80 - create IPUIPlugin
2025-01-19 22:48:20,228 [INFO] IPUIPlugin:80 - create IPUIPlugin
2025-01-19 22:48:20,228 [INFO] IPUIPlugin:80 - create IPUIPlugin
2025-01-19 22:48:20,229 [INFO] IPUIPlugin:80 - create IPUIPlugin
2025-01-19 22:48:20,229 [INFO] IPUIPlugin:80 - create IPUIPlugin
2025-01-19 22:48:20,229 [INFO] IPUIPlugin:80 - create IPUIPlugin
2025-01-19 22:48:20,229 [INFO] IPUIPlugin:80 - create IPUIPlugin
2025-01-19 22:48:20,230 [INFO] IPUIPlugin:80 - create IPUIPlugin
2025-01-19 22:48:20,230 [INFO] IPUIPlugin:80 - create IPUIPlugin
2025-01-19 22:48:20,231 [INFO] IPUIPlugin:80 - create IPUIPlugin
2025-01-19 22:48:20,232 [INFO] IPUIPlugin:80 - create IPUIPlugin
2025-01-19 22:48:20,232 [INFO] IPUIPlugin:80 - create IPUIPlugin
2025-01-19 22:48:20,232 [INFO] IPUIPlugin:80 - create IPUIPlugin
2025-01-19 22:48:20,233 [INFO] IPUIPlugin:80 - create IPUIPlugin
2025-01-19 22:48:20,233 [INFO] IPUIPlugin:80 - create IPUIPlugin
2025-01-19 22:48:20,233 [INFO] IPUIPlugin:80 - create IPUIPlugin
2025-01-19 22:48:20,234 [INFO] IPUIPlugin:80 - create IPUIPlugin
2025-01-19 22:48:20,234 [INFO] IPUIPlugin:80 - create IPUIPlugin
2025-01-19 22:48:20,235 [INFO] IPUIPlugin:80 - create IPUIPlugin
2025-01-19 22:48:20,236 [INFO] IPUIPlugin:80 - create IPUIPlugin
2025-01-19 22:48:20,237 [INFO] IPUIPlugin:80 - create IPUIPlugin
2025-01-19 22:48:20,252 [INFO] IPUIPlugin:80 - create IPUIPlugin
2025-01-19 22:48:20,254 [INFO] IPUIPlugin:80 - create IPUIPlugin
2025-01-19 22:48:20,255 [INFO] IPUIPlugin:80 - create IPUIPlugin
2025-01-19 22:48:20,255 [INFO] IPUIPlugin:80 - create IPUIPlugin
2025-01-19 22:48:20,258 [INFO] IPUIPlugin:80 - create IPUIPlugin
2025-01-19 22:48:20,258 [INFO] IPUIPlugin:80 - create IPUIPlugin
2025-01-19 22:48:20,260 [INFO] IPUIPlugin:80 - create IPUIPlugin
2025-01-19 22:48:20,263 [INFO] IPUIPlugin:80 - create IPUIPlugin
2025-01-19 22:48:20,267 [INFO] IPUIPlugin:80 - create IPUIPlugin
2025-01-19 22:48:20,267 [INFO] IPUIPlugin:80 - create IPUIPlugin
2025-01-19 22:48:20,270 [INFO] IPUIPlugin:80 - create IPUIPlugin
2025-01-19 22:48:20,271 [INFO] IPUIPlugin:80 - create IPUIPlugin
2025-01-19 22:48:20,280 [INFO] IPUIPlugin:80 - create IPUIPlugin
2025-01-19 22:48:20,281 [INFO] IPUIPlugin:80 - create IPUIPlugin
2025-01-19 22:48:20,282 [INFO] IPUIPlugin:80 - create IPUIPlugin
2025-01-19 22:48:20,283 [INFO] IPUIPlugin:80 - create IPUIPlugin
2025-01-19 22:48:20,284 [INFO] IPUIPlugin:80 - create IPUIPlugin
2025-01-19 22:48:20,284 [INFO] IPUIPlugin:80 - create IPUIPlugin
2025-01-19 22:48:20,285 [INFO] IPUIPlugin:80 - create IPUIPlugin
2025-01-19 22:48:20,286 [INFO] IPUIPlugin:80 - create IPUIPlugin
2025-01-19 22:48:20,287 [INFO] IPUIPlugin:80 - create IPUIPlugin
2025-01-19 22:48:20,287 [INFO] IPUIPlugin:80 - create IPUIPlugin
2025-01-19 22:48:20,288 [INFO] IPUIPlugin:80 - create IPUIPlugin
2025-01-19 22:48:20,288 [INFO] IPUIPlugin:80 - create IPUIPlugin
2025-01-19 22:48:20,289 [INFO] IPUIPlugin:80 - create IPUIPlugin
2025-01-19 22:48:20,290 [INFO] IPUIPlugin:80 - create IPUIPlugin
2025-01-19 22:48:20,290 [INFO] IPUIPlugin:80 - create IPUIPlugin
2025-01-19 22:48:20,291 [INFO] IPUIPlugin:80 - create IPUIPlugin
2025-01-19 22:48:20,292 [INFO] IPUIPlugin:80 - create IPUIPlugin
2025-01-19 22:48:20,293 [INFO] IPUIPlugin:80 - create IPUIPlugin
2025-01-19 22:48:20,294 [INFO] IPUIPlugin:80 - create IPUIPlugin
2025-01-19 22:48:20,294 [INFO] IPUIPlugin:80 - create IPUIPlugin
2025-01-19 22:48:20,296 [INFO] IPUIPlugin:80 - create IPUIPlugin
2025-01-19 22:48:20,297 [INFO] IPUIPlugin:80 - create IPUIPlugin
2025-01-19 22:48:20,298 [INFO] IPUIPlugin:80 - create IPUIPlugin
2025-01-19 22:48:20,300 [INFO] IPUIPlugin:80 - create IPUIPlugin
2025-01-19 22:48:20,301 [INFO] IPUIPlugin:80 - create IPUIPlugin
2025-01-19 22:48:20,302 [INFO] IPUIPlugin:80 - create IPUIPlugin
2025-01-19 22:48:20,304 [INFO] IPUIPlugin:80 - create IPUIPlugin
2025-01-19 22:48:20,305 [INFO] IPUIPlugin:80 - create IPUIPlugin
2025-01-19 22:48:20,306 [INFO] IPUIPlugin:80 - create IPUIPlugin
2025-01-19 22:48:20,307 [INFO] IPUIPlugin:80 - create IPUIPlugin
2025-01-19 22:48:20,308 [INFO] IPUIPlugin:80 - create IPUIPlugin
2025-01-19 22:48:20,309 [INFO] IPUIPlugin:80 - create IPUIPlugin
2025-01-19 22:48:20,311 [INFO] IPUIPlugin:80 - create IPUIPlugin
2025-01-19 22:48:20,312 [INFO] IPUIPlugin:80 - create IPUIPlugin
2025-01-19 22:48:20,547 [INFO] ApiDbMcu:507 - Load IP Config File for PDM2PCM
2025-01-19 22:48:20,591 [INFO] Can:71 - Can Add PropertyChangeListener com.st.microxplorer.plugins.ip.can.Can@496b4ba5
2025-01-19 22:48:20,593 [INFO] Can:71 - Can Add PropertyChangeListener com.st.microxplorer.plugins.ip.can.Can@6dc82e0f
2025-01-19 22:48:21,195 [INFO] CADModel:165 - CPN selected for project levelSTM32F746ZGT6
2025-01-19 22:48:21,196 [INFO] CADModel:114 - Register for checkConnection events
2025-01-19 22:48:21,283 [INFO] OpenFileManager:328 - Restore cursor
2025-01-19 22:48:21,610 [WARN] IP:2113 - LayerIdx_L1 not found: check if there is a RefParameter without a condition.
