2025-02-12 10:56:16,659 [INFO] Activator:176 - 


2025-02-12 10:56:16,670 [INFO] Activator:177 - !SESSION log4j initialized
2025-02-12 10:56:25,871 [INFO] LogOutputStream:77 - [STDOUT_REDIRECT] 
2025-02-12 10:57:04,547 [ERROR] LogOutputStream:75 - [STDERR_REDIRECT] SLF4J: Failed to load class "org.slf4j.impl.StaticLoggerBinder".
2025-02-12 10:57:04,547 [ERROR] LogOutputStream:75 - [STDERR_REDIRECT] SLF4J: Defaulting to no-operation (NOP) logger implementation
2025-02-12 10:57:04,550 [ERROR] LogOutputStream:75 - [STDERR_REDIRECT] SLF4J: See http://www.slf4j.org/codes.html#StaticLoggerBinder for further details.
2025-02-12 13:57:03,683 [INFO] ApplicationProperties:184 - Using Application install path: C:\ST\STM32CubeIDE_1.12.1\STM32CubeIDE\plugins\com.st.stm32cube.common.mx_6.8.1.202304191431
2025-02-12 13:57:03,720 [INFO] DbMcusXml:78 - Set database path to: C:\ST\STM32CubeIDE_1.12.1\STM32CubeIDE\plugins\com.st.stm32cube.common.mx_6.8.1.202304191431\\db\/mcu/
2025-02-12 13:57:03,721 [INFO] ApiDb:274 - Set plugin database path to: C:\ST\STM32CubeIDE_1.12.1\STM32CubeIDE\plugins\com.st.stm32cube.common.mx_6.8.1.202304191431\\db\/plugins/boardmanager/
2025-02-12 13:57:03,724 [WARN] ApiDb:259 - Overriding images path with different value:  => C:\ST\STM32CubeIDE_1.12.1\STM32CubeIDE\plugins\com.st.stm32cube.common.mx_6.8.1.202304191431\\db\/plugins/mcufinder/images/
2025-02-12 13:57:03,751 [INFO] ApiDb:250 - Set database path to: C:\Users\rhett\.stmcufinder\plugins\mcufinder//mcu/
2025-02-12 13:57:03,755 [INFO] DbMcusAds:125 - Set database path to: C:\Users\rhett\.stmcufinder\plugins\mcufinder//mcu/
2025-02-12 13:57:03,787 [INFO] CrossReferenceDbSqlite:203 - Set database path to: C:\Users\rhett\.stmcufinder\plugins\mcufinder//mcu/cs/
2025-02-12 13:57:04,064 [INFO] RulesReader:64 - Compatibility file has been processed (293 Rules)
2025-02-12 13:57:04,259 [INFO] DbMcusXml:78 - Set database path to: C:\ST\STM32CubeIDE_1.12.1\STM32CubeIDE\plugins\com.st.stm32cube.common.mx_6.8.1.202304191431\\db\/mcu/
2025-02-12 13:57:04,259 [INFO] ApiDb:274 - Set plugin database path to: C:\ST\STM32CubeIDE_1.12.1\STM32CubeIDE\plugins\com.st.stm32cube.common.mx_6.8.1.202304191431\\db\/plugins/boardmanager/
2025-02-12 13:57:04,260 [INFO] ApiDb:261 - Set plugin images path to: C:\ST\STM32CubeIDE_1.12.1\STM32CubeIDE\plugins\com.st.stm32cube.common.mx_6.8.1.202304191431\\db\/plugins/mcufinder/images/
2025-02-12 13:57:04,260 [WARN] DbFile:41 - Overriding database path with different value: C:\Users\rhett\.stmcufinder\plugins\mcufinder/ => C:\Users\rhett\.stmcufinder\plugins\mcufinder
2025-02-12 13:57:04,261 [INFO] ApiDb:250 - Set database path to: C:\Users\rhett\.stmcufinder\plugins\mcufinder//mcu/
2025-02-12 13:57:04,261 [WARN] DbFile:41 - Overriding database path with different value: C:\Users\rhett\.stmcufinder\plugins\mcufinder/ => C:\Users\rhett\.stmcufinder\plugins\mcufinder
2025-02-12 13:57:04,262 [INFO] DbMcusAds:125 - Set database path to: C:\Users\rhett\.stmcufinder\plugins\mcufinder//mcu/
2025-02-12 13:57:04,262 [WARN] DbFile:41 - Overriding database path with different value: C:\Users\rhett\.stmcufinder\plugins\mcufinder/ => C:\Users\rhett\.stmcufinder\plugins\mcufinder
2025-02-12 13:57:04,262 [WARN] DbFile:41 - Overriding database path with different value: C:\Users\rhett\.stmcufinder\plugins\mcufinder/ => C:\Users\rhett\.stmcufinder\plugins\mcufinder
2025-02-12 13:57:04,263 [INFO] CrossReferenceDbSqlite:203 - Set database path to: C:\Users\rhett\.stmcufinder\plugins\mcufinder//mcu/cs/
2025-02-12 13:57:04,445 [INFO] MainPanel:253 - HeapMemory: 840957952
2025-02-12 13:57:04,613 [INFO] DbMcusXml:78 - Set database path to: C:\ST\STM32CubeIDE_1.12.1\STM32CubeIDE\plugins\com.st.stm32cube.common.mx_6.8.1.202304191431\\db\/mcu/
2025-02-12 13:57:04,613 [INFO] ApiDb:274 - Set plugin database path to: C:\ST\STM32CubeIDE_1.12.1\STM32CubeIDE\plugins\com.st.stm32cube.common.mx_6.8.1.202304191431\\db\/plugins/boardmanager/
2025-02-12 13:57:04,613 [INFO] ApiDb:261 - Set plugin images path to: C:\ST\STM32CubeIDE_1.12.1\STM32CubeIDE\plugins\com.st.stm32cube.common.mx_6.8.1.202304191431\\db\/plugins/mcufinder/images/
2025-02-12 13:57:04,614 [WARN] DbFile:41 - Overriding database path with different value: C:\Users\rhett\.stmcufinder\plugins\mcufinder/ => C:\Users\rhett\.stmcufinder\plugins\mcufinder
2025-02-12 13:57:04,614 [INFO] ApiDb:250 - Set database path to: C:\Users\rhett\.stmcufinder\plugins\mcufinder//mcu/
2025-02-12 13:57:04,614 [WARN] DbFile:41 - Overriding database path with different value: C:\Users\rhett\.stmcufinder\plugins\mcufinder/ => C:\Users\rhett\.stmcufinder\plugins\mcufinder
2025-02-12 13:57:04,614 [INFO] DbMcusAds:125 - Set database path to: C:\Users\rhett\.stmcufinder\plugins\mcufinder//mcu/
2025-02-12 13:57:04,615 [WARN] DbFile:41 - Overriding database path with different value: C:\Users\rhett\.stmcufinder\plugins\mcufinder/ => C:\Users\rhett\.stmcufinder\plugins\mcufinder
2025-02-12 13:57:04,615 [WARN] DbFile:41 - Overriding database path with different value: C:\Users\rhett\.stmcufinder\plugins\mcufinder/ => C:\Users\rhett\.stmcufinder\plugins\mcufinder
2025-02-12 13:57:04,615 [INFO] CrossReferenceDbSqlite:203 - Set database path to: C:\Users\rhett\.stmcufinder\plugins\mcufinder//mcu/cs/
2025-02-12 13:57:04,644 [INFO] ApplicationProperties:184 - Using Application install path: C:\ST\STM32CubeIDE_1.12.1\STM32CubeIDE\plugins\com.st.stm32cube.common.mx_6.8.1.202304191431
2025-02-12 13:57:04,646 [INFO] PluginManage:196 - Search for loadable plugins [exclusion list=, ]
2025-02-12 13:57:04,649 [INFO] PluginManage:310 - Check plugin analytics
2025-02-12 13:57:04,949 [INFO] AnalyticsPlugin:253 - Accepted Software Licenses: 
2025-02-12 13:57:04,950 [INFO] AnalyticsPlugin:255 - Accepted CMSIS Pack Licenses: STMicroelectronics.X-CUBE-TOUCHGFX.4.24.0
2025-02-12 13:57:04,950 [INFO] AnalyticsPlugin:257 - Accepted Firmware Licenses: FW.G0.1.6.0,FW.F4.1.27.0,FW.MP1.1.6.0,FW.C0.1.0.0,FW.F7.1.17.0
2025-02-12 13:57:04,963 [INFO] PluginManage:359 - Loaded plugin analytics (category:tool,tabindex:-1)
2025-02-12 13:57:04,963 [INFO] PluginManage:310 - Check plugin cadmodel
2025-02-12 13:57:05,000 [INFO] CADModel:105 - Init CAD model plugin
2025-02-12 13:57:05,000 [INFO] PluginManage:359 - Loaded plugin cadmodel (category:power,tabindex:5)
2025-02-12 13:57:05,000 [INFO] PluginManage:310 - Check plugin clock
2025-02-12 13:57:05,038 [INFO] PluginManage:359 - Loaded plugin clock (category:base,tabindex:2)
2025-02-12 13:57:05,038 [INFO] PluginManage:310 - Check plugin ddr
2025-02-12 13:57:05,041 [INFO] PluginManage:359 - Loaded plugin ddr (category:tool,tabindex:6)
2025-02-12 13:57:05,042 [INFO] PluginManage:310 - Check plugin filemanager
2025-02-12 13:57:05,242 [INFO] PluginManage:359 - Loaded plugin filemanager (category:base,tabindex:10)
2025-02-12 13:57:05,242 [INFO] PluginManage:310 - Check plugin ipmanager
2025-02-12 13:57:05,256 [INFO] PluginManage:359 - Loaded plugin ipmanager (category:base,tabindex:5)
2025-02-12 13:57:05,256 [INFO] PluginManage:310 - Check plugin lpbam
2025-02-12 13:57:05,287 [INFO] PluginManage:359 - Loaded plugin lpbam (category:base,tabindex:0)
2025-02-12 13:57:05,287 [INFO] PluginManage:310 - Check plugin pinoutandconfiguration
2025-02-12 13:57:05,317 [INFO] PluginManage:359 - Loaded plugin pinoutandconfiguration (category:base,tabindex:1)
2025-02-12 13:57:05,317 [INFO] PluginManage:310 - Check plugin pinoutconfig
2025-02-12 13:57:05,475 [WARN] SupportedApi:132 - Cannot load RTOS API schema: s4s-elt-must-match.1: The content of 'definitions' must match (annotation?, (simpleType | complexType)?, (unique | key | keyref)*)). A problem was found starting at: attribute.
2025-02-12 13:57:05,676 [INFO] PluginManage:359 - Loaded plugin pinoutconfig (category:base,tabindex:0)
2025-02-12 13:57:05,676 [INFO] PluginManage:310 - Check plugin power
2025-02-12 13:57:05,705 [INFO] PluginManage:359 - Loaded plugin power (category:power,tabindex:4)
2025-02-12 13:57:05,705 [INFO] PluginManage:310 - Check plugin projectmanager
2025-02-12 13:57:05,731 [INFO] PluginManage:359 - Loaded plugin projectmanager (category:projectmanager,tabindex:3)
2025-02-12 13:57:05,732 [INFO] PluginManage:310 - Check plugin thirdparty
2025-02-12 13:57:06,062 [INFO] PluginManage:359 - Loaded plugin thirdparty (category:base,tabindex:-1)
2025-02-12 13:57:06,062 [WARN] IntegrityCheckThread:84 - waiting for thirdparty lock release [integrity check]
2025-02-12 13:57:06,063 [INFO] PluginManage:310 - Check plugin tools
2025-02-12 13:57:06,063 [INFO] IntegrityCheckThread:86 - entering critical section [integrity check]
2025-02-12 13:57:06,065 [INFO] ThirdPartyUpdaterWithRetryManager:70 - Updater plugin not ready yet. [1/15]
2025-02-12 13:57:06,104 [INFO] PluginManage:359 - Loaded plugin tools (category:base,tabindex:7)
2025-02-12 13:57:06,104 [INFO] PluginManage:310 - Check plugin tutovideos
2025-02-12 13:57:06,401 [INFO] PluginManage:359 - Loaded plugin tutovideos (category:base,tabindex:-1)
2025-02-12 13:57:06,401 [INFO] PluginManage:310 - Check plugin updater
2025-02-12 13:57:06,426 [INFO] PluginManage:359 - Loaded plugin updater (category:base,tabindex:12)
2025-02-12 13:57:06,426 [INFO] PluginManage:283 - PluginManage : Loaded plugins [15]
2025-02-12 13:57:06,781 [INFO] PinOutPanel:1499 - setPackage(No Configuration,No Configuration)
2025-02-12 13:57:06,904 [INFO] CADModel:165 - CPN selected for project level
2025-02-12 13:57:06,905 [INFO] CADModel:114 - Register for checkConnection events
2025-02-12 13:57:06,947 [INFO] IPUIPlugin:80 - create IPUIPlugin
2025-02-12 13:57:06,947 [INFO] PluginManager:220 - loadIPPluginJar : add adc
2025-02-12 13:57:07,008 [INFO] IPUIPlugin:80 - create IPUIPlugin
2025-02-12 13:57:07,008 [INFO] PluginManager:220 - loadIPPluginJar : add aes
2025-02-12 13:57:07,085 [INFO] IPUIPlugin:80 - create IPUIPlugin
2025-02-12 13:57:07,085 [INFO] PluginManager:220 - loadIPPluginJar : add can
2025-02-12 13:57:07,122 [INFO] IPUIPlugin:80 - create IPUIPlugin
2025-02-12 13:57:07,122 [INFO] PluginManager:220 - loadIPPluginJar : add comp
2025-02-12 13:57:07,174 [INFO] IPUIPlugin:80 - create IPUIPlugin
2025-02-12 13:57:07,174 [INFO] PluginManager:220 - loadIPPluginJar : add cryp
2025-02-12 13:57:07,222 [INFO] IPUIPlugin:80 - create IPUIPlugin
2025-02-12 13:57:07,222 [INFO] PluginManager:220 - loadIPPluginJar : add dfsdm
2025-02-12 13:57:07,246 [INFO] IPUIPlugin:80 - create IPUIPlugin
2025-02-12 13:57:07,247 [INFO] PluginManager:220 - loadIPPluginJar : add dma
2025-02-12 13:57:07,320 [INFO] IPUIPlugin:80 - create IPUIPlugin
2025-02-12 13:57:07,321 [INFO] PluginManager:220 - loadIPPluginJar : add dma3
2025-02-12 13:57:07,372 [INFO] IPUIPlugin:80 - create IPUIPlugin
2025-02-12 13:57:07,373 [INFO] PluginManager:220 - loadIPPluginJar : add fatfs
2025-02-12 13:57:07,448 [INFO] IPUIPlugin:80 - create IPUIPlugin
2025-02-12 13:57:07,448 [INFO] PluginManager:220 - loadIPPluginJar : add fmc
2025-02-12 13:57:07,472 [INFO] IPUIPlugin:80 - create IPUIPlugin
2025-02-12 13:57:07,473 [INFO] PluginManager:220 - loadIPPluginJar : add freertos
2025-02-12 13:57:07,503 [INFO] IPUIPlugin:80 - create IPUIPlugin
2025-02-12 13:57:07,503 [INFO] PluginManager:220 - loadIPPluginJar : add genericplugin
2025-02-12 13:57:07,626 [INFO] IPUIPlugin:80 - create IPUIPlugin
2025-02-12 13:57:07,626 [INFO] PluginManager:220 - loadIPPluginJar : add gfxmmu
2025-02-12 13:57:07,806 [INFO] IPUIPlugin:80 - create IPUIPlugin
2025-02-12 13:57:07,806 [INFO] PluginManager:220 - loadIPPluginJar : add gic
2025-02-12 13:57:07,823 [INFO] IPUIPlugin:80 - create IPUIPlugin
2025-02-12 13:57:07,824 [INFO] PluginManager:220 - loadIPPluginJar : add gpio
2025-02-12 13:57:07,947 [INFO] IPUIPlugin:80 - create IPUIPlugin
2025-02-12 13:57:07,947 [INFO] PluginManager:220 - loadIPPluginJar : add gtzc
2025-02-12 13:57:07,992 [INFO] IPUIPlugin:80 - create IPUIPlugin
2025-02-12 13:57:07,992 [INFO] PluginManager:220 - loadIPPluginJar : add hash
2025-02-12 13:57:08,069 [INFO] IPUIPlugin:80 - create IPUIPlugin
2025-02-12 13:57:08,069 [INFO] PluginManager:220 - loadIPPluginJar : add i2c
2025-02-12 13:57:08,123 [INFO] IPUIPlugin:80 - create IPUIPlugin
2025-02-12 13:57:08,123 [INFO] PluginManager:220 - loadIPPluginJar : add i2s
2025-02-12 13:57:08,178 [INFO] IPUIPlugin:80 - create IPUIPlugin
2025-02-12 13:57:08,178 [INFO] PluginManager:220 - loadIPPluginJar : add i3c
2025-02-12 13:57:08,310 [INFO] IPUIPlugin:80 - create IPUIPlugin
2025-02-12 13:57:08,311 [INFO] PluginManager:220 - loadIPPluginJar : add ipddr
2025-02-12 13:57:08,438 [INFO] IPUIPlugin:80 - create IPUIPlugin
2025-02-12 13:57:08,438 [INFO] PluginManager:220 - loadIPPluginJar : add linkedlist
2025-02-12 13:57:08,487 [INFO] IPUIPlugin:80 - create IPUIPlugin
2025-02-12 13:57:08,487 [INFO] PluginManager:220 - loadIPPluginJar : add lorawan
2025-02-12 13:57:08,535 [INFO] IPUIPlugin:80 - create IPUIPlugin
2025-02-12 13:57:08,536 [INFO] PluginManager:220 - loadIPPluginJar : add ltdc
2025-02-12 13:57:08,558 [INFO] IPUIPlugin:80 - create IPUIPlugin
2025-02-12 13:57:08,558 [INFO] PluginManager:220 - loadIPPluginJar : add mdma
2025-02-12 13:57:08,575 [INFO] IPUIPlugin:80 - create IPUIPlugin
2025-02-12 13:57:08,575 [INFO] PluginManager:220 - loadIPPluginJar : add nvic
2025-02-12 13:57:08,624 [INFO] IPUIPlugin:80 - create IPUIPlugin
2025-02-12 13:57:08,625 [INFO] PluginManager:220 - loadIPPluginJar : add opamp
2025-02-12 13:57:08,704 [INFO] IPUIPlugin:80 - create IPUIPlugin
2025-02-12 13:57:08,704 [INFO] PluginManager:220 - loadIPPluginJar : add openamp
2025-02-12 13:57:08,762 [INFO] IPUIPlugin:80 - create IPUIPlugin
2025-02-12 13:57:08,762 [INFO] PluginManager:220 - loadIPPluginJar : add pdm2pcm
2025-02-12 13:57:08,782 [INFO] IPUIPlugin:80 - create IPUIPlugin
2025-02-12 13:57:08,784 [INFO] PluginManager:220 - loadIPPluginJar : add plateformsettings
2025-02-12 13:57:08,817 [INFO] IPUIPlugin:80 - create IPUIPlugin
2025-02-12 13:57:08,817 [INFO] PluginManager:220 - loadIPPluginJar : add quadspi
2025-02-12 13:57:08,839 [INFO] IPUIPlugin:80 - create IPUIPlugin
2025-02-12 13:57:08,839 [INFO] PluginManager:220 - loadIPPluginJar : add resmgrutility
2025-02-12 13:57:08,902 [INFO] IPUIPlugin:80 - create IPUIPlugin
2025-02-12 13:57:08,902 [INFO] PluginManager:220 - loadIPPluginJar : add sai
2025-02-12 13:57:08,950 [INFO] IPUIPlugin:80 - create IPUIPlugin
2025-02-12 13:57:08,950 [INFO] PluginManager:220 - loadIPPluginJar : add spi
2025-02-12 13:57:09,022 [INFO] IPUIPlugin:80 - create IPUIPlugin
2025-02-12 13:57:09,022 [INFO] PluginManager:220 - loadIPPluginJar : add stm32_wpan
2025-02-12 13:57:09,057 [INFO] IPUIPlugin:80 - create IPUIPlugin
2025-02-12 13:57:09,057 [INFO] PluginManager:220 - loadIPPluginJar : add tim
2025-02-12 13:57:09,068 [INFO] ThirdPartyUpdaterWithRetryManager:70 - Updater plugin not ready yet. [2/15]
2025-02-12 13:57:09,128 [INFO] IPUIPlugin:80 - create IPUIPlugin
2025-02-12 13:57:09,128 [INFO] PluginManager:220 - loadIPPluginJar : add touchsensing
2025-02-12 13:57:09,158 [INFO] IPUIPlugin:80 - create IPUIPlugin
2025-02-12 13:57:09,158 [INFO] PluginManager:220 - loadIPPluginJar : add tracer_emb
2025-02-12 13:57:09,190 [INFO] IPUIPlugin:80 - create IPUIPlugin
2025-02-12 13:57:09,191 [INFO] PluginManager:220 - loadIPPluginJar : add ts
2025-02-12 13:57:09,228 [INFO] IPUIPlugin:80 - create IPUIPlugin
2025-02-12 13:57:09,228 [INFO] PluginManager:220 - loadIPPluginJar : add tsc
2025-02-12 13:57:09,265 [INFO] IPUIPlugin:80 - create IPUIPlugin
2025-02-12 13:57:09,265 [INFO] PluginManager:220 - loadIPPluginJar : add ucpd
2025-02-12 13:57:09,326 [INFO] IPUIPlugin:80 - create IPUIPlugin
2025-02-12 13:57:09,327 [INFO] PluginManager:220 - loadIPPluginJar : add usart
2025-02-12 13:57:09,385 [INFO] IPUIPlugin:80 - create IPUIPlugin
2025-02-12 13:57:09,385 [INFO] PluginManager:220 - loadIPPluginJar : add usbx
2025-02-12 13:57:09,532 [INFO] CADModel:165 - CPN selected for project level
2025-02-12 13:57:09,532 [INFO] CADModel:114 - Register for checkConnection events
2025-02-12 13:57:09,532 [FATAL] Updater:308 - Updater called before beeing initialized
2025-02-12 13:57:09,533 [ERROR] CADModel:125 - Updater not yet initialized, retry later 
2025-02-12 13:57:09,752 [INFO] CADModel:165 - CPN selected for project level
2025-02-12 13:57:09,752 [INFO] CADModel:114 - Register for checkConnection events
2025-02-12 13:57:09,752 [FATAL] Updater:308 - Updater called before beeing initialized
2025-02-12 13:57:09,752 [ERROR] CADModel:125 - Updater not yet initialized, retry later 
2025-02-12 13:57:09,758 [FATAL] Updater:308 - Updater called before beeing initialized
2025-02-12 13:57:09,977 [FATAL] Updater:308 - Updater called before beeing initialized
2025-02-12 13:57:09,998 [INFO] DbMcusAds:53 - JSON generation date=Wed Dec 18 02:01:15 AEST 2024 (1734451275230)
2025-02-12 13:57:09,999 [FATAL] Updater:308 - Updater called before beeing initialized
2025-02-12 13:57:10,123 [WARN] DetailPanel:346 - Failed to get advertising image, set to default
2025-02-12 13:57:10,296 [FATAL] Updater:308 - Updater called before beeing initialized
2025-02-12 13:57:10,299 [FATAL] Updater:308 - Updater called before beeing initialized
2025-02-12 13:57:10,299 [FATAL] Updater:308 - Updater called before beeing initialized
2025-02-12 13:57:10,299 [WARN] DetailPanel:346 - Failed to get advertising image, set to default
2025-02-12 13:57:10,300 [FATAL] Updater:308 - Updater called before beeing initialized
2025-02-12 13:57:10,457 [ERROR] Updater:1120 - MainUpdater not yet initialized. External WinMGr cannot be set.
2025-02-12 13:57:10,478 [INFO] Updater:1056 - Updater Version found : 6.8.1
2025-02-12 13:57:10,504 [INFO] ApplicationProperties:184 - Using Application install path: C:\ST\STM32CubeIDE_1.12.1\STM32CubeIDE\plugins\com.st.stm32cube.common.mx_6.8.1.202304191431
2025-02-12 13:57:10,857 [INFO] MainUpdater:2854 - connection check result : 10
2025-02-12 13:57:10,858 [INFO] MainUpdater:283 - Updater Check For Update Now.
2025-02-12 13:57:10,858 [INFO] MicroXplorer:498 - Change Database Version : DB.6.0.81
2025-02-12 13:57:11,077 [INFO] CheckServerUpdateThread:120 - End of CheckServer Thread
2025-02-12 13:57:11,104 [INFO] MainUpdater:2854 - connection check result : 10
2025-02-12 13:57:11,113 [INFO] MainUpdater:2854 - connection check result : 10
2025-02-12 13:57:11,349 [INFO] MicroXplorer:468 - Change Database Path : 
2025-02-12 13:57:11,350 [INFO] MicroXplorer:498 - Change Database Version : DB.6.0.81
2025-02-12 13:57:11,351 [WARN] ThirdParty:871 - waiting for thirdparty lock release [close project]
2025-02-12 13:57:12,553 [WARN] PackLoader:240 - Cannot read IP mode file for STMicroelectronics.FP-ATR-ASTRA1.2.0.1
2025-02-12 13:57:12,576 [WARN] PackLoader:240 - Cannot read IP mode file for STMicroelectronics.X-CUBE-SMBUS.2.1.0
2025-02-12 13:57:12,602 [WARN] PackLoader:240 - Cannot read IP mode file for STMicroelectronics.X-CUBE-WB05N.1.1.0
2025-02-12 13:57:12,627 [WARN] PackLoader:240 - Cannot read IP mode file for STMicroelectronics.X-CUBE-TOUCHGFX.4.23.1
2025-02-12 13:57:12,653 [WARN] PackLoader:240 - Cannot read IP mode file for STMicroelectronics.X-CUBE-TOUCHGFX.4.23.0
2025-02-12 13:57:12,668 [WARN] PackLoader:240 - Cannot read IP mode file for STMicroelectronics.X-CUBE-TOUCHGFX.4.23.2
2025-02-12 13:57:12,718 [WARN] PackLoader:240 - Cannot read IP mode file for STMicroelectronics.X-CUBE-AZRTOS-F7.1.1.0
2025-02-12 13:57:12,749 [ERROR] RealEvaluatedCondition:428 - Found unsupported composite condition: GROUP='STM32_MetaDataManager' CLASS='Data Exchange'
2025-02-12 13:57:12,749 [ERROR] RealEvaluatedCondition:428 - Found unsupported composite condition: CLASS='Data Exchange' GROUP='STM32_MetaDataManager'
2025-02-12 13:57:12,752 [WARN] PackLoader:240 - Cannot read IP mode file for STMicroelectronics.FP-SNS-MOTENV1.4.3.0
2025-02-12 13:57:12,788 [WARN] PackLoader:240 - Cannot read IP mode file for STMicroelectronics.FP-SNS-MOTENV1.4.3.2
2025-02-12 13:57:12,817 [WARN] PackLoader:240 - Cannot read IP mode file for STMicroelectronics.FP-SNS-FLIGHT1.5.0.0
2025-02-12 13:57:12,847 [ERROR] RealEvaluatedCondition:428 - Found unsupported composite condition: CLASS='Data Exchange' GROUP='STM32_MetaDataManager'
2025-02-12 13:57:12,847 [ERROR] RealEvaluatedCondition:428 - Found unsupported composite condition: CLASS='Data Exchange' GROUP='STM32_MetaDataManager'
2025-02-12 13:57:12,850 [WARN] PackLoader:240 - Cannot read IP mode file for STMicroelectronics.FP-SNS-MOTENV1.4.3.1
2025-02-12 13:57:12,883 [WARN] PackLoader:240 - Cannot read IP mode file for STMicroelectronics.FP-SNS-FLIGHT1.5.0.1
2025-02-12 13:57:13,121 [WARN] PackLoader:240 - Cannot read IP mode file for STMicroelectronics.X-CUBE-MEMS1.11.0.0
2025-02-12 13:57:13,496 [WARN] PackLoader:240 - Cannot read IP mode file for STMicroelectronics.X-CUBE-BLE1.6.2.4
2025-02-12 13:57:13,527 [WARN] PackLoader:240 - Cannot read IP mode file for STMicroelectronics.FP-SNS-FLIGHT1.5.0.2
2025-02-12 13:57:13,567 [WARN] PackLoader:240 - Cannot read IP mode file for STMicroelectronics.X-CUBE-DISPLAY.3.0.0
2025-02-12 13:57:13,596 [WARN] PackLoader:240 - Cannot read IP mode file for STMicroelectronics.X-CUBE-BLE1.7.0.0
2025-02-12 13:57:13,623 [WARN] PackLoader:240 - Cannot read IP mode file for STMicroelectronics.X-CUBE-NFC10.1.0.0
2025-02-12 13:57:13,652 [ERROR] Engine:466 - C:\Users\rhett\.stm32cubemx\thirdparties\pdsc\STMicroelectronics.X-CUBE-BLEMGR.4.0.0.pdsc: PDSC version is not supported
2025-02-12 13:57:13,674 [WARN] PackLoader:240 - Cannot read IP mode file for STMicroelectronics.X-CUBE-TOUCHGFX.4.22.0
2025-02-12 13:57:13,698 [WARN] PackLoader:240 - Cannot read IP mode file for STMicroelectronics.X-CUBE-TOUCHGFX.4.22.1
2025-02-12 13:57:13,726 [WARN] PackLoader:240 - Cannot read IP mode file for STMicroelectronics.X-CUBE-BLEMGR.3.1.0
2025-02-12 13:57:13,749 [WARN] PackLoader:240 - Cannot read IP mode file for STMicroelectronics.X-CUBE-AI.10.0.0
2025-02-12 13:57:13,771 [WARN] PackLoader:240 - Cannot read IP mode file for STMicroelectronics.FP-SNS-SMARTAG2.1.2.0
2025-02-12 13:57:13,897 [WARN] PackLoader:240 - Cannot read IP mode file for STMicroelectronics.X-CUBE-MEMS1.11.1.0
2025-02-12 13:57:14,255 [INFO] LogOutputStream:77 - [STDOUT_REDIRECT] 1 : Invalid condition id : UX_CORESTACK_Condition cause : null
2025-02-12 13:57:14,257 [INFO] LogOutputStream:77 - [STDOUT_REDIRECT] 1 : Invalid condition id : UX_CORESTACK_Condition cause : null
2025-02-12 13:57:14,258 [INFO] LogOutputStream:77 - [STDOUT_REDIRECT] 1 : Invalid condition id : UX_CORESTACK_Condition cause : null
2025-02-12 13:57:14,261 [INFO] LogOutputStream:77 - [STDOUT_REDIRECT] 1 : Invalid condition id : UX_CORESTACK_Condition cause : null
2025-02-12 13:57:14,264 [INFO] LogOutputStream:77 - [STDOUT_REDIRECT] 1 : Invalid condition id : UX_CORESTACK_Condition cause : null
2025-02-12 13:57:14,270 [WARN] PackLoader:240 - Cannot read IP mode file for STMicroelectronics.X-CUBE-AZRTOS-WL.2.0.0
2025-02-12 13:57:14,297 [WARN] PackLoader:240 - Cannot read IP mode file for STMicroelectronics.FP-SNS-MOTENV1.5.0.0
2025-02-12 13:57:14,324 [WARN] PackLoader:240 - Cannot read IP mode file for wolfSSL.I-CUBE-wolfMQTT.1.19.0
2025-02-12 13:57:14,352 [WARN] PackLoader:240 - Cannot read IP mode file for WES.I-CUBE-Cesium.1.3.0
2025-02-12 13:57:14,375 [WARN] PackLoader:240 - Cannot read IP mode file for STMicroelectronics.X-CUBE-BLE2.3.3.0
2025-02-12 13:57:14,403 [WARN] PackLoader:240 - Cannot read IP mode file for STMicroelectronics.X-CUBE-NFC9.1.0.0
2025-02-12 13:57:14,425 [WARN] PackLoader:240 - Cannot read IP mode file for STMicroelectronics.X-CUBE-TCPP.4.1.0
2025-02-12 13:57:14,449 [WARN] PackLoader:240 - Cannot read IP mode file for STMicroelectronics.X-CUBE-TOUCHGFX.4.21.3
2025-02-12 13:57:14,474 [WARN] PackLoader:240 - Cannot read IP mode file for STMicroelectronics.X-CUBE-TOUCHGFX.4.21.4
2025-02-12 13:57:14,563 [WARN] PackLoader:240 - Cannot read IP mode file for STMicroelectronics.X-CUBE-ALGOBUILD.1.3.0
2025-02-12 13:57:14,608 [WARN] PackLoader:240 - Cannot read IP mode file for STMicroelectronics.X-CUBE-AZRTOS-G0.1.1.0
2025-02-12 13:57:14,638 [WARN] PackLoader:240 - Cannot read IP mode file for STMicroelectronics.X-CUBE-SAFEA1.1.2.2
2025-02-12 13:57:14,666 [WARN] PackLoader:240 - Cannot read IP mode file for STMicroelectronics.X-CUBE-NFC4.3.0.0
2025-02-12 13:57:14,686 [WARN] PackLoader:240 - Cannot read IP mode file for wolfSSL.I-CUBE-wolfMQTT.1.18.0
2025-02-12 13:57:14,709 [ERROR] Engine:466 - C:\Users\rhett\.stm32cubemx\thirdparties\pdsc\EmbeddedOffice.I-CUBE-FS-RTOS.1.0.1.pdsc: PDSC version is not supported
2025-02-12 13:57:14,732 [WARN] PackLoader:240 - Cannot read IP mode file for STMicroelectronics.X-CUBE-BLEMGR.3.0.0
2025-02-12 13:57:14,752 [ERROR] Engine:466 - C:\Users\rhett\.stm32cubemx\thirdparties\pdsc\STMicroelectronics.X-CUBE-TCPP.4.2.0.pdsc: PDSC version is not supported
2025-02-12 13:57:14,766 [ERROR] Engine:466 - C:\Users\rhett\.stm32cubemx\thirdparties\pdsc\RealThread.X-CUBE-RT-Thread_Nano.4.1.1.pdsc: PDSC version is not supported
2025-02-12 13:57:14,785 [WARN] PackLoader:240 - Cannot read IP mode file for STMicroelectronics.FP-ATR-SIGFOX1.3.2.0
2025-02-12 13:57:14,800 [ERROR] Engine:466 - C:\Users\rhett\.stm32cubemx\thirdparties\pdsc\quantropi.X-CUBE-qispace-sdk-base.1.9.3.pdsc: PDSC version is not supported
2025-02-12 13:57:14,819 [WARN] PackLoader:240 - Cannot read IP mode file for STMicroelectronics.X-CUBE-EEPRMA1.5.1.0
2025-02-12 13:57:14,879 [WARN] PackLoader:240 - Cannot read IP mode file for STMicroelectronics.X-CUBE-MEMS1.9.5.0
2025-02-12 13:57:15,124 [WARN] PackLoader:240 - Cannot read IP mode file for SEGGER.I-CUBE-embOS.1.3.1
2025-02-12 13:57:15,177 [WARN] PackLoader:240 - Cannot read IP mode file for STMicroelectronics.X-CUBE-ALGOBUILD.1.4.0
2025-02-12 13:57:15,194 [WARN] PackLoader:240 - Cannot read IP mode file for STMicroelectronics.X-CUBE-AI.9.1.0
2025-02-12 13:57:15,214 [WARN] PackLoader:240 - Cannot read IP mode file for STMicroelectronics.X-CUBE-GNSS1.6.0.0
2025-02-12 13:57:15,259 [WARN] PackLoader:240 - Cannot read IP mode file for STMicroelectronics.X-CUBE-AZRTOS-F4.1.1.0
2025-02-12 13:57:15,281 [WARN] PackLoader:240 - Cannot read IP mode file for wolfSSL.I-CUBE-wolfSSL.5.6.0
2025-02-12 13:57:15,300 [WARN] PackLoader:240 - Cannot read IP mode file for STMicroelectronics.X-CUBE-ISPU.2.1.0
2025-02-12 13:57:15,320 [WARN] PackLoader:240 - Cannot read IP mode file for STMicroelectronics.X-CUBE-FREERTOS.1.2.0
2025-02-12 13:57:15,365 [WARN] PackLoader:240 - Cannot read IP mode file for STMicroelectronics.X-CUBE-AZRTOS-L5.2.0.0
2025-02-12 13:57:15,434 [WARN] PackLoader:240 - Cannot read IP mode file for STMicroelectronics.X-CUBE-MEMS1.9.6.0
2025-02-12 13:57:15,665 [WARN] PackLoader:240 - Cannot read IP mode file for STMicroelectronics.X-CUBE-EEPRMA1.4.2.0
2025-02-12 13:57:15,693 [WARN] PackLoader:240 - Cannot read IP mode file for STMicroelectronics.X-CUBE-NFC6.3.1.0
2025-02-12 13:57:15,717 [WARN] PackLoader:240 - Cannot read IP mode file for ITTIA_DB.I-CUBE-ITTIADB.8.8.0
2025-02-12 13:57:15,750 [WARN] PackLoader:240 - Cannot read IP mode file for emotas.I-CUBE-CANOPEN.1.1.3
2025-02-12 13:57:15,784 [WARN] PackLoader:240 - Cannot read IP mode file for STMicroelectronics.X-CUBE-BLEMGR.2.0.0
2025-02-12 13:57:15,809 [ERROR] Engine:466 - C:\Users\rhett\.stm32cubemx\thirdparties\pdsc\STMicroelectronics.X-CUBE-DPower.1.2.0.pdsc: PDSC version is not supported
2025-02-12 13:57:15,829 [WARN] PackLoader:240 - Cannot read IP mode file for STMicroelectronics.X-CUBE-AI.9.0.0
2025-02-12 13:57:15,883 [WARN] ConditionMgr:438 - getConditionDescription Invalid condition id : UX DEVICE CLASS RTOS Condition cause : null
2025-02-12 13:57:15,883 [WARN] ConditionMgr:438 - getConditionDescription Invalid condition id : UX DEVICE CLASS RTOS Condition cause : null
2025-02-12 13:57:15,889 [WARN] PackLoader:240 - Cannot read IP mode file for STMicroelectronics.X-CUBE-AZRTOS-H7.3.1.0
2025-02-12 13:57:15,892 [WARN] ConditionMgr:1039 - genDependencies : Invalid condition id : UX DEVICE CLASS RTOS Condition cause : null
2025-02-12 13:57:15,892 [WARN] ConditionMgr:1039 - genDependencies : Invalid condition id : UX DEVICE CLASS RTOS Condition cause : null
2025-02-12 13:57:15,893 [WARN] ConditionMgr:1039 - genDependencies : Invalid condition id : UX DEVICE CLASS RTOS Condition cause : null
2025-02-12 13:57:15,894 [WARN] ConditionMgr:1039 - genDependencies : Invalid condition id : UX DEVICE CLASS RTOS Condition cause : null
2025-02-12 13:57:15,894 [WARN] ConditionMgr:1039 - genDependencies : Invalid condition id : UX DEVICE CLASS RTOS Condition cause : null
2025-02-12 13:57:15,921 [WARN] PackLoader:240 - Cannot read IP mode file for STMicroelectronics.X-CUBE-FREERTOS.1.3.0
2025-02-12 13:57:15,947 [WARN] PackLoader:240 - Cannot read IP mode file for STMicroelectronics.X-CUBE-NFC7.1.0.1
2025-02-12 13:57:15,971 [WARN] PackLoader:240 - Cannot read IP mode file for STMicroelectronics.X-CUBE-NFC7.1.0.0
2025-02-12 13:57:16,002 [WARN] PackLoader:240 - Cannot read IP mode file for wolfSSL.I-CUBE-wolfTPM.3.2.0
2025-02-12 13:57:16,024 [WARN] PackLoader:240 - Cannot read IP mode file for STMicroelectronics.X-CUBE-NFC6.3.0.0
2025-02-12 13:57:16,046 [WARN] PackLoader:240 - Cannot read IP mode file for STMicroelectronics.X-CUBE-EEPRMA1.4.1.0
2025-02-12 13:57:16,065 [WARN] PackLoader:240 - Cannot read IP mode file for STMicroelectronics.X-CUBE-AI.8.1.0
2025-02-12 13:57:16,116 [WARN] ConditionMgr:438 - getConditionDescription Invalid condition id : LAN8742 Phy interface Condition cause : null
2025-02-12 13:57:16,117 [WARN] PackLoader:240 - Cannot read IP mode file for STMicroelectronics.X-CUBE-AZRTOS-L4.2.0.0
2025-02-12 13:57:16,118 [WARN] ConditionMgr:1039 - genDependencies : Invalid condition id : LAN8742 Phy interface Condition cause : null
2025-02-12 13:57:16,119 [WARN] ConditionMgr:1039 - genDependencies : Invalid condition id : LAN8742 Phy interface Condition cause : null
2025-02-12 13:57:16,120 [WARN] ConditionMgr:1039 - genDependencies : Invalid condition id : LAN8742 Phy interface Condition cause : null
2025-02-12 13:57:16,142 [WARN] PackLoader:240 - Cannot read IP mode file for STMicroelectronics.X-CUBE-SFXS2LP1.4.0.0
2025-02-12 13:57:16,162 [WARN] PackLoader:240 - Cannot read IP mode file for STMicroelectronics.X-CUBE-ISPU.1.1.0
2025-02-12 13:57:16,214 [WARN] PackLoader:240 - Cannot read IP mode file for STMicroelectronics.X-CUBE-AZRTOS-H7.3.3.0
2025-02-12 13:57:16,239 [WARN] PackLoader:240 - Cannot read IP mode file for STMicroelectronics.X-CUBE-AI.8.0.0
2025-02-12 13:57:16,270 [ERROR] Engine:466 - C:\Users\rhett\.stm32cubemx\thirdparties\pdsc\STMicroelectronics.X-CUBE-IPS.3.0.0.pdsc: PDSC version is not supported
2025-02-12 13:57:16,318 [WARN] ConditionMgr:438 - getConditionDescription Invalid condition id : UX DEVICE CLASS RTOS Condition cause : null
2025-02-12 13:57:16,319 [WARN] ConditionMgr:438 - getConditionDescription Invalid condition id : UX DEVICE CLASS RTOS Condition cause : null
2025-02-12 13:57:16,323 [WARN] PackLoader:240 - Cannot read IP mode file for STMicroelectronics.X-CUBE-AZRTOS-WB.2.0.0
2025-02-12 13:57:16,324 [WARN] ConditionMgr:1039 - genDependencies : Invalid condition id : UX DEVICE CLASS RTOS Condition cause : null
2025-02-12 13:57:16,324 [WARN] ConditionMgr:1039 - genDependencies : Invalid condition id : UX DEVICE CLASS RTOS Condition cause : null
2025-02-12 13:57:16,324 [WARN] ConditionMgr:1039 - genDependencies : Invalid condition id : UX DEVICE CLASS RTOS Condition cause : null
2025-02-12 13:57:16,325 [WARN] ConditionMgr:1039 - genDependencies : Invalid condition id : UX DEVICE CLASS RTOS Condition cause : null
2025-02-12 13:57:16,325 [WARN] ConditionMgr:1039 - genDependencies : Invalid condition id : UX DEVICE CLASS RTOS Condition cause : null
2025-02-12 13:57:16,349 [WARN] PackLoader:240 - Cannot read IP mode file for STMicroelectronics.X-CUBE-FREERTOS.1.0.1
2025-02-12 13:57:16,406 [WARN] PackLoader:240 - Cannot read IP mode file for STMicroelectronics.X-CUBE-GNSS1.7.0.0
2025-02-12 13:57:16,429 [WARN] PackLoader:240 - Cannot read IP mode file for STMicroelectronics.X-CUBE-GNSS1.7.0.1
2025-02-12 13:57:16,450 [ERROR] Engine:466 - C:\Users\rhett\.stm32cubemx\thirdparties\pdsc\STMicroelectronics.FP-SNS-STBOX1.2.0.0.pdsc: PDSC version is not supported
2025-02-12 13:57:16,495 [WARN] PackLoader:240 - Cannot read IP mode file for STMicroelectronics.X-CUBE-AZRTOS-L5.1.1.0
2025-02-12 13:57:16,567 [WARN] PackLoader:240 - Cannot read IP mode file for STMicroelectronics.X-CUBE-AI.8.0.1
2025-02-12 13:57:16,602 [WARN] PackLoader:240 - Cannot read IP mode file for STMicroelectronics.X-CUBE-SUBG2.5.0.0
2025-02-12 13:57:16,634 [WARN] PackLoader:240 - Cannot read IP mode file for Cesanta.I-CUBE-Mongoose.7.13.0
2025-02-12 13:57:16,672 [WARN] PackLoader:240 - Cannot read IP mode file for STMicroelectronics.X-CUBE-TOF1.3.3.1
2025-02-12 13:57:16,731 [WARN] PackLoader:240 - Cannot read IP mode file for STMicroelectronics.X-CUBE-AZRTOS-G4.2.0.0
2025-02-12 13:57:16,763 [WARN] PackLoader:240 - Cannot read IP mode file for STMicroelectronics.X-CUBE-TOF1.3.3.0
2025-02-12 13:57:16,808 [WARN] PackLoader:240 - Cannot read IP mode file for Infineon.AIROC-Wi-Fi-Bluetooth-STM32.1.5.1
2025-02-12 13:57:16,839 [WARN] PackLoader:240 - Cannot read IP mode file for STMicroelectronics.FP-SNS-MOTENVWB1.1.3.0
2025-02-12 13:57:16,864 [WARN] PackLoader:240 - Cannot read IP mode file for STMicroelectronics.FP-SNS-MOTENVWB1.1.3.1
2025-02-12 13:57:16,908 [WARN] PackLoader:240 - Cannot read IP mode file for STMicroelectronics.X-CUBE-AZRTOS-G4.1.0.0
2025-02-12 13:57:16,954 [WARN] PackLoader:240 - Cannot read IP mode file for STMicroelectronics.X-CUBE-AZRTOS-L4.1.0.0
2025-02-12 13:57:16,976 [WARN] PackLoader:240 - Cannot read IP mode file for STMicroelectronics.X-CUBE-ISPU.2.0.0
2025-02-12 13:57:16,999 [ERROR] Engine:466 - C:\Users\rhett\.stm32cubemx\thirdparties\pdsc\STMicroelectronics.X-CUBE-IPS.3.1.0.pdsc: PDSC version is not supported
2025-02-12 13:57:17,019 [WARN] PackLoader:240 - Cannot read IP mode file for STMicroelectronics.X-CUBE-ALS.1.0.2
2025-02-12 13:57:17,077 [WARN] PackLoader:240 - Cannot read IP mode file for STMicroelectronics.X-CUBE-MEMS1.10.0.0
2025-02-12 13:57:17,211 [WARN] PackLoader:240 - Cannot read IP mode file for STMicroelectronics.X-CUBE-FREERTOS.1.1.0
2025-02-12 13:57:17,231 [WARN] PackLoader:240 - Cannot read IP mode file for STMicroelectronics.X-CUBE-TOUCHGFX.4.24.0
2025-02-12 13:57:17,437 [WARN] PackLoader:240 - Cannot read IP mode file for STMicroelectronics.X-CUBE-TOUCHGFX.4.24.2
2025-02-12 13:57:17,461 [WARN] PackLoader:240 - Cannot read IP mode file for STMicroelectronics.X-CUBE-AZRTOS-WL.1.0.0
2025-02-12 13:57:17,476 [WARN] PackLoader:240 - Cannot read IP mode file for STMicroelectronics.X-CUBE-TOUCHGFX.4.24.1
2025-02-12 13:57:17,496 [WARN] PackLoader:240 - Cannot read IP mode file for portGmbH.I-Cube-SoM-uGOAL.1.1.0
2025-02-12 13:57:17,512 [WARN] PackLoader:240 - Cannot read IP mode file for STMicroelectronics.X-CUBE-ALS.1.0.1
2025-02-12 13:57:17,540 [WARN] PackLoader:240 - Cannot read IP mode file for STMicroelectronics.X-CUBE-AZRTOS-WB.1.1.0
2025-02-12 13:57:17,579 [WARN] PackLoader:240 - Cannot read IP mode file for STMicroelectronics.X-CUBE-AZRTOS-H7RS.1.0.0
2025-02-12 13:57:17,602 [WARN] PackLoader:240 - Cannot read IP mode file for STMicroelectronics.FP-ATR-ASTRA1.2.0.0
2025-02-12 13:57:17,630 [ERROR] Engine:466 - C:\Users\rhett\.stm32cubemx\thirdparties\pdsc\STMicroelectronics.X-CUBE-TOF1.3.4.2.pdsc: PDSC version is not supported
2025-02-12 13:57:17,657 [WARN] PackLoader:240 - Cannot read IP mode file for STMicroelectronics.X-CUBE-TOF1.3.4.0
2025-02-12 13:57:17,695 [WARN] PackLoader:240 - Cannot read IP mode file for STMicroelectronics.X-CUBE-TOF1.3.4.1
2025-02-12 13:57:17,741 [WARN] PackLoader:240 - Cannot read IP mode file for STMicroelectronics.X-CUBE-AZRTOS-H7.3.2.0
2025-02-12 13:57:17,763 [WARN] PackLoader:240 - Cannot read IP mode file for wolfSSL.I-CUBE-wolfSSH.1.4.17
2025-02-12 13:57:17,763 [INFO] ThirdParty:978 - Integrity check success = true
2025-02-12 13:57:17,764 [INFO] IntegrityCheckThread:100 - exiting critical section [integrity check]
2025-02-12 13:57:17,764 [INFO] IntegrityCheckThread:103 - End integrity checks thread
2025-02-12 13:57:17,764 [INFO] ThirdParty:873 - entering critical section [close project]
2025-02-12 13:57:17,765 [INFO] ThirdParty:883 - exiting critical section [close project]
2025-02-12 13:57:17,771 [INFO] PinOutPanel:1499 - setPackage(No Configuration,No Configuration)
2025-02-12 13:57:17,778 [INFO] UtilMem:75 - Begin LoadConfig() Used Memory: 629506768 Bytes (840957952)
2025-02-12 13:57:17,780 [INFO] MicroXplorer:468 - Change Database Path : 
2025-02-12 13:57:17,781 [INFO] MicroXplorer:498 - Change Database Version : DB.6.0.81
2025-02-12 13:57:17,781 [INFO] OpenFileManager:308 - Change cursor
2025-02-12 13:57:17,793 [INFO] ThirdPartyDownloadManager:73 - Found SW packSTMicroelectronics.X-CUBE-TOUCHGFX.4.24.0up-to-date on disk
2025-02-12 13:57:17,864 [INFO] Mcu:1937 - Initializing MCU STM32F746ZGTx STM32F746ZGTx STM32F746ZGT6
2025-02-12 13:57:22,300 [INFO] Context:659 - Trying to add GPIOservice into a context  which must be forbidden
2025-02-12 13:57:23,628 [INFO] ApiDbMcu:507 - Load IP Config File for STMicroelectronics.X-CUBE-TOUCHGFX.4.24.0
2025-02-12 13:57:24,177 [INFO] RtosManager:555 - Registered RTOS mode: class=CMSIS, group=RTOS, mode=CMSIS_V1, owner=FREERTOS
2025-02-12 13:57:24,178 [INFO] RtosManager:555 - Registered RTOS mode: class=CMSIS, group=RTOS2, mode=CMSIS_V2, owner=FREERTOS
2025-02-12 13:57:24,178 [INFO] RtosManager:555 - Registered RTOS mode: class=RTOS, group=Core, mode=CMSIS_V1, owner=FREERTOS
2025-02-12 13:57:24,178 [INFO] RtosManager:555 - Registered RTOS mode: class=RTOS, group=Core, mode=CMSIS_V2, owner=FREERTOS
2025-02-12 13:57:24,178 [WARN] ModelIntegratedComponent:184 - Missing modes for component STMicroelectronics:FreeRTOS:0.0.1:STMicroelectronics:RTOS:FreeRTOS:Core:::10.2.0:
2025-02-12 13:57:24,186 [WARN] ModelIntegratedComponent:63 - No mode defined for component null
2025-02-12 13:57:24,187 [WARN] ModelIntegratedComponent:63 - No mode defined for component null
2025-02-12 13:57:24,187 [WARN] ModelIntegratedComponent:63 - No mode defined for component null
2025-02-12 13:57:24,187 [WARN] ModelIntegratedComponent:63 - No mode defined for component null
2025-02-12 13:57:24,187 [WARN] ModelIntegratedComponent:63 - No mode defined for component null
2025-02-12 13:57:24,187 [WARN] ModelIntegratedComponent:63 - No mode defined for component null
2025-02-12 13:57:24,187 [WARN] ModelIntegratedComponent:63 - No mode defined for component null
2025-02-12 13:57:24,187 [WARN] ModelIntegratedComponent:63 - No mode defined for component null
2025-02-12 13:57:24,187 [WARN] ModelIntegratedComponent:63 - No mode defined for component null
2025-02-12 13:57:24,187 [WARN] ModelIntegratedComponent:63 - No mode defined for component null
2025-02-12 13:57:24,188 [WARN] ModelIntegratedComponent:63 - No mode defined for component null
2025-02-12 13:57:24,188 [WARN] ModelIntegratedComponent:63 - No mode defined for component null
2025-02-12 13:57:24,188 [WARN] ModelIntegratedComponent:63 - No mode defined for component null
2025-02-12 13:57:24,188 [WARN] ModelIntegratedComponent:63 - No mode defined for component null
2025-02-12 13:57:24,188 [WARN] ModelIntegratedComponent:63 - No mode defined for component null
2025-02-12 13:57:24,188 [WARN] ModelIntegratedComponent:63 - No mode defined for component null
2025-02-12 13:57:24,188 [WARN] ModelIntegratedComponent:63 - No mode defined for component null
2025-02-12 13:57:24,188 [WARN] ModelIntegratedComponent:63 - No mode defined for component null
2025-02-12 13:57:24,188 [WARN] ModelIntegratedComponent:63 - No mode defined for component null
2025-02-12 13:57:24,188 [WARN] ModelIntegratedComponent:63 - No mode defined for component null
2025-02-12 13:57:24,188 [WARN] ModelIntegratedComponent:63 - No mode defined for component null
2025-02-12 13:57:24,188 [WARN] ModelIntegratedComponent:63 - No mode defined for component null
2025-02-12 13:57:24,188 [WARN] ModelIntegratedComponent:63 - No mode defined for component null
2025-02-12 13:57:24,188 [WARN] ModelIntegratedComponent:63 - No mode defined for component null
2025-02-12 13:57:24,188 [WARN] ModelIntegratedComponent:63 - No mode defined for component null
2025-02-12 13:57:24,188 [WARN] ModelIntegratedComponent:63 - No mode defined for component null
2025-02-12 13:57:24,188 [WARN] ModelIntegratedComponent:63 - No mode defined for component null
2025-02-12 13:57:24,191 [WARN] ModelIntegratedComponent:63 - No mode defined for component null
2025-02-12 13:57:24,191 [WARN] ModelIntegratedComponent:63 - No mode defined for component null
2025-02-12 13:57:24,191 [WARN] ModelIntegratedComponent:63 - No mode defined for component null
2025-02-12 13:57:24,191 [WARN] ModelIntegratedComponent:63 - No mode defined for component null
2025-02-12 13:57:24,192 [WARN] ModelIntegratedComponent:63 - No mode defined for component null
2025-02-12 13:57:24,192 [WARN] ModelIntegratedComponent:63 - No mode defined for component null
2025-02-12 13:57:25,762 [INFO] ThirdPartyModel:298 - Start build external matchings
2025-02-12 13:57:28,451 [INFO] ThirdPartyModel:316 - End build external matchings
2025-02-12 13:57:28,526 [WARN] IP:2113 - LayerIdx_L1 not found: check if there is a RefParameter without a condition.
2025-02-12 13:57:28,528 [INFO] ImportTextPane:194 - (OptionalMessage_ERROR) IP (RCC) : Invalid parameter (FamilyName)
2025-02-12 13:57:28,529 [INFO] ImportTextPane:194 - (OptionalMessage_ERROR) IP (RCC) : Parameter (RNGFreq_Value) has invalid value (216000000)
2025-02-12 13:57:28,529 [INFO] ImportTextPane:194 - (OptionalMessage_ERROR) IP (RCC) : Parameter (SDMMCFreq_Value) has invalid value (216000000)
2025-02-12 13:57:28,529 [INFO] ImportTextPane:194 - (OptionalMessage_ERROR) IP (RCC) : Parameter (USBFreq_Value) has invalid value (216000000)
2025-02-12 13:57:29,392 [INFO] UtilMem:75 - End LoadConfig() Used Memory: 684701544 Bytes (840957952)
2025-02-12 13:57:29,772 [INFO] ApiDb:581 - Connected to CubeFinder SQLite database (C:\Users\rhett\.stmcufinder\plugins\mcufinder\mcu\cube-finder-db.db)
2025-02-12 13:57:29,935 [INFO] ApiDb:668 - CubeFinder database Data Model version=2.1
2025-02-12 13:57:29,935 [INFO] ApiDb:669 - CubeFinder database Configuration version=3.0.39
2025-02-12 13:57:29,936 [INFO] ApiDb:670 - CubeFinder database generation date=2024-12-10 (1733817889)
2025-02-12 13:57:29,936 [INFO] ApiDb:671 - CubeFinder database FW Pack versions=[FP-ATR-ASTRA1_V2.0.0, FP-SNS-FLIGHT1_V5.0.2, FP-SNS-MOTENV1_V5.0.0, FP-SNS-MOTENVWB1_V1.4.0, FP-SNS-SMARTAG2_V1.2.0, FP-SNS-STBOX1_V2.0.0, STM32Cube_FW_C0_V1.3.0, STM32Cube_FW_F4_V1.28.1, STM32Cube_FW_F7_V1.17.2, STM32Cube_FW_G0_V1.6.2, STM32Cube_FW_G4_V1.6.1, STM32Cube_FW_H5_V1.4.0, STM32Cube_FW_H7RS_V1.1.0, STM32Cube_FW_H7_V1.12.0, STM32Cube_FW_L0_V1.12.2, STM32Cube_FW_L4_V1.18.1, STM32Cube_FW_L5_V1.5.1, STM32Cube_FW_N6_V1.0.0, STM32Cube_FW_U0_V1.2.0, STM32Cube_FW_U3_V1.0.0, STM32Cube_FW_U5_V1.7.0, STM32Cube_FW_WB0_V1.1.0, STM32Cube_FW_WBA_V1.5.0, STM32Cube_FW_WB_V1.21.0, STM32Cube_FW_WL3_V1.0.0, STM32Cube_FW_WL_V1.3.0, X-CUBE-ALGOBUILD_V1.4.0, X-CUBE-ALS_V1.0.2, X-CUBE-AZRTOS-F4_V1.1.0, X-CUBE-AZRTOS-F7_V1.1.0, X-CUBE-AZRTOS-G0_V1.1.0, X-CUBE-AZRTOS-G4_V2.0.0, X-CUBE-AZRTOS-H7RS_V1.0.0, X-CUBE-AZRTOS-H7_V3.3.0, X-CUBE-AZRTOS-L4_V2.0.0, X-CUBE-AZRTOS-L5_V2.0.0, X-CUBE-AZRTOS-WB_V2.0.0, X-CUBE-AZRTOS-WL_V2.0.0, X-CUBE-BLE1_V7.0.0, X-CUBE-BLE2_V3.3.0, X-CUBE-BLEMGR_V3.1.0, X-CUBE-EEPRMA1_V5.1.0, X-CUBE-FREERTOS_V1.2.0, X-CUBE-GNSS1_V6.0.0, X-CUBE-MEMS1_V11.0.0, X-CUBE-NFC4_V3.0.0, X-CUBE-NFC7_V1.0.1, X-CUBE-SFXS2LP1_V4.0.0, X-CUBE-SUBG2_V5.0.0, X-CUBE-TOF1_V3.4.2]
2025-02-12 13:57:33,662 [INFO] ApiDb:240 - Found 297 in-development CPN: [B-G473E-ZEST1S, B-WB1M-WPAN1, B-WL5M-SUBG1, NUCLEO-C031C6, NUCLEO-H503RB, NUCLEO-H563ZI, NUCLEO-U545RE-Q, NUCLEO-U5A5ZJ-Q, NUCLEO-WBA52CG, STEVAL-PROTEUS1, STEVAL-STWINBX1, STM320518-EVAL, STM32C0116-DK, STM32C011D6Y3TR, STM32C011D6Y6TR, STM32C011F4P3, STM32C011F4P6, STM32C011F4U3, STM32C011F4U6TR, STM32C011F6P3, STM32C011F6P6, STM32C011F6U3, STM32C011F6U6TR, STM32C011J4M3, STM32C011J4M6, STM32C011J6M3, STM32C011J6M6, STM32C0316-DK, STM32C031C4T3, STM32C031C4T6, STM32C031C4U3, STM32C031C4U6, STM32C031C6T3, STM32C031C6T6, STM32C031C6U3, STM32C031C6U6, STM32C031F4P3, STM32C031F4P6, STM32C031F6P3, STM32C031F6P6, STM32C031G4U3, STM32C031G4U6, STM32C031G6U3, STM32C031G6U6, STM32C031K4T3, STM32C031K4T6, STM32C031K4U3, STM32C031K4U6, STM32C031K6T3, STM32C031K6T6, STM32C031K6U3, STM32C031K6U6, STM32G071K8TXN, STM32G071K8UXN, STM32G081GBU6N, STM32G081KBT6N, STM32G081KBUXN, STM32G0B1CCT6N, STM32G0B1KCT6, STM32G0B1NEY6TR, STM32G0B1RCT6N, STM32G0C1CCT6, STM32G0C1CCT6N, STM32G0C1CCU6N, STM32G0C1CET6N, STM32G0C1CEU6N, STM32G0C1KCT6, STM32G0C1NEY6TR, STM32G0C1RCI6N, STM32G0C1RCT6N, STM32G0C1REI6N, STM32G0C1RET6N, STM32G0C1VCI6, STM32G0C1VEI6, STM32G471CCT6, STM32G471CCU6, STM32G471CET3, STM32G471CET6, STM32G471CEU3, STM32G471CEU6, STM32G471MCT6, STM32G471MET3, STM32G471MET6, STM32G471MEY6TR, STM32G471QCT6, STM32G471QET3, STM32G471RCT6, STM32G471RET3, STM32G471RET6, STM32G471VCH6, STM32G471VCI6, STM32G471VCT6, STM32G471VEH3, STM32G471VEH6, STM32G471VEI3, STM32G471VEI6, STM32G471VET3, STM32G471VET6, STM32G474CCT6, STM32H503CBT6, STM32H503CBU6, STM32H503EBY6TR, STM32H503KBU6, STM32H503RBT6, STM32H562AGI6, STM32H562AII6, STM32H562IGK6, STM32H562IGT6, STM32H562IIK6, STM32H562IIT6, STM32H562RGT6, STM32H562RGV6, STM32H562RIT6, STM32H562RIV6, STM32H562VGT6, STM32H562VIT6, STM32H562ZGT6, STM32H562ZIT6, STM32H563AGI6, STM32H563AII3Q, STM32H563AII6, STM32H563IGK6, STM32H563IGT6, STM32H563IIK3Q, STM32H563IIK6, STM32H563IIT3Q, STM32H563IIT6, STM32H563MIY3QTR, STM32H563RGT6, STM32H563RGV6, STM32H563RIT6, STM32H563RIV6, STM32H563VGT6, STM32H563VIT3Q, STM32H563VIT6, STM32H563ZGT6, STM32H563ZIT3Q, STM32H563ZIT6, STM32H573AII3Q, STM32H573AII6, STM32H573I-DK, STM32H573IIK3Q, STM32H573IIK6, STM32H573IIT3Q, STM32H573IIT6, STM32H573MIY3QTR, STM32H573RIT6, STM32H573RIV6, STM32H573VIT3Q, STM32H573VIT6, STM32H573ZIT3Q, STM32H573ZIT6, STM32L4R5QGI6STR, STM32MP131AAE3, STM32MP131AAF3, STM32MP131AAG3, STM32MP131CAE3, STM32MP131CAF3, STM32MP131CAG3, STM32MP131DAE7, STM32MP131DAF7, STM32MP131DAG7, STM32MP131FAE7, STM32MP131FAF7, STM32MP131FAG7, STM32MP133AAE3, STM32MP133AAF3, STM32MP133AAG3, STM32MP133CAE3, STM32MP133CAF3, STM32MP133CAG3, STM32MP133DAE7, STM32MP133DAF7, STM32MP133DAG7, STM32MP133FAE7, STM32MP133FAF7, STM32MP133FAG7, STM32MP135AAE3, STM32MP135AAF3, STM32MP135AAG3, STM32MP135CAE3, STM32MP135CAF3, STM32MP135CAG3, STM32MP135DAE7, STM32MP135DAF7, STM32MP135DAG7, STM32MP135F-DK, STM32MP135FAE7, STM32MP135FAF7, STM32MP135FAF7T, STM32MP135FAF7U, STM32MP135FAG7, STM32U535CBT6, STM32U535CBT6Q, STM32U535CBU6, STM32U535CBU6Q, STM32U535CCT6, STM32U535CCT6Q, STM32U535CCU6, STM32U535CCU6Q, STM32U535CET6, STM32U535CET6Q, STM32U535CEU6, STM32U535CEU6Q, STM32U535JEY6QTR, STM32U535NCY6QTR, STM32U535NEY6QTR, STM32U535RBI6, STM32U535RBI6Q, STM32U535RBT6, STM32U535RBT6Q, STM32U535RCI6, STM32U535RCI6Q, STM32U535RCT6, STM32U535RCT6Q, STM32U535REI6, STM32U535REI6Q, STM32U535RET6, STM32U535RET6Q, STM32U535VCI6, STM32U535VCI6Q, STM32U535VCT6, STM32U535VCT6Q, STM32U535VEI6, STM32U535VEI6Q, STM32U535VET6, STM32U535VET6Q, STM32U545CET6, STM32U545CET6Q, STM32U545CEU6, STM32U545CEU6Q, STM32U545JEY6QTR, STM32U545NEY6QTR, STM32U545REI6, STM32U545REI6Q, STM32U545RET6, STM32U545RET6Q, STM32U545VEI6, STM32U545VEI6Q, STM32U545VET6, STM32U545VET6Q, STM32U595AIH6, STM32U595AIH6Q, STM32U595AJH6, STM32U595AJH6Q, STM32U595QII6, STM32U595QII6Q, STM32U595QJI6, STM32U595QJI6Q, STM32U595RIT6, STM32U595RIT6Q, STM32U595RJT6, STM32U595RJT6Q, STM32U595VIT6, STM32U595VIT6Q, STM32U595VJT6, STM32U595VJT6Q, STM32U595ZIT6, STM32U595ZIT6Q, STM32U595ZIY6QTR, STM32U595ZJT6, STM32U595ZJT6Q, STM32U595ZJY6QTR, STM32U599BJY6QTR, STM32U599NIH6Q, STM32U599NJH6Q, STM32U599VIT6Q, STM32U599VJT6, STM32U599VJT6Q, STM32U599ZIT6Q, STM32U599ZIY6QTR, STM32U599ZJT6Q, STM32U599ZJY6QTR, STM32U5A5AJH6, STM32U5A5AJH6Q, STM32U5A5QJI6, STM32U5A5QJI6Q, STM32U5A5RJT6, STM32U5A5RJT6Q, STM32U5A5VJT6, STM32U5A5VJT6Q, STM32U5A5ZJT6, STM32U5A5ZJT6Q, STM32U5A5ZJY6QTR, STM32U5A9BJY6QTR, STM32U5A9J-DK, STM32U5A9NJH6Q, STM32U5A9VJT6Q, STM32U5A9ZJT6Q, STM32U5A9ZJY6QTR, STM32WB1MMCH6, STM32WBA52CEU6, STM32WBA52CEU6T, STM32WBA52CGU6, STM32WBA52CGU6T, STM32WL5MOCH6, STM32WL5MOCH6TR]
2025-02-12 13:57:33,667 [INFO] DbMcus:216 - Found 4381 MCUs, 4381 are supported
2025-02-12 13:57:33,669 [INFO] ApiDb:423 - Load user favorites file C:\Users\rhett/.stm32cubeide/favorites.mcus.txt: 0 item(s)
2025-02-12 13:57:33,669 [INFO] ApiDb:427 - User favorites MCUs=[]
2025-02-12 13:57:33,670 [INFO] DbMcus:222 - Set 0 / 0 favorites MCUs
2025-02-12 13:57:34,326 [WARN] ThirdParty:833 - waiting for thirdparty lock release [change project]
2025-02-12 13:57:34,326 [INFO] ThirdParty:835 - entering critical section [change project]
2025-02-12 13:57:34,326 [INFO] ThirdParty:1030 - CMSIS Pack Vendor :STMicroelectronics X-CUBE-GNSS1 6.0.0
2025-02-12 13:57:34,326 [INFO] ThirdParty:1030 - CMSIS Pack Vendor :STMicroelectronics USB_HOST 2.0.0
2025-02-12 13:57:34,327 [INFO] ThirdParty:1030 - CMSIS Pack Vendor :STMicroelectronics X-CUBE-AZRTOS-F4 1.1.0
2025-02-12 13:57:34,327 [INFO] ThirdParty:1030 - CMSIS Pack Vendor :STMicroelectronics LIBJPEG 8.0.0
2025-02-12 13:57:34,327 [INFO] ThirdParty:1030 - CMSIS Pack Vendor :STMicroelectronics FP-ATR-ASTRA1 2.0.1
2025-02-12 13:57:34,327 [INFO] ThirdParty:1030 - CMSIS Pack Vendor :STMicroelectronics X-CUBE-SMBUS 2.1.0
2025-02-12 13:57:34,327 [INFO] ThirdParty:1030 - CMSIS Pack Vendor :STMicroelectronics X-CUBE-WB05N 1.1.0
2025-02-12 13:57:34,327 [INFO] ThirdParty:1030 - CMSIS Pack Vendor :wolfSSL I-CUBE-wolfSSL 5.6.0
2025-02-12 13:57:34,327 [INFO] ThirdParty:1030 - CMSIS Pack Vendor :STMicroelectronics X-CUBE-ISPU 2.1.0
2025-02-12 13:57:34,327 [INFO] ThirdParty:1030 - CMSIS Pack Vendor :STMicroelectronics X-CUBE-FREERTOS 1.2.0
2025-02-12 13:57:34,327 [INFO] ThirdParty:1030 - CMSIS Pack Vendor :STMicroelectronics X-CUBE-TOUCHGFX 4.23.1
2025-02-12 13:57:34,327 [INFO] ThirdParty:1030 - CMSIS Pack Vendor :STMicroelectronics X-CUBE-TOUCHGFX 4.23.0
2025-02-12 13:57:34,327 [INFO] ThirdParty:1030 - CMSIS Pack Vendor :STMicroelectronics X-CUBE-TOUCHGFX 4.23.2
2025-02-12 13:57:34,327 [INFO] ThirdParty:1030 - CMSIS Pack Vendor :STMicroelectronics X-CUBE-AZRTOS-F7 1.1.0
2025-02-12 13:57:34,328 [INFO] ThirdParty:1030 - CMSIS Pack Vendor :STMicroelectronics X-CUBE-AZRTOS-L5 2.0.0
2025-02-12 13:57:34,328 [INFO] ThirdParty:1030 - CMSIS Pack Vendor :STMicroelectronics USB_DEVICE 2.0.0
2025-02-12 13:57:34,328 [INFO] ThirdParty:1030 - CMSIS Pack Vendor :STMicroelectronics X-CUBE-MEMS1 9.6.0
2025-02-12 13:57:34,328 [INFO] ThirdParty:1030 - CMSIS Pack Vendor :STMicroelectronics X-CUBE-EEPRMA1 4.2.0
2025-02-12 13:57:34,328 [INFO] ThirdParty:1030 - CMSIS Pack Vendor :STMicroelectronics X-CUBE-NFC6 3.1.0
2025-02-12 13:57:34,328 [INFO] ThirdParty:1030 - CMSIS Pack Vendor :ITTIA_DB I-CUBE-ITTIADB 8.8.0
2025-02-12 13:57:34,329 [INFO] ThirdParty:1030 - CMSIS Pack Vendor :STMicroelectronics FP-SNS-MOTENV1 4.3.0
2025-02-12 13:57:34,329 [INFO] ThirdParty:1030 - CMSIS Pack Vendor :STMicroelectronics FP-SNS-MOTENV1 4.3.2
2025-02-12 13:57:34,329 [INFO] ThirdParty:1030 - CMSIS Pack Vendor :STMicroelectronics FP-SNS-FLIGHT1 5.0.0
2025-02-12 13:57:34,329 [INFO] ThirdParty:1030 - CMSIS Pack Vendor :STMicroelectronics FP-SNS-MOTENV1 4.3.1
2025-02-12 13:57:34,329 [INFO] ThirdParty:1030 - CMSIS Pack Vendor :STMicroelectronics FP-SNS-FLIGHT1 5.0.1
2025-02-12 13:57:34,329 [INFO] ThirdParty:1030 - CMSIS Pack Vendor :STMicroelectronics X-CUBE-MEMS1 11.0.0
2025-02-12 13:57:34,329 [INFO] ThirdParty:1030 - CMSIS Pack Vendor :STMicroelectronics X-CUBE-BLE1 6.2.4
2025-02-12 13:57:34,329 [INFO] ThirdParty:1030 - CMSIS Pack Vendor :STMicroelectronics FreeRTOS 0.0.1
2025-02-12 13:57:34,329 [INFO] ThirdParty:1030 - CMSIS Pack Vendor :emotas I-CUBE-CANOPEN 1.1.3
2025-02-12 13:57:34,329 [INFO] ThirdParty:1030 - CMSIS Pack Vendor :STMicroelectronics X-CUBE-BLEMGR 2.0.0
2025-02-12 13:57:34,329 [INFO] ThirdParty:1030 - CMSIS Pack Vendor :STMicroelectronics FP-SNS-FLIGHT1 5.0.2
2025-02-12 13:57:34,329 [INFO] ThirdParty:1030 - CMSIS Pack Vendor :STMicroelectronics X-CUBE-AI 9.0.0
2025-02-12 13:57:34,329 [INFO] ThirdParty:1030 - CMSIS Pack Vendor :STMicroelectronics X-CUBE-AZRTOS-H7 3.1.0
2025-02-12 13:57:34,329 [INFO] ThirdParty:1030 - CMSIS Pack Vendor :STMicroelectronics PDM2PCM 3.3.0
2025-02-12 13:57:34,329 [INFO] ThirdParty:1030 - CMSIS Pack Vendor :STMicroelectronics X-CUBE-DISPLAY 3.0.0
2025-02-12 13:57:34,329 [INFO] ThirdParty:1030 - CMSIS Pack Vendor :STMicroelectronics X-CUBE-BLE1 7.0.0
2025-02-12 13:57:34,329 [INFO] ThirdParty:1030 - CMSIS Pack Vendor :STMicroelectronics X-CUBE-NFC10 1.0.0
2025-02-12 13:57:34,330 [INFO] ThirdParty:1030 - CMSIS Pack Vendor :STMicroelectronics HAL Drivers 0.0.0
2025-02-12 13:57:34,330 [INFO] ThirdParty:1030 - CMSIS Pack Vendor :STMicroelectronics X-CUBE-FREERTOS 1.3.0
2025-02-12 13:57:34,330 [INFO] ThirdParty:1030 - CMSIS Pack Vendor :STMicroelectronics X-CUBE-TOUCHGFX 4.22.0
2025-02-12 13:57:34,330 [INFO] ThirdParty:1030 - CMSIS Pack Vendor :STMicroelectronics X-CUBE-NFC7 1.0.1
2025-02-12 13:57:34,330 [INFO] ThirdParty:1030 - CMSIS Pack Vendor :STMicroelectronics MBEDTLS 2.14.1
2025-02-12 13:57:34,330 [INFO] ThirdParty:1030 - CMSIS Pack Vendor :STMicroelectronics X-CUBE-NFC7 1.0.0
2025-02-12 13:57:34,330 [INFO] ThirdParty:1030 - CMSIS Pack Vendor :STMicroelectronics X-CUBE-TOUCHGFX 4.22.1
2025-02-12 13:57:34,330 [INFO] ThirdParty:1030 - CMSIS Pack Vendor :wolfSSL I-CUBE-wolfTPM 3.2.0
2025-02-12 13:57:34,330 [INFO] ThirdParty:1030 - CMSIS Pack Vendor :STMicroelectronics X-CUBE-NFC6 3.0.0
2025-02-12 13:57:34,330 [INFO] ThirdParty:1030 - CMSIS Pack Vendor :STMicroelectronics X-CUBE-EEPRMA1 4.1.0
2025-02-12 13:57:34,330 [INFO] ThirdParty:1030 - CMSIS Pack Vendor :STMicroelectronics X-CUBE-BLEMGR 3.1.0
2025-02-12 13:57:34,330 [INFO] ThirdParty:1030 - CMSIS Pack Vendor :STMicroelectronics X-CUBE-AI 10.0.0
2025-02-12 13:57:34,330 [INFO] ThirdParty:1030 - CMSIS Pack Vendor :STMicroelectronics FP-SNS-SMARTAG2 1.2.0
2025-02-12 13:57:34,330 [INFO] ThirdParty:1030 - CMSIS Pack Vendor :STMicroelectronics X-CUBE-MEMS1 11.1.0
2025-02-12 13:57:34,330 [INFO] ThirdParty:1030 - CMSIS Pack Vendor :STMicroelectronics X-CUBE-AZRTOS-WL 2.0.0
2025-02-12 13:57:34,330 [INFO] ThirdParty:1030 - CMSIS Pack Vendor :STMicroelectronics FP-SNS-MOTENV1 5.0.0
2025-02-12 13:57:34,331 [INFO] ThirdParty:1030 - CMSIS Pack Vendor :STMicroelectronics USB_DEVICE 1.0.0
2025-02-12 13:57:34,331 [INFO] ThirdParty:1030 - CMSIS Pack Vendor :STMicroelectronics X-CUBE-AI 8.1.0
2025-02-12 13:57:34,331 [INFO] ThirdParty:1030 - CMSIS Pack Vendor :wolfSSL I-CUBE-wolfMQTT 1.19.0
2025-02-12 13:57:34,331 [INFO] ThirdParty:1030 - CMSIS Pack Vendor :STMicroelectronics X-CUBE-AZRTOS-L4 2.0.0
2025-02-12 13:57:34,331 [INFO] ThirdParty:1030 - CMSIS Pack Vendor :STMicroelectronics ThreadX 0.0.2
2025-02-12 13:57:34,331 [INFO] ThirdParty:1030 - CMSIS Pack Vendor :WES I-CUBE-Cesium 1.3.0
2025-02-12 13:57:34,331 [INFO] ThirdParty:1030 - CMSIS Pack Vendor :STMicroelectronics lwIP 2.1.2
2025-02-12 13:57:34,331 [INFO] ThirdParty:1030 - CMSIS Pack Vendor :STMicroelectronics X-CUBE-SFXS2LP1 4.0.0
2025-02-12 13:57:34,331 [INFO] ThirdParty:1030 - CMSIS Pack Vendor :STMicroelectronics X-CUBE-BLE2 3.3.0
2025-02-12 13:57:34,331 [INFO] ThirdParty:1030 - CMSIS Pack Vendor :STMicroelectronics PDM2PCM 3.2.0
2025-02-12 13:57:34,331 [INFO] ThirdParty:1030 - CMSIS Pack Vendor :STMicroelectronics X-CUBE-ISPU 1.1.0
2025-02-12 13:57:34,331 [INFO] ThirdParty:1030 - CMSIS Pack Vendor :STMicroelectronics X-CUBE-AZRTOS-H7 3.3.0
2025-02-12 13:57:34,331 [INFO] ThirdParty:1030 - CMSIS Pack Vendor :STMicroelectronics X-CUBE-NFC9 1.0.0
2025-02-12 13:57:34,331 [INFO] ThirdParty:1030 - CMSIS Pack Vendor :STMicroelectronics USB_DEVICE 3.0.0
2025-02-12 13:57:34,332 [INFO] ThirdParty:1030 - CMSIS Pack Vendor :STMicroelectronics X-CUBE-TCPP 4.1.0
2025-02-12 13:57:34,332 [INFO] ThirdParty:1030 - CMSIS Pack Vendor :STMicroelectronics X-CUBE-AI 8.0.0
2025-02-12 13:57:34,332 [INFO] ThirdParty:1030 - CMSIS Pack Vendor :STMicroelectronics X-CUBE-AZRTOS-WB 2.0.0
2025-02-12 13:57:34,332 [INFO] ThirdParty:1030 - CMSIS Pack Vendor :STMicroelectronics X-CUBE-FREERTOS 1.0.1
2025-02-12 13:57:34,332 [INFO] ThirdParty:1030 - CMSIS Pack Vendor :STMicroelectronics X-CUBE-GNSS1 7.0.0
2025-02-12 13:57:34,332 [INFO] ThirdParty:1030 - CMSIS Pack Vendor :STMicroelectronics X-CUBE-GNSS1 7.0.1
2025-02-12 13:57:34,332 [INFO] ThirdParty:1030 - CMSIS Pack Vendor :STMicroelectronics X-CUBE-TOUCHGFX 4.21.3
2025-02-12 13:57:34,332 [INFO] ThirdParty:1030 - CMSIS Pack Vendor :STMicroelectronics X-CUBE-TOUCHGFX 4.21.4
2025-02-12 13:57:34,332 [INFO] ThirdParty:1030 - CMSIS Pack Vendor :STMicroelectronics X-CUBE-ALGOBUILD 1.3.0
2025-02-12 13:57:34,332 [INFO] ThirdParty:1030 - CMSIS Pack Vendor :STMicroelectronics X-CUBE-AZRTOS-L5 1.1.0
2025-02-12 13:57:34,332 [INFO] ThirdParty:1030 - CMSIS Pack Vendor :STMicroelectronics X-CUBE-AZRTOS-G0 1.1.0
2025-02-12 13:57:34,332 [INFO] ThirdParty:1030 - CMSIS Pack Vendor :STMicroelectronics X-CUBE-AI 8.0.1
2025-02-12 13:57:34,332 [INFO] ThirdParty:1030 - CMSIS Pack Vendor :STMicroelectronics X-CUBE-SAFEA1 1.2.2
2025-02-12 13:57:34,333 [INFO] ThirdParty:1030 - CMSIS Pack Vendor :STMicroelectronics X-CUBE-NFC4 3.0.0
2025-02-12 13:57:34,333 [INFO] ThirdParty:1030 - CMSIS Pack Vendor :STMicroelectronics X-CUBE-SUBG2 5.0.0
2025-02-12 13:57:34,333 [INFO] ThirdParty:1030 - CMSIS Pack Vendor :STMicroelectronics STM32_WPAN 1.0.0
2025-02-12 13:57:34,333 [INFO] ThirdParty:1030 - CMSIS Pack Vendor :wolfSSL I-CUBE-wolfMQTT 1.18.0
2025-02-12 13:57:34,333 [INFO] ThirdParty:1030 - CMSIS Pack Vendor :STMicroelectronics lwIP 2.0.3
2025-02-12 13:57:34,333 [INFO] ThirdParty:1030 - CMSIS Pack Vendor :Cesanta I-CUBE-Mongoose 7.13.0
2025-02-12 13:57:34,333 [INFO] ThirdParty:1030 - CMSIS Pack Vendor :STMicroelectronics USB_HOST 1.0.0
2025-02-12 13:57:34,333 [INFO] ThirdParty:1030 - CMSIS Pack Vendor :STMicroelectronics X-CUBE-TOF1 3.3.1
2025-02-12 13:57:34,333 [INFO] ThirdParty:1030 - CMSIS Pack Vendor :STMicroelectronics X-CUBE-AZRTOS-G4 2.0.0
2025-02-12 13:57:34,333 [INFO] ThirdParty:1030 - CMSIS Pack Vendor :STMicroelectronics PDM2PCM 3.1.0
2025-02-12 13:57:34,333 [INFO] ThirdParty:1030 - CMSIS Pack Vendor :STMicroelectronics X-CUBE-TOF1 3.3.0
2025-02-12 13:57:34,333 [INFO] ThirdParty:1030 - CMSIS Pack Vendor :Infineon AIROC-Wi-Fi-Bluetooth-STM32 1.5.1
2025-02-12 13:57:34,333 [INFO] ThirdParty:1030 - CMSIS Pack Vendor :STMicroelectronics X-CUBE-BLEMGR 3.0.0
2025-02-12 13:57:34,333 [INFO] ThirdParty:1030 - CMSIS Pack Vendor :STMicroelectronics FP-SNS-MOTENVWB1 1.3.0
2025-02-12 13:57:34,334 [INFO] ThirdParty:1030 - CMSIS Pack Vendor :STMicroelectronics FP-SNS-MOTENVWB1 1.3.1
2025-02-12 13:57:34,334 [INFO] ThirdParty:1030 - CMSIS Pack Vendor :STMicroelectronics FP-ATR-SIGFOX1 3.2.0
2025-02-12 13:57:34,334 [INFO] ThirdParty:1030 - CMSIS Pack Vendor :STMicroelectronics X-CUBE-AZRTOS-G4 1.0.0
2025-02-12 13:57:34,334 [INFO] ThirdParty:1030 - CMSIS Pack Vendor :STMicroelectronics X-CUBE-AZRTOS-L4 1.0.0
2025-02-12 13:57:34,334 [INFO] ThirdParty:1030 - CMSIS Pack Vendor :STMicroelectronics X-CUBE-ISPU 2.0.0
2025-02-12 13:57:34,334 [INFO] ThirdParty:1030 - CMSIS Pack Vendor :STMicroelectronics X-CUBE-EEPRMA1 5.1.0
2025-02-12 13:57:34,334 [INFO] ThirdParty:1030 - CMSIS Pack Vendor :STMicroelectronics MBEDTLS 2.16.2
2025-02-12 13:57:34,335 [INFO] ThirdParty:1030 - CMSIS Pack Vendor :STMicroelectronics X-CUBE-ALS 1.0.2
2025-02-12 13:57:34,335 [INFO] ThirdParty:1030 - CMSIS Pack Vendor :STMicroelectronics X-CUBE-MEMS1 10.0.0
2025-02-12 13:57:34,335 [INFO] ThirdParty:1030 - CMSIS Pack Vendor :STMicroelectronics X-CUBE-FREERTOS 1.1.0
2025-02-12 13:57:34,335 [INFO] ThirdParty:1030 - CMSIS Pack Vendor :STMicroelectronics X-CUBE-TOUCHGFX 4.24.0
2025-02-12 13:57:34,335 [INFO] ThirdParty:1030 - CMSIS Pack Vendor :STMicroelectronics X-CUBE-TOUCHGFX 4.24.2
2025-02-12 13:57:34,335 [INFO] ThirdParty:1030 - CMSIS Pack Vendor :STMicroelectronics X-CUBE-AZRTOS-WL 1.0.0
2025-02-12 13:57:34,335 [INFO] ThirdParty:1030 - CMSIS Pack Vendor :STMicroelectronics X-CUBE-TOUCHGFX 4.24.1
2025-02-12 13:57:34,336 [INFO] ThirdParty:1030 - CMSIS Pack Vendor :portGmbH I-Cube-SoM-uGOAL 1.1.0
2025-02-12 13:57:34,336 [INFO] ThirdParty:1030 - CMSIS Pack Vendor :STMicroelectronics X-CUBE-ALS 1.0.1
2025-02-12 13:57:34,336 [INFO] ThirdParty:1030 - CMSIS Pack Vendor :STMicroelectronics X-CUBE-MEMS1 9.5.0
2025-02-12 13:57:34,337 [INFO] ThirdParty:1030 - CMSIS Pack Vendor :STMicroelectronics ThreadX 1.0.0
2025-02-12 13:57:34,337 [INFO] ThirdParty:1030 - CMSIS Pack Vendor :STMicroelectronics X-CUBE-AZRTOS-WB 1.1.0
2025-02-12 13:57:34,338 [INFO] ThirdParty:1030 - CMSIS Pack Vendor :SEGGER I-CUBE-embOS 1.3.1
2025-02-12 13:57:34,338 [INFO] ThirdParty:1030 - CMSIS Pack Vendor :STMicroelectronics X-CUBE-ALGOBUILD 1.4.0
2025-02-12 13:57:34,338 [INFO] ThirdParty:1030 - CMSIS Pack Vendor :STMicroelectronics X-CUBE-AZRTOS-H7RS 1.0.0
2025-02-12 13:57:34,338 [INFO] ThirdParty:1030 - CMSIS Pack Vendor :STMicroelectronics FP-ATR-ASTRA1 2.0.0
2025-02-12 13:57:34,338 [INFO] ThirdParty:1030 - CMSIS Pack Vendor :STMicroelectronics X-CUBE-AI 9.1.0
2025-02-12 13:57:34,338 [INFO] ThirdParty:1030 - CMSIS Pack Vendor :STMicroelectronics X-CUBE-TOF1 3.4.0
2025-02-12 13:57:34,338 [INFO] ThirdParty:1030 - CMSIS Pack Vendor :STMicroelectronics X-CUBE-TOF1 3.4.1
2025-02-12 13:57:34,339 [INFO] ThirdParty:1030 - CMSIS Pack Vendor :STMicroelectronics X-CUBE-AZRTOS-H7 3.2.0
2025-02-12 13:57:34,339 [INFO] ThirdParty:1030 - CMSIS Pack Vendor :wolfSSL I-CUBE-wolfSSH 1.4.17
2025-02-12 13:57:34,340 [INFO] ThirdParty:841 - exiting critical section [change project]
2025-02-12 13:57:35,064 [INFO] PinOutPanel:1499 - setPackage(No Configuration,No Configuration)
2025-02-12 13:57:35,067 [INFO] PinOutPanel:1499 - setPackage(STM32F746ZGTx,LQFP144)
2025-02-12 13:57:36,513 [INFO] UtilMem:75 - Before build in PCC Used Memory: 741192712 Bytes (840957952)
2025-02-12 13:57:38,050 [INFO] UtilMem:75 - After build in PCC Used Memory: 701177632 Bytes (840957952)
2025-02-12 13:57:38,157 [INFO] IPUIPlugin:80 - create IPUIPlugin
2025-02-12 13:57:38,157 [INFO] IPUIPlugin:80 - create IPUIPlugin
2025-02-12 13:57:38,157 [INFO] IPUIPlugin:80 - create IPUIPlugin
2025-02-12 13:57:38,157 [INFO] IPUIPlugin:80 - create IPUIPlugin
2025-02-12 13:57:38,157 [INFO] IPUIPlugin:80 - create IPUIPlugin
2025-02-12 13:57:38,159 [INFO] IPUIPlugin:80 - create IPUIPlugin
2025-02-12 13:57:38,159 [INFO] IPUIPlugin:80 - create IPUIPlugin
2025-02-12 13:57:38,160 [INFO] IPUIPlugin:80 - create IPUIPlugin
2025-02-12 13:57:38,160 [INFO] IPUIPlugin:80 - create IPUIPlugin
2025-02-12 13:57:38,160 [INFO] IPUIPlugin:80 - create IPUIPlugin
2025-02-12 13:57:38,161 [INFO] IPUIPlugin:80 - create IPUIPlugin
2025-02-12 13:57:38,162 [INFO] IPUIPlugin:80 - create IPUIPlugin
2025-02-12 13:57:38,164 [INFO] IPUIPlugin:80 - create IPUIPlugin
2025-02-12 13:57:38,164 [INFO] IPUIPlugin:80 - create IPUIPlugin
2025-02-12 13:57:38,164 [INFO] IPUIPlugin:80 - create IPUIPlugin
2025-02-12 13:57:38,164 [INFO] IPUIPlugin:80 - create IPUIPlugin
2025-02-12 13:57:38,165 [INFO] IPUIPlugin:80 - create IPUIPlugin
2025-02-12 13:57:38,165 [INFO] IPUIPlugin:80 - create IPUIPlugin
2025-02-12 13:57:38,165 [INFO] IPUIPlugin:80 - create IPUIPlugin
2025-02-12 13:57:38,165 [INFO] IPUIPlugin:80 - create IPUIPlugin
2025-02-12 13:57:38,166 [INFO] IPUIPlugin:80 - create IPUIPlugin
2025-02-12 13:57:38,166 [INFO] IPUIPlugin:80 - create IPUIPlugin
2025-02-12 13:57:38,166 [INFO] IPUIPlugin:80 - create IPUIPlugin
2025-02-12 13:57:38,167 [INFO] IPUIPlugin:80 - create IPUIPlugin
2025-02-12 13:57:38,167 [INFO] IPUIPlugin:80 - create IPUIPlugin
2025-02-12 13:57:38,167 [INFO] IPUIPlugin:80 - create IPUIPlugin
2025-02-12 13:57:38,168 [INFO] IPUIPlugin:80 - create IPUIPlugin
2025-02-12 13:57:38,169 [INFO] IPUIPlugin:80 - create IPUIPlugin
2025-02-12 13:57:38,169 [INFO] IPUIPlugin:80 - create IPUIPlugin
2025-02-12 13:57:38,170 [INFO] IPUIPlugin:80 - create IPUIPlugin
2025-02-12 13:57:38,170 [INFO] IPUIPlugin:80 - create IPUIPlugin
2025-02-12 13:57:38,171 [INFO] IPUIPlugin:80 - create IPUIPlugin
2025-02-12 13:57:38,171 [INFO] IPUIPlugin:80 - create IPUIPlugin
2025-02-12 13:57:38,172 [INFO] IPUIPlugin:80 - create IPUIPlugin
2025-02-12 13:57:38,172 [INFO] IPUIPlugin:80 - create IPUIPlugin
2025-02-12 13:57:38,174 [INFO] IPUIPlugin:80 - create IPUIPlugin
2025-02-12 13:57:38,174 [INFO] IPUIPlugin:80 - create IPUIPlugin
2025-02-12 13:57:38,175 [INFO] IPUIPlugin:80 - create IPUIPlugin
2025-02-12 13:57:38,176 [INFO] IPUIPlugin:80 - create IPUIPlugin
2025-02-12 13:57:38,176 [INFO] IPUIPlugin:80 - create IPUIPlugin
2025-02-12 13:57:38,177 [INFO] IPUIPlugin:80 - create IPUIPlugin
2025-02-12 13:57:38,178 [INFO] IPUIPlugin:80 - create IPUIPlugin
2025-02-12 13:57:38,178 [INFO] IPUIPlugin:80 - create IPUIPlugin
2025-02-12 13:57:38,179 [INFO] IPUIPlugin:80 - create IPUIPlugin
2025-02-12 13:57:38,179 [INFO] IPUIPlugin:80 - create IPUIPlugin
2025-02-12 13:57:38,180 [INFO] IPUIPlugin:80 - create IPUIPlugin
2025-02-12 13:57:38,181 [INFO] IPUIPlugin:80 - create IPUIPlugin
2025-02-12 13:57:38,182 [INFO] IPUIPlugin:80 - create IPUIPlugin
2025-02-12 13:57:38,183 [INFO] IPUIPlugin:80 - create IPUIPlugin
2025-02-12 13:57:38,184 [INFO] IPUIPlugin:80 - create IPUIPlugin
2025-02-12 13:57:38,184 [INFO] IPUIPlugin:80 - create IPUIPlugin
2025-02-12 13:57:38,185 [INFO] IPUIPlugin:80 - create IPUIPlugin
2025-02-12 13:57:38,186 [INFO] IPUIPlugin:80 - create IPUIPlugin
2025-02-12 13:57:38,186 [INFO] IPUIPlugin:80 - create IPUIPlugin
2025-02-12 13:57:38,187 [INFO] IPUIPlugin:80 - create IPUIPlugin
2025-02-12 13:57:38,187 [INFO] IPUIPlugin:80 - create IPUIPlugin
2025-02-12 13:57:38,189 [INFO] IPUIPlugin:80 - create IPUIPlugin
2025-02-12 13:57:38,190 [INFO] IPUIPlugin:80 - create IPUIPlugin
2025-02-12 13:57:38,191 [INFO] IPUIPlugin:80 - create IPUIPlugin
2025-02-12 13:57:38,191 [INFO] IPUIPlugin:80 - create IPUIPlugin
2025-02-12 13:57:38,192 [INFO] IPUIPlugin:80 - create IPUIPlugin
2025-02-12 13:57:38,193 [INFO] IPUIPlugin:80 - create IPUIPlugin
2025-02-12 13:57:38,194 [INFO] IPUIPlugin:80 - create IPUIPlugin
2025-02-12 13:57:38,195 [INFO] IPUIPlugin:80 - create IPUIPlugin
2025-02-12 13:57:38,196 [INFO] IPUIPlugin:80 - create IPUIPlugin
2025-02-12 13:57:38,197 [INFO] IPUIPlugin:80 - create IPUIPlugin
2025-02-12 13:57:38,198 [INFO] IPUIPlugin:80 - create IPUIPlugin
2025-02-12 13:57:38,199 [INFO] IPUIPlugin:80 - create IPUIPlugin
2025-02-12 13:57:38,199 [INFO] IPUIPlugin:80 - create IPUIPlugin
2025-02-12 13:57:38,200 [INFO] IPUIPlugin:80 - create IPUIPlugin
2025-02-12 13:57:38,202 [INFO] IPUIPlugin:80 - create IPUIPlugin
2025-02-12 13:57:38,203 [INFO] IPUIPlugin:80 - create IPUIPlugin
2025-02-12 13:57:38,204 [INFO] IPUIPlugin:80 - create IPUIPlugin
2025-02-12 13:57:38,205 [INFO] IPUIPlugin:80 - create IPUIPlugin
2025-02-12 13:57:38,206 [INFO] IPUIPlugin:80 - create IPUIPlugin
2025-02-12 13:57:38,277 [INFO] ApiDbMcu:507 - Load IP Config File for PDM2PCM
2025-02-12 13:57:38,312 [INFO] Can:71 - Can Add PropertyChangeListener com.st.microxplorer.plugins.ip.can.Can@6cede1ac
2025-02-12 13:57:38,313 [INFO] Can:71 - Can Add PropertyChangeListener com.st.microxplorer.plugins.ip.can.Can@413e8a88
2025-02-12 13:57:38,932 [INFO] CADModel:165 - CPN selected for project levelSTM32F746ZGT6
2025-02-12 13:57:38,933 [INFO] CADModel:114 - Register for checkConnection events
2025-02-12 13:57:39,036 [INFO] OpenFileManager:328 - Restore cursor
2025-02-12 13:57:39,219 [WARN] IP:2113 - LayerIdx_L1 not found: check if there is a RefParameter without a condition.
2025-02-12 14:02:23,644 [INFO] MainUpdater:2854 - connection check result : 10
2025-02-12 14:02:23,645 [INFO] MainUpdater:2854 - connection check result : 10
2025-02-12 14:02:24,112 [INFO] I2cTimingTraitement:330 - 0x20404768
2025-02-12 14:02:24,119 [INFO] MicroXplorer:468 - Change Database Path : 
2025-02-12 14:02:24,119 [INFO] MicroXplorer:498 - Change Database Version : DB.6.0.81
2025-02-12 14:02:24,162 [WARN] ThirdParty:871 - waiting for thirdparty lock release [close project]
2025-02-12 14:02:24,162 [INFO] ThirdParty:873 - entering critical section [close project]
2025-02-12 14:02:24,163 [INFO] ThirdParty:883 - exiting critical section [close project]
2025-02-12 14:02:24,166 [INFO] PinOutPanel:1499 - setPackage(No Configuration,No Configuration)
2025-02-12 14:02:24,197 [WARN] IpParametersView:150 - Warning: This peripheral hasn't parameters
2025-02-12 14:02:24,233 [WARN] MainPanel:257 - <html><b><center>Warning: This peripheral has no parameters to be configured<br></b></html>
2025-02-12 14:02:24,256 [INFO] UtilMem:75 - Begin LoadConfig() Used Memory: 703630896 Bytes (840957952)
2025-02-12 14:02:24,264 [INFO] MicroXplorer:468 - Change Database Path : 
2025-02-12 14:02:24,265 [INFO] MicroXplorer:498 - Change Database Version : DB.6.0.81
2025-02-12 14:02:24,265 [INFO] OpenFileManager:308 - Change cursor
2025-02-12 14:02:24,289 [INFO] Mcu:1937 - Initializing MCU STM32F746ZGTx STM32F746ZGTx STM32F746ZGT6
2025-02-12 14:02:28,140 [INFO] Context:659 - Trying to add GPIOservice into a context  which must be forbidden
2025-02-12 14:02:29,124 [INFO] ApiDbMcu:507 - Load IP Config File for STMicroelectronics.X-CUBE-TOUCHGFX.4.24.0
2025-02-12 14:02:29,897 [INFO] RtosManager:555 - Registered RTOS mode: class=CMSIS, group=RTOS, mode=CMSIS_V1, owner=FREERTOS
2025-02-12 14:02:29,897 [INFO] RtosManager:555 - Registered RTOS mode: class=CMSIS, group=RTOS2, mode=CMSIS_V2, owner=FREERTOS
2025-02-12 14:02:29,898 [INFO] RtosManager:555 - Registered RTOS mode: class=RTOS, group=Core, mode=CMSIS_V1, owner=FREERTOS
2025-02-12 14:02:29,898 [INFO] RtosManager:555 - Registered RTOS mode: class=RTOS, group=Core, mode=CMSIS_V2, owner=FREERTOS
2025-02-12 14:02:29,898 [WARN] ModelIntegratedComponent:184 - Missing modes for component STMicroelectronics:FreeRTOS:0.0.1:STMicroelectronics:RTOS:FreeRTOS:Core:::10.2.0:
2025-02-12 14:02:29,905 [WARN] ModelIntegratedComponent:63 - No mode defined for component null
2025-02-12 14:02:29,906 [WARN] ModelIntegratedComponent:63 - No mode defined for component null
2025-02-12 14:02:29,906 [WARN] ModelIntegratedComponent:63 - No mode defined for component null
2025-02-12 14:02:29,906 [WARN] ModelIntegratedComponent:63 - No mode defined for component null
2025-02-12 14:02:29,906 [WARN] ModelIntegratedComponent:63 - No mode defined for component null
2025-02-12 14:02:29,906 [WARN] ModelIntegratedComponent:63 - No mode defined for component null
2025-02-12 14:02:29,906 [WARN] ModelIntegratedComponent:63 - No mode defined for component null
2025-02-12 14:02:29,906 [WARN] ModelIntegratedComponent:63 - No mode defined for component null
2025-02-12 14:02:29,906 [WARN] ModelIntegratedComponent:63 - No mode defined for component null
2025-02-12 14:02:29,907 [WARN] ModelIntegratedComponent:63 - No mode defined for component null
2025-02-12 14:02:29,907 [WARN] ModelIntegratedComponent:63 - No mode defined for component null
2025-02-12 14:02:29,907 [WARN] ModelIntegratedComponent:63 - No mode defined for component null
2025-02-12 14:02:29,907 [WARN] ModelIntegratedComponent:63 - No mode defined for component null
2025-02-12 14:02:29,907 [WARN] ModelIntegratedComponent:63 - No mode defined for component null
2025-02-12 14:02:29,907 [WARN] ModelIntegratedComponent:63 - No mode defined for component null
2025-02-12 14:02:29,907 [WARN] ModelIntegratedComponent:63 - No mode defined for component null
2025-02-12 14:02:29,907 [WARN] ModelIntegratedComponent:63 - No mode defined for component null
2025-02-12 14:02:29,908 [WARN] ModelIntegratedComponent:63 - No mode defined for component null
2025-02-12 14:02:29,908 [WARN] ModelIntegratedComponent:63 - No mode defined for component null
2025-02-12 14:02:29,908 [WARN] ModelIntegratedComponent:63 - No mode defined for component null
2025-02-12 14:02:29,908 [WARN] ModelIntegratedComponent:63 - No mode defined for component null
2025-02-12 14:02:29,908 [WARN] ModelIntegratedComponent:63 - No mode defined for component null
2025-02-12 14:02:29,908 [WARN] ModelIntegratedComponent:63 - No mode defined for component null
2025-02-12 14:02:29,908 [WARN] ModelIntegratedComponent:63 - No mode defined for component null
2025-02-12 14:02:29,908 [WARN] ModelIntegratedComponent:63 - No mode defined for component null
2025-02-12 14:02:29,908 [WARN] ModelIntegratedComponent:63 - No mode defined for component null
2025-02-12 14:02:29,909 [WARN] ModelIntegratedComponent:63 - No mode defined for component null
2025-02-12 14:02:29,909 [WARN] ModelIntegratedComponent:63 - No mode defined for component null
2025-02-12 14:02:29,909 [WARN] ModelIntegratedComponent:63 - No mode defined for component null
2025-02-12 14:02:29,909 [WARN] ModelIntegratedComponent:63 - No mode defined for component null
2025-02-12 14:02:29,909 [WARN] ModelIntegratedComponent:63 - No mode defined for component null
2025-02-12 14:02:29,909 [WARN] ModelIntegratedComponent:63 - No mode defined for component null
2025-02-12 14:02:29,910 [WARN] ModelIntegratedComponent:63 - No mode defined for component null
2025-02-12 14:02:31,446 [INFO] ThirdPartyModel:298 - Start build external matchings
2025-02-12 14:02:34,978 [INFO] ThirdPartyModel:316 - End build external matchings
2025-02-12 14:02:35,033 [WARN] IP:2113 - LayerIdx_L1 not found: check if there is a RefParameter without a condition.
2025-02-12 14:02:35,034 [INFO] ImportTextPane:194 - (OptionalMessage_ERROR) IP (RCC) : Invalid parameter (FamilyName)
2025-02-12 14:02:35,034 [INFO] ImportTextPane:194 - (OptionalMessage_ERROR) IP (RCC) : Parameter (RNGFreq_Value) has invalid value (216000000)
2025-02-12 14:02:35,034 [INFO] ImportTextPane:194 - (OptionalMessage_ERROR) IP (RCC) : Parameter (SDMMCFreq_Value) has invalid value (216000000)
2025-02-12 14:02:35,034 [INFO] ImportTextPane:194 - (OptionalMessage_ERROR) IP (RCC) : Parameter (USBFreq_Value) has invalid value (216000000)
2025-02-12 14:02:35,626 [INFO] UtilMem:75 - End LoadConfig() Used Memory: 744495688 Bytes (840957952)
2025-02-12 14:02:35,766 [WARN] ThirdParty:833 - waiting for thirdparty lock release [change project]
2025-02-12 14:02:35,767 [INFO] ThirdParty:835 - entering critical section [change project]
2025-02-12 14:02:35,767 [INFO] ThirdParty:1030 - CMSIS Pack Vendor :STMicroelectronics X-CUBE-GNSS1 6.0.0
2025-02-12 14:02:35,767 [INFO] ThirdParty:1030 - CMSIS Pack Vendor :STMicroelectronics USB_HOST 2.0.0
2025-02-12 14:02:35,767 [INFO] ThirdParty:1030 - CMSIS Pack Vendor :STMicroelectronics X-CUBE-AZRTOS-F4 1.1.0
2025-02-12 14:02:35,767 [INFO] ThirdParty:1030 - CMSIS Pack Vendor :STMicroelectronics LIBJPEG 8.0.0
2025-02-12 14:02:35,767 [INFO] ThirdParty:1030 - CMSIS Pack Vendor :STMicroelectronics FP-ATR-ASTRA1 2.0.1
2025-02-12 14:02:35,768 [INFO] ThirdParty:1030 - CMSIS Pack Vendor :STMicroelectronics X-CUBE-SMBUS 2.1.0
2025-02-12 14:02:35,768 [INFO] ThirdParty:1030 - CMSIS Pack Vendor :STMicroelectronics X-CUBE-WB05N 1.1.0
2025-02-12 14:02:35,768 [INFO] ThirdParty:1030 - CMSIS Pack Vendor :wolfSSL I-CUBE-wolfSSL 5.6.0
2025-02-12 14:02:35,768 [INFO] ThirdParty:1030 - CMSIS Pack Vendor :STMicroelectronics X-CUBE-ISPU 2.1.0
2025-02-12 14:02:35,768 [INFO] ThirdParty:1030 - CMSIS Pack Vendor :STMicroelectronics X-CUBE-FREERTOS 1.2.0
2025-02-12 14:02:35,768 [INFO] ThirdParty:1030 - CMSIS Pack Vendor :STMicroelectronics X-CUBE-TOUCHGFX 4.23.1
2025-02-12 14:02:35,768 [INFO] ThirdParty:1030 - CMSIS Pack Vendor :STMicroelectronics X-CUBE-TOUCHGFX 4.23.0
2025-02-12 14:02:35,768 [INFO] ThirdParty:1030 - CMSIS Pack Vendor :STMicroelectronics X-CUBE-TOUCHGFX 4.23.2
2025-02-12 14:02:35,768 [INFO] ThirdParty:1030 - CMSIS Pack Vendor :STMicroelectronics X-CUBE-AZRTOS-F7 1.1.0
2025-02-12 14:02:35,768 [INFO] ThirdParty:1030 - CMSIS Pack Vendor :STMicroelectronics X-CUBE-AZRTOS-L5 2.0.0
2025-02-12 14:02:35,769 [INFO] ThirdParty:1030 - CMSIS Pack Vendor :STMicroelectronics USB_DEVICE 2.0.0
2025-02-12 14:02:35,769 [INFO] ThirdParty:1030 - CMSIS Pack Vendor :STMicroelectronics X-CUBE-MEMS1 9.6.0
2025-02-12 14:02:35,769 [INFO] ThirdParty:1030 - CMSIS Pack Vendor :STMicroelectronics X-CUBE-EEPRMA1 4.2.0
2025-02-12 14:02:35,769 [INFO] ThirdParty:1030 - CMSIS Pack Vendor :STMicroelectronics X-CUBE-NFC6 3.1.0
2025-02-12 14:02:35,769 [INFO] ThirdParty:1030 - CMSIS Pack Vendor :ITTIA_DB I-CUBE-ITTIADB 8.8.0
2025-02-12 14:02:35,769 [INFO] ThirdParty:1030 - CMSIS Pack Vendor :STMicroelectronics FP-SNS-MOTENV1 4.3.0
2025-02-12 14:02:35,770 [INFO] ThirdParty:1030 - CMSIS Pack Vendor :STMicroelectronics FP-SNS-MOTENV1 4.3.2
2025-02-12 14:02:35,770 [INFO] ThirdParty:1030 - CMSIS Pack Vendor :STMicroelectronics FP-SNS-FLIGHT1 5.0.0
2025-02-12 14:02:35,770 [INFO] ThirdParty:1030 - CMSIS Pack Vendor :STMicroelectronics FP-SNS-MOTENV1 4.3.1
2025-02-12 14:02:35,770 [INFO] ThirdParty:1030 - CMSIS Pack Vendor :STMicroelectronics FP-SNS-FLIGHT1 5.0.1
2025-02-12 14:02:35,770 [INFO] ThirdParty:1030 - CMSIS Pack Vendor :STMicroelectronics X-CUBE-MEMS1 11.0.0
2025-02-12 14:02:35,771 [INFO] ThirdParty:1030 - CMSIS Pack Vendor :STMicroelectronics X-CUBE-BLE1 6.2.4
2025-02-12 14:02:35,771 [INFO] ThirdParty:1030 - CMSIS Pack Vendor :STMicroelectronics FreeRTOS 0.0.1
2025-02-12 14:02:35,771 [INFO] ThirdParty:1030 - CMSIS Pack Vendor :emotas I-CUBE-CANOPEN 1.1.3
2025-02-12 14:02:35,772 [INFO] ThirdParty:1030 - CMSIS Pack Vendor :STMicroelectronics X-CUBE-BLEMGR 2.0.0
2025-02-12 14:02:35,772 [INFO] ThirdParty:1030 - CMSIS Pack Vendor :STMicroelectronics FP-SNS-FLIGHT1 5.0.2
2025-02-12 14:02:35,772 [INFO] ThirdParty:1030 - CMSIS Pack Vendor :STMicroelectronics X-CUBE-AI 9.0.0
2025-02-12 14:02:35,772 [INFO] ThirdParty:1030 - CMSIS Pack Vendor :STMicroelectronics X-CUBE-AZRTOS-H7 3.1.0
2025-02-12 14:02:35,772 [INFO] ThirdParty:1030 - CMSIS Pack Vendor :STMicroelectronics PDM2PCM 3.3.0
2025-02-12 14:02:35,772 [INFO] ThirdParty:1030 - CMSIS Pack Vendor :STMicroelectronics X-CUBE-DISPLAY 3.0.0
2025-02-12 14:02:35,773 [INFO] ThirdParty:1030 - CMSIS Pack Vendor :STMicroelectronics X-CUBE-BLE1 7.0.0
2025-02-12 14:02:35,773 [INFO] ThirdParty:1030 - CMSIS Pack Vendor :STMicroelectronics X-CUBE-NFC10 1.0.0
2025-02-12 14:02:35,773 [INFO] ThirdParty:1030 - CMSIS Pack Vendor :STMicroelectronics HAL Drivers 0.0.0
2025-02-12 14:02:35,773 [INFO] ThirdParty:1030 - CMSIS Pack Vendor :STMicroelectronics X-CUBE-FREERTOS 1.3.0
2025-02-12 14:02:35,773 [INFO] ThirdParty:1030 - CMSIS Pack Vendor :STMicroelectronics X-CUBE-TOUCHGFX 4.22.0
2025-02-12 14:02:35,773 [INFO] ThirdParty:1030 - CMSIS Pack Vendor :STMicroelectronics X-CUBE-NFC7 1.0.1
2025-02-12 14:02:35,773 [INFO] ThirdParty:1030 - CMSIS Pack Vendor :STMicroelectronics MBEDTLS 2.14.1
2025-02-12 14:02:35,774 [INFO] ThirdParty:1030 - CMSIS Pack Vendor :STMicroelectronics X-CUBE-NFC7 1.0.0
2025-02-12 14:02:35,774 [INFO] ThirdParty:1030 - CMSIS Pack Vendor :STMicroelectronics X-CUBE-TOUCHGFX 4.22.1
2025-02-12 14:02:35,774 [INFO] ThirdParty:1030 - CMSIS Pack Vendor :wolfSSL I-CUBE-wolfTPM 3.2.0
2025-02-12 14:02:35,774 [INFO] ThirdParty:1030 - CMSIS Pack Vendor :STMicroelectronics X-CUBE-NFC6 3.0.0
2025-02-12 14:02:35,774 [INFO] ThirdParty:1030 - CMSIS Pack Vendor :STMicroelectronics X-CUBE-EEPRMA1 4.1.0
2025-02-12 14:02:35,774 [INFO] ThirdParty:1030 - CMSIS Pack Vendor :STMicroelectronics X-CUBE-BLEMGR 3.1.0
2025-02-12 14:02:35,774 [INFO] ThirdParty:1030 - CMSIS Pack Vendor :STMicroelectronics X-CUBE-AI 10.0.0
2025-02-12 14:02:35,774 [INFO] ThirdParty:1030 - CMSIS Pack Vendor :STMicroelectronics FP-SNS-SMARTAG2 1.2.0
2025-02-12 14:02:35,774 [INFO] ThirdParty:1030 - CMSIS Pack Vendor :STMicroelectronics X-CUBE-MEMS1 11.1.0
2025-02-12 14:02:35,775 [INFO] ThirdParty:1030 - CMSIS Pack Vendor :STMicroelectronics X-CUBE-AZRTOS-WL 2.0.0
2025-02-12 14:02:35,775 [INFO] ThirdParty:1030 - CMSIS Pack Vendor :STMicroelectronics FP-SNS-MOTENV1 5.0.0
2025-02-12 14:02:35,775 [INFO] ThirdParty:1030 - CMSIS Pack Vendor :STMicroelectronics USB_DEVICE 1.0.0
2025-02-12 14:02:35,775 [INFO] ThirdParty:1030 - CMSIS Pack Vendor :STMicroelectronics X-CUBE-AI 8.1.0
2025-02-12 14:02:35,775 [INFO] ThirdParty:1030 - CMSIS Pack Vendor :wolfSSL I-CUBE-wolfMQTT 1.19.0
2025-02-12 14:02:35,775 [INFO] ThirdParty:1030 - CMSIS Pack Vendor :STMicroelectronics X-CUBE-AZRTOS-L4 2.0.0
2025-02-12 14:02:35,775 [INFO] ThirdParty:1030 - CMSIS Pack Vendor :STMicroelectronics ThreadX 0.0.2
2025-02-12 14:02:35,775 [INFO] ThirdParty:1030 - CMSIS Pack Vendor :WES I-CUBE-Cesium 1.3.0
2025-02-12 14:02:35,776 [INFO] ThirdParty:1030 - CMSIS Pack Vendor :STMicroelectronics lwIP 2.1.2
2025-02-12 14:02:35,776 [INFO] ThirdParty:1030 - CMSIS Pack Vendor :STMicroelectronics X-CUBE-SFXS2LP1 4.0.0
2025-02-12 14:02:35,776 [INFO] ThirdParty:1030 - CMSIS Pack Vendor :STMicroelectronics X-CUBE-BLE2 3.3.0
2025-02-12 14:02:35,776 [INFO] ThirdParty:1030 - CMSIS Pack Vendor :STMicroelectronics PDM2PCM 3.2.0
2025-02-12 14:02:35,776 [INFO] ThirdParty:1030 - CMSIS Pack Vendor :STMicroelectronics X-CUBE-ISPU 1.1.0
2025-02-12 14:02:35,776 [INFO] ThirdParty:1030 - CMSIS Pack Vendor :STMicroelectronics X-CUBE-AZRTOS-H7 3.3.0
2025-02-12 14:02:35,777 [INFO] ThirdParty:1030 - CMSIS Pack Vendor :STMicroelectronics X-CUBE-NFC9 1.0.0
2025-02-12 14:02:35,777 [INFO] ThirdParty:1030 - CMSIS Pack Vendor :STMicroelectronics USB_DEVICE 3.0.0
2025-02-12 14:02:35,777 [INFO] ThirdParty:1030 - CMSIS Pack Vendor :STMicroelectronics X-CUBE-TCPP 4.1.0
2025-02-12 14:02:35,777 [INFO] ThirdParty:1030 - CMSIS Pack Vendor :STMicroelectronics X-CUBE-AI 8.0.0
2025-02-12 14:02:35,777 [INFO] ThirdParty:1030 - CMSIS Pack Vendor :STMicroelectronics X-CUBE-AZRTOS-WB 2.0.0
2025-02-12 14:02:35,778 [INFO] ThirdParty:1030 - CMSIS Pack Vendor :STMicroelectronics X-CUBE-FREERTOS 1.0.1
2025-02-12 14:02:35,778 [INFO] ThirdParty:1030 - CMSIS Pack Vendor :STMicroelectronics X-CUBE-GNSS1 7.0.0
2025-02-12 14:02:35,778 [INFO] ThirdParty:1030 - CMSIS Pack Vendor :STMicroelectronics X-CUBE-GNSS1 7.0.1
2025-02-12 14:02:35,778 [INFO] ThirdParty:1030 - CMSIS Pack Vendor :STMicroelectronics X-CUBE-TOUCHGFX 4.21.3
2025-02-12 14:02:35,778 [INFO] ThirdParty:1030 - CMSIS Pack Vendor :STMicroelectronics X-CUBE-TOUCHGFX 4.21.4
2025-02-12 14:02:35,778 [INFO] ThirdParty:1030 - CMSIS Pack Vendor :STMicroelectronics X-CUBE-ALGOBUILD 1.3.0
2025-02-12 14:02:35,778 [INFO] ThirdParty:1030 - CMSIS Pack Vendor :STMicroelectronics X-CUBE-AZRTOS-L5 1.1.0
2025-02-12 14:02:35,778 [INFO] ThirdParty:1030 - CMSIS Pack Vendor :STMicroelectronics X-CUBE-AZRTOS-G0 1.1.0
2025-02-12 14:02:35,778 [INFO] ThirdParty:1030 - CMSIS Pack Vendor :STMicroelectronics X-CUBE-AI 8.0.1
2025-02-12 14:02:35,779 [INFO] ThirdParty:1030 - CMSIS Pack Vendor :STMicroelectronics X-CUBE-SAFEA1 1.2.2
2025-02-12 14:02:35,779 [INFO] ThirdParty:1030 - CMSIS Pack Vendor :STMicroelectronics X-CUBE-NFC4 3.0.0
2025-02-12 14:02:35,779 [INFO] ThirdParty:1030 - CMSIS Pack Vendor :STMicroelectronics X-CUBE-SUBG2 5.0.0
2025-02-12 14:02:35,779 [INFO] ThirdParty:1030 - CMSIS Pack Vendor :STMicroelectronics STM32_WPAN 1.0.0
2025-02-12 14:02:35,779 [INFO] ThirdParty:1030 - CMSIS Pack Vendor :wolfSSL I-CUBE-wolfMQTT 1.18.0
2025-02-12 14:02:35,779 [INFO] ThirdParty:1030 - CMSIS Pack Vendor :STMicroelectronics lwIP 2.0.3
2025-02-12 14:02:35,779 [INFO] ThirdParty:1030 - CMSIS Pack Vendor :Cesanta I-CUBE-Mongoose 7.13.0
2025-02-12 14:02:35,779 [INFO] ThirdParty:1030 - CMSIS Pack Vendor :STMicroelectronics USB_HOST 1.0.0
2025-02-12 14:02:35,780 [INFO] ThirdParty:1030 - CMSIS Pack Vendor :STMicroelectronics X-CUBE-TOF1 3.3.1
2025-02-12 14:02:35,780 [INFO] ThirdParty:1030 - CMSIS Pack Vendor :STMicroelectronics X-CUBE-AZRTOS-G4 2.0.0
2025-02-12 14:02:35,780 [INFO] ThirdParty:1030 - CMSIS Pack Vendor :STMicroelectronics PDM2PCM 3.1.0
2025-02-12 14:02:35,780 [INFO] ThirdParty:1030 - CMSIS Pack Vendor :STMicroelectronics X-CUBE-TOF1 3.3.0
2025-02-12 14:02:35,780 [INFO] ThirdParty:1030 - CMSIS Pack Vendor :Infineon AIROC-Wi-Fi-Bluetooth-STM32 1.5.1
2025-02-12 14:02:35,780 [INFO] ThirdParty:1030 - CMSIS Pack Vendor :STMicroelectronics X-CUBE-BLEMGR 3.0.0
2025-02-12 14:02:35,780 [INFO] ThirdParty:1030 - CMSIS Pack Vendor :STMicroelectronics FP-SNS-MOTENVWB1 1.3.0
2025-02-12 14:02:35,781 [INFO] ThirdParty:1030 - CMSIS Pack Vendor :STMicroelectronics FP-SNS-MOTENVWB1 1.3.1
2025-02-12 14:02:35,781 [INFO] ThirdParty:1030 - CMSIS Pack Vendor :STMicroelectronics FP-ATR-SIGFOX1 3.2.0
2025-02-12 14:02:35,781 [INFO] ThirdParty:1030 - CMSIS Pack Vendor :STMicroelectronics X-CUBE-AZRTOS-G4 1.0.0
2025-02-12 14:02:35,782 [INFO] ThirdParty:1030 - CMSIS Pack Vendor :STMicroelectronics X-CUBE-AZRTOS-L4 1.0.0
2025-02-12 14:02:35,782 [INFO] ThirdParty:1030 - CMSIS Pack Vendor :STMicroelectronics X-CUBE-ISPU 2.0.0
2025-02-12 14:02:35,782 [INFO] ThirdParty:1030 - CMSIS Pack Vendor :STMicroelectronics X-CUBE-EEPRMA1 5.1.0
2025-02-12 14:02:35,782 [INFO] ThirdParty:1030 - CMSIS Pack Vendor :STMicroelectronics MBEDTLS 2.16.2
2025-02-12 14:02:35,782 [INFO] ThirdParty:1030 - CMSIS Pack Vendor :STMicroelectronics X-CUBE-ALS 1.0.2
2025-02-12 14:02:35,782 [INFO] ThirdParty:1030 - CMSIS Pack Vendor :STMicroelectronics X-CUBE-MEMS1 10.0.0
2025-02-12 14:02:35,782 [INFO] ThirdParty:1030 - CMSIS Pack Vendor :STMicroelectronics X-CUBE-FREERTOS 1.1.0
2025-02-12 14:02:35,783 [INFO] ThirdParty:1030 - CMSIS Pack Vendor :STMicroelectronics X-CUBE-TOUCHGFX 4.24.0
2025-02-12 14:02:35,783 [INFO] ThirdParty:1030 - CMSIS Pack Vendor :STMicroelectronics X-CUBE-TOUCHGFX 4.24.2
2025-02-12 14:02:35,783 [INFO] ThirdParty:1030 - CMSIS Pack Vendor :STMicroelectronics X-CUBE-AZRTOS-WL 1.0.0
2025-02-12 14:02:35,783 [INFO] ThirdParty:1030 - CMSIS Pack Vendor :STMicroelectronics X-CUBE-TOUCHGFX 4.24.1
2025-02-12 14:02:35,783 [INFO] ThirdParty:1030 - CMSIS Pack Vendor :portGmbH I-Cube-SoM-uGOAL 1.1.0
2025-02-12 14:02:35,783 [INFO] ThirdParty:1030 - CMSIS Pack Vendor :STMicroelectronics X-CUBE-ALS 1.0.1
2025-02-12 14:02:35,783 [INFO] ThirdParty:1030 - CMSIS Pack Vendor :STMicroelectronics X-CUBE-MEMS1 9.5.0
2025-02-12 14:02:35,784 [INFO] ThirdParty:1030 - CMSIS Pack Vendor :STMicroelectronics ThreadX 1.0.0
2025-02-12 14:02:35,784 [INFO] ThirdParty:1030 - CMSIS Pack Vendor :STMicroelectronics X-CUBE-AZRTOS-WB 1.1.0
2025-02-12 14:02:35,784 [INFO] ThirdParty:1030 - CMSIS Pack Vendor :SEGGER I-CUBE-embOS 1.3.1
2025-02-12 14:02:35,784 [INFO] ThirdParty:1030 - CMSIS Pack Vendor :STMicroelectronics X-CUBE-ALGOBUILD 1.4.0
2025-02-12 14:02:35,784 [INFO] ThirdParty:1030 - CMSIS Pack Vendor :STMicroelectronics X-CUBE-AZRTOS-H7RS 1.0.0
2025-02-12 14:02:35,784 [INFO] ThirdParty:1030 - CMSIS Pack Vendor :STMicroelectronics FP-ATR-ASTRA1 2.0.0
2025-02-12 14:02:35,784 [INFO] ThirdParty:1030 - CMSIS Pack Vendor :STMicroelectronics X-CUBE-AI 9.1.0
2025-02-12 14:02:35,785 [INFO] ThirdParty:1030 - CMSIS Pack Vendor :STMicroelectronics X-CUBE-TOF1 3.4.0
2025-02-12 14:02:35,786 [INFO] ThirdParty:1030 - CMSIS Pack Vendor :STMicroelectronics X-CUBE-TOF1 3.4.1
2025-02-12 14:02:35,786 [INFO] ThirdParty:1030 - CMSIS Pack Vendor :STMicroelectronics X-CUBE-AZRTOS-H7 3.2.0
2025-02-12 14:02:35,786 [INFO] ThirdParty:1030 - CMSIS Pack Vendor :wolfSSL I-CUBE-wolfSSH 1.4.17
2025-02-12 14:02:35,787 [INFO] ThirdParty:841 - exiting critical section [change project]
2025-02-12 14:02:36,433 [INFO] PinOutPanel:1499 - setPackage(No Configuration,No Configuration)
2025-02-12 14:02:36,435 [INFO] PinOutPanel:1499 - setPackage(STM32F746ZGTx,LQFP144)
2025-02-12 14:02:37,294 [INFO] UtilMem:75 - Before build in PCC Used Memory: 751567864 Bytes (840957952)
2025-02-12 14:02:37,727 [INFO] UtilMem:75 - After build in PCC Used Memory: 763217952 Bytes (840957952)
2025-02-12 14:02:37,796 [INFO] IPUIPlugin:80 - create IPUIPlugin
2025-02-12 14:02:37,796 [INFO] IPUIPlugin:80 - create IPUIPlugin
2025-02-12 14:02:37,797 [INFO] IPUIPlugin:80 - create IPUIPlugin
2025-02-12 14:02:37,797 [INFO] IPUIPlugin:80 - create IPUIPlugin
2025-02-12 14:02:37,797 [INFO] IPUIPlugin:80 - create IPUIPlugin
2025-02-12 14:02:37,797 [INFO] IPUIPlugin:80 - create IPUIPlugin
2025-02-12 14:02:37,797 [INFO] IPUIPlugin:80 - create IPUIPlugin
2025-02-12 14:02:37,797 [INFO] IPUIPlugin:80 - create IPUIPlugin
2025-02-12 14:02:37,797 [INFO] IPUIPlugin:80 - create IPUIPlugin
2025-02-12 14:02:37,798 [INFO] IPUIPlugin:80 - create IPUIPlugin
2025-02-12 14:02:37,798 [INFO] IPUIPlugin:80 - create IPUIPlugin
2025-02-12 14:02:37,798 [INFO] IPUIPlugin:80 - create IPUIPlugin
2025-02-12 14:02:37,798 [INFO] IPUIPlugin:80 - create IPUIPlugin
2025-02-12 14:02:37,798 [INFO] IPUIPlugin:80 - create IPUIPlugin
2025-02-12 14:02:37,799 [INFO] IPUIPlugin:80 - create IPUIPlugin
2025-02-12 14:02:37,799 [INFO] IPUIPlugin:80 - create IPUIPlugin
2025-02-12 14:02:37,799 [INFO] IPUIPlugin:80 - create IPUIPlugin
2025-02-12 14:02:37,800 [INFO] IPUIPlugin:80 - create IPUIPlugin
2025-02-12 14:02:37,800 [INFO] IPUIPlugin:80 - create IPUIPlugin
2025-02-12 14:02:37,800 [INFO] IPUIPlugin:80 - create IPUIPlugin
2025-02-12 14:02:37,800 [INFO] IPUIPlugin:80 - create IPUIPlugin
2025-02-12 14:02:37,801 [INFO] IPUIPlugin:80 - create IPUIPlugin
2025-02-12 14:02:37,801 [INFO] IPUIPlugin:80 - create IPUIPlugin
2025-02-12 14:02:37,801 [INFO] IPUIPlugin:80 - create IPUIPlugin
2025-02-12 14:02:37,802 [INFO] IPUIPlugin:80 - create IPUIPlugin
2025-02-12 14:02:37,802 [INFO] IPUIPlugin:80 - create IPUIPlugin
2025-02-12 14:02:37,803 [INFO] IPUIPlugin:80 - create IPUIPlugin
2025-02-12 14:02:37,803 [INFO] IPUIPlugin:80 - create IPUIPlugin
2025-02-12 14:02:37,804 [INFO] IPUIPlugin:80 - create IPUIPlugin
2025-02-12 14:02:37,804 [INFO] IPUIPlugin:80 - create IPUIPlugin
2025-02-12 14:02:37,804 [INFO] IPUIPlugin:80 - create IPUIPlugin
2025-02-12 14:02:37,805 [INFO] IPUIPlugin:80 - create IPUIPlugin
2025-02-12 14:02:37,805 [INFO] IPUIPlugin:80 - create IPUIPlugin
2025-02-12 14:02:37,806 [INFO] IPUIPlugin:80 - create IPUIPlugin
2025-02-12 14:02:37,806 [INFO] IPUIPlugin:80 - create IPUIPlugin
2025-02-12 14:02:37,807 [INFO] IPUIPlugin:80 - create IPUIPlugin
2025-02-12 14:02:37,807 [INFO] IPUIPlugin:80 - create IPUIPlugin
2025-02-12 14:02:37,808 [INFO] IPUIPlugin:80 - create IPUIPlugin
2025-02-12 14:02:37,808 [INFO] IPUIPlugin:80 - create IPUIPlugin
2025-02-12 14:02:37,808 [INFO] IPUIPlugin:80 - create IPUIPlugin
2025-02-12 14:02:37,809 [INFO] IPUIPlugin:80 - create IPUIPlugin
2025-02-12 14:02:37,809 [INFO] IPUIPlugin:80 - create IPUIPlugin
2025-02-12 14:02:37,809 [INFO] IPUIPlugin:80 - create IPUIPlugin
2025-02-12 14:02:37,809 [INFO] IPUIPlugin:80 - create IPUIPlugin
2025-02-12 14:02:37,809 [INFO] IPUIPlugin:80 - create IPUIPlugin
2025-02-12 14:02:37,811 [INFO] IPUIPlugin:80 - create IPUIPlugin
2025-02-12 14:02:37,811 [INFO] IPUIPlugin:80 - create IPUIPlugin
2025-02-12 14:02:37,812 [INFO] IPUIPlugin:80 - create IPUIPlugin
2025-02-12 14:02:37,813 [INFO] IPUIPlugin:80 - create IPUIPlugin
2025-02-12 14:02:37,813 [INFO] IPUIPlugin:80 - create IPUIPlugin
2025-02-12 14:02:37,813 [INFO] IPUIPlugin:80 - create IPUIPlugin
2025-02-12 14:02:37,814 [INFO] IPUIPlugin:80 - create IPUIPlugin
2025-02-12 14:02:37,814 [INFO] IPUIPlugin:80 - create IPUIPlugin
2025-02-12 14:02:37,817 [INFO] IPUIPlugin:80 - create IPUIPlugin
2025-02-12 14:02:37,818 [INFO] IPUIPlugin:80 - create IPUIPlugin
2025-02-12 14:02:37,818 [INFO] IPUIPlugin:80 - create IPUIPlugin
2025-02-12 14:02:37,819 [INFO] IPUIPlugin:80 - create IPUIPlugin
2025-02-12 14:02:37,819 [INFO] IPUIPlugin:80 - create IPUIPlugin
2025-02-12 14:02:37,820 [INFO] IPUIPlugin:80 - create IPUIPlugin
2025-02-12 14:02:37,820 [INFO] IPUIPlugin:80 - create IPUIPlugin
2025-02-12 14:02:37,820 [INFO] IPUIPlugin:80 - create IPUIPlugin
2025-02-12 14:02:37,821 [INFO] IPUIPlugin:80 - create IPUIPlugin
2025-02-12 14:02:37,822 [INFO] IPUIPlugin:80 - create IPUIPlugin
2025-02-12 14:02:37,823 [INFO] IPUIPlugin:80 - create IPUIPlugin
2025-02-12 14:02:37,824 [INFO] IPUIPlugin:80 - create IPUIPlugin
2025-02-12 14:02:37,825 [INFO] IPUIPlugin:80 - create IPUIPlugin
2025-02-12 14:02:37,825 [INFO] IPUIPlugin:80 - create IPUIPlugin
2025-02-12 14:02:37,826 [INFO] IPUIPlugin:80 - create IPUIPlugin
2025-02-12 14:02:37,828 [INFO] IPUIPlugin:80 - create IPUIPlugin
2025-02-12 14:02:37,828 [INFO] IPUIPlugin:80 - create IPUIPlugin
2025-02-12 14:02:37,829 [INFO] IPUIPlugin:80 - create IPUIPlugin
2025-02-12 14:02:37,829 [INFO] IPUIPlugin:80 - create IPUIPlugin
2025-02-12 14:02:37,830 [INFO] IPUIPlugin:80 - create IPUIPlugin
2025-02-12 14:02:37,830 [INFO] IPUIPlugin:80 - create IPUIPlugin
2025-02-12 14:02:37,831 [INFO] IPUIPlugin:80 - create IPUIPlugin
2025-02-12 14:02:37,835 [INFO] ApiDbMcu:507 - Load IP Config File for PDM2PCM
2025-02-12 14:02:37,838 [INFO] Can:71 - Can Add PropertyChangeListener com.st.microxplorer.plugins.ip.can.Can@11ca493f
2025-02-12 14:02:37,839 [INFO] Can:71 - Can Add PropertyChangeListener com.st.microxplorer.plugins.ip.can.Can@175c5e04
2025-02-12 14:02:38,015 [INFO] CADModel:165 - CPN selected for project levelSTM32F746ZGT6
2025-02-12 14:02:38,015 [INFO] CADModel:114 - Register for checkConnection events
2025-02-12 14:02:38,121 [INFO] OpenFileManager:328 - Restore cursor
2025-02-12 14:02:38,448 [WARN] IP:2113 - LayerIdx_L1 not found: check if there is a RefParameter without a condition.
