2025-02-02 16:11:11,349 [INFO] Activator:176 - 


2025-02-02 16:11:11,362 [INFO] Activator:177 - !SESSION log4j initialized
2025-02-02 16:11:20,040 [INFO] LogOutputStream:77 - [STDOUT_REDIRECT] 
2025-02-02 16:11:47,403 [INFO] ApplicationProperties:184 - Using Application install path: C:\ST\STM32CubeIDE_1.12.1\STM32CubeIDE\plugins\com.st.stm32cube.common.mx_6.8.1.202304191431
2025-02-02 16:11:47,448 [INFO] DbMcusXml:78 - Set database path to: C:\ST\STM32CubeIDE_1.12.1\STM32CubeIDE\plugins\com.st.stm32cube.common.mx_6.8.1.202304191431\\db\/mcu/
2025-02-02 16:11:47,449 [INFO] ApiDb:274 - Set plugin database path to: C:\ST\STM32CubeIDE_1.12.1\STM32CubeIDE\plugins\com.st.stm32cube.common.mx_6.8.1.202304191431\\db\/plugins/boardmanager/
2025-02-02 16:11:47,452 [WARN] ApiDb:259 - Overriding images path with different value:  => C:\ST\STM32CubeIDE_1.12.1\STM32CubeIDE\plugins\com.st.stm32cube.common.mx_6.8.1.202304191431\\db\/plugins/mcufinder/images/
2025-02-02 16:11:47,476 [INFO] ApiDb:250 - Set database path to: C:\Users\rhett\.stmcufinder\plugins\mcufinder//mcu/
2025-02-02 16:11:47,478 [INFO] DbMcusAds:125 - Set database path to: C:\Users\rhett\.stmcufinder\plugins\mcufinder//mcu/
2025-02-02 16:11:47,502 [INFO] CrossReferenceDbSqlite:203 - Set database path to: C:\Users\rhett\.stmcufinder\plugins\mcufinder//mcu/cs/
2025-02-02 16:11:47,652 [INFO] RulesReader:64 - Compatibility file has been processed (293 Rules)
2025-02-02 16:11:47,793 [INFO] DbMcusXml:78 - Set database path to: C:\ST\STM32CubeIDE_1.12.1\STM32CubeIDE\plugins\com.st.stm32cube.common.mx_6.8.1.202304191431\\db\/mcu/
2025-02-02 16:11:47,794 [INFO] ApiDb:274 - Set plugin database path to: C:\ST\STM32CubeIDE_1.12.1\STM32CubeIDE\plugins\com.st.stm32cube.common.mx_6.8.1.202304191431\\db\/plugins/boardmanager/
2025-02-02 16:11:47,794 [INFO] ApiDb:261 - Set plugin images path to: C:\ST\STM32CubeIDE_1.12.1\STM32CubeIDE\plugins\com.st.stm32cube.common.mx_6.8.1.202304191431\\db\/plugins/mcufinder/images/
2025-02-02 16:11:47,794 [WARN] DbFile:41 - Overriding database path with different value: C:\Users\rhett\.stmcufinder\plugins\mcufinder/ => C:\Users\rhett\.stmcufinder\plugins\mcufinder
2025-02-02 16:11:47,795 [INFO] ApiDb:250 - Set database path to: C:\Users\rhett\.stmcufinder\plugins\mcufinder//mcu/
2025-02-02 16:11:47,795 [WARN] DbFile:41 - Overriding database path with different value: C:\Users\rhett\.stmcufinder\plugins\mcufinder/ => C:\Users\rhett\.stmcufinder\plugins\mcufinder
2025-02-02 16:11:47,795 [INFO] DbMcusAds:125 - Set database path to: C:\Users\rhett\.stmcufinder\plugins\mcufinder//mcu/
2025-02-02 16:11:47,795 [WARN] DbFile:41 - Overriding database path with different value: C:\Users\rhett\.stmcufinder\plugins\mcufinder/ => C:\Users\rhett\.stmcufinder\plugins\mcufinder
2025-02-02 16:11:47,796 [WARN] DbFile:41 - Overriding database path with different value: C:\Users\rhett\.stmcufinder\plugins\mcufinder/ => C:\Users\rhett\.stmcufinder\plugins\mcufinder
2025-02-02 16:11:47,796 [INFO] CrossReferenceDbSqlite:203 - Set database path to: C:\Users\rhett\.stmcufinder\plugins\mcufinder//mcu/cs/
2025-02-02 16:11:47,899 [INFO] MainPanel:253 - HeapMemory: 268435456
2025-02-02 16:11:48,046 [INFO] DbMcusXml:78 - Set database path to: C:\ST\STM32CubeIDE_1.12.1\STM32CubeIDE\plugins\com.st.stm32cube.common.mx_6.8.1.202304191431\\db\/mcu/
2025-02-02 16:11:48,046 [INFO] ApiDb:274 - Set plugin database path to: C:\ST\STM32CubeIDE_1.12.1\STM32CubeIDE\plugins\com.st.stm32cube.common.mx_6.8.1.202304191431\\db\/plugins/boardmanager/
2025-02-02 16:11:48,047 [INFO] ApiDb:261 - Set plugin images path to: C:\ST\STM32CubeIDE_1.12.1\STM32CubeIDE\plugins\com.st.stm32cube.common.mx_6.8.1.202304191431\\db\/plugins/mcufinder/images/
2025-02-02 16:11:48,047 [WARN] DbFile:41 - Overriding database path with different value: C:\Users\rhett\.stmcufinder\plugins\mcufinder/ => C:\Users\rhett\.stmcufinder\plugins\mcufinder
2025-02-02 16:11:48,049 [INFO] ApiDb:250 - Set database path to: C:\Users\rhett\.stmcufinder\plugins\mcufinder//mcu/
2025-02-02 16:11:48,049 [WARN] DbFile:41 - Overriding database path with different value: C:\Users\rhett\.stmcufinder\plugins\mcufinder/ => C:\Users\rhett\.stmcufinder\plugins\mcufinder
2025-02-02 16:11:48,049 [INFO] DbMcusAds:125 - Set database path to: C:\Users\rhett\.stmcufinder\plugins\mcufinder//mcu/
2025-02-02 16:11:48,049 [WARN] DbFile:41 - Overriding database path with different value: C:\Users\rhett\.stmcufinder\plugins\mcufinder/ => C:\Users\rhett\.stmcufinder\plugins\mcufinder
2025-02-02 16:11:48,049 [WARN] DbFile:41 - Overriding database path with different value: C:\Users\rhett\.stmcufinder\plugins\mcufinder/ => C:\Users\rhett\.stmcufinder\plugins\mcufinder
2025-02-02 16:11:48,049 [INFO] CrossReferenceDbSqlite:203 - Set database path to: C:\Users\rhett\.stmcufinder\plugins\mcufinder//mcu/cs/
2025-02-02 16:11:48,078 [INFO] ApplicationProperties:184 - Using Application install path: C:\ST\STM32CubeIDE_1.12.1\STM32CubeIDE\plugins\com.st.stm32cube.common.mx_6.8.1.202304191431
2025-02-02 16:11:48,081 [INFO] PluginManage:196 - Search for loadable plugins [exclusion list=, ]
2025-02-02 16:11:48,084 [INFO] PluginManage:310 - Check plugin analytics
2025-02-02 16:11:48,465 [INFO] AnalyticsPlugin:253 - Accepted Software Licenses: 
2025-02-02 16:11:48,466 [INFO] AnalyticsPlugin:255 - Accepted CMSIS Pack Licenses: STMicroelectronics.X-CUBE-TOUCHGFX.4.24.0
2025-02-02 16:11:48,466 [INFO] AnalyticsPlugin:257 - Accepted Firmware Licenses: FW.G0.1.6.0,FW.F4.1.27.0,FW.MP1.1.6.0,FW.C0.1.0.0,FW.F7.1.17.0
2025-02-02 16:11:48,512 [INFO] PluginManage:359 - Loaded plugin analytics (category:tool,tabindex:-1)
2025-02-02 16:11:48,513 [INFO] PluginManage:310 - Check plugin cadmodel
2025-02-02 16:11:48,552 [INFO] CADModel:105 - Init CAD model plugin
2025-02-02 16:11:48,553 [INFO] PluginManage:359 - Loaded plugin cadmodel (category:power,tabindex:5)
2025-02-02 16:11:48,553 [INFO] PluginManage:310 - Check plugin clock
2025-02-02 16:11:48,600 [INFO] PluginManage:359 - Loaded plugin clock (category:base,tabindex:2)
2025-02-02 16:11:48,600 [INFO] PluginManage:310 - Check plugin ddr
2025-02-02 16:11:48,605 [INFO] PluginManage:359 - Loaded plugin ddr (category:tool,tabindex:6)
2025-02-02 16:11:48,606 [INFO] PluginManage:310 - Check plugin filemanager
2025-02-02 16:11:48,804 [INFO] PluginManage:359 - Loaded plugin filemanager (category:base,tabindex:10)
2025-02-02 16:11:48,804 [INFO] PluginManage:310 - Check plugin ipmanager
2025-02-02 16:11:48,817 [INFO] PluginManage:359 - Loaded plugin ipmanager (category:base,tabindex:5)
2025-02-02 16:11:48,817 [INFO] PluginManage:310 - Check plugin lpbam
2025-02-02 16:11:48,839 [INFO] PluginManage:359 - Loaded plugin lpbam (category:base,tabindex:0)
2025-02-02 16:11:48,839 [INFO] PluginManage:310 - Check plugin pinoutandconfiguration
2025-02-02 16:11:48,861 [INFO] PluginManage:359 - Loaded plugin pinoutandconfiguration (category:base,tabindex:1)
2025-02-02 16:11:48,861 [INFO] PluginManage:310 - Check plugin pinoutconfig
2025-02-02 16:11:48,986 [WARN] SupportedApi:132 - Cannot load RTOS API schema: s4s-elt-must-match.1: The content of 'definitions' must match (annotation?, (simpleType | complexType)?, (unique | key | keyref)*)). A problem was found starting at: attribute.
2025-02-02 16:11:49,169 [INFO] PluginManage:359 - Loaded plugin pinoutconfig (category:base,tabindex:0)
2025-02-02 16:11:49,169 [INFO] PluginManage:310 - Check plugin power
2025-02-02 16:11:49,201 [INFO] PluginManage:359 - Loaded plugin power (category:power,tabindex:4)
2025-02-02 16:11:49,201 [INFO] PluginManage:310 - Check plugin projectmanager
2025-02-02 16:11:49,224 [INFO] PluginManage:359 - Loaded plugin projectmanager (category:projectmanager,tabindex:3)
2025-02-02 16:11:49,224 [INFO] PluginManage:310 - Check plugin thirdparty
2025-02-02 16:11:49,559 [INFO] PluginManage:359 - Loaded plugin thirdparty (category:base,tabindex:-1)
2025-02-02 16:11:49,560 [INFO] PluginManage:310 - Check plugin tools
2025-02-02 16:11:49,559 [WARN] IntegrityCheckThread:84 - waiting for thirdparty lock release [integrity check]
2025-02-02 16:11:49,560 [INFO] IntegrityCheckThread:86 - entering critical section [integrity check]
2025-02-02 16:11:49,562 [INFO] ThirdPartyUpdaterWithRetryManager:70 - Updater plugin not ready yet. [1/15]
2025-02-02 16:11:49,598 [INFO] PluginManage:359 - Loaded plugin tools (category:base,tabindex:7)
2025-02-02 16:11:49,599 [INFO] PluginManage:310 - Check plugin tutovideos
2025-02-02 16:11:49,878 [INFO] PluginManage:359 - Loaded plugin tutovideos (category:base,tabindex:-1)
2025-02-02 16:11:49,878 [INFO] PluginManage:310 - Check plugin updater
2025-02-02 16:11:49,900 [INFO] PluginManage:359 - Loaded plugin updater (category:base,tabindex:12)
2025-02-02 16:11:49,901 [INFO] PluginManage:283 - PluginManage : Loaded plugins [15]
2025-02-02 16:11:50,243 [INFO] PinOutPanel:1499 - setPackage(No Configuration,No Configuration)
2025-02-02 16:11:50,362 [INFO] CADModel:165 - CPN selected for project level
2025-02-02 16:11:50,362 [INFO] CADModel:114 - Register for checkConnection events
2025-02-02 16:11:50,401 [INFO] IPUIPlugin:80 - create IPUIPlugin
2025-02-02 16:11:50,401 [INFO] PluginManager:220 - loadIPPluginJar : add adc
2025-02-02 16:11:50,445 [INFO] IPUIPlugin:80 - create IPUIPlugin
2025-02-02 16:11:50,445 [INFO] PluginManager:220 - loadIPPluginJar : add aes
2025-02-02 16:11:50,497 [INFO] IPUIPlugin:80 - create IPUIPlugin
2025-02-02 16:11:50,497 [INFO] PluginManager:220 - loadIPPluginJar : add can
2025-02-02 16:11:50,529 [INFO] IPUIPlugin:80 - create IPUIPlugin
2025-02-02 16:11:50,529 [INFO] PluginManager:220 - loadIPPluginJar : add comp
2025-02-02 16:11:50,571 [INFO] IPUIPlugin:80 - create IPUIPlugin
2025-02-02 16:11:50,571 [INFO] PluginManager:220 - loadIPPluginJar : add cryp
2025-02-02 16:11:50,606 [INFO] IPUIPlugin:80 - create IPUIPlugin
2025-02-02 16:11:50,608 [INFO] PluginManager:220 - loadIPPluginJar : add dfsdm
2025-02-02 16:11:50,626 [INFO] IPUIPlugin:80 - create IPUIPlugin
2025-02-02 16:11:50,626 [INFO] PluginManager:220 - loadIPPluginJar : add dma
2025-02-02 16:11:50,682 [INFO] IPUIPlugin:80 - create IPUIPlugin
2025-02-02 16:11:50,682 [INFO] PluginManager:220 - loadIPPluginJar : add dma3
2025-02-02 16:11:50,709 [INFO] IPUIPlugin:80 - create IPUIPlugin
2025-02-02 16:11:50,710 [INFO] PluginManager:220 - loadIPPluginJar : add fatfs
2025-02-02 16:11:50,766 [INFO] IPUIPlugin:80 - create IPUIPlugin
2025-02-02 16:11:50,766 [INFO] PluginManager:220 - loadIPPluginJar : add fmc
2025-02-02 16:11:50,786 [INFO] IPUIPlugin:80 - create IPUIPlugin
2025-02-02 16:11:50,786 [INFO] PluginManager:220 - loadIPPluginJar : add freertos
2025-02-02 16:11:50,815 [INFO] IPUIPlugin:80 - create IPUIPlugin
2025-02-02 16:11:50,815 [INFO] PluginManager:220 - loadIPPluginJar : add genericplugin
2025-02-02 16:11:50,935 [INFO] IPUIPlugin:80 - create IPUIPlugin
2025-02-02 16:11:50,935 [INFO] PluginManager:220 - loadIPPluginJar : add gfxmmu
2025-02-02 16:11:51,101 [INFO] IPUIPlugin:80 - create IPUIPlugin
2025-02-02 16:11:51,102 [INFO] PluginManager:220 - loadIPPluginJar : add gic
2025-02-02 16:11:51,116 [INFO] IPUIPlugin:80 - create IPUIPlugin
2025-02-02 16:11:51,116 [INFO] PluginManager:220 - loadIPPluginJar : add gpio
2025-02-02 16:11:51,226 [INFO] IPUIPlugin:80 - create IPUIPlugin
2025-02-02 16:11:51,226 [INFO] PluginManager:220 - loadIPPluginJar : add gtzc
2025-02-02 16:11:51,264 [INFO] IPUIPlugin:80 - create IPUIPlugin
2025-02-02 16:11:51,264 [INFO] PluginManager:220 - loadIPPluginJar : add hash
2025-02-02 16:11:51,331 [INFO] IPUIPlugin:80 - create IPUIPlugin
2025-02-02 16:11:51,331 [INFO] PluginManager:220 - loadIPPluginJar : add i2c
2025-02-02 16:11:51,380 [INFO] IPUIPlugin:80 - create IPUIPlugin
2025-02-02 16:11:51,381 [INFO] PluginManager:220 - loadIPPluginJar : add i2s
2025-02-02 16:11:51,437 [INFO] IPUIPlugin:80 - create IPUIPlugin
2025-02-02 16:11:51,437 [INFO] PluginManager:220 - loadIPPluginJar : add i3c
2025-02-02 16:11:51,570 [INFO] IPUIPlugin:80 - create IPUIPlugin
2025-02-02 16:11:51,570 [INFO] PluginManager:220 - loadIPPluginJar : add ipddr
2025-02-02 16:11:51,689 [INFO] IPUIPlugin:80 - create IPUIPlugin
2025-02-02 16:11:51,689 [INFO] PluginManager:220 - loadIPPluginJar : add linkedlist
2025-02-02 16:11:51,732 [INFO] IPUIPlugin:80 - create IPUIPlugin
2025-02-02 16:11:51,732 [INFO] PluginManager:220 - loadIPPluginJar : add lorawan
2025-02-02 16:11:51,778 [INFO] IPUIPlugin:80 - create IPUIPlugin
2025-02-02 16:11:51,778 [INFO] PluginManager:220 - loadIPPluginJar : add ltdc
2025-02-02 16:11:51,799 [INFO] IPUIPlugin:80 - create IPUIPlugin
2025-02-02 16:11:51,799 [INFO] PluginManager:220 - loadIPPluginJar : add mdma
2025-02-02 16:11:51,814 [INFO] IPUIPlugin:80 - create IPUIPlugin
2025-02-02 16:11:51,814 [INFO] PluginManager:220 - loadIPPluginJar : add nvic
2025-02-02 16:11:51,863 [INFO] IPUIPlugin:80 - create IPUIPlugin
2025-02-02 16:11:51,863 [INFO] PluginManager:220 - loadIPPluginJar : add opamp
2025-02-02 16:11:51,938 [INFO] IPUIPlugin:80 - create IPUIPlugin
2025-02-02 16:11:51,939 [INFO] PluginManager:220 - loadIPPluginJar : add openamp
2025-02-02 16:11:51,993 [INFO] IPUIPlugin:80 - create IPUIPlugin
2025-02-02 16:11:51,993 [INFO] PluginManager:220 - loadIPPluginJar : add pdm2pcm
2025-02-02 16:11:52,011 [INFO] IPUIPlugin:80 - create IPUIPlugin
2025-02-02 16:11:52,013 [INFO] PluginManager:220 - loadIPPluginJar : add plateformsettings
2025-02-02 16:11:52,043 [INFO] IPUIPlugin:80 - create IPUIPlugin
2025-02-02 16:11:52,043 [INFO] PluginManager:220 - loadIPPluginJar : add quadspi
2025-02-02 16:11:52,064 [INFO] IPUIPlugin:80 - create IPUIPlugin
2025-02-02 16:11:52,064 [INFO] PluginManager:220 - loadIPPluginJar : add resmgrutility
2025-02-02 16:11:52,123 [INFO] IPUIPlugin:80 - create IPUIPlugin
2025-02-02 16:11:52,123 [INFO] PluginManager:220 - loadIPPluginJar : add sai
2025-02-02 16:11:52,170 [INFO] IPUIPlugin:80 - create IPUIPlugin
2025-02-02 16:11:52,170 [INFO] PluginManager:220 - loadIPPluginJar : add spi
2025-02-02 16:11:52,242 [INFO] IPUIPlugin:80 - create IPUIPlugin
2025-02-02 16:11:52,242 [INFO] PluginManager:220 - loadIPPluginJar : add stm32_wpan
2025-02-02 16:11:52,272 [INFO] IPUIPlugin:80 - create IPUIPlugin
2025-02-02 16:11:52,272 [INFO] PluginManager:220 - loadIPPluginJar : add tim
2025-02-02 16:11:52,336 [INFO] IPUIPlugin:80 - create IPUIPlugin
2025-02-02 16:11:52,336 [INFO] PluginManager:220 - loadIPPluginJar : add touchsensing
2025-02-02 16:11:52,368 [INFO] IPUIPlugin:80 - create IPUIPlugin
2025-02-02 16:11:52,368 [INFO] PluginManager:220 - loadIPPluginJar : add tracer_emb
2025-02-02 16:11:52,396 [INFO] IPUIPlugin:80 - create IPUIPlugin
2025-02-02 16:11:52,398 [INFO] PluginManager:220 - loadIPPluginJar : add ts
2025-02-02 16:11:52,426 [INFO] IPUIPlugin:80 - create IPUIPlugin
2025-02-02 16:11:52,426 [INFO] PluginManager:220 - loadIPPluginJar : add tsc
2025-02-02 16:11:52,454 [INFO] IPUIPlugin:80 - create IPUIPlugin
2025-02-02 16:11:52,454 [INFO] PluginManager:220 - loadIPPluginJar : add ucpd
2025-02-02 16:11:52,509 [INFO] IPUIPlugin:80 - create IPUIPlugin
2025-02-02 16:11:52,510 [INFO] PluginManager:220 - loadIPPluginJar : add usart
2025-02-02 16:11:52,559 [INFO] IPUIPlugin:80 - create IPUIPlugin
2025-02-02 16:11:52,559 [INFO] PluginManager:220 - loadIPPluginJar : add usbx
2025-02-02 16:11:52,564 [INFO] ThirdPartyUpdaterWithRetryManager:70 - Updater plugin not ready yet. [2/15]
2025-02-02 16:11:52,701 [INFO] CADModel:165 - CPN selected for project level
2025-02-02 16:11:52,701 [INFO] CADModel:114 - Register for checkConnection events
2025-02-02 16:11:52,702 [FATAL] Updater:308 - Updater called before beeing initialized
2025-02-02 16:11:52,702 [ERROR] CADModel:125 - Updater not yet initialized, retry later 
2025-02-02 16:11:52,881 [INFO] CADModel:165 - CPN selected for project level
2025-02-02 16:11:52,881 [INFO] CADModel:114 - Register for checkConnection events
2025-02-02 16:11:52,881 [FATAL] Updater:308 - Updater called before beeing initialized
2025-02-02 16:11:52,881 [ERROR] CADModel:125 - Updater not yet initialized, retry later 
2025-02-02 16:11:52,886 [FATAL] Updater:308 - Updater called before beeing initialized
2025-02-02 16:11:53,054 [FATAL] Updater:308 - Updater called before beeing initialized
2025-02-02 16:11:53,071 [INFO] DbMcusAds:53 - JSON generation date=Wed Dec 18 02:01:15 AEST 2024 (1734451275230)
2025-02-02 16:11:53,071 [FATAL] Updater:308 - Updater called before beeing initialized
2025-02-02 16:11:53,170 [WARN] DetailPanel:346 - Failed to get advertising image, set to default
2025-02-02 16:11:53,325 [FATAL] Updater:308 - Updater called before beeing initialized
2025-02-02 16:11:53,328 [FATAL] Updater:308 - Updater called before beeing initialized
2025-02-02 16:11:53,329 [FATAL] Updater:308 - Updater called before beeing initialized
2025-02-02 16:11:53,329 [WARN] DetailPanel:346 - Failed to get advertising image, set to default
2025-02-02 16:11:53,330 [FATAL] Updater:308 - Updater called before beeing initialized
2025-02-02 16:11:53,469 [ERROR] Updater:1120 - MainUpdater not yet initialized. External WinMGr cannot be set.
2025-02-02 16:11:53,484 [INFO] Updater:1056 - Updater Version found : 6.8.1
2025-02-02 16:11:53,508 [INFO] ApplicationProperties:184 - Using Application install path: C:\ST\STM32CubeIDE_1.12.1\STM32CubeIDE\plugins\com.st.stm32cube.common.mx_6.8.1.202304191431
2025-02-02 16:11:53,887 [INFO] MainUpdater:2854 - connection check result : 10
2025-02-02 16:11:53,888 [INFO] MainUpdater:283 - Updater Check For Update Now.
2025-02-02 16:11:53,888 [INFO] MicroXplorer:498 - Change Database Version : DB.6.0.81
2025-02-02 16:11:54,162 [INFO] CheckServerUpdateThread:120 - End of CheckServer Thread
2025-02-02 16:11:54,345 [INFO] MainUpdater:2854 - connection check result : 10
2025-02-02 16:11:54,356 [INFO] MainUpdater:2854 - connection check result : 10
2025-02-02 16:11:54,594 [INFO] MicroXplorer:468 - Change Database Path : 
2025-02-02 16:11:54,595 [INFO] MicroXplorer:498 - Change Database Version : DB.6.0.81
2025-02-02 16:11:54,596 [WARN] ThirdParty:871 - waiting for thirdparty lock release [close project]
2025-02-02 16:11:56,044 [WARN] PackLoader:240 - Cannot read IP mode file for STMicroelectronics.FP-ATR-ASTRA1.2.0.1
2025-02-02 16:11:56,070 [WARN] PackLoader:240 - Cannot read IP mode file for STMicroelectronics.X-CUBE-SMBUS.2.1.0
2025-02-02 16:11:56,098 [WARN] PackLoader:240 - Cannot read IP mode file for STMicroelectronics.X-CUBE-WB05N.1.1.0
2025-02-02 16:11:56,122 [WARN] PackLoader:240 - Cannot read IP mode file for STMicroelectronics.X-CUBE-TOUCHGFX.4.23.1
2025-02-02 16:11:56,140 [WARN] PackLoader:240 - Cannot read IP mode file for STMicroelectronics.X-CUBE-TOUCHGFX.4.23.0
2025-02-02 16:11:56,155 [WARN] PackLoader:240 - Cannot read IP mode file for STMicroelectronics.X-CUBE-TOUCHGFX.4.23.2
2025-02-02 16:11:56,213 [WARN] PackLoader:240 - Cannot read IP mode file for STMicroelectronics.X-CUBE-AZRTOS-F7.1.1.0
2025-02-02 16:11:56,247 [ERROR] RealEvaluatedCondition:428 - Found unsupported composite condition: GROUP='STM32_MetaDataManager' CLASS='Data Exchange'
2025-02-02 16:11:56,248 [ERROR] RealEvaluatedCondition:428 - Found unsupported composite condition: CLASS='Data Exchange' GROUP='STM32_MetaDataManager'
2025-02-02 16:11:56,250 [WARN] PackLoader:240 - Cannot read IP mode file for STMicroelectronics.FP-SNS-MOTENV1.4.3.0
2025-02-02 16:11:56,281 [WARN] PackLoader:240 - Cannot read IP mode file for STMicroelectronics.FP-SNS-MOTENV1.4.3.2
2025-02-02 16:11:56,306 [WARN] PackLoader:240 - Cannot read IP mode file for STMicroelectronics.FP-SNS-FLIGHT1.5.0.0
2025-02-02 16:11:56,331 [ERROR] RealEvaluatedCondition:428 - Found unsupported composite condition: GROUP='STM32_MetaDataManager' CLASS='Data Exchange'
2025-02-02 16:11:56,331 [ERROR] RealEvaluatedCondition:428 - Found unsupported composite condition: CLASS='Data Exchange' GROUP='STM32_MetaDataManager'
2025-02-02 16:11:56,333 [WARN] PackLoader:240 - Cannot read IP mode file for STMicroelectronics.FP-SNS-MOTENV1.4.3.1
2025-02-02 16:11:56,357 [WARN] PackLoader:240 - Cannot read IP mode file for STMicroelectronics.FP-SNS-FLIGHT1.5.0.1
2025-02-02 16:11:56,500 [WARN] PackLoader:240 - Cannot read IP mode file for STMicroelectronics.X-CUBE-MEMS1.11.0.0
2025-02-02 16:11:56,708 [WARN] PackLoader:240 - Cannot read IP mode file for STMicroelectronics.X-CUBE-BLE1.6.2.4
2025-02-02 16:11:56,729 [WARN] PackLoader:240 - Cannot read IP mode file for STMicroelectronics.FP-SNS-FLIGHT1.5.0.2
2025-02-02 16:11:56,768 [WARN] PackLoader:240 - Cannot read IP mode file for STMicroelectronics.X-CUBE-DISPLAY.3.0.0
2025-02-02 16:11:56,806 [WARN] PackLoader:240 - Cannot read IP mode file for STMicroelectronics.X-CUBE-BLE1.7.0.0
2025-02-02 16:11:56,836 [WARN] PackLoader:240 - Cannot read IP mode file for STMicroelectronics.X-CUBE-NFC10.1.0.0
2025-02-02 16:11:56,865 [ERROR] Engine:466 - C:\Users\rhett\.stm32cubemx\thirdparties\pdsc\STMicroelectronics.X-CUBE-BLEMGR.4.0.0.pdsc: PDSC version is not supported
2025-02-02 16:11:56,890 [WARN] PackLoader:240 - Cannot read IP mode file for STMicroelectronics.X-CUBE-TOUCHGFX.4.22.0
2025-02-02 16:11:56,916 [WARN] PackLoader:240 - Cannot read IP mode file for STMicroelectronics.X-CUBE-TOUCHGFX.4.22.1
2025-02-02 16:11:56,989 [WARN] PackLoader:240 - Cannot read IP mode file for STMicroelectronics.X-CUBE-BLEMGR.3.1.0
2025-02-02 16:11:57,019 [WARN] PackLoader:240 - Cannot read IP mode file for STMicroelectronics.X-CUBE-AI.10.0.0
2025-02-02 16:11:57,046 [WARN] PackLoader:240 - Cannot read IP mode file for STMicroelectronics.FP-SNS-SMARTAG2.1.2.0
2025-02-02 16:11:57,154 [WARN] PackLoader:240 - Cannot read IP mode file for STMicroelectronics.X-CUBE-MEMS1.11.1.0
2025-02-02 16:11:57,348 [INFO] LogOutputStream:77 - [STDOUT_REDIRECT] 1 : Invalid condition id : UX_CORESTACK_Condition cause : null
2025-02-02 16:11:57,349 [INFO] LogOutputStream:77 - [STDOUT_REDIRECT] 1 : Invalid condition id : UX_CORESTACK_Condition cause : null
2025-02-02 16:11:57,351 [INFO] LogOutputStream:77 - [STDOUT_REDIRECT] 1 : Invalid condition id : UX_CORESTACK_Condition cause : null
2025-02-02 16:11:57,353 [INFO] LogOutputStream:77 - [STDOUT_REDIRECT] 1 : Invalid condition id : UX_CORESTACK_Condition cause : null
2025-02-02 16:11:57,355 [INFO] LogOutputStream:77 - [STDOUT_REDIRECT] 1 : Invalid condition id : UX_CORESTACK_Condition cause : null
2025-02-02 16:11:57,358 [WARN] PackLoader:240 - Cannot read IP mode file for STMicroelectronics.X-CUBE-AZRTOS-WL.2.0.0
2025-02-02 16:11:57,376 [WARN] PackLoader:240 - Cannot read IP mode file for STMicroelectronics.FP-SNS-MOTENV1.5.0.0
2025-02-02 16:11:57,396 [WARN] PackLoader:240 - Cannot read IP mode file for wolfSSL.I-CUBE-wolfMQTT.1.19.0
2025-02-02 16:11:57,416 [WARN] PackLoader:240 - Cannot read IP mode file for WES.I-CUBE-Cesium.1.3.0
2025-02-02 16:11:57,436 [WARN] PackLoader:240 - Cannot read IP mode file for STMicroelectronics.X-CUBE-BLE2.3.3.0
2025-02-02 16:11:57,457 [WARN] PackLoader:240 - Cannot read IP mode file for STMicroelectronics.X-CUBE-NFC9.1.0.0
2025-02-02 16:11:57,476 [WARN] PackLoader:240 - Cannot read IP mode file for STMicroelectronics.X-CUBE-TCPP.4.1.0
2025-02-02 16:11:57,496 [WARN] PackLoader:240 - Cannot read IP mode file for STMicroelectronics.X-CUBE-TOUCHGFX.4.21.3
2025-02-02 16:11:57,513 [WARN] PackLoader:240 - Cannot read IP mode file for STMicroelectronics.X-CUBE-TOUCHGFX.4.21.4
2025-02-02 16:11:57,534 [WARN] PackLoader:240 - Cannot read IP mode file for STMicroelectronics.X-CUBE-ALGOBUILD.1.3.0
2025-02-02 16:11:57,566 [WARN] PackLoader:240 - Cannot read IP mode file for STMicroelectronics.X-CUBE-AZRTOS-G0.1.1.0
2025-02-02 16:11:57,592 [WARN] PackLoader:240 - Cannot read IP mode file for STMicroelectronics.X-CUBE-SAFEA1.1.2.2
2025-02-02 16:11:57,615 [WARN] PackLoader:240 - Cannot read IP mode file for STMicroelectronics.X-CUBE-NFC4.3.0.0
2025-02-02 16:11:57,634 [WARN] PackLoader:240 - Cannot read IP mode file for wolfSSL.I-CUBE-wolfMQTT.1.18.0
2025-02-02 16:11:57,655 [ERROR] Engine:466 - C:\Users\rhett\.stm32cubemx\thirdparties\pdsc\EmbeddedOffice.I-CUBE-FS-RTOS.1.0.1.pdsc: PDSC version is not supported
2025-02-02 16:11:57,689 [WARN] PackLoader:240 - Cannot read IP mode file for STMicroelectronics.X-CUBE-BLEMGR.3.0.0
2025-02-02 16:11:57,710 [ERROR] Engine:466 - C:\Users\rhett\.stm32cubemx\thirdparties\pdsc\STMicroelectronics.X-CUBE-TCPP.4.2.0.pdsc: PDSC version is not supported
2025-02-02 16:11:57,733 [ERROR] Engine:466 - C:\Users\rhett\.stm32cubemx\thirdparties\pdsc\RealThread.X-CUBE-RT-Thread_Nano.4.1.1.pdsc: PDSC version is not supported
2025-02-02 16:11:57,756 [WARN] PackLoader:240 - Cannot read IP mode file for STMicroelectronics.FP-ATR-SIGFOX1.3.2.0
2025-02-02 16:11:57,775 [ERROR] Engine:466 - C:\Users\rhett\.stm32cubemx\thirdparties\pdsc\quantropi.X-CUBE-qispace-sdk-base.1.9.3.pdsc: PDSC version is not supported
2025-02-02 16:11:57,808 [WARN] PackLoader:240 - Cannot read IP mode file for STMicroelectronics.X-CUBE-EEPRMA1.5.1.0
2025-02-02 16:11:57,953 [WARN] PackLoader:240 - Cannot read IP mode file for STMicroelectronics.X-CUBE-MEMS1.9.5.0
2025-02-02 16:11:58,189 [WARN] PackLoader:240 - Cannot read IP mode file for SEGGER.I-CUBE-embOS.1.3.1
2025-02-02 16:11:58,284 [WARN] PackLoader:240 - Cannot read IP mode file for STMicroelectronics.X-CUBE-ALGOBUILD.1.4.0
2025-02-02 16:11:58,309 [WARN] PackLoader:240 - Cannot read IP mode file for STMicroelectronics.X-CUBE-AI.9.1.0
2025-02-02 16:11:58,338 [WARN] PackLoader:240 - Cannot read IP mode file for STMicroelectronics.X-CUBE-GNSS1.6.0.0
2025-02-02 16:11:58,403 [WARN] PackLoader:240 - Cannot read IP mode file for STMicroelectronics.X-CUBE-AZRTOS-F4.1.1.0
2025-02-02 16:11:58,425 [WARN] PackLoader:240 - Cannot read IP mode file for wolfSSL.I-CUBE-wolfSSL.5.6.0
2025-02-02 16:11:58,451 [WARN] PackLoader:240 - Cannot read IP mode file for STMicroelectronics.X-CUBE-ISPU.2.1.0
2025-02-02 16:11:58,485 [WARN] PackLoader:240 - Cannot read IP mode file for STMicroelectronics.X-CUBE-FREERTOS.1.2.0
2025-02-02 16:11:58,526 [WARN] PackLoader:240 - Cannot read IP mode file for STMicroelectronics.X-CUBE-AZRTOS-L5.2.0.0
2025-02-02 16:11:58,637 [WARN] PackLoader:240 - Cannot read IP mode file for STMicroelectronics.X-CUBE-MEMS1.9.6.0
2025-02-02 16:11:58,822 [WARN] PackLoader:240 - Cannot read IP mode file for STMicroelectronics.X-CUBE-EEPRMA1.4.2.0
2025-02-02 16:11:58,856 [WARN] PackLoader:240 - Cannot read IP mode file for STMicroelectronics.X-CUBE-NFC6.3.1.0
2025-02-02 16:11:58,891 [WARN] PackLoader:240 - Cannot read IP mode file for ITTIA_DB.I-CUBE-ITTIADB.8.8.0
2025-02-02 16:11:58,925 [WARN] PackLoader:240 - Cannot read IP mode file for emotas.I-CUBE-CANOPEN.1.1.3
2025-02-02 16:11:58,958 [WARN] PackLoader:240 - Cannot read IP mode file for STMicroelectronics.X-CUBE-BLEMGR.2.0.0
2025-02-02 16:11:59,019 [ERROR] Engine:466 - C:\Users\rhett\.stm32cubemx\thirdparties\pdsc\STMicroelectronics.X-CUBE-DPower.1.2.0.pdsc: PDSC version is not supported
2025-02-02 16:11:59,048 [WARN] PackLoader:240 - Cannot read IP mode file for STMicroelectronics.X-CUBE-AI.9.0.0
2025-02-02 16:11:59,104 [WARN] ConditionMgr:438 - getConditionDescription Invalid condition id : UX DEVICE CLASS RTOS Condition cause : null
2025-02-02 16:11:59,105 [WARN] ConditionMgr:438 - getConditionDescription Invalid condition id : UX DEVICE CLASS RTOS Condition cause : null
2025-02-02 16:11:59,112 [WARN] PackLoader:240 - Cannot read IP mode file for STMicroelectronics.X-CUBE-AZRTOS-H7.3.1.0
2025-02-02 16:11:59,115 [WARN] ConditionMgr:1039 - genDependencies : Invalid condition id : UX DEVICE CLASS RTOS Condition cause : null
2025-02-02 16:11:59,115 [WARN] ConditionMgr:1039 - genDependencies : Invalid condition id : UX DEVICE CLASS RTOS Condition cause : null
2025-02-02 16:11:59,116 [WARN] ConditionMgr:1039 - genDependencies : Invalid condition id : UX DEVICE CLASS RTOS Condition cause : null
2025-02-02 16:11:59,117 [WARN] ConditionMgr:1039 - genDependencies : Invalid condition id : UX DEVICE CLASS RTOS Condition cause : null
2025-02-02 16:11:59,117 [WARN] ConditionMgr:1039 - genDependencies : Invalid condition id : UX DEVICE CLASS RTOS Condition cause : null
2025-02-02 16:11:59,145 [WARN] PackLoader:240 - Cannot read IP mode file for STMicroelectronics.X-CUBE-FREERTOS.1.3.0
2025-02-02 16:11:59,173 [WARN] PackLoader:240 - Cannot read IP mode file for STMicroelectronics.X-CUBE-NFC7.1.0.1
2025-02-02 16:11:59,198 [WARN] PackLoader:240 - Cannot read IP mode file for STMicroelectronics.X-CUBE-NFC7.1.0.0
2025-02-02 16:11:59,220 [WARN] PackLoader:240 - Cannot read IP mode file for wolfSSL.I-CUBE-wolfTPM.3.2.0
2025-02-02 16:11:59,248 [WARN] PackLoader:240 - Cannot read IP mode file for STMicroelectronics.X-CUBE-NFC6.3.0.0
2025-02-02 16:11:59,279 [WARN] PackLoader:240 - Cannot read IP mode file for STMicroelectronics.X-CUBE-EEPRMA1.4.1.0
2025-02-02 16:11:59,302 [WARN] PackLoader:240 - Cannot read IP mode file for STMicroelectronics.X-CUBE-AI.8.1.0
2025-02-02 16:11:59,352 [WARN] ConditionMgr:438 - getConditionDescription Invalid condition id : LAN8742 Phy interface Condition cause : null
2025-02-02 16:11:59,353 [WARN] PackLoader:240 - Cannot read IP mode file for STMicroelectronics.X-CUBE-AZRTOS-L4.2.0.0
2025-02-02 16:11:59,354 [WARN] ConditionMgr:1039 - genDependencies : Invalid condition id : LAN8742 Phy interface Condition cause : null
2025-02-02 16:11:59,354 [WARN] ConditionMgr:1039 - genDependencies : Invalid condition id : LAN8742 Phy interface Condition cause : null
2025-02-02 16:11:59,355 [WARN] ConditionMgr:1039 - genDependencies : Invalid condition id : LAN8742 Phy interface Condition cause : null
2025-02-02 16:11:59,398 [WARN] PackLoader:240 - Cannot read IP mode file for STMicroelectronics.X-CUBE-SFXS2LP1.4.0.0
2025-02-02 16:11:59,419 [WARN] PackLoader:240 - Cannot read IP mode file for STMicroelectronics.X-CUBE-ISPU.1.1.0
2025-02-02 16:11:59,474 [WARN] PackLoader:240 - Cannot read IP mode file for STMicroelectronics.X-CUBE-AZRTOS-H7.3.3.0
2025-02-02 16:11:59,499 [WARN] PackLoader:240 - Cannot read IP mode file for STMicroelectronics.X-CUBE-AI.8.0.0
2025-02-02 16:11:59,524 [ERROR] Engine:466 - C:\Users\rhett\.stm32cubemx\thirdparties\pdsc\STMicroelectronics.X-CUBE-IPS.3.0.0.pdsc: PDSC version is not supported
2025-02-02 16:11:59,562 [WARN] ConditionMgr:438 - getConditionDescription Invalid condition id : UX DEVICE CLASS RTOS Condition cause : null
2025-02-02 16:11:59,562 [WARN] ConditionMgr:438 - getConditionDescription Invalid condition id : UX DEVICE CLASS RTOS Condition cause : null
2025-02-02 16:11:59,564 [WARN] PackLoader:240 - Cannot read IP mode file for STMicroelectronics.X-CUBE-AZRTOS-WB.2.0.0
2025-02-02 16:11:59,565 [WARN] ConditionMgr:1039 - genDependencies : Invalid condition id : UX DEVICE CLASS RTOS Condition cause : null
2025-02-02 16:11:59,566 [WARN] ConditionMgr:1039 - genDependencies : Invalid condition id : UX DEVICE CLASS RTOS Condition cause : null
2025-02-02 16:11:59,566 [WARN] ConditionMgr:1039 - genDependencies : Invalid condition id : UX DEVICE CLASS RTOS Condition cause : null
2025-02-02 16:11:59,566 [WARN] ConditionMgr:1039 - genDependencies : Invalid condition id : UX DEVICE CLASS RTOS Condition cause : null
2025-02-02 16:11:59,566 [WARN] ConditionMgr:1039 - genDependencies : Invalid condition id : UX DEVICE CLASS RTOS Condition cause : null
2025-02-02 16:11:59,586 [WARN] PackLoader:240 - Cannot read IP mode file for STMicroelectronics.X-CUBE-FREERTOS.1.0.1
2025-02-02 16:11:59,616 [WARN] PackLoader:240 - Cannot read IP mode file for STMicroelectronics.X-CUBE-GNSS1.7.0.0
2025-02-02 16:11:59,646 [WARN] PackLoader:240 - Cannot read IP mode file for STMicroelectronics.X-CUBE-GNSS1.7.0.1
2025-02-02 16:11:59,668 [ERROR] Engine:466 - C:\Users\rhett\.stm32cubemx\thirdparties\pdsc\STMicroelectronics.FP-SNS-STBOX1.2.0.0.pdsc: PDSC version is not supported
2025-02-02 16:11:59,704 [WARN] PackLoader:240 - Cannot read IP mode file for STMicroelectronics.X-CUBE-AZRTOS-L5.1.1.0
2025-02-02 16:11:59,728 [WARN] PackLoader:240 - Cannot read IP mode file for STMicroelectronics.X-CUBE-AI.8.0.1
2025-02-02 16:11:59,756 [WARN] PackLoader:240 - Cannot read IP mode file for STMicroelectronics.X-CUBE-SUBG2.5.0.0
2025-02-02 16:11:59,789 [WARN] PackLoader:240 - Cannot read IP mode file for Cesanta.I-CUBE-Mongoose.7.13.0
2025-02-02 16:11:59,820 [WARN] PackLoader:240 - Cannot read IP mode file for STMicroelectronics.X-CUBE-TOF1.3.3.1
2025-02-02 16:11:59,871 [WARN] PackLoader:240 - Cannot read IP mode file for STMicroelectronics.X-CUBE-AZRTOS-G4.2.0.0
2025-02-02 16:11:59,912 [WARN] PackLoader:240 - Cannot read IP mode file for STMicroelectronics.X-CUBE-TOF1.3.3.0
2025-02-02 16:11:59,984 [WARN] PackLoader:240 - Cannot read IP mode file for Infineon.AIROC-Wi-Fi-Bluetooth-STM32.1.5.1
2025-02-02 16:12:00,016 [WARN] PackLoader:240 - Cannot read IP mode file for STMicroelectronics.FP-SNS-MOTENVWB1.1.3.0
2025-02-02 16:12:00,045 [WARN] PackLoader:240 - Cannot read IP mode file for STMicroelectronics.FP-SNS-MOTENVWB1.1.3.1
2025-02-02 16:12:00,105 [WARN] PackLoader:240 - Cannot read IP mode file for STMicroelectronics.X-CUBE-AZRTOS-G4.1.0.0
2025-02-02 16:12:00,191 [WARN] PackLoader:240 - Cannot read IP mode file for STMicroelectronics.X-CUBE-AZRTOS-L4.1.0.0
2025-02-02 16:12:00,228 [WARN] PackLoader:240 - Cannot read IP mode file for STMicroelectronics.X-CUBE-ISPU.2.0.0
2025-02-02 16:12:00,267 [ERROR] Engine:466 - C:\Users\rhett\.stm32cubemx\thirdparties\pdsc\STMicroelectronics.X-CUBE-IPS.3.1.0.pdsc: PDSC version is not supported
2025-02-02 16:12:00,298 [WARN] PackLoader:240 - Cannot read IP mode file for STMicroelectronics.X-CUBE-ALS.1.0.2
2025-02-02 16:12:00,471 [WARN] PackLoader:240 - Cannot read IP mode file for STMicroelectronics.X-CUBE-MEMS1.10.0.0
2025-02-02 16:12:00,784 [WARN] PackLoader:240 - Cannot read IP mode file for STMicroelectronics.X-CUBE-FREERTOS.1.1.0
2025-02-02 16:12:00,819 [WARN] PackLoader:240 - Cannot read IP mode file for STMicroelectronics.X-CUBE-TOUCHGFX.4.24.0
2025-02-02 16:12:01,146 [WARN] PackLoader:240 - Cannot read IP mode file for STMicroelectronics.X-CUBE-TOUCHGFX.4.24.2
2025-02-02 16:12:01,189 [WARN] PackLoader:240 - Cannot read IP mode file for STMicroelectronics.X-CUBE-AZRTOS-WL.1.0.0
2025-02-02 16:12:01,219 [WARN] PackLoader:240 - Cannot read IP mode file for STMicroelectronics.X-CUBE-TOUCHGFX.4.24.1
2025-02-02 16:12:01,250 [WARN] PackLoader:240 - Cannot read IP mode file for portGmbH.I-Cube-SoM-uGOAL.1.1.0
2025-02-02 16:12:01,271 [WARN] PackLoader:240 - Cannot read IP mode file for STMicroelectronics.X-CUBE-ALS.1.0.1
2025-02-02 16:12:01,318 [WARN] PackLoader:240 - Cannot read IP mode file for STMicroelectronics.X-CUBE-AZRTOS-WB.1.1.0
2025-02-02 16:12:01,384 [WARN] PackLoader:240 - Cannot read IP mode file for STMicroelectronics.X-CUBE-AZRTOS-H7RS.1.0.0
2025-02-02 16:12:01,410 [WARN] PackLoader:240 - Cannot read IP mode file for STMicroelectronics.FP-ATR-ASTRA1.2.0.0
2025-02-02 16:12:01,441 [ERROR] Engine:466 - C:\Users\rhett\.stm32cubemx\thirdparties\pdsc\STMicroelectronics.X-CUBE-TOF1.3.4.2.pdsc: PDSC version is not supported
2025-02-02 16:12:01,478 [WARN] PackLoader:240 - Cannot read IP mode file for STMicroelectronics.X-CUBE-TOF1.3.4.0
2025-02-02 16:12:01,530 [WARN] PackLoader:240 - Cannot read IP mode file for STMicroelectronics.X-CUBE-TOF1.3.4.1
2025-02-02 16:12:01,620 [WARN] PackLoader:240 - Cannot read IP mode file for STMicroelectronics.X-CUBE-AZRTOS-H7.3.2.0
2025-02-02 16:12:01,651 [WARN] PackLoader:240 - Cannot read IP mode file for wolfSSL.I-CUBE-wolfSSH.1.4.17
2025-02-02 16:12:01,651 [INFO] ThirdParty:978 - Integrity check success = true
2025-02-02 16:12:01,652 [INFO] IntegrityCheckThread:100 - exiting critical section [integrity check]
2025-02-02 16:12:01,652 [INFO] IntegrityCheckThread:103 - End integrity checks thread
2025-02-02 16:12:01,654 [INFO] ThirdParty:873 - entering critical section [close project]
2025-02-02 16:12:01,655 [INFO] ThirdParty:883 - exiting critical section [close project]
2025-02-02 16:12:01,661 [INFO] PinOutPanel:1499 - setPackage(No Configuration,No Configuration)
2025-02-02 16:12:01,669 [INFO] UtilMem:75 - Begin LoadConfig() Used Memory: 195660816 Bytes (300941312)
2025-02-02 16:12:01,672 [INFO] MicroXplorer:468 - Change Database Path : 
2025-02-02 16:12:01,672 [INFO] MicroXplorer:498 - Change Database Version : DB.6.0.81
2025-02-02 16:12:01,672 [INFO] OpenFileManager:308 - Change cursor
2025-02-02 16:12:01,689 [INFO] ThirdPartyDownloadManager:73 - Found SW packSTMicroelectronics.X-CUBE-TOUCHGFX.4.24.0up-to-date on disk
2025-02-02 16:12:01,781 [INFO] Mcu:1937 - Initializing MCU STM32F746ZGTx STM32F746ZGTx STM32F746ZGT6
2025-02-02 16:12:02,067 [ERROR] LogOutputStream:75 - [STDERR_REDIRECT] SLF4J: Failed to load class "org.slf4j.impl.StaticLoggerBinder".
2025-02-02 16:12:02,068 [ERROR] LogOutputStream:75 - [STDERR_REDIRECT] SLF4J: Defaulting to no-operation (NOP) logger implementation
2025-02-02 16:12:02,070 [ERROR] LogOutputStream:75 - [STDERR_REDIRECT] SLF4J: See http://www.slf4j.org/codes.html#StaticLoggerBinder for further details.
2025-02-02 16:12:06,870 [INFO] Context:659 - Trying to add GPIOservice into a context  which must be forbidden
2025-02-02 16:12:08,138 [INFO] ApiDbMcu:507 - Load IP Config File for STMicroelectronics.X-CUBE-TOUCHGFX.4.24.0
2025-02-02 16:12:09,006 [INFO] RtosManager:555 - Registered RTOS mode: class=CMSIS, group=RTOS, mode=CMSIS_V1, owner=FREERTOS
2025-02-02 16:12:09,006 [INFO] RtosManager:555 - Registered RTOS mode: class=CMSIS, group=RTOS2, mode=CMSIS_V2, owner=FREERTOS
2025-02-02 16:12:09,008 [INFO] RtosManager:555 - Registered RTOS mode: class=RTOS, group=Core, mode=CMSIS_V1, owner=FREERTOS
2025-02-02 16:12:09,008 [INFO] RtosManager:555 - Registered RTOS mode: class=RTOS, group=Core, mode=CMSIS_V2, owner=FREERTOS
2025-02-02 16:12:09,009 [WARN] ModelIntegratedComponent:184 - Missing modes for component STMicroelectronics:FreeRTOS:0.0.1:STMicroelectronics:RTOS:FreeRTOS:Core:::10.2.0:
2025-02-02 16:12:09,022 [WARN] ModelIntegratedComponent:63 - No mode defined for component null
2025-02-02 16:12:09,022 [WARN] ModelIntegratedComponent:63 - No mode defined for component null
2025-02-02 16:12:09,022 [WARN] ModelIntegratedComponent:63 - No mode defined for component null
2025-02-02 16:12:09,022 [WARN] ModelIntegratedComponent:63 - No mode defined for component null
2025-02-02 16:12:09,022 [WARN] ModelIntegratedComponent:63 - No mode defined for component null
2025-02-02 16:12:09,022 [WARN] ModelIntegratedComponent:63 - No mode defined for component null
2025-02-02 16:12:09,023 [WARN] ModelIntegratedComponent:63 - No mode defined for component null
2025-02-02 16:12:09,023 [WARN] ModelIntegratedComponent:63 - No mode defined for component null
2025-02-02 16:12:09,023 [WARN] ModelIntegratedComponent:63 - No mode defined for component null
2025-02-02 16:12:09,023 [WARN] ModelIntegratedComponent:63 - No mode defined for component null
2025-02-02 16:12:09,023 [WARN] ModelIntegratedComponent:63 - No mode defined for component null
2025-02-02 16:12:09,023 [WARN] ModelIntegratedComponent:63 - No mode defined for component null
2025-02-02 16:12:09,023 [WARN] ModelIntegratedComponent:63 - No mode defined for component null
2025-02-02 16:12:09,023 [WARN] ModelIntegratedComponent:63 - No mode defined for component null
2025-02-02 16:12:09,023 [WARN] ModelIntegratedComponent:63 - No mode defined for component null
2025-02-02 16:12:09,024 [WARN] ModelIntegratedComponent:63 - No mode defined for component null
2025-02-02 16:12:09,024 [WARN] ModelIntegratedComponent:63 - No mode defined for component null
2025-02-02 16:12:09,024 [WARN] ModelIntegratedComponent:63 - No mode defined for component null
2025-02-02 16:12:09,024 [WARN] ModelIntegratedComponent:63 - No mode defined for component null
2025-02-02 16:12:09,024 [WARN] ModelIntegratedComponent:63 - No mode defined for component null
2025-02-02 16:12:09,025 [WARN] ModelIntegratedComponent:63 - No mode defined for component null
2025-02-02 16:12:09,025 [WARN] ModelIntegratedComponent:63 - No mode defined for component null
2025-02-02 16:12:09,025 [WARN] ModelIntegratedComponent:63 - No mode defined for component null
2025-02-02 16:12:09,025 [WARN] ModelIntegratedComponent:63 - No mode defined for component null
2025-02-02 16:12:09,025 [WARN] ModelIntegratedComponent:63 - No mode defined for component null
2025-02-02 16:12:09,025 [WARN] ModelIntegratedComponent:63 - No mode defined for component null
2025-02-02 16:12:09,026 [WARN] ModelIntegratedComponent:63 - No mode defined for component null
2025-02-02 16:12:09,031 [WARN] ModelIntegratedComponent:63 - No mode defined for component null
2025-02-02 16:12:09,031 [WARN] ModelIntegratedComponent:63 - No mode defined for component null
2025-02-02 16:12:09,031 [WARN] ModelIntegratedComponent:63 - No mode defined for component null
2025-02-02 16:12:09,032 [WARN] ModelIntegratedComponent:63 - No mode defined for component null
2025-02-02 16:12:09,032 [WARN] ModelIntegratedComponent:63 - No mode defined for component null
2025-02-02 16:12:09,032 [WARN] ModelIntegratedComponent:63 - No mode defined for component null
2025-02-02 16:12:11,513 [INFO] ThirdPartyModel:298 - Start build external matchings
2025-02-02 16:12:14,868 [INFO] ThirdPartyModel:316 - End build external matchings
2025-02-02 16:12:14,979 [WARN] IP:2113 - LayerIdx_L1 not found: check if there is a RefParameter without a condition.
2025-02-02 16:12:14,982 [INFO] ImportTextPane:194 - (OptionalMessage_ERROR) IP (RCC) : Invalid parameter (FamilyName)
2025-02-02 16:12:14,985 [INFO] ImportTextPane:194 - (OptionalMessage_ERROR) IP (RCC) : Parameter (RNGFreq_Value) has invalid value (216000000)
2025-02-02 16:12:14,986 [INFO] ImportTextPane:194 - (OptionalMessage_ERROR) IP (RCC) : Parameter (SDMMCFreq_Value) has invalid value (216000000)
2025-02-02 16:12:14,986 [INFO] ImportTextPane:194 - (OptionalMessage_ERROR) IP (RCC) : Parameter (USBFreq_Value) has invalid value (216000000)
2025-02-02 16:12:15,901 [INFO] UtilMem:75 - End LoadConfig() Used Memory: 238834640 Bytes (334495744)
2025-02-02 16:12:16,321 [INFO] ApiDb:581 - Connected to CubeFinder SQLite database (C:\Users\rhett\.stmcufinder\plugins\mcufinder\mcu\cube-finder-db.db)
2025-02-02 16:12:16,543 [INFO] ApiDb:668 - CubeFinder database Data Model version=2.1
2025-02-02 16:12:16,543 [INFO] ApiDb:669 - CubeFinder database Configuration version=3.0.39
2025-02-02 16:12:16,544 [INFO] ApiDb:670 - CubeFinder database generation date=2024-12-10 (1733817889)
2025-02-02 16:12:16,545 [INFO] ApiDb:671 - CubeFinder database FW Pack versions=[FP-ATR-ASTRA1_V2.0.0, FP-SNS-FLIGHT1_V5.0.2, FP-SNS-MOTENV1_V5.0.0, FP-SNS-MOTENVWB1_V1.4.0, FP-SNS-SMARTAG2_V1.2.0, FP-SNS-STBOX1_V2.0.0, STM32Cube_FW_C0_V1.3.0, STM32Cube_FW_F4_V1.28.1, STM32Cube_FW_F7_V1.17.2, STM32Cube_FW_G0_V1.6.2, STM32Cube_FW_G4_V1.6.1, STM32Cube_FW_H5_V1.4.0, STM32Cube_FW_H7RS_V1.1.0, STM32Cube_FW_H7_V1.12.0, STM32Cube_FW_L0_V1.12.2, STM32Cube_FW_L4_V1.18.1, STM32Cube_FW_L5_V1.5.1, STM32Cube_FW_N6_V1.0.0, STM32Cube_FW_U0_V1.2.0, STM32Cube_FW_U3_V1.0.0, STM32Cube_FW_U5_V1.7.0, STM32Cube_FW_WB0_V1.1.0, STM32Cube_FW_WBA_V1.5.0, STM32Cube_FW_WB_V1.21.0, STM32Cube_FW_WL3_V1.0.0, STM32Cube_FW_WL_V1.3.0, X-CUBE-ALGOBUILD_V1.4.0, X-CUBE-ALS_V1.0.2, X-CUBE-AZRTOS-F4_V1.1.0, X-CUBE-AZRTOS-F7_V1.1.0, X-CUBE-AZRTOS-G0_V1.1.0, X-CUBE-AZRTOS-G4_V2.0.0, X-CUBE-AZRTOS-H7RS_V1.0.0, X-CUBE-AZRTOS-H7_V3.3.0, X-CUBE-AZRTOS-L4_V2.0.0, X-CUBE-AZRTOS-L5_V2.0.0, X-CUBE-AZRTOS-WB_V2.0.0, X-CUBE-AZRTOS-WL_V2.0.0, X-CUBE-BLE1_V7.0.0, X-CUBE-BLE2_V3.3.0, X-CUBE-BLEMGR_V3.1.0, X-CUBE-EEPRMA1_V5.1.0, X-CUBE-FREERTOS_V1.2.0, X-CUBE-GNSS1_V6.0.0, X-CUBE-MEMS1_V11.0.0, X-CUBE-NFC4_V3.0.0, X-CUBE-NFC7_V1.0.1, X-CUBE-SFXS2LP1_V4.0.0, X-CUBE-SUBG2_V5.0.0, X-CUBE-TOF1_V3.4.2]
2025-02-02 16:12:21,562 [INFO] ApiDb:240 - Found 297 in-development CPN: [B-G473E-ZEST1S, B-WB1M-WPAN1, B-WL5M-SUBG1, NUCLEO-C031C6, NUCLEO-H503RB, NUCLEO-H563ZI, NUCLEO-U545RE-Q, NUCLEO-U5A5ZJ-Q, NUCLEO-WBA52CG, STEVAL-PROTEUS1, STEVAL-STWINBX1, STM320518-EVAL, STM32C0116-DK, STM32C011D6Y3TR, STM32C011D6Y6TR, STM32C011F4P3, STM32C011F4P6, STM32C011F4U3, STM32C011F4U6TR, STM32C011F6P3, STM32C011F6P6, STM32C011F6U3, STM32C011F6U6TR, STM32C011J4M3, STM32C011J4M6, STM32C011J6M3, STM32C011J6M6, STM32C0316-DK, STM32C031C4T3, STM32C031C4T6, STM32C031C4U3, STM32C031C4U6, STM32C031C6T3, STM32C031C6T6, STM32C031C6U3, STM32C031C6U6, STM32C031F4P3, STM32C031F4P6, STM32C031F6P3, STM32C031F6P6, STM32C031G4U3, STM32C031G4U6, STM32C031G6U3, STM32C031G6U6, STM32C031K4T3, STM32C031K4T6, STM32C031K4U3, STM32C031K4U6, STM32C031K6T3, STM32C031K6T6, STM32C031K6U3, STM32C031K6U6, STM32G071K8TXN, STM32G071K8UXN, STM32G081GBU6N, STM32G081KBT6N, STM32G081KBUXN, STM32G0B1CCT6N, STM32G0B1KCT6, STM32G0B1NEY6TR, STM32G0B1RCT6N, STM32G0C1CCT6, STM32G0C1CCT6N, STM32G0C1CCU6N, STM32G0C1CET6N, STM32G0C1CEU6N, STM32G0C1KCT6, STM32G0C1NEY6TR, STM32G0C1RCI6N, STM32G0C1RCT6N, STM32G0C1REI6N, STM32G0C1RET6N, STM32G0C1VCI6, STM32G0C1VEI6, STM32G471CCT6, STM32G471CCU6, STM32G471CET3, STM32G471CET6, STM32G471CEU3, STM32G471CEU6, STM32G471MCT6, STM32G471MET3, STM32G471MET6, STM32G471MEY6TR, STM32G471QCT6, STM32G471QET3, STM32G471RCT6, STM32G471RET3, STM32G471RET6, STM32G471VCH6, STM32G471VCI6, STM32G471VCT6, STM32G471VEH3, STM32G471VEH6, STM32G471VEI3, STM32G471VEI6, STM32G471VET3, STM32G471VET6, STM32G474CCT6, STM32H503CBT6, STM32H503CBU6, STM32H503EBY6TR, STM32H503KBU6, STM32H503RBT6, STM32H562AGI6, STM32H562AII6, STM32H562IGK6, STM32H562IGT6, STM32H562IIK6, STM32H562IIT6, STM32H562RGT6, STM32H562RGV6, STM32H562RIT6, STM32H562RIV6, STM32H562VGT6, STM32H562VIT6, STM32H562ZGT6, STM32H562ZIT6, STM32H563AGI6, STM32H563AII3Q, STM32H563AII6, STM32H563IGK6, STM32H563IGT6, STM32H563IIK3Q, STM32H563IIK6, STM32H563IIT3Q, STM32H563IIT6, STM32H563MIY3QTR, STM32H563RGT6, STM32H563RGV6, STM32H563RIT6, STM32H563RIV6, STM32H563VGT6, STM32H563VIT3Q, STM32H563VIT6, STM32H563ZGT6, STM32H563ZIT3Q, STM32H563ZIT6, STM32H573AII3Q, STM32H573AII6, STM32H573I-DK, STM32H573IIK3Q, STM32H573IIK6, STM32H573IIT3Q, STM32H573IIT6, STM32H573MIY3QTR, STM32H573RIT6, STM32H573RIV6, STM32H573VIT3Q, STM32H573VIT6, STM32H573ZIT3Q, STM32H573ZIT6, STM32L4R5QGI6STR, STM32MP131AAE3, STM32MP131AAF3, STM32MP131AAG3, STM32MP131CAE3, STM32MP131CAF3, STM32MP131CAG3, STM32MP131DAE7, STM32MP131DAF7, STM32MP131DAG7, STM32MP131FAE7, STM32MP131FAF7, STM32MP131FAG7, STM32MP133AAE3, STM32MP133AAF3, STM32MP133AAG3, STM32MP133CAE3, STM32MP133CAF3, STM32MP133CAG3, STM32MP133DAE7, STM32MP133DAF7, STM32MP133DAG7, STM32MP133FAE7, STM32MP133FAF7, STM32MP133FAG7, STM32MP135AAE3, STM32MP135AAF3, STM32MP135AAG3, STM32MP135CAE3, STM32MP135CAF3, STM32MP135CAG3, STM32MP135DAE7, STM32MP135DAF7, STM32MP135DAG7, STM32MP135F-DK, STM32MP135FAE7, STM32MP135FAF7, STM32MP135FAF7T, STM32MP135FAF7U, STM32MP135FAG7, STM32U535CBT6, STM32U535CBT6Q, STM32U535CBU6, STM32U535CBU6Q, STM32U535CCT6, STM32U535CCT6Q, STM32U535CCU6, STM32U535CCU6Q, STM32U535CET6, STM32U535CET6Q, STM32U535CEU6, STM32U535CEU6Q, STM32U535JEY6QTR, STM32U535NCY6QTR, STM32U535NEY6QTR, STM32U535RBI6, STM32U535RBI6Q, STM32U535RBT6, STM32U535RBT6Q, STM32U535RCI6, STM32U535RCI6Q, STM32U535RCT6, STM32U535RCT6Q, STM32U535REI6, STM32U535REI6Q, STM32U535RET6, STM32U535RET6Q, STM32U535VCI6, STM32U535VCI6Q, STM32U535VCT6, STM32U535VCT6Q, STM32U535VEI6, STM32U535VEI6Q, STM32U535VET6, STM32U535VET6Q, STM32U545CET6, STM32U545CET6Q, STM32U545CEU6, STM32U545CEU6Q, STM32U545JEY6QTR, STM32U545NEY6QTR, STM32U545REI6, STM32U545REI6Q, STM32U545RET6, STM32U545RET6Q, STM32U545VEI6, STM32U545VEI6Q, STM32U545VET6, STM32U545VET6Q, STM32U595AIH6, STM32U595AIH6Q, STM32U595AJH6, STM32U595AJH6Q, STM32U595QII6, STM32U595QII6Q, STM32U595QJI6, STM32U595QJI6Q, STM32U595RIT6, STM32U595RIT6Q, STM32U595RJT6, STM32U595RJT6Q, STM32U595VIT6, STM32U595VIT6Q, STM32U595VJT6, STM32U595VJT6Q, STM32U595ZIT6, STM32U595ZIT6Q, STM32U595ZIY6QTR, STM32U595ZJT6, STM32U595ZJT6Q, STM32U595ZJY6QTR, STM32U599BJY6QTR, STM32U599NIH6Q, STM32U599NJH6Q, STM32U599VIT6Q, STM32U599VJT6, STM32U599VJT6Q, STM32U599ZIT6Q, STM32U599ZIY6QTR, STM32U599ZJT6Q, STM32U599ZJY6QTR, STM32U5A5AJH6, STM32U5A5AJH6Q, STM32U5A5QJI6, STM32U5A5QJI6Q, STM32U5A5RJT6, STM32U5A5RJT6Q, STM32U5A5VJT6, STM32U5A5VJT6Q, STM32U5A5ZJT6, STM32U5A5ZJT6Q, STM32U5A5ZJY6QTR, STM32U5A9BJY6QTR, STM32U5A9J-DK, STM32U5A9NJH6Q, STM32U5A9VJT6Q, STM32U5A9ZJT6Q, STM32U5A9ZJY6QTR, STM32WB1MMCH6, STM32WBA52CEU6, STM32WBA52CEU6T, STM32WBA52CGU6, STM32WBA52CGU6T, STM32WL5MOCH6, STM32WL5MOCH6TR]
2025-02-02 16:12:21,568 [INFO] DbMcus:216 - Found 4381 MCUs, 4381 are supported
2025-02-02 16:12:21,570 [INFO] ApiDb:423 - Load user favorites file C:\Users\rhett/.stm32cubeide/favorites.mcus.txt: 0 item(s)
2025-02-02 16:12:21,570 [INFO] ApiDb:427 - User favorites MCUs=[]
2025-02-02 16:12:21,570 [INFO] DbMcus:222 - Set 0 / 0 favorites MCUs
2025-02-02 16:12:22,331 [WARN] ThirdParty:833 - waiting for thirdparty lock release [change project]
2025-02-02 16:12:22,331 [INFO] ThirdParty:835 - entering critical section [change project]
2025-02-02 16:12:22,331 [INFO] ThirdParty:1030 - CMSIS Pack Vendor :STMicroelectronics X-CUBE-GNSS1 6.0.0
2025-02-02 16:12:22,331 [INFO] ThirdParty:1030 - CMSIS Pack Vendor :STMicroelectronics USB_HOST 2.0.0
2025-02-02 16:12:22,332 [INFO] ThirdParty:1030 - CMSIS Pack Vendor :STMicroelectronics X-CUBE-AZRTOS-F4 1.1.0
2025-02-02 16:12:22,332 [INFO] ThirdParty:1030 - CMSIS Pack Vendor :STMicroelectronics LIBJPEG 8.0.0
2025-02-02 16:12:22,332 [INFO] ThirdParty:1030 - CMSIS Pack Vendor :STMicroelectronics FP-ATR-ASTRA1 2.0.1
2025-02-02 16:12:22,332 [INFO] ThirdParty:1030 - CMSIS Pack Vendor :STMicroelectronics X-CUBE-SMBUS 2.1.0
2025-02-02 16:12:22,332 [INFO] ThirdParty:1030 - CMSIS Pack Vendor :STMicroelectronics X-CUBE-WB05N 1.1.0
2025-02-02 16:12:22,332 [INFO] ThirdParty:1030 - CMSIS Pack Vendor :wolfSSL I-CUBE-wolfSSL 5.6.0
2025-02-02 16:12:22,332 [INFO] ThirdParty:1030 - CMSIS Pack Vendor :STMicroelectronics X-CUBE-ISPU 2.1.0
2025-02-02 16:12:22,332 [INFO] ThirdParty:1030 - CMSIS Pack Vendor :STMicroelectronics X-CUBE-FREERTOS 1.2.0
2025-02-02 16:12:22,333 [INFO] ThirdParty:1030 - CMSIS Pack Vendor :STMicroelectronics X-CUBE-TOUCHGFX 4.23.1
2025-02-02 16:12:22,333 [INFO] ThirdParty:1030 - CMSIS Pack Vendor :STMicroelectronics X-CUBE-TOUCHGFX 4.23.0
2025-02-02 16:12:22,333 [INFO] ThirdParty:1030 - CMSIS Pack Vendor :STMicroelectronics X-CUBE-TOUCHGFX 4.23.2
2025-02-02 16:12:22,333 [INFO] ThirdParty:1030 - CMSIS Pack Vendor :STMicroelectronics X-CUBE-AZRTOS-F7 1.1.0
2025-02-02 16:12:22,333 [INFO] ThirdParty:1030 - CMSIS Pack Vendor :STMicroelectronics X-CUBE-AZRTOS-L5 2.0.0
2025-02-02 16:12:22,333 [INFO] ThirdParty:1030 - CMSIS Pack Vendor :STMicroelectronics USB_DEVICE 2.0.0
2025-02-02 16:12:22,333 [INFO] ThirdParty:1030 - CMSIS Pack Vendor :STMicroelectronics X-CUBE-MEMS1 9.6.0
2025-02-02 16:12:22,333 [INFO] ThirdParty:1030 - CMSIS Pack Vendor :STMicroelectronics X-CUBE-EEPRMA1 4.2.0
2025-02-02 16:12:22,333 [INFO] ThirdParty:1030 - CMSIS Pack Vendor :STMicroelectronics X-CUBE-NFC6 3.1.0
2025-02-02 16:12:22,333 [INFO] ThirdParty:1030 - CMSIS Pack Vendor :ITTIA_DB I-CUBE-ITTIADB 8.8.0
2025-02-02 16:12:22,333 [INFO] ThirdParty:1030 - CMSIS Pack Vendor :STMicroelectronics FP-SNS-MOTENV1 4.3.0
2025-02-02 16:12:22,333 [INFO] ThirdParty:1030 - CMSIS Pack Vendor :STMicroelectronics FP-SNS-MOTENV1 4.3.2
2025-02-02 16:12:22,333 [INFO] ThirdParty:1030 - CMSIS Pack Vendor :STMicroelectronics FP-SNS-FLIGHT1 5.0.0
2025-02-02 16:12:22,333 [INFO] ThirdParty:1030 - CMSIS Pack Vendor :STMicroelectronics FP-SNS-MOTENV1 4.3.1
2025-02-02 16:12:22,334 [INFO] ThirdParty:1030 - CMSIS Pack Vendor :STMicroelectronics FP-SNS-FLIGHT1 5.0.1
2025-02-02 16:12:22,334 [INFO] ThirdParty:1030 - CMSIS Pack Vendor :STMicroelectronics X-CUBE-MEMS1 11.0.0
2025-02-02 16:12:22,334 [INFO] ThirdParty:1030 - CMSIS Pack Vendor :STMicroelectronics X-CUBE-BLE1 6.2.4
2025-02-02 16:12:22,334 [INFO] ThirdParty:1030 - CMSIS Pack Vendor :STMicroelectronics FreeRTOS 0.0.1
2025-02-02 16:12:22,334 [INFO] ThirdParty:1030 - CMSIS Pack Vendor :emotas I-CUBE-CANOPEN 1.1.3
2025-02-02 16:12:22,334 [INFO] ThirdParty:1030 - CMSIS Pack Vendor :STMicroelectronics X-CUBE-BLEMGR 2.0.0
2025-02-02 16:12:22,334 [INFO] ThirdParty:1030 - CMSIS Pack Vendor :STMicroelectronics FP-SNS-FLIGHT1 5.0.2
2025-02-02 16:12:22,334 [INFO] ThirdParty:1030 - CMSIS Pack Vendor :STMicroelectronics X-CUBE-AI 9.0.0
2025-02-02 16:12:22,334 [INFO] ThirdParty:1030 - CMSIS Pack Vendor :STMicroelectronics X-CUBE-AZRTOS-H7 3.1.0
2025-02-02 16:12:22,334 [INFO] ThirdParty:1030 - CMSIS Pack Vendor :STMicroelectronics PDM2PCM 3.3.0
2025-02-02 16:12:22,334 [INFO] ThirdParty:1030 - CMSIS Pack Vendor :STMicroelectronics X-CUBE-DISPLAY 3.0.0
2025-02-02 16:12:22,334 [INFO] ThirdParty:1030 - CMSIS Pack Vendor :STMicroelectronics X-CUBE-BLE1 7.0.0
2025-02-02 16:12:22,334 [INFO] ThirdParty:1030 - CMSIS Pack Vendor :STMicroelectronics X-CUBE-NFC10 1.0.0
2025-02-02 16:12:22,334 [INFO] ThirdParty:1030 - CMSIS Pack Vendor :STMicroelectronics HAL Drivers 0.0.0
2025-02-02 16:12:22,335 [INFO] ThirdParty:1030 - CMSIS Pack Vendor :STMicroelectronics X-CUBE-FREERTOS 1.3.0
2025-02-02 16:12:22,335 [INFO] ThirdParty:1030 - CMSIS Pack Vendor :STMicroelectronics X-CUBE-TOUCHGFX 4.22.0
2025-02-02 16:12:22,335 [INFO] ThirdParty:1030 - CMSIS Pack Vendor :STMicroelectronics X-CUBE-NFC7 1.0.1
2025-02-02 16:12:22,335 [INFO] ThirdParty:1030 - CMSIS Pack Vendor :STMicroelectronics MBEDTLS 2.14.1
2025-02-02 16:12:22,335 [INFO] ThirdParty:1030 - CMSIS Pack Vendor :STMicroelectronics X-CUBE-NFC7 1.0.0
2025-02-02 16:12:22,335 [INFO] ThirdParty:1030 - CMSIS Pack Vendor :STMicroelectronics X-CUBE-TOUCHGFX 4.22.1
2025-02-02 16:12:22,335 [INFO] ThirdParty:1030 - CMSIS Pack Vendor :wolfSSL I-CUBE-wolfTPM 3.2.0
2025-02-02 16:12:22,335 [INFO] ThirdParty:1030 - CMSIS Pack Vendor :STMicroelectronics X-CUBE-NFC6 3.0.0
2025-02-02 16:12:22,335 [INFO] ThirdParty:1030 - CMSIS Pack Vendor :STMicroelectronics X-CUBE-EEPRMA1 4.1.0
2025-02-02 16:12:22,335 [INFO] ThirdParty:1030 - CMSIS Pack Vendor :STMicroelectronics X-CUBE-BLEMGR 3.1.0
2025-02-02 16:12:22,335 [INFO] ThirdParty:1030 - CMSIS Pack Vendor :STMicroelectronics X-CUBE-AI 10.0.0
2025-02-02 16:12:22,335 [INFO] ThirdParty:1030 - CMSIS Pack Vendor :STMicroelectronics FP-SNS-SMARTAG2 1.2.0
2025-02-02 16:12:22,335 [INFO] ThirdParty:1030 - CMSIS Pack Vendor :STMicroelectronics X-CUBE-MEMS1 11.1.0
2025-02-02 16:12:22,335 [INFO] ThirdParty:1030 - CMSIS Pack Vendor :STMicroelectronics X-CUBE-AZRTOS-WL 2.0.0
2025-02-02 16:12:22,336 [INFO] ThirdParty:1030 - CMSIS Pack Vendor :STMicroelectronics FP-SNS-MOTENV1 5.0.0
2025-02-02 16:12:22,336 [INFO] ThirdParty:1030 - CMSIS Pack Vendor :STMicroelectronics USB_DEVICE 1.0.0
2025-02-02 16:12:22,336 [INFO] ThirdParty:1030 - CMSIS Pack Vendor :STMicroelectronics X-CUBE-AI 8.1.0
2025-02-02 16:12:22,336 [INFO] ThirdParty:1030 - CMSIS Pack Vendor :wolfSSL I-CUBE-wolfMQTT 1.19.0
2025-02-02 16:12:22,336 [INFO] ThirdParty:1030 - CMSIS Pack Vendor :STMicroelectronics X-CUBE-AZRTOS-L4 2.0.0
2025-02-02 16:12:22,336 [INFO] ThirdParty:1030 - CMSIS Pack Vendor :STMicroelectronics ThreadX 0.0.2
2025-02-02 16:12:22,336 [INFO] ThirdParty:1030 - CMSIS Pack Vendor :WES I-CUBE-Cesium 1.3.0
2025-02-02 16:12:22,336 [INFO] ThirdParty:1030 - CMSIS Pack Vendor :STMicroelectronics lwIP 2.1.2
2025-02-02 16:12:22,336 [INFO] ThirdParty:1030 - CMSIS Pack Vendor :STMicroelectronics X-CUBE-SFXS2LP1 4.0.0
2025-02-02 16:12:22,336 [INFO] ThirdParty:1030 - CMSIS Pack Vendor :STMicroelectronics X-CUBE-BLE2 3.3.0
2025-02-02 16:12:22,336 [INFO] ThirdParty:1030 - CMSIS Pack Vendor :STMicroelectronics PDM2PCM 3.2.0
2025-02-02 16:12:22,336 [INFO] ThirdParty:1030 - CMSIS Pack Vendor :STMicroelectronics X-CUBE-ISPU 1.1.0
2025-02-02 16:12:22,336 [INFO] ThirdParty:1030 - CMSIS Pack Vendor :STMicroelectronics X-CUBE-AZRTOS-H7 3.3.0
2025-02-02 16:12:22,336 [INFO] ThirdParty:1030 - CMSIS Pack Vendor :STMicroelectronics X-CUBE-NFC9 1.0.0
2025-02-02 16:12:22,336 [INFO] ThirdParty:1030 - CMSIS Pack Vendor :STMicroelectronics USB_DEVICE 3.0.0
2025-02-02 16:12:22,336 [INFO] ThirdParty:1030 - CMSIS Pack Vendor :STMicroelectronics X-CUBE-TCPP 4.1.0
2025-02-02 16:12:22,336 [INFO] ThirdParty:1030 - CMSIS Pack Vendor :STMicroelectronics X-CUBE-AI 8.0.0
2025-02-02 16:12:22,336 [INFO] ThirdParty:1030 - CMSIS Pack Vendor :STMicroelectronics X-CUBE-AZRTOS-WB 2.0.0
2025-02-02 16:12:22,336 [INFO] ThirdParty:1030 - CMSIS Pack Vendor :STMicroelectronics X-CUBE-FREERTOS 1.0.1
2025-02-02 16:12:22,336 [INFO] ThirdParty:1030 - CMSIS Pack Vendor :STMicroelectronics X-CUBE-GNSS1 7.0.0
2025-02-02 16:12:22,336 [INFO] ThirdParty:1030 - CMSIS Pack Vendor :STMicroelectronics X-CUBE-GNSS1 7.0.1
2025-02-02 16:12:22,336 [INFO] ThirdParty:1030 - CMSIS Pack Vendor :STMicroelectronics X-CUBE-TOUCHGFX 4.21.3
2025-02-02 16:12:22,338 [INFO] ThirdParty:1030 - CMSIS Pack Vendor :STMicroelectronics X-CUBE-TOUCHGFX 4.21.4
2025-02-02 16:12:22,338 [INFO] ThirdParty:1030 - CMSIS Pack Vendor :STMicroelectronics X-CUBE-ALGOBUILD 1.3.0
2025-02-02 16:12:22,338 [INFO] ThirdParty:1030 - CMSIS Pack Vendor :STMicroelectronics X-CUBE-AZRTOS-L5 1.1.0
2025-02-02 16:12:22,338 [INFO] ThirdParty:1030 - CMSIS Pack Vendor :STMicroelectronics X-CUBE-AZRTOS-G0 1.1.0
2025-02-02 16:12:22,338 [INFO] ThirdParty:1030 - CMSIS Pack Vendor :STMicroelectronics X-CUBE-AI 8.0.1
2025-02-02 16:12:22,338 [INFO] ThirdParty:1030 - CMSIS Pack Vendor :STMicroelectronics X-CUBE-SAFEA1 1.2.2
2025-02-02 16:12:22,338 [INFO] ThirdParty:1030 - CMSIS Pack Vendor :STMicroelectronics X-CUBE-NFC4 3.0.0
2025-02-02 16:12:22,338 [INFO] ThirdParty:1030 - CMSIS Pack Vendor :STMicroelectronics X-CUBE-SUBG2 5.0.0
2025-02-02 16:12:22,338 [INFO] ThirdParty:1030 - CMSIS Pack Vendor :STMicroelectronics STM32_WPAN 1.0.0
2025-02-02 16:12:22,338 [INFO] ThirdParty:1030 - CMSIS Pack Vendor :wolfSSL I-CUBE-wolfMQTT 1.18.0
2025-02-02 16:12:22,338 [INFO] ThirdParty:1030 - CMSIS Pack Vendor :STMicroelectronics lwIP 2.0.3
2025-02-02 16:12:22,338 [INFO] ThirdParty:1030 - CMSIS Pack Vendor :Cesanta I-CUBE-Mongoose 7.13.0
2025-02-02 16:12:22,338 [INFO] ThirdParty:1030 - CMSIS Pack Vendor :STMicroelectronics USB_HOST 1.0.0
2025-02-02 16:12:22,338 [INFO] ThirdParty:1030 - CMSIS Pack Vendor :STMicroelectronics X-CUBE-TOF1 3.3.1
2025-02-02 16:12:22,338 [INFO] ThirdParty:1030 - CMSIS Pack Vendor :STMicroelectronics X-CUBE-AZRTOS-G4 2.0.0
2025-02-02 16:12:22,338 [INFO] ThirdParty:1030 - CMSIS Pack Vendor :STMicroelectronics PDM2PCM 3.1.0
2025-02-02 16:12:22,339 [INFO] ThirdParty:1030 - CMSIS Pack Vendor :STMicroelectronics X-CUBE-TOF1 3.3.0
2025-02-02 16:12:22,339 [INFO] ThirdParty:1030 - CMSIS Pack Vendor :Infineon AIROC-Wi-Fi-Bluetooth-STM32 1.5.1
2025-02-02 16:12:22,339 [INFO] ThirdParty:1030 - CMSIS Pack Vendor :STMicroelectronics X-CUBE-BLEMGR 3.0.0
2025-02-02 16:12:22,339 [INFO] ThirdParty:1030 - CMSIS Pack Vendor :STMicroelectronics FP-SNS-MOTENVWB1 1.3.0
2025-02-02 16:12:22,339 [INFO] ThirdParty:1030 - CMSIS Pack Vendor :STMicroelectronics FP-SNS-MOTENVWB1 1.3.1
2025-02-02 16:12:22,339 [INFO] ThirdParty:1030 - CMSIS Pack Vendor :STMicroelectronics FP-ATR-SIGFOX1 3.2.0
2025-02-02 16:12:22,339 [INFO] ThirdParty:1030 - CMSIS Pack Vendor :STMicroelectronics X-CUBE-AZRTOS-G4 1.0.0
2025-02-02 16:12:22,339 [INFO] ThirdParty:1030 - CMSIS Pack Vendor :STMicroelectronics X-CUBE-AZRTOS-L4 1.0.0
2025-02-02 16:12:22,339 [INFO] ThirdParty:1030 - CMSIS Pack Vendor :STMicroelectronics X-CUBE-ISPU 2.0.0
2025-02-02 16:12:22,339 [INFO] ThirdParty:1030 - CMSIS Pack Vendor :STMicroelectronics X-CUBE-EEPRMA1 5.1.0
2025-02-02 16:12:22,339 [INFO] ThirdParty:1030 - CMSIS Pack Vendor :STMicroelectronics MBEDTLS 2.16.2
2025-02-02 16:12:22,339 [INFO] ThirdParty:1030 - CMSIS Pack Vendor :STMicroelectronics X-CUBE-ALS 1.0.2
2025-02-02 16:12:22,339 [INFO] ThirdParty:1030 - CMSIS Pack Vendor :STMicroelectronics X-CUBE-MEMS1 10.0.0
2025-02-02 16:12:22,340 [INFO] ThirdParty:1030 - CMSIS Pack Vendor :STMicroelectronics X-CUBE-FREERTOS 1.1.0
2025-02-02 16:12:22,340 [INFO] ThirdParty:1030 - CMSIS Pack Vendor :STMicroelectronics X-CUBE-TOUCHGFX 4.24.0
2025-02-02 16:12:22,340 [INFO] ThirdParty:1030 - CMSIS Pack Vendor :STMicroelectronics X-CUBE-TOUCHGFX 4.24.2
2025-02-02 16:12:22,340 [INFO] ThirdParty:1030 - CMSIS Pack Vendor :STMicroelectronics X-CUBE-AZRTOS-WL 1.0.0
2025-02-02 16:12:22,340 [INFO] ThirdParty:1030 - CMSIS Pack Vendor :STMicroelectronics X-CUBE-TOUCHGFX 4.24.1
2025-02-02 16:12:22,340 [INFO] ThirdParty:1030 - CMSIS Pack Vendor :portGmbH I-Cube-SoM-uGOAL 1.1.0
2025-02-02 16:12:22,340 [INFO] ThirdParty:1030 - CMSIS Pack Vendor :STMicroelectronics X-CUBE-ALS 1.0.1
2025-02-02 16:12:22,340 [INFO] ThirdParty:1030 - CMSIS Pack Vendor :STMicroelectronics X-CUBE-MEMS1 9.5.0
2025-02-02 16:12:22,340 [INFO] ThirdParty:1030 - CMSIS Pack Vendor :STMicroelectronics ThreadX 1.0.0
2025-02-02 16:12:22,340 [INFO] ThirdParty:1030 - CMSIS Pack Vendor :STMicroelectronics X-CUBE-AZRTOS-WB 1.1.0
2025-02-02 16:12:22,341 [INFO] ThirdParty:1030 - CMSIS Pack Vendor :SEGGER I-CUBE-embOS 1.3.1
2025-02-02 16:12:22,341 [INFO] ThirdParty:1030 - CMSIS Pack Vendor :STMicroelectronics X-CUBE-ALGOBUILD 1.4.0
2025-02-02 16:12:22,341 [INFO] ThirdParty:1030 - CMSIS Pack Vendor :STMicroelectronics X-CUBE-AZRTOS-H7RS 1.0.0
2025-02-02 16:12:22,341 [INFO] ThirdParty:1030 - CMSIS Pack Vendor :STMicroelectronics FP-ATR-ASTRA1 2.0.0
2025-02-02 16:12:22,341 [INFO] ThirdParty:1030 - CMSIS Pack Vendor :STMicroelectronics X-CUBE-AI 9.1.0
2025-02-02 16:12:22,341 [INFO] ThirdParty:1030 - CMSIS Pack Vendor :STMicroelectronics X-CUBE-TOF1 3.4.0
2025-02-02 16:12:22,341 [INFO] ThirdParty:1030 - CMSIS Pack Vendor :STMicroelectronics X-CUBE-TOF1 3.4.1
2025-02-02 16:12:22,341 [INFO] ThirdParty:1030 - CMSIS Pack Vendor :STMicroelectronics X-CUBE-AZRTOS-H7 3.2.0
2025-02-02 16:12:22,341 [INFO] ThirdParty:1030 - CMSIS Pack Vendor :wolfSSL I-CUBE-wolfSSH 1.4.17
2025-02-02 16:12:22,343 [INFO] ThirdParty:841 - exiting critical section [change project]
2025-02-02 16:12:23,039 [INFO] PinOutPanel:1499 - setPackage(No Configuration,No Configuration)
2025-02-02 16:12:23,042 [INFO] PinOutPanel:1499 - setPackage(STM32F746ZGTx,LQFP144)
2025-02-02 16:12:24,942 [INFO] UtilMem:75 - Before build in PCC Used Memory: 264402136 Bytes (334495744)
2025-02-02 16:12:26,793 [INFO] UtilMem:75 - After build in PCC Used Memory: 284641528 Bytes (334495744)
2025-02-02 16:12:26,916 [INFO] IPUIPlugin:80 - create IPUIPlugin
2025-02-02 16:12:26,916 [INFO] IPUIPlugin:80 - create IPUIPlugin
2025-02-02 16:12:26,916 [INFO] IPUIPlugin:80 - create IPUIPlugin
2025-02-02 16:12:26,919 [INFO] IPUIPlugin:80 - create IPUIPlugin
2025-02-02 16:12:26,920 [INFO] IPUIPlugin:80 - create IPUIPlugin
2025-02-02 16:12:26,920 [INFO] IPUIPlugin:80 - create IPUIPlugin
2025-02-02 16:12:26,921 [INFO] IPUIPlugin:80 - create IPUIPlugin
2025-02-02 16:12:26,921 [INFO] IPUIPlugin:80 - create IPUIPlugin
2025-02-02 16:12:26,922 [INFO] IPUIPlugin:80 - create IPUIPlugin
2025-02-02 16:12:26,922 [INFO] IPUIPlugin:80 - create IPUIPlugin
2025-02-02 16:12:26,922 [INFO] IPUIPlugin:80 - create IPUIPlugin
2025-02-02 16:12:26,923 [INFO] IPUIPlugin:80 - create IPUIPlugin
2025-02-02 16:12:26,923 [INFO] IPUIPlugin:80 - create IPUIPlugin
2025-02-02 16:12:26,924 [INFO] IPUIPlugin:80 - create IPUIPlugin
2025-02-02 16:12:26,924 [INFO] IPUIPlugin:80 - create IPUIPlugin
2025-02-02 16:12:26,924 [INFO] IPUIPlugin:80 - create IPUIPlugin
2025-02-02 16:12:26,925 [INFO] IPUIPlugin:80 - create IPUIPlugin
2025-02-02 16:12:26,925 [INFO] IPUIPlugin:80 - create IPUIPlugin
2025-02-02 16:12:26,925 [INFO] IPUIPlugin:80 - create IPUIPlugin
2025-02-02 16:12:26,926 [INFO] IPUIPlugin:80 - create IPUIPlugin
2025-02-02 16:12:26,926 [INFO] IPUIPlugin:80 - create IPUIPlugin
2025-02-02 16:12:26,927 [INFO] IPUIPlugin:80 - create IPUIPlugin
2025-02-02 16:12:26,927 [INFO] IPUIPlugin:80 - create IPUIPlugin
2025-02-02 16:12:26,927 [INFO] IPUIPlugin:80 - create IPUIPlugin
2025-02-02 16:12:26,928 [INFO] IPUIPlugin:80 - create IPUIPlugin
2025-02-02 16:12:26,928 [INFO] IPUIPlugin:80 - create IPUIPlugin
2025-02-02 16:12:26,929 [INFO] IPUIPlugin:80 - create IPUIPlugin
2025-02-02 16:12:26,930 [INFO] IPUIPlugin:80 - create IPUIPlugin
2025-02-02 16:12:26,930 [INFO] IPUIPlugin:80 - create IPUIPlugin
2025-02-02 16:12:26,931 [INFO] IPUIPlugin:80 - create IPUIPlugin
2025-02-02 16:12:26,932 [INFO] IPUIPlugin:80 - create IPUIPlugin
2025-02-02 16:12:26,932 [INFO] IPUIPlugin:80 - create IPUIPlugin
2025-02-02 16:12:26,933 [INFO] IPUIPlugin:80 - create IPUIPlugin
2025-02-02 16:12:26,935 [INFO] IPUIPlugin:80 - create IPUIPlugin
2025-02-02 16:12:26,936 [INFO] IPUIPlugin:80 - create IPUIPlugin
2025-02-02 16:12:26,938 [INFO] IPUIPlugin:80 - create IPUIPlugin
2025-02-02 16:12:26,939 [INFO] IPUIPlugin:80 - create IPUIPlugin
2025-02-02 16:12:26,940 [INFO] IPUIPlugin:80 - create IPUIPlugin
2025-02-02 16:12:26,940 [INFO] IPUIPlugin:80 - create IPUIPlugin
2025-02-02 16:12:26,941 [INFO] IPUIPlugin:80 - create IPUIPlugin
2025-02-02 16:12:26,942 [INFO] IPUIPlugin:80 - create IPUIPlugin
2025-02-02 16:12:26,943 [INFO] IPUIPlugin:80 - create IPUIPlugin
2025-02-02 16:12:26,944 [INFO] IPUIPlugin:80 - create IPUIPlugin
2025-02-02 16:12:26,947 [INFO] IPUIPlugin:80 - create IPUIPlugin
2025-02-02 16:12:26,948 [INFO] IPUIPlugin:80 - create IPUIPlugin
2025-02-02 16:12:26,948 [INFO] IPUIPlugin:80 - create IPUIPlugin
2025-02-02 16:12:26,951 [INFO] IPUIPlugin:80 - create IPUIPlugin
2025-02-02 16:12:26,952 [INFO] IPUIPlugin:80 - create IPUIPlugin
2025-02-02 16:12:26,953 [INFO] IPUIPlugin:80 - create IPUIPlugin
2025-02-02 16:12:26,954 [INFO] IPUIPlugin:80 - create IPUIPlugin
2025-02-02 16:12:26,954 [INFO] IPUIPlugin:80 - create IPUIPlugin
2025-02-02 16:12:26,955 [INFO] IPUIPlugin:80 - create IPUIPlugin
2025-02-02 16:12:26,956 [INFO] IPUIPlugin:80 - create IPUIPlugin
2025-02-02 16:12:26,957 [INFO] IPUIPlugin:80 - create IPUIPlugin
2025-02-02 16:12:26,958 [INFO] IPUIPlugin:80 - create IPUIPlugin
2025-02-02 16:12:26,959 [INFO] IPUIPlugin:80 - create IPUIPlugin
2025-02-02 16:12:26,960 [INFO] IPUIPlugin:80 - create IPUIPlugin
2025-02-02 16:12:26,961 [INFO] IPUIPlugin:80 - create IPUIPlugin
2025-02-02 16:12:26,962 [INFO] IPUIPlugin:80 - create IPUIPlugin
2025-02-02 16:12:26,963 [INFO] IPUIPlugin:80 - create IPUIPlugin
2025-02-02 16:12:26,964 [INFO] IPUIPlugin:80 - create IPUIPlugin
2025-02-02 16:12:26,965 [INFO] IPUIPlugin:80 - create IPUIPlugin
2025-02-02 16:12:26,966 [INFO] IPUIPlugin:80 - create IPUIPlugin
2025-02-02 16:12:26,968 [INFO] IPUIPlugin:80 - create IPUIPlugin
2025-02-02 16:12:26,969 [INFO] IPUIPlugin:80 - create IPUIPlugin
2025-02-02 16:12:26,970 [INFO] IPUIPlugin:80 - create IPUIPlugin
2025-02-02 16:12:26,971 [INFO] IPUIPlugin:80 - create IPUIPlugin
2025-02-02 16:12:26,972 [INFO] IPUIPlugin:80 - create IPUIPlugin
2025-02-02 16:12:26,973 [INFO] IPUIPlugin:80 - create IPUIPlugin
2025-02-02 16:12:26,973 [INFO] IPUIPlugin:80 - create IPUIPlugin
2025-02-02 16:12:26,975 [INFO] IPUIPlugin:80 - create IPUIPlugin
2025-02-02 16:12:26,976 [INFO] IPUIPlugin:80 - create IPUIPlugin
2025-02-02 16:12:26,978 [INFO] IPUIPlugin:80 - create IPUIPlugin
2025-02-02 16:12:26,978 [INFO] IPUIPlugin:80 - create IPUIPlugin
2025-02-02 16:12:26,991 [INFO] IPUIPlugin:80 - create IPUIPlugin
2025-02-02 16:12:27,044 [INFO] ApiDbMcu:507 - Load IP Config File for PDM2PCM
2025-02-02 16:12:27,070 [INFO] Can:71 - Can Add PropertyChangeListener com.st.microxplorer.plugins.ip.can.Can@39317ee8
2025-02-02 16:12:27,072 [INFO] Can:71 - Can Add PropertyChangeListener com.st.microxplorer.plugins.ip.can.Can@1a1fb485
2025-02-02 16:12:27,645 [INFO] CADModel:165 - CPN selected for project levelSTM32F746ZGT6
2025-02-02 16:12:27,646 [INFO] CADModel:114 - Register for checkConnection events
2025-02-02 16:12:27,742 [INFO] OpenFileManager:328 - Restore cursor
2025-02-02 16:12:28,147 [WARN] IP:2113 - LayerIdx_L1 not found: check if there is a RefParameter without a condition.
