2024-12-29 13:43:23,587 [INFO] Activator:176 - 


2024-12-29 13:43:23,598 [INFO] Activator:177 - !SESSION log4j initialized
2024-12-29 13:43:32,797 [INFO] LogOutputStream:77 - [STDOUT_REDIRECT] 
2024-12-29 13:43:41,446 [INFO] ApplicationProperties:184 - Using Application install path: C:\ST\STM32CubeIDE_1.12.1\STM32CubeIDE\plugins\com.st.stm32cube.common.mx_6.8.1.202304191431
2024-12-29 13:43:41,485 [INFO] DbMcusXml:78 - Set database path to: C:\ST\STM32CubeIDE_1.12.1\STM32CubeIDE\plugins\com.st.stm32cube.common.mx_6.8.1.202304191431\\db\/mcu/
2024-12-29 13:43:41,486 [INFO] ApiDb:274 - Set plugin database path to: C:\ST\STM32CubeIDE_1.12.1\STM32CubeIDE\plugins\com.st.stm32cube.common.mx_6.8.1.202304191431\\db\/plugins/boardmanager/
2024-12-29 13:43:41,490 [WARN] ApiDb:259 - Overriding images path with different value:  => C:\ST\STM32CubeIDE_1.12.1\STM32CubeIDE\plugins\com.st.stm32cube.common.mx_6.8.1.202304191431\\db\/plugins/mcufinder/images/
2024-12-29 13:43:41,514 [INFO] ApiDb:250 - Set database path to: C:\Users\rhett\.stmcufinder\plugins\mcufinder//mcu/
2024-12-29 13:43:41,517 [INFO] DbMcusAds:125 - Set database path to: C:\Users\rhett\.stmcufinder\plugins\mcufinder//mcu/
2024-12-29 13:43:41,521 [INFO] CrossReferenceDbSqlite:203 - Set database path to: C:\Users\rhett\.stmcufinder\plugins\mcufinder//mcu/cs/
2024-12-29 13:43:41,720 [INFO] RulesReader:64 - Compatibility file has been processed (293 Rules)
2024-12-29 13:43:41,874 [INFO] DbMcusXml:78 - Set database path to: C:\ST\STM32CubeIDE_1.12.1\STM32CubeIDE\plugins\com.st.stm32cube.common.mx_6.8.1.202304191431\\db\/mcu/
2024-12-29 13:43:41,874 [INFO] ApiDb:274 - Set plugin database path to: C:\ST\STM32CubeIDE_1.12.1\STM32CubeIDE\plugins\com.st.stm32cube.common.mx_6.8.1.202304191431\\db\/plugins/boardmanager/
2024-12-29 13:43:41,874 [INFO] ApiDb:261 - Set plugin images path to: C:\ST\STM32CubeIDE_1.12.1\STM32CubeIDE\plugins\com.st.stm32cube.common.mx_6.8.1.202304191431\\db\/plugins/mcufinder/images/
2024-12-29 13:43:41,874 [WARN] DbFile:41 - Overriding database path with different value: C:\Users\rhett\.stmcufinder\plugins\mcufinder/ => C:\Users\rhett\.stmcufinder\plugins\mcufinder
2024-12-29 13:43:41,875 [INFO] ApiDb:250 - Set database path to: C:\Users\rhett\.stmcufinder\plugins\mcufinder//mcu/
2024-12-29 13:43:41,875 [WARN] DbFile:41 - Overriding database path with different value: C:\Users\rhett\.stmcufinder\plugins\mcufinder/ => C:\Users\rhett\.stmcufinder\plugins\mcufinder
2024-12-29 13:43:41,875 [INFO] DbMcusAds:125 - Set database path to: C:\Users\rhett\.stmcufinder\plugins\mcufinder//mcu/
2024-12-29 13:43:41,875 [WARN] DbFile:41 - Overriding database path with different value: C:\Users\rhett\.stmcufinder\plugins\mcufinder/ => C:\Users\rhett\.stmcufinder\plugins\mcufinder
2024-12-29 13:43:41,875 [WARN] DbFile:41 - Overriding database path with different value: C:\Users\rhett\.stmcufinder\plugins\mcufinder/ => C:\Users\rhett\.stmcufinder\plugins\mcufinder
2024-12-29 13:43:41,875 [INFO] CrossReferenceDbSqlite:203 - Set database path to: C:\Users\rhett\.stmcufinder\plugins\mcufinder//mcu/cs/
2024-12-29 13:43:41,994 [INFO] MainPanel:253 - HeapMemory: 268435456
2024-12-29 13:43:42,133 [INFO] DbMcusXml:78 - Set database path to: C:\ST\STM32CubeIDE_1.12.1\STM32CubeIDE\plugins\com.st.stm32cube.common.mx_6.8.1.202304191431\\db\/mcu/
2024-12-29 13:43:42,133 [INFO] ApiDb:274 - Set plugin database path to: C:\ST\STM32CubeIDE_1.12.1\STM32CubeIDE\plugins\com.st.stm32cube.common.mx_6.8.1.202304191431\\db\/plugins/boardmanager/
2024-12-29 13:43:42,133 [INFO] ApiDb:261 - Set plugin images path to: C:\ST\STM32CubeIDE_1.12.1\STM32CubeIDE\plugins\com.st.stm32cube.common.mx_6.8.1.202304191431\\db\/plugins/mcufinder/images/
2024-12-29 13:43:42,134 [WARN] DbFile:41 - Overriding database path with different value: C:\Users\rhett\.stmcufinder\plugins\mcufinder/ => C:\Users\rhett\.stmcufinder\plugins\mcufinder
2024-12-29 13:43:42,134 [INFO] ApiDb:250 - Set database path to: C:\Users\rhett\.stmcufinder\plugins\mcufinder//mcu/
2024-12-29 13:43:42,134 [WARN] DbFile:41 - Overriding database path with different value: C:\Users\rhett\.stmcufinder\plugins\mcufinder/ => C:\Users\rhett\.stmcufinder\plugins\mcufinder
2024-12-29 13:43:42,135 [INFO] DbMcusAds:125 - Set database path to: C:\Users\rhett\.stmcufinder\plugins\mcufinder//mcu/
2024-12-29 13:43:42,135 [WARN] DbFile:41 - Overriding database path with different value: C:\Users\rhett\.stmcufinder\plugins\mcufinder/ => C:\Users\rhett\.stmcufinder\plugins\mcufinder
2024-12-29 13:43:42,135 [WARN] DbFile:41 - Overriding database path with different value: C:\Users\rhett\.stmcufinder\plugins\mcufinder/ => C:\Users\rhett\.stmcufinder\plugins\mcufinder
2024-12-29 13:43:42,135 [INFO] CrossReferenceDbSqlite:203 - Set database path to: C:\Users\rhett\.stmcufinder\plugins\mcufinder//mcu/cs/
2024-12-29 13:43:42,160 [INFO] ApplicationProperties:184 - Using Application install path: C:\ST\STM32CubeIDE_1.12.1\STM32CubeIDE\plugins\com.st.stm32cube.common.mx_6.8.1.202304191431
2024-12-29 13:43:42,162 [INFO] PluginManage:196 - Search for loadable plugins [exclusion list=, ]
2024-12-29 13:43:42,164 [INFO] PluginManage:310 - Check plugin analytics
2024-12-29 13:43:42,448 [INFO] AnalyticsPlugin:253 - Accepted Software Licenses: 
2024-12-29 13:43:42,449 [INFO] AnalyticsPlugin:255 - Accepted CMSIS Pack Licenses: STMicroelectronics.X-CUBE-TOUCHGFX.4.24.0
2024-12-29 13:43:42,449 [INFO] AnalyticsPlugin:257 - Accepted Firmware Licenses: FW.G0.1.6.0,FW.F4.1.27.0,FW.MP1.1.6.0,FW.C0.1.0.0,FW.F7.1.17.0
2024-12-29 13:43:42,463 [INFO] PluginManage:359 - Loaded plugin analytics (category:tool,tabindex:-1)
2024-12-29 13:43:42,464 [INFO] PluginManage:310 - Check plugin cadmodel
2024-12-29 13:43:42,493 [INFO] CADModel:105 - Init CAD model plugin
2024-12-29 13:43:42,493 [INFO] PluginManage:359 - Loaded plugin cadmodel (category:power,tabindex:5)
2024-12-29 13:43:42,494 [INFO] PluginManage:310 - Check plugin clock
2024-12-29 13:43:42,532 [INFO] PluginManage:359 - Loaded plugin clock (category:base,tabindex:2)
2024-12-29 13:43:42,532 [INFO] PluginManage:310 - Check plugin ddr
2024-12-29 13:43:42,539 [INFO] PluginManage:359 - Loaded plugin ddr (category:tool,tabindex:6)
2024-12-29 13:43:42,539 [INFO] PluginManage:310 - Check plugin filemanager
2024-12-29 13:43:42,799 [INFO] PluginManage:359 - Loaded plugin filemanager (category:base,tabindex:10)
2024-12-29 13:43:42,800 [INFO] PluginManage:310 - Check plugin ipmanager
2024-12-29 13:43:42,813 [INFO] PluginManage:359 - Loaded plugin ipmanager (category:base,tabindex:5)
2024-12-29 13:43:42,814 [INFO] PluginManage:310 - Check plugin lpbam
2024-12-29 13:43:42,840 [INFO] PluginManage:359 - Loaded plugin lpbam (category:base,tabindex:0)
2024-12-29 13:43:42,841 [INFO] PluginManage:310 - Check plugin pinoutandconfiguration
2024-12-29 13:43:42,871 [INFO] PluginManage:359 - Loaded plugin pinoutandconfiguration (category:base,tabindex:1)
2024-12-29 13:43:42,871 [INFO] PluginManage:310 - Check plugin pinoutconfig
2024-12-29 13:43:43,016 [WARN] SupportedApi:132 - Cannot load RTOS API schema: s4s-elt-must-match.1: The content of 'definitions' must match (annotation?, (simpleType | complexType)?, (unique | key | keyref)*)). A problem was found starting at: attribute.
2024-12-29 13:43:43,215 [INFO] PluginManage:359 - Loaded plugin pinoutconfig (category:base,tabindex:0)
2024-12-29 13:43:43,215 [INFO] PluginManage:310 - Check plugin power
2024-12-29 13:43:43,248 [INFO] PluginManage:359 - Loaded plugin power (category:power,tabindex:4)
2024-12-29 13:43:43,249 [INFO] PluginManage:310 - Check plugin projectmanager
2024-12-29 13:43:43,281 [INFO] PluginManage:359 - Loaded plugin projectmanager (category:projectmanager,tabindex:3)
2024-12-29 13:43:43,282 [INFO] PluginManage:310 - Check plugin thirdparty
2024-12-29 13:43:43,752 [WARN] IntegrityCheckThread:84 - waiting for thirdparty lock release [integrity check]
2024-12-29 13:43:43,753 [INFO] PluginManage:359 - Loaded plugin thirdparty (category:base,tabindex:-1)
2024-12-29 13:43:43,753 [INFO] IntegrityCheckThread:86 - entering critical section [integrity check]
2024-12-29 13:43:43,753 [INFO] PluginManage:310 - Check plugin tools
2024-12-29 13:43:43,756 [INFO] ThirdPartyUpdaterWithRetryManager:70 - Updater plugin not ready yet. [1/15]
2024-12-29 13:43:43,801 [INFO] PluginManage:359 - Loaded plugin tools (category:base,tabindex:7)
2024-12-29 13:43:43,801 [INFO] PluginManage:310 - Check plugin tutovideos
2024-12-29 13:43:44,085 [INFO] PluginManage:359 - Loaded plugin tutovideos (category:base,tabindex:-1)
2024-12-29 13:43:44,085 [INFO] PluginManage:310 - Check plugin updater
2024-12-29 13:43:44,109 [INFO] PluginManage:359 - Loaded plugin updater (category:base,tabindex:12)
2024-12-29 13:43:44,110 [INFO] PluginManage:283 - PluginManage : Loaded plugins [15]
2024-12-29 13:43:44,605 [INFO] PinOutPanel:1499 - setPackage(No Configuration,No Configuration)
2024-12-29 13:43:44,710 [INFO] CADModel:165 - CPN selected for project level
2024-12-29 13:43:44,710 [INFO] CADModel:114 - Register for checkConnection events
2024-12-29 13:43:44,749 [INFO] IPUIPlugin:80 - create IPUIPlugin
2024-12-29 13:43:44,749 [INFO] PluginManager:220 - loadIPPluginJar : add adc
2024-12-29 13:43:44,804 [INFO] IPUIPlugin:80 - create IPUIPlugin
2024-12-29 13:43:44,804 [INFO] PluginManager:220 - loadIPPluginJar : add aes
2024-12-29 13:43:44,877 [INFO] IPUIPlugin:80 - create IPUIPlugin
2024-12-29 13:43:44,877 [INFO] PluginManager:220 - loadIPPluginJar : add can
2024-12-29 13:43:44,911 [INFO] IPUIPlugin:80 - create IPUIPlugin
2024-12-29 13:43:44,912 [INFO] PluginManager:220 - loadIPPluginJar : add comp
2024-12-29 13:43:44,959 [INFO] IPUIPlugin:80 - create IPUIPlugin
2024-12-29 13:43:44,959 [INFO] PluginManager:220 - loadIPPluginJar : add cryp
2024-12-29 13:43:45,007 [INFO] IPUIPlugin:80 - create IPUIPlugin
2024-12-29 13:43:45,007 [INFO] PluginManager:220 - loadIPPluginJar : add dfsdm
2024-12-29 13:43:45,026 [INFO] IPUIPlugin:80 - create IPUIPlugin
2024-12-29 13:43:45,027 [INFO] PluginManager:220 - loadIPPluginJar : add dma
2024-12-29 13:43:45,088 [INFO] IPUIPlugin:80 - create IPUIPlugin
2024-12-29 13:43:45,088 [INFO] PluginManager:220 - loadIPPluginJar : add dma3
2024-12-29 13:43:45,115 [INFO] IPUIPlugin:80 - create IPUIPlugin
2024-12-29 13:43:45,115 [INFO] PluginManager:220 - loadIPPluginJar : add fatfs
2024-12-29 13:43:45,178 [INFO] IPUIPlugin:80 - create IPUIPlugin
2024-12-29 13:43:45,178 [INFO] PluginManager:220 - loadIPPluginJar : add fmc
2024-12-29 13:43:45,200 [INFO] IPUIPlugin:80 - create IPUIPlugin
2024-12-29 13:43:45,200 [INFO] PluginManager:220 - loadIPPluginJar : add freertos
2024-12-29 13:43:45,227 [INFO] IPUIPlugin:80 - create IPUIPlugin
2024-12-29 13:43:45,227 [INFO] PluginManager:220 - loadIPPluginJar : add genericplugin
2024-12-29 13:43:45,351 [INFO] IPUIPlugin:80 - create IPUIPlugin
2024-12-29 13:43:45,351 [INFO] PluginManager:220 - loadIPPluginJar : add gfxmmu
2024-12-29 13:43:45,532 [INFO] IPUIPlugin:80 - create IPUIPlugin
2024-12-29 13:43:45,532 [INFO] PluginManager:220 - loadIPPluginJar : add gic
2024-12-29 13:43:45,548 [INFO] IPUIPlugin:80 - create IPUIPlugin
2024-12-29 13:43:45,548 [INFO] PluginManager:220 - loadIPPluginJar : add gpio
2024-12-29 13:43:45,663 [INFO] IPUIPlugin:80 - create IPUIPlugin
2024-12-29 13:43:45,663 [INFO] PluginManager:220 - loadIPPluginJar : add gtzc
2024-12-29 13:43:45,706 [INFO] IPUIPlugin:80 - create IPUIPlugin
2024-12-29 13:43:45,706 [INFO] PluginManager:220 - loadIPPluginJar : add hash
2024-12-29 13:43:45,787 [INFO] IPUIPlugin:80 - create IPUIPlugin
2024-12-29 13:43:45,788 [INFO] PluginManager:220 - loadIPPluginJar : add i2c
2024-12-29 13:43:45,840 [INFO] IPUIPlugin:80 - create IPUIPlugin
2024-12-29 13:43:45,840 [INFO] PluginManager:220 - loadIPPluginJar : add i2s
2024-12-29 13:43:45,895 [INFO] IPUIPlugin:80 - create IPUIPlugin
2024-12-29 13:43:45,896 [INFO] PluginManager:220 - loadIPPluginJar : add i3c
2024-12-29 13:43:46,034 [INFO] IPUIPlugin:80 - create IPUIPlugin
2024-12-29 13:43:46,035 [INFO] PluginManager:220 - loadIPPluginJar : add ipddr
2024-12-29 13:43:46,156 [INFO] IPUIPlugin:80 - create IPUIPlugin
2024-12-29 13:43:46,156 [INFO] PluginManager:220 - loadIPPluginJar : add linkedlist
2024-12-29 13:43:46,203 [INFO] IPUIPlugin:80 - create IPUIPlugin
2024-12-29 13:43:46,203 [INFO] PluginManager:220 - loadIPPluginJar : add lorawan
2024-12-29 13:43:46,255 [INFO] IPUIPlugin:80 - create IPUIPlugin
2024-12-29 13:43:46,255 [INFO] PluginManager:220 - loadIPPluginJar : add ltdc
2024-12-29 13:43:46,285 [INFO] IPUIPlugin:80 - create IPUIPlugin
2024-12-29 13:43:46,285 [INFO] PluginManager:220 - loadIPPluginJar : add mdma
2024-12-29 13:43:46,302 [INFO] IPUIPlugin:80 - create IPUIPlugin
2024-12-29 13:43:46,303 [INFO] PluginManager:220 - loadIPPluginJar : add nvic
2024-12-29 13:43:46,353 [INFO] IPUIPlugin:80 - create IPUIPlugin
2024-12-29 13:43:46,353 [INFO] PluginManager:220 - loadIPPluginJar : add opamp
2024-12-29 13:43:46,430 [INFO] IPUIPlugin:80 - create IPUIPlugin
2024-12-29 13:43:46,430 [INFO] PluginManager:220 - loadIPPluginJar : add openamp
2024-12-29 13:43:46,487 [INFO] IPUIPlugin:80 - create IPUIPlugin
2024-12-29 13:43:46,487 [INFO] PluginManager:220 - loadIPPluginJar : add pdm2pcm
2024-12-29 13:43:46,506 [INFO] IPUIPlugin:80 - create IPUIPlugin
2024-12-29 13:43:46,509 [INFO] PluginManager:220 - loadIPPluginJar : add plateformsettings
2024-12-29 13:43:46,539 [INFO] IPUIPlugin:80 - create IPUIPlugin
2024-12-29 13:43:46,539 [INFO] PluginManager:220 - loadIPPluginJar : add quadspi
2024-12-29 13:43:46,560 [INFO] IPUIPlugin:80 - create IPUIPlugin
2024-12-29 13:43:46,560 [INFO] PluginManager:220 - loadIPPluginJar : add resmgrutility
2024-12-29 13:43:46,621 [INFO] IPUIPlugin:80 - create IPUIPlugin
2024-12-29 13:43:46,622 [INFO] PluginManager:220 - loadIPPluginJar : add sai
2024-12-29 13:43:46,672 [INFO] IPUIPlugin:80 - create IPUIPlugin
2024-12-29 13:43:46,672 [INFO] PluginManager:220 - loadIPPluginJar : add spi
2024-12-29 13:43:46,746 [INFO] IPUIPlugin:80 - create IPUIPlugin
2024-12-29 13:43:46,746 [INFO] PluginManager:220 - loadIPPluginJar : add stm32_wpan
2024-12-29 13:43:46,757 [INFO] ThirdPartyUpdaterWithRetryManager:70 - Updater plugin not ready yet. [2/15]
2024-12-29 13:43:46,782 [INFO] IPUIPlugin:80 - create IPUIPlugin
2024-12-29 13:43:46,783 [INFO] PluginManager:220 - loadIPPluginJar : add tim
2024-12-29 13:43:46,857 [INFO] IPUIPlugin:80 - create IPUIPlugin
2024-12-29 13:43:46,857 [INFO] PluginManager:220 - loadIPPluginJar : add touchsensing
2024-12-29 13:43:46,887 [INFO] IPUIPlugin:80 - create IPUIPlugin
2024-12-29 13:43:46,887 [INFO] PluginManager:220 - loadIPPluginJar : add tracer_emb
2024-12-29 13:43:46,920 [INFO] IPUIPlugin:80 - create IPUIPlugin
2024-12-29 13:43:46,920 [INFO] PluginManager:220 - loadIPPluginJar : add ts
2024-12-29 13:43:46,952 [INFO] IPUIPlugin:80 - create IPUIPlugin
2024-12-29 13:43:46,952 [INFO] PluginManager:220 - loadIPPluginJar : add tsc
2024-12-29 13:43:46,984 [INFO] IPUIPlugin:80 - create IPUIPlugin
2024-12-29 13:43:46,985 [INFO] PluginManager:220 - loadIPPluginJar : add ucpd
2024-12-29 13:43:47,044 [INFO] IPUIPlugin:80 - create IPUIPlugin
2024-12-29 13:43:47,044 [INFO] PluginManager:220 - loadIPPluginJar : add usart
2024-12-29 13:43:47,099 [INFO] IPUIPlugin:80 - create IPUIPlugin
2024-12-29 13:43:47,099 [INFO] PluginManager:220 - loadIPPluginJar : add usbx
2024-12-29 13:43:47,253 [INFO] CADModel:165 - CPN selected for project level
2024-12-29 13:43:47,253 [INFO] CADModel:114 - Register for checkConnection events
2024-12-29 13:43:47,253 [FATAL] Updater:308 - Updater called before beeing initialized
2024-12-29 13:43:47,253 [ERROR] CADModel:125 - Updater not yet initialized, retry later 
2024-12-29 13:43:47,484 [INFO] CADModel:165 - CPN selected for project level
2024-12-29 13:43:47,484 [INFO] CADModel:114 - Register for checkConnection events
2024-12-29 13:43:47,484 [FATAL] Updater:308 - Updater called before beeing initialized
2024-12-29 13:43:47,484 [ERROR] CADModel:125 - Updater not yet initialized, retry later 
2024-12-29 13:43:47,491 [FATAL] Updater:308 - Updater called before beeing initialized
2024-12-29 13:43:47,691 [FATAL] Updater:308 - Updater called before beeing initialized
2024-12-29 13:43:47,708 [INFO] DbMcusAds:53 - JSON generation date=Wed Dec 18 02:01:15 AEST 2024 (1734451275222)
2024-12-29 13:43:47,708 [FATAL] Updater:308 - Updater called before beeing initialized
2024-12-29 13:43:47,803 [WARN] DetailPanel:346 - Failed to get advertising image, set to default
2024-12-29 13:43:47,946 [FATAL] Updater:308 - Updater called before beeing initialized
2024-12-29 13:43:47,949 [FATAL] Updater:308 - Updater called before beeing initialized
2024-12-29 13:43:47,949 [FATAL] Updater:308 - Updater called before beeing initialized
2024-12-29 13:43:47,949 [WARN] DetailPanel:346 - Failed to get advertising image, set to default
2024-12-29 13:43:47,950 [FATAL] Updater:308 - Updater called before beeing initialized
2024-12-29 13:43:48,092 [ERROR] Updater:1120 - MainUpdater not yet initialized. External WinMGr cannot be set.
2024-12-29 13:43:48,107 [INFO] Updater:1056 - Updater Version found : 6.8.1
2024-12-29 13:43:48,132 [INFO] ApplicationProperties:184 - Using Application install path: C:\ST\STM32CubeIDE_1.12.1\STM32CubeIDE\plugins\com.st.stm32cube.common.mx_6.8.1.202304191431
2024-12-29 13:43:49,181 [INFO] MainUpdater:2854 - connection check result : 10
2024-12-29 13:43:49,182 [INFO] MainUpdater:283 - Updater Check For Update Now.
2024-12-29 13:43:49,183 [INFO] MicroXplorer:498 - Change Database Version : DB.6.0.81
2024-12-29 13:43:49,450 [INFO] CheckServerUpdateThread:120 - End of CheckServer Thread
2024-12-29 13:43:49,631 [INFO] MainUpdater:2854 - connection check result : 10
2024-12-29 13:43:49,643 [INFO] MainUpdater:2854 - connection check result : 10
2024-12-29 13:43:49,929 [INFO] MicroXplorer:468 - Change Database Path : 
2024-12-29 13:43:49,930 [INFO] MicroXplorer:498 - Change Database Version : DB.6.0.81
2024-12-29 13:43:49,933 [WARN] ThirdParty:871 - waiting for thirdparty lock release [close project]
2024-12-29 13:43:50,192 [WARN] PackLoader:240 - Cannot read IP mode file for STMicroelectronics.FP-ATR-ASTRA1.2.0.1
2024-12-29 13:43:50,223 [WARN] PackLoader:240 - Cannot read IP mode file for STMicroelectronics.X-CUBE-SMBUS.2.1.0
2024-12-29 13:43:50,253 [WARN] PackLoader:240 - Cannot read IP mode file for STMicroelectronics.X-CUBE-WB05N.1.1.0
2024-12-29 13:43:50,277 [WARN] PackLoader:240 - Cannot read IP mode file for STMicroelectronics.X-CUBE-TOUCHGFX.4.23.1
2024-12-29 13:43:50,298 [WARN] PackLoader:240 - Cannot read IP mode file for STMicroelectronics.X-CUBE-TOUCHGFX.4.23.0
2024-12-29 13:43:50,321 [WARN] PackLoader:240 - Cannot read IP mode file for STMicroelectronics.X-CUBE-TOUCHGFX.4.23.2
2024-12-29 13:43:50,398 [WARN] PackLoader:240 - Cannot read IP mode file for STMicroelectronics.X-CUBE-AZRTOS-F7.1.1.0
2024-12-29 13:43:50,434 [ERROR] RealEvaluatedCondition:428 - Found unsupported composite condition: GROUP='STM32_MetaDataManager' CLASS='Data Exchange'
2024-12-29 13:43:50,434 [ERROR] RealEvaluatedCondition:428 - Found unsupported composite condition: GROUP='STM32_MetaDataManager' CLASS='Data Exchange'
2024-12-29 13:43:50,436 [WARN] PackLoader:240 - Cannot read IP mode file for STMicroelectronics.FP-SNS-MOTENV1.4.3.0
2024-12-29 13:43:50,468 [WARN] PackLoader:240 - Cannot read IP mode file for STMicroelectronics.FP-SNS-MOTENV1.4.3.2
2024-12-29 13:43:50,497 [WARN] PackLoader:240 - Cannot read IP mode file for STMicroelectronics.FP-SNS-FLIGHT1.5.0.0
2024-12-29 13:43:50,522 [ERROR] RealEvaluatedCondition:428 - Found unsupported composite condition: GROUP='STM32_MetaDataManager' CLASS='Data Exchange'
2024-12-29 13:43:50,523 [ERROR] RealEvaluatedCondition:428 - Found unsupported composite condition: CLASS='Data Exchange' GROUP='STM32_MetaDataManager'
2024-12-29 13:43:50,526 [WARN] PackLoader:240 - Cannot read IP mode file for STMicroelectronics.FP-SNS-MOTENV1.4.3.1
2024-12-29 13:43:50,557 [WARN] PackLoader:240 - Cannot read IP mode file for STMicroelectronics.FP-SNS-FLIGHT1.5.0.1
2024-12-29 13:43:50,763 [WARN] PackLoader:240 - Cannot read IP mode file for STMicroelectronics.X-CUBE-MEMS1.11.0.0
2024-12-29 13:43:50,990 [WARN] PackLoader:240 - Cannot read IP mode file for STMicroelectronics.X-CUBE-BLE1.6.2.4
2024-12-29 13:43:51,013 [WARN] PackLoader:240 - Cannot read IP mode file for STMicroelectronics.FP-SNS-FLIGHT1.5.0.2
2024-12-29 13:43:51,037 [WARN] PackLoader:240 - Cannot read IP mode file for STMicroelectronics.X-CUBE-DISPLAY.3.0.0
2024-12-29 13:43:51,067 [WARN] PackLoader:240 - Cannot read IP mode file for STMicroelectronics.X-CUBE-BLE1.7.0.0
2024-12-29 13:43:51,087 [WARN] PackLoader:240 - Cannot read IP mode file for STMicroelectronics.X-CUBE-NFC10.1.0.0
2024-12-29 13:43:51,106 [ERROR] Engine:466 - C:\Users\rhett\.stm32cubemx\thirdparties\pdsc\STMicroelectronics.X-CUBE-BLEMGR.4.0.0.pdsc: PDSC version is not supported
2024-12-29 13:43:51,128 [WARN] PackLoader:240 - Cannot read IP mode file for STMicroelectronics.X-CUBE-TOUCHGFX.4.22.0
2024-12-29 13:43:51,144 [WARN] PackLoader:240 - Cannot read IP mode file for STMicroelectronics.X-CUBE-TOUCHGFX.4.22.1
2024-12-29 13:43:51,171 [WARN] PackLoader:240 - Cannot read IP mode file for STMicroelectronics.X-CUBE-BLEMGR.3.1.0
2024-12-29 13:43:51,207 [WARN] PackLoader:240 - Cannot read IP mode file for STMicroelectronics.FP-SNS-SMARTAG2.1.2.0
2024-12-29 13:43:51,352 [WARN] PackLoader:240 - Cannot read IP mode file for STMicroelectronics.X-CUBE-MEMS1.11.1.0
2024-12-29 13:43:51,632 [INFO] LogOutputStream:77 - [STDOUT_REDIRECT] 1 : Invalid condition id : UX_CORESTACK_Condition cause : null
2024-12-29 13:43:51,633 [INFO] LogOutputStream:77 - [STDOUT_REDIRECT] 1 : Invalid condition id : UX_CORESTACK_Condition cause : null
2024-12-29 13:43:51,635 [INFO] LogOutputStream:77 - [STDOUT_REDIRECT] 1 : Invalid condition id : UX_CORESTACK_Condition cause : null
2024-12-29 13:43:51,637 [INFO] LogOutputStream:77 - [STDOUT_REDIRECT] 1 : Invalid condition id : UX_CORESTACK_Condition cause : null
2024-12-29 13:43:51,638 [INFO] LogOutputStream:77 - [STDOUT_REDIRECT] 1 : Invalid condition id : UX_CORESTACK_Condition cause : null
2024-12-29 13:43:51,643 [WARN] PackLoader:240 - Cannot read IP mode file for STMicroelectronics.X-CUBE-AZRTOS-WL.2.0.0
2024-12-29 13:43:51,663 [WARN] PackLoader:240 - Cannot read IP mode file for STMicroelectronics.FP-SNS-MOTENV1.5.0.0
2024-12-29 13:43:51,687 [WARN] PackLoader:240 - Cannot read IP mode file for wolfSSL.I-CUBE-wolfMQTT.1.19.0
2024-12-29 13:43:51,715 [WARN] PackLoader:240 - Cannot read IP mode file for WES.I-CUBE-Cesium.1.3.0
2024-12-29 13:43:51,736 [WARN] PackLoader:240 - Cannot read IP mode file for STMicroelectronics.X-CUBE-BLE2.3.3.0
2024-12-29 13:43:51,759 [WARN] PackLoader:240 - Cannot read IP mode file for STMicroelectronics.X-CUBE-NFC9.1.0.0
2024-12-29 13:43:51,784 [WARN] PackLoader:240 - Cannot read IP mode file for STMicroelectronics.X-CUBE-TCPP.4.1.0
2024-12-29 13:43:51,803 [WARN] PackLoader:240 - Cannot read IP mode file for STMicroelectronics.X-CUBE-TOUCHGFX.4.21.3
2024-12-29 13:43:51,819 [WARN] PackLoader:240 - Cannot read IP mode file for STMicroelectronics.X-CUBE-TOUCHGFX.4.21.4
2024-12-29 13:43:51,839 [WARN] PackLoader:240 - Cannot read IP mode file for STMicroelectronics.X-CUBE-ALGOBUILD.1.3.0
2024-12-29 13:43:51,875 [WARN] PackLoader:240 - Cannot read IP mode file for STMicroelectronics.X-CUBE-AZRTOS-G0.1.1.0
2024-12-29 13:43:51,904 [WARN] PackLoader:240 - Cannot read IP mode file for STMicroelectronics.X-CUBE-SAFEA1.1.2.2
2024-12-29 13:43:51,927 [WARN] PackLoader:240 - Cannot read IP mode file for STMicroelectronics.X-CUBE-NFC4.3.0.0
2024-12-29 13:43:51,946 [WARN] PackLoader:240 - Cannot read IP mode file for wolfSSL.I-CUBE-wolfMQTT.1.18.0
2024-12-29 13:43:51,964 [ERROR] Engine:466 - C:\Users\rhett\.stm32cubemx\thirdparties\pdsc\EmbeddedOffice.I-CUBE-FS-RTOS.1.0.1.pdsc: PDSC version is not supported
2024-12-29 13:43:51,989 [WARN] PackLoader:240 - Cannot read IP mode file for STMicroelectronics.X-CUBE-BLEMGR.3.0.0
2024-12-29 13:43:52,007 [ERROR] Engine:466 - C:\Users\rhett\.stm32cubemx\thirdparties\pdsc\STMicroelectronics.X-CUBE-TCPP.4.2.0.pdsc: PDSC version is not supported
2024-12-29 13:43:52,022 [ERROR] Engine:466 - C:\Users\rhett\.stm32cubemx\thirdparties\pdsc\RealThread.X-CUBE-RT-Thread_Nano.4.1.1.pdsc: PDSC version is not supported
2024-12-29 13:43:52,039 [WARN] PackLoader:240 - Cannot read IP mode file for STMicroelectronics.FP-ATR-SIGFOX1.3.2.0
2024-12-29 13:43:52,055 [ERROR] Engine:466 - C:\Users\rhett\.stm32cubemx\thirdparties\pdsc\quantropi.X-CUBE-qispace-sdk-base.1.9.3.pdsc: PDSC version is not supported
2024-12-29 13:43:52,076 [WARN] PackLoader:240 - Cannot read IP mode file for STMicroelectronics.X-CUBE-EEPRMA1.5.1.0
2024-12-29 13:43:52,180 [WARN] PackLoader:240 - Cannot read IP mode file for STMicroelectronics.X-CUBE-MEMS1.9.5.0
2024-12-29 13:43:52,478 [WARN] PackLoader:240 - Cannot read IP mode file for SEGGER.I-CUBE-embOS.1.3.1
2024-12-29 13:43:52,584 [WARN] PackLoader:240 - Cannot read IP mode file for STMicroelectronics.X-CUBE-ALGOBUILD.1.4.0
2024-12-29 13:43:52,605 [WARN] PackLoader:240 - Cannot read IP mode file for STMicroelectronics.X-CUBE-AI.9.1.0
2024-12-29 13:43:52,626 [WARN] PackLoader:240 - Cannot read IP mode file for STMicroelectronics.X-CUBE-GNSS1.6.0.0
2024-12-29 13:43:52,662 [WARN] PackLoader:240 - Cannot read IP mode file for STMicroelectronics.X-CUBE-AZRTOS-F4.1.1.0
2024-12-29 13:43:52,701 [WARN] PackLoader:240 - Cannot read IP mode file for wolfSSL.I-CUBE-wolfSSL.5.6.0
2024-12-29 13:43:52,721 [WARN] PackLoader:240 - Cannot read IP mode file for STMicroelectronics.X-CUBE-ISPU.2.1.0
2024-12-29 13:43:52,742 [WARN] PackLoader:240 - Cannot read IP mode file for STMicroelectronics.X-CUBE-FREERTOS.1.2.0
2024-12-29 13:43:52,778 [WARN] PackLoader:240 - Cannot read IP mode file for STMicroelectronics.X-CUBE-AZRTOS-L5.2.0.0
2024-12-29 13:43:52,854 [WARN] PackLoader:240 - Cannot read IP mode file for STMicroelectronics.X-CUBE-MEMS1.9.6.0
2024-12-29 13:43:53,037 [WARN] PackLoader:240 - Cannot read IP mode file for STMicroelectronics.X-CUBE-EEPRMA1.4.2.0
2024-12-29 13:43:53,073 [WARN] PackLoader:240 - Cannot read IP mode file for STMicroelectronics.X-CUBE-NFC6.3.1.0
2024-12-29 13:43:53,106 [WARN] PackLoader:240 - Cannot read IP mode file for ITTIA_DB.I-CUBE-ITTIADB.8.8.0
2024-12-29 13:43:53,155 [WARN] PackLoader:240 - Cannot read IP mode file for emotas.I-CUBE-CANOPEN.1.1.3
2024-12-29 13:43:53,183 [WARN] PackLoader:240 - Cannot read IP mode file for STMicroelectronics.X-CUBE-BLEMGR.2.0.0
2024-12-29 13:43:53,207 [ERROR] Engine:466 - C:\Users\rhett\.stm32cubemx\thirdparties\pdsc\STMicroelectronics.X-CUBE-DPower.1.2.0.pdsc: PDSC version is not supported
2024-12-29 13:43:53,233 [WARN] PackLoader:240 - Cannot read IP mode file for STMicroelectronics.X-CUBE-AI.9.0.0
2024-12-29 13:43:53,279 [WARN] ConditionMgr:438 - getConditionDescription Invalid condition id : UX DEVICE CLASS RTOS Condition cause : null
2024-12-29 13:43:53,279 [WARN] ConditionMgr:438 - getConditionDescription Invalid condition id : UX DEVICE CLASS RTOS Condition cause : null
2024-12-29 13:43:53,283 [WARN] PackLoader:240 - Cannot read IP mode file for STMicroelectronics.X-CUBE-AZRTOS-H7.3.1.0
2024-12-29 13:43:53,284 [WARN] ConditionMgr:1039 - genDependencies : Invalid condition id : UX DEVICE CLASS RTOS Condition cause : null
2024-12-29 13:43:53,284 [WARN] ConditionMgr:1039 - genDependencies : Invalid condition id : UX DEVICE CLASS RTOS Condition cause : null
2024-12-29 13:43:53,285 [WARN] ConditionMgr:1039 - genDependencies : Invalid condition id : UX DEVICE CLASS RTOS Condition cause : null
2024-12-29 13:43:53,285 [WARN] ConditionMgr:1039 - genDependencies : Invalid condition id : UX DEVICE CLASS RTOS Condition cause : null
2024-12-29 13:43:53,285 [WARN] ConditionMgr:1039 - genDependencies : Invalid condition id : UX DEVICE CLASS RTOS Condition cause : null
2024-12-29 13:43:53,312 [WARN] PackLoader:240 - Cannot read IP mode file for STMicroelectronics.X-CUBE-FREERTOS.1.3.0
2024-12-29 13:43:53,332 [WARN] PackLoader:240 - Cannot read IP mode file for STMicroelectronics.X-CUBE-NFC7.1.0.1
2024-12-29 13:43:53,352 [WARN] PackLoader:240 - Cannot read IP mode file for STMicroelectronics.X-CUBE-NFC7.1.0.0
2024-12-29 13:43:53,377 [WARN] PackLoader:240 - Cannot read IP mode file for wolfSSL.I-CUBE-wolfTPM.3.2.0
2024-12-29 13:43:53,405 [WARN] PackLoader:240 - Cannot read IP mode file for STMicroelectronics.X-CUBE-NFC6.3.0.0
2024-12-29 13:43:53,437 [WARN] PackLoader:240 - Cannot read IP mode file for STMicroelectronics.X-CUBE-EEPRMA1.4.1.0
2024-12-29 13:43:53,459 [WARN] PackLoader:240 - Cannot read IP mode file for STMicroelectronics.X-CUBE-AI.8.1.0
2024-12-29 13:43:53,502 [WARN] ConditionMgr:438 - getConditionDescription Invalid condition id : LAN8742 Phy interface Condition cause : null
2024-12-29 13:43:53,502 [WARN] PackLoader:240 - Cannot read IP mode file for STMicroelectronics.X-CUBE-AZRTOS-L4.2.0.0
2024-12-29 13:43:53,503 [WARN] ConditionMgr:1039 - genDependencies : Invalid condition id : LAN8742 Phy interface Condition cause : null
2024-12-29 13:43:53,503 [WARN] ConditionMgr:1039 - genDependencies : Invalid condition id : LAN8742 Phy interface Condition cause : null
2024-12-29 13:43:53,504 [WARN] ConditionMgr:1039 - genDependencies : Invalid condition id : LAN8742 Phy interface Condition cause : null
2024-12-29 13:43:53,526 [WARN] PackLoader:240 - Cannot read IP mode file for STMicroelectronics.X-CUBE-SFXS2LP1.4.0.0
2024-12-29 13:43:53,543 [WARN] PackLoader:240 - Cannot read IP mode file for STMicroelectronics.X-CUBE-ISPU.1.1.0
2024-12-29 13:43:53,585 [WARN] PackLoader:240 - Cannot read IP mode file for STMicroelectronics.X-CUBE-AZRTOS-H7.3.3.0
2024-12-29 13:43:53,606 [WARN] PackLoader:240 - Cannot read IP mode file for STMicroelectronics.X-CUBE-AI.8.0.0
2024-12-29 13:43:53,623 [ERROR] Engine:466 - C:\Users\rhett\.stm32cubemx\thirdparties\pdsc\STMicroelectronics.X-CUBE-IPS.3.0.0.pdsc: PDSC version is not supported
2024-12-29 13:43:53,655 [WARN] ConditionMgr:438 - getConditionDescription Invalid condition id : UX DEVICE CLASS RTOS Condition cause : null
2024-12-29 13:43:53,656 [WARN] ConditionMgr:438 - getConditionDescription Invalid condition id : UX DEVICE CLASS RTOS Condition cause : null
2024-12-29 13:43:53,657 [WARN] PackLoader:240 - Cannot read IP mode file for STMicroelectronics.X-CUBE-AZRTOS-WB.2.0.0
2024-12-29 13:43:53,658 [WARN] ConditionMgr:1039 - genDependencies : Invalid condition id : UX DEVICE CLASS RTOS Condition cause : null
2024-12-29 13:43:53,658 [WARN] ConditionMgr:1039 - genDependencies : Invalid condition id : UX DEVICE CLASS RTOS Condition cause : null
2024-12-29 13:43:53,659 [WARN] ConditionMgr:1039 - genDependencies : Invalid condition id : UX DEVICE CLASS RTOS Condition cause : null
2024-12-29 13:43:53,659 [WARN] ConditionMgr:1039 - genDependencies : Invalid condition id : UX DEVICE CLASS RTOS Condition cause : null
2024-12-29 13:43:53,659 [WARN] ConditionMgr:1039 - genDependencies : Invalid condition id : UX DEVICE CLASS RTOS Condition cause : null
2024-12-29 13:43:53,681 [WARN] PackLoader:240 - Cannot read IP mode file for STMicroelectronics.X-CUBE-FREERTOS.1.0.1
2024-12-29 13:43:53,703 [WARN] PackLoader:240 - Cannot read IP mode file for STMicroelectronics.X-CUBE-GNSS1.7.0.0
2024-12-29 13:43:53,726 [WARN] PackLoader:240 - Cannot read IP mode file for STMicroelectronics.X-CUBE-GNSS1.7.0.1
2024-12-29 13:43:53,747 [ERROR] Engine:466 - C:\Users\rhett\.stm32cubemx\thirdparties\pdsc\STMicroelectronics.FP-SNS-STBOX1.2.0.0.pdsc: PDSC version is not supported
2024-12-29 13:43:53,781 [WARN] PackLoader:240 - Cannot read IP mode file for STMicroelectronics.X-CUBE-AZRTOS-L5.1.1.0
2024-12-29 13:43:53,800 [WARN] PackLoader:240 - Cannot read IP mode file for STMicroelectronics.X-CUBE-AI.8.0.1
2024-12-29 13:43:53,823 [WARN] PackLoader:240 - Cannot read IP mode file for STMicroelectronics.X-CUBE-SUBG2.5.0.0
2024-12-29 13:43:53,844 [WARN] PackLoader:240 - Cannot read IP mode file for Cesanta.I-CUBE-Mongoose.7.13.0
2024-12-29 13:43:53,869 [WARN] PackLoader:240 - Cannot read IP mode file for STMicroelectronics.X-CUBE-TOF1.3.3.1
2024-12-29 13:43:53,914 [WARN] PackLoader:240 - Cannot read IP mode file for STMicroelectronics.X-CUBE-AZRTOS-G4.2.0.0
2024-12-29 13:43:53,938 [WARN] PackLoader:240 - Cannot read IP mode file for STMicroelectronics.X-CUBE-TOF1.3.3.0
2024-12-29 13:43:53,982 [WARN] PackLoader:240 - Cannot read IP mode file for Infineon.AIROC-Wi-Fi-Bluetooth-STM32.1.5.1
2024-12-29 13:43:54,000 [WARN] PackLoader:240 - Cannot read IP mode file for STMicroelectronics.FP-SNS-MOTENVWB1.1.3.0
2024-12-29 13:43:54,016 [WARN] PackLoader:240 - Cannot read IP mode file for STMicroelectronics.FP-SNS-MOTENVWB1.1.3.1
2024-12-29 13:43:54,045 [WARN] PackLoader:240 - Cannot read IP mode file for STMicroelectronics.X-CUBE-AZRTOS-G4.1.0.0
2024-12-29 13:43:54,078 [WARN] PackLoader:240 - Cannot read IP mode file for STMicroelectronics.X-CUBE-AZRTOS-L4.1.0.0
2024-12-29 13:43:54,099 [WARN] PackLoader:240 - Cannot read IP mode file for STMicroelectronics.X-CUBE-ISPU.2.0.0
2024-12-29 13:43:54,118 [WARN] PackLoader:240 - Cannot read IP mode file for STMicroelectronics.X-CUBE-ALS.1.0.2
2024-12-29 13:43:54,194 [WARN] PackLoader:240 - Cannot read IP mode file for STMicroelectronics.X-CUBE-MEMS1.10.0.0
2024-12-29 13:43:54,326 [WARN] PackLoader:240 - Cannot read IP mode file for STMicroelectronics.X-CUBE-FREERTOS.1.1.0
2024-12-29 13:43:54,353 [WARN] PackLoader:240 - Cannot read IP mode file for STMicroelectronics.X-CUBE-TOUCHGFX.4.24.0
2024-12-29 13:43:54,646 [WARN] PackLoader:240 - Cannot read IP mode file for STMicroelectronics.X-CUBE-AZRTOS-WL.1.0.0
2024-12-29 13:43:54,674 [WARN] PackLoader:240 - Cannot read IP mode file for STMicroelectronics.X-CUBE-TOUCHGFX.4.24.1
2024-12-29 13:43:54,742 [WARN] PackLoader:240 - Cannot read IP mode file for portGmbH.I-Cube-SoM-uGOAL.1.1.0
2024-12-29 13:43:54,766 [WARN] PackLoader:240 - Cannot read IP mode file for STMicroelectronics.X-CUBE-ALS.1.0.1
2024-12-29 13:43:54,809 [WARN] PackLoader:240 - Cannot read IP mode file for STMicroelectronics.X-CUBE-AZRTOS-WB.1.1.0
2024-12-29 13:43:54,854 [WARN] PackLoader:240 - Cannot read IP mode file for STMicroelectronics.X-CUBE-AZRTOS-H7RS.1.0.0
2024-12-29 13:43:54,876 [WARN] PackLoader:240 - Cannot read IP mode file for STMicroelectronics.FP-ATR-ASTRA1.2.0.0
2024-12-29 13:43:54,904 [ERROR] Engine:466 - C:\Users\rhett\.stm32cubemx\thirdparties\pdsc\STMicroelectronics.X-CUBE-TOF1.3.4.2.pdsc: PDSC version is not supported
2024-12-29 13:43:54,933 [WARN] PackLoader:240 - Cannot read IP mode file for STMicroelectronics.X-CUBE-TOF1.3.4.0
2024-12-29 13:43:54,975 [WARN] PackLoader:240 - Cannot read IP mode file for STMicroelectronics.X-CUBE-TOF1.3.4.1
2024-12-29 13:43:55,053 [WARN] PackLoader:240 - Cannot read IP mode file for STMicroelectronics.X-CUBE-AZRTOS-H7.3.2.0
2024-12-29 13:43:55,080 [WARN] PackLoader:240 - Cannot read IP mode file for wolfSSL.I-CUBE-wolfSSH.1.4.17
2024-12-29 13:43:55,081 [INFO] ThirdParty:978 - Integrity check success = true
2024-12-29 13:43:55,081 [INFO] IntegrityCheckThread:100 - exiting critical section [integrity check]
2024-12-29 13:43:55,081 [INFO] IntegrityCheckThread:103 - End integrity checks thread
2024-12-29 13:43:55,082 [INFO] ThirdParty:873 - entering critical section [close project]
2024-12-29 13:43:55,083 [INFO] ThirdParty:883 - exiting critical section [close project]
2024-12-29 13:43:55,102 [INFO] PinOutPanel:1499 - setPackage(No Configuration,No Configuration)
2024-12-29 13:43:55,109 [INFO] UtilMem:75 - Begin LoadConfig() Used Memory: 160472080 Bytes (268435456)
2024-12-29 13:43:55,112 [INFO] MicroXplorer:468 - Change Database Path : 
2024-12-29 13:43:55,112 [INFO] MicroXplorer:498 - Change Database Version : DB.6.0.81
2024-12-29 13:43:55,112 [INFO] OpenFileManager:308 - Change cursor
2024-12-29 13:43:55,203 [INFO] Mcu:1937 - Initializing MCU STM32F750Z8Tx STM32F750Z8Tx STM32F750Z8T6
2024-12-29 13:43:55,661 [ERROR] LogOutputStream:75 - [STDERR_REDIRECT] SLF4J: Failed to load class "org.slf4j.impl.StaticLoggerBinder".
2024-12-29 13:43:55,661 [ERROR] LogOutputStream:75 - [STDERR_REDIRECT] SLF4J: Defaulting to no-operation (NOP) logger implementation
2024-12-29 13:43:55,663 [ERROR] LogOutputStream:75 - [STDERR_REDIRECT] SLF4J: See http://www.slf4j.org/codes.html#StaticLoggerBinder for further details.
2024-12-29 13:43:59,399 [INFO] Context:659 - Trying to add GPIOservice into a context  which must be forbidden
2024-12-29 13:44:01,458 [INFO] RtosManager:555 - Registered RTOS mode: class=CMSIS, group=RTOS, mode=CMSIS_V1, owner=FREERTOS
2024-12-29 13:44:01,459 [INFO] RtosManager:555 - Registered RTOS mode: class=CMSIS, group=RTOS2, mode=CMSIS_V2, owner=FREERTOS
2024-12-29 13:44:01,459 [INFO] RtosManager:555 - Registered RTOS mode: class=RTOS, group=Core, mode=CMSIS_V1, owner=FREERTOS
2024-12-29 13:44:01,459 [INFO] RtosManager:555 - Registered RTOS mode: class=RTOS, group=Core, mode=CMSIS_V2, owner=FREERTOS
2024-12-29 13:44:01,460 [WARN] ModelIntegratedComponent:184 - Missing modes for component STMicroelectronics:FreeRTOS:0.0.1:STMicroelectronics:RTOS:FreeRTOS:Core:::10.2.0:
2024-12-29 13:44:01,472 [WARN] ModelIntegratedComponent:63 - No mode defined for component null
2024-12-29 13:44:01,472 [WARN] ModelIntegratedComponent:63 - No mode defined for component null
2024-12-29 13:44:01,472 [WARN] ModelIntegratedComponent:63 - No mode defined for component null
2024-12-29 13:44:01,473 [WARN] ModelIntegratedComponent:63 - No mode defined for component null
2024-12-29 13:44:01,473 [WARN] ModelIntegratedComponent:63 - No mode defined for component null
2024-12-29 13:44:01,473 [WARN] ModelIntegratedComponent:63 - No mode defined for component null
2024-12-29 13:44:01,473 [WARN] ModelIntegratedComponent:63 - No mode defined for component null
2024-12-29 13:44:01,473 [WARN] ModelIntegratedComponent:63 - No mode defined for component null
2024-12-29 13:44:01,473 [WARN] ModelIntegratedComponent:63 - No mode defined for component null
2024-12-29 13:44:01,473 [WARN] ModelIntegratedComponent:63 - No mode defined for component null
2024-12-29 13:44:01,473 [WARN] ModelIntegratedComponent:63 - No mode defined for component null
2024-12-29 13:44:01,473 [WARN] ModelIntegratedComponent:63 - No mode defined for component null
2024-12-29 13:44:01,473 [WARN] ModelIntegratedComponent:63 - No mode defined for component null
2024-12-29 13:44:01,473 [WARN] ModelIntegratedComponent:63 - No mode defined for component null
2024-12-29 13:44:01,473 [WARN] ModelIntegratedComponent:63 - No mode defined for component null
2024-12-29 13:44:01,474 [WARN] ModelIntegratedComponent:63 - No mode defined for component null
2024-12-29 13:44:01,475 [WARN] ModelIntegratedComponent:63 - No mode defined for component null
2024-12-29 13:44:01,475 [WARN] ModelIntegratedComponent:63 - No mode defined for component null
2024-12-29 13:44:01,475 [WARN] ModelIntegratedComponent:63 - No mode defined for component null
2024-12-29 13:44:01,475 [WARN] ModelIntegratedComponent:63 - No mode defined for component null
2024-12-29 13:44:01,475 [WARN] ModelIntegratedComponent:63 - No mode defined for component null
2024-12-29 13:44:01,475 [WARN] ModelIntegratedComponent:63 - No mode defined for component null
2024-12-29 13:44:01,475 [WARN] ModelIntegratedComponent:63 - No mode defined for component null
2024-12-29 13:44:01,475 [WARN] ModelIntegratedComponent:63 - No mode defined for component null
2024-12-29 13:44:01,475 [WARN] ModelIntegratedComponent:63 - No mode defined for component null
2024-12-29 13:44:01,475 [WARN] ModelIntegratedComponent:63 - No mode defined for component null
2024-12-29 13:44:01,475 [WARN] ModelIntegratedComponent:63 - No mode defined for component null
2024-12-29 13:44:01,476 [WARN] ModelIntegratedComponent:63 - No mode defined for component null
2024-12-29 13:44:01,476 [WARN] ModelIntegratedComponent:63 - No mode defined for component null
2024-12-29 13:44:01,476 [WARN] ModelIntegratedComponent:63 - No mode defined for component null
2024-12-29 13:44:01,476 [WARN] ModelIntegratedComponent:63 - No mode defined for component null
2024-12-29 13:44:01,476 [WARN] ModelIntegratedComponent:63 - No mode defined for component null
2024-12-29 13:44:01,479 [WARN] ModelIntegratedComponent:63 - No mode defined for component null
2024-12-29 13:44:01,901 [INFO] ThirdPartyModel:298 - Start build external matchings
2024-12-29 13:44:04,729 [INFO] ThirdPartyModel:316 - End build external matchings
2024-12-29 13:44:04,818 [INFO] ImportTextPane:194 - (OptionalMessage_ERROR) IP (RCC) : Invalid parameter (FamilyName)
2024-12-29 13:44:04,820 [INFO] ImportTextPane:194 - (OptionalMessage_ERROR) IP (RCC) : Parameter (RNGFreq_Value) has invalid value (216000000)
2024-12-29 13:44:04,820 [INFO] ImportTextPane:194 - (OptionalMessage_ERROR) IP (RCC) : Parameter (SDMMCFreq_Value) has invalid value (216000000)
2024-12-29 13:44:04,820 [INFO] ImportTextPane:194 - (OptionalMessage_ERROR) IP (RCC) : Parameter (USBFreq_Value) has invalid value (216000000)
2024-12-29 13:44:05,533 [INFO] UtilMem:75 - End LoadConfig() Used Memory: 276224888 Bytes (339738624)
2024-12-29 13:44:05,770 [INFO] ApiDb:581 - Connected to CubeFinder SQLite database (C:\Users\rhett\.stmcufinder\plugins\mcufinder\mcu\cube-finder-db.db)
2024-12-29 13:44:05,916 [INFO] ApiDb:668 - CubeFinder database Data Model version=2.1
2024-12-29 13:44:05,917 [INFO] ApiDb:669 - CubeFinder database Configuration version=3.0.39
2024-12-29 13:44:05,917 [INFO] ApiDb:670 - CubeFinder database generation date=2024-11-21 (1732182206)
2024-12-29 13:44:05,917 [INFO] ApiDb:671 - CubeFinder database FW Pack versions=[FP-ATR-ASTRA1_V2.0.0, FP-SNS-FLIGHT1_V5.0.2, FP-SNS-MOTENV1_V5.0.0, FP-SNS-MOTENVWB1_V1.4.0, FP-SNS-SMARTAG2_V1.2.0, FP-SNS-STBOX1_V2.0.0, STM32Cube_FW_C0_V1.3.0, STM32Cube_FW_F4_V1.28.1, STM32Cube_FW_F7_V1.17.2, STM32Cube_FW_G0_V1.6.2, STM32Cube_FW_G4_V1.6.1, STM32Cube_FW_H5_V1.4.0, STM32Cube_FW_H7RS_V1.1.0, STM32Cube_FW_H7_V1.12.0, STM32Cube_FW_L0_V1.12.2, STM32Cube_FW_L4_V1.18.1, STM32Cube_FW_L5_V1.5.1, STM32Cube_FW_N6_V1.0.0, STM32Cube_FW_U0_V1.2.0, STM32Cube_FW_U3_V1.0.0, STM32Cube_FW_U5_V1.7.0, STM32Cube_FW_WB0_V1.1.0, STM32Cube_FW_WBA_V1.5.0, STM32Cube_FW_WB_V1.21.0, STM32Cube_FW_WL3_V1.0.0, STM32Cube_FW_WL_V1.3.0, X-CUBE-ALGOBUILD_V1.4.0, X-CUBE-ALS_V1.0.2, X-CUBE-AZRTOS-F4_V1.1.0, X-CUBE-AZRTOS-F7_V1.1.0, X-CUBE-AZRTOS-G0_V1.1.0, X-CUBE-AZRTOS-G4_V2.0.0, X-CUBE-AZRTOS-H7RS_V1.0.0, X-CUBE-AZRTOS-H7_V3.3.0, X-CUBE-AZRTOS-L4_V2.0.0, X-CUBE-AZRTOS-L5_V2.0.0, X-CUBE-AZRTOS-WB_V2.0.0, X-CUBE-AZRTOS-WL_V2.0.0, X-CUBE-BLE1_V7.0.0, X-CUBE-BLE2_V3.3.0, X-CUBE-BLEMGR_V3.1.0, X-CUBE-EEPRMA1_V5.1.0, X-CUBE-FREERTOS_V1.2.0, X-CUBE-GNSS1_V6.0.0, X-CUBE-MEMS1_V11.0.0, X-CUBE-NFC4_V3.0.0, X-CUBE-NFC7_V1.0.1, X-CUBE-SFXS2LP1_V4.0.0, X-CUBE-SUBG2_V5.0.0, X-CUBE-TOF1_V3.4.2]
2024-12-29 13:44:09,456 [INFO] ApiDb:240 - Found 297 in-development CPN: [B-G473E-ZEST1S, B-WB1M-WPAN1, B-WL5M-SUBG1, NUCLEO-C031C6, NUCLEO-H503RB, NUCLEO-H563ZI, NUCLEO-U545RE-Q, NUCLEO-U5A5ZJ-Q, NUCLEO-WBA52CG, STEVAL-PROTEUS1, STEVAL-STWINBX1, STM320518-EVAL, STM32C0116-DK, STM32C011D6Y3TR, STM32C011D6Y6TR, STM32C011F4P3, STM32C011F4P6, STM32C011F4U3, STM32C011F4U6TR, STM32C011F6P3, STM32C011F6P6, STM32C011F6U3, STM32C011F6U6TR, STM32C011J4M3, STM32C011J4M6, STM32C011J6M3, STM32C011J6M6, STM32C0316-DK, STM32C031C4T3, STM32C031C4T6, STM32C031C4U3, STM32C031C4U6, STM32C031C6T3, STM32C031C6T6, STM32C031C6U3, STM32C031C6U6, STM32C031F4P3, STM32C031F4P6, STM32C031F6P3, STM32C031F6P6, STM32C031G4U3, STM32C031G4U6, STM32C031G6U3, STM32C031G6U6, STM32C031K4T3, STM32C031K4T6, STM32C031K4U3, STM32C031K4U6, STM32C031K6T3, STM32C031K6T6, STM32C031K6U3, STM32C031K6U6, STM32G071K8TXN, STM32G071K8UXN, STM32G081GBU6N, STM32G081KBT6N, STM32G081KBUXN, STM32G0B1CCT6N, STM32G0B1KCT6, STM32G0B1NEY6TR, STM32G0B1RCT6N, STM32G0C1CCT6, STM32G0C1CCT6N, STM32G0C1CCU6N, STM32G0C1CET6N, STM32G0C1CEU6N, STM32G0C1KCT6, STM32G0C1NEY6TR, STM32G0C1RCI6N, STM32G0C1RCT6N, STM32G0C1REI6N, STM32G0C1RET6N, STM32G0C1VCI6, STM32G0C1VEI6, STM32G471CCT6, STM32G471CCU6, STM32G471CET3, STM32G471CET6, STM32G471CEU3, STM32G471CEU6, STM32G471MCT6, STM32G471MET3, STM32G471MET6, STM32G471MEY6TR, STM32G471QCT6, STM32G471QET3, STM32G471RCT6, STM32G471RET3, STM32G471RET6, STM32G471VCH6, STM32G471VCI6, STM32G471VCT6, STM32G471VEH3, STM32G471VEH6, STM32G471VEI3, STM32G471VEI6, STM32G471VET3, STM32G471VET6, STM32G474CCT6, STM32H503CBT6, STM32H503CBU6, STM32H503EBY6TR, STM32H503KBU6, STM32H503RBT6, STM32H562AGI6, STM32H562AII6, STM32H562IGK6, STM32H562IGT6, STM32H562IIK6, STM32H562IIT6, STM32H562RGT6, STM32H562RGV6, STM32H562RIT6, STM32H562RIV6, STM32H562VGT6, STM32H562VIT6, STM32H562ZGT6, STM32H562ZIT6, STM32H563AGI6, STM32H563AII3Q, STM32H563AII6, STM32H563IGK6, STM32H563IGT6, STM32H563IIK3Q, STM32H563IIK6, STM32H563IIT3Q, STM32H563IIT6, STM32H563MIY3QTR, STM32H563RGT6, STM32H563RGV6, STM32H563RIT6, STM32H563RIV6, STM32H563VGT6, STM32H563VIT3Q, STM32H563VIT6, STM32H563ZGT6, STM32H563ZIT3Q, STM32H563ZIT6, STM32H573AII3Q, STM32H573AII6, STM32H573I-DK, STM32H573IIK3Q, STM32H573IIK6, STM32H573IIT3Q, STM32H573IIT6, STM32H573MIY3QTR, STM32H573RIT6, STM32H573RIV6, STM32H573VIT3Q, STM32H573VIT6, STM32H573ZIT3Q, STM32H573ZIT6, STM32L4R5QGI6STR, STM32MP131AAE3, STM32MP131AAF3, STM32MP131AAG3, STM32MP131CAE3, STM32MP131CAF3, STM32MP131CAG3, STM32MP131DAE7, STM32MP131DAF7, STM32MP131DAG7, STM32MP131FAE7, STM32MP131FAF7, STM32MP131FAG7, STM32MP133AAE3, STM32MP133AAF3, STM32MP133AAG3, STM32MP133CAE3, STM32MP133CAF3, STM32MP133CAG3, STM32MP133DAE7, STM32MP133DAF7, STM32MP133DAG7, STM32MP133FAE7, STM32MP133FAF7, STM32MP133FAG7, STM32MP135AAE3, STM32MP135AAF3, STM32MP135AAG3, STM32MP135CAE3, STM32MP135CAF3, STM32MP135CAG3, STM32MP135DAE7, STM32MP135DAF7, STM32MP135DAG7, STM32MP135F-DK, STM32MP135FAE7, STM32MP135FAF7, STM32MP135FAF7T, STM32MP135FAF7U, STM32MP135FAG7, STM32U535CBT6, STM32U535CBT6Q, STM32U535CBU6, STM32U535CBU6Q, STM32U535CCT6, STM32U535CCT6Q, STM32U535CCU6, STM32U535CCU6Q, STM32U535CET6, STM32U535CET6Q, STM32U535CEU6, STM32U535CEU6Q, STM32U535JEY6QTR, STM32U535NCY6QTR, STM32U535NEY6QTR, STM32U535RBI6, STM32U535RBI6Q, STM32U535RBT6, STM32U535RBT6Q, STM32U535RCI6, STM32U535RCI6Q, STM32U535RCT6, STM32U535RCT6Q, STM32U535REI6, STM32U535REI6Q, STM32U535RET6, STM32U535RET6Q, STM32U535VCI6, STM32U535VCI6Q, STM32U535VCT6, STM32U535VCT6Q, STM32U535VEI6, STM32U535VEI6Q, STM32U535VET6, STM32U535VET6Q, STM32U545CET6, STM32U545CET6Q, STM32U545CEU6, STM32U545CEU6Q, STM32U545JEY6QTR, STM32U545NEY6QTR, STM32U545REI6, STM32U545REI6Q, STM32U545RET6, STM32U545RET6Q, STM32U545VEI6, STM32U545VEI6Q, STM32U545VET6, STM32U545VET6Q, STM32U595AIH6, STM32U595AIH6Q, STM32U595AJH6, STM32U595AJH6Q, STM32U595QII6, STM32U595QII6Q, STM32U595QJI6, STM32U595QJI6Q, STM32U595RIT6, STM32U595RIT6Q, STM32U595RJT6, STM32U595RJT6Q, STM32U595VIT6, STM32U595VIT6Q, STM32U595VJT6, STM32U595VJT6Q, STM32U595ZIT6, STM32U595ZIT6Q, STM32U595ZIY6QTR, STM32U595ZJT6, STM32U595ZJT6Q, STM32U595ZJY6QTR, STM32U599BJY6QTR, STM32U599NIH6Q, STM32U599NJH6Q, STM32U599VIT6Q, STM32U599VJT6, STM32U599VJT6Q, STM32U599ZIT6Q, STM32U599ZIY6QTR, STM32U599ZJT6Q, STM32U599ZJY6QTR, STM32U5A5AJH6, STM32U5A5AJH6Q, STM32U5A5QJI6, STM32U5A5QJI6Q, STM32U5A5RJT6, STM32U5A5RJT6Q, STM32U5A5VJT6, STM32U5A5VJT6Q, STM32U5A5ZJT6, STM32U5A5ZJT6Q, STM32U5A5ZJY6QTR, STM32U5A9BJY6QTR, STM32U5A9J-DK, STM32U5A9NJH6Q, STM32U5A9VJT6Q, STM32U5A9ZJT6Q, STM32U5A9ZJY6QTR, STM32WB1MMCH6, STM32WBA52CEU6, STM32WBA52CEU6T, STM32WBA52CGU6, STM32WBA52CGU6T, STM32WL5MOCH6, STM32WL5MOCH6TR]
2024-12-29 13:44:09,462 [INFO] DbMcus:216 - Found 4366 MCUs, 4366 are supported
2024-12-29 13:44:09,465 [INFO] ApiDb:423 - Load user favorites file C:\Users\rhett/.stm32cubeide/favorites.mcus.txt: 0 item(s)
2024-12-29 13:44:09,465 [INFO] ApiDb:427 - User favorites MCUs=[]
2024-12-29 13:44:09,465 [INFO] DbMcus:222 - Set 0 / 0 favorites MCUs
2024-12-29 13:44:10,268 [WARN] ThirdParty:833 - waiting for thirdparty lock release [change project]
2024-12-29 13:44:10,268 [INFO] ThirdParty:835 - entering critical section [change project]
2024-12-29 13:44:10,269 [INFO] ThirdParty:1030 - CMSIS Pack Vendor :STMicroelectronics X-CUBE-GNSS1 6.0.0
2024-12-29 13:44:10,269 [INFO] ThirdParty:1030 - CMSIS Pack Vendor :STMicroelectronics USB_HOST 2.0.0
2024-12-29 13:44:10,269 [INFO] ThirdParty:1030 - CMSIS Pack Vendor :STMicroelectronics X-CUBE-AZRTOS-F4 1.1.0
2024-12-29 13:44:10,269 [INFO] ThirdParty:1030 - CMSIS Pack Vendor :STMicroelectronics LIBJPEG 8.0.0
2024-12-29 13:44:10,269 [INFO] ThirdParty:1030 - CMSIS Pack Vendor :STMicroelectronics FP-ATR-ASTRA1 2.0.1
2024-12-29 13:44:10,269 [INFO] ThirdParty:1030 - CMSIS Pack Vendor :STMicroelectronics X-CUBE-SMBUS 2.1.0
2024-12-29 13:44:10,269 [INFO] ThirdParty:1030 - CMSIS Pack Vendor :STMicroelectronics X-CUBE-WB05N 1.1.0
2024-12-29 13:44:10,269 [INFO] ThirdParty:1030 - CMSIS Pack Vendor :wolfSSL I-CUBE-wolfSSL 5.6.0
2024-12-29 13:44:10,269 [INFO] ThirdParty:1030 - CMSIS Pack Vendor :STMicroelectronics X-CUBE-ISPU 2.1.0
2024-12-29 13:44:10,269 [INFO] ThirdParty:1030 - CMSIS Pack Vendor :STMicroelectronics X-CUBE-FREERTOS 1.2.0
2024-12-29 13:44:10,269 [INFO] ThirdParty:1030 - CMSIS Pack Vendor :STMicroelectronics X-CUBE-TOUCHGFX 4.23.1
2024-12-29 13:44:10,269 [INFO] ThirdParty:1030 - CMSIS Pack Vendor :STMicroelectronics X-CUBE-TOUCHGFX 4.23.0
2024-12-29 13:44:10,269 [INFO] ThirdParty:1030 - CMSIS Pack Vendor :STMicroelectronics X-CUBE-TOUCHGFX 4.23.2
2024-12-29 13:44:10,269 [INFO] ThirdParty:1030 - CMSIS Pack Vendor :STMicroelectronics X-CUBE-AZRTOS-F7 1.1.0
2024-12-29 13:44:10,269 [INFO] ThirdParty:1030 - CMSIS Pack Vendor :STMicroelectronics X-CUBE-AZRTOS-L5 2.0.0
2024-12-29 13:44:10,269 [INFO] ThirdParty:1030 - CMSIS Pack Vendor :STMicroelectronics USB_DEVICE 2.0.0
2024-12-29 13:44:10,270 [INFO] ThirdParty:1030 - CMSIS Pack Vendor :STMicroelectronics X-CUBE-MEMS1 9.6.0
2024-12-29 13:44:10,270 [INFO] ThirdParty:1030 - CMSIS Pack Vendor :STMicroelectronics X-CUBE-EEPRMA1 4.2.0
2024-12-29 13:44:10,270 [INFO] ThirdParty:1030 - CMSIS Pack Vendor :STMicroelectronics X-CUBE-NFC6 3.1.0
2024-12-29 13:44:10,270 [INFO] ThirdParty:1030 - CMSIS Pack Vendor :ITTIA_DB I-CUBE-ITTIADB 8.8.0
2024-12-29 13:44:10,270 [INFO] ThirdParty:1030 - CMSIS Pack Vendor :STMicroelectronics FP-SNS-MOTENV1 4.3.0
2024-12-29 13:44:10,270 [INFO] ThirdParty:1030 - CMSIS Pack Vendor :STMicroelectronics FP-SNS-MOTENV1 4.3.2
2024-12-29 13:44:10,270 [INFO] ThirdParty:1030 - CMSIS Pack Vendor :STMicroelectronics FP-SNS-FLIGHT1 5.0.0
2024-12-29 13:44:10,270 [INFO] ThirdParty:1030 - CMSIS Pack Vendor :STMicroelectronics FP-SNS-MOTENV1 4.3.1
2024-12-29 13:44:10,270 [INFO] ThirdParty:1030 - CMSIS Pack Vendor :STMicroelectronics FP-SNS-FLIGHT1 5.0.1
2024-12-29 13:44:10,270 [INFO] ThirdParty:1030 - CMSIS Pack Vendor :STMicroelectronics X-CUBE-MEMS1 11.0.0
2024-12-29 13:44:10,270 [INFO] ThirdParty:1030 - CMSIS Pack Vendor :STMicroelectronics X-CUBE-BLE1 6.2.4
2024-12-29 13:44:10,271 [INFO] ThirdParty:1030 - CMSIS Pack Vendor :STMicroelectronics FreeRTOS 0.0.1
2024-12-29 13:44:10,271 [INFO] ThirdParty:1030 - CMSIS Pack Vendor :emotas I-CUBE-CANOPEN 1.1.3
2024-12-29 13:44:10,271 [INFO] ThirdParty:1030 - CMSIS Pack Vendor :STMicroelectronics X-CUBE-BLEMGR 2.0.0
2024-12-29 13:44:10,271 [INFO] ThirdParty:1030 - CMSIS Pack Vendor :STMicroelectronics FP-SNS-FLIGHT1 5.0.2
2024-12-29 13:44:10,272 [INFO] ThirdParty:1030 - CMSIS Pack Vendor :STMicroelectronics X-CUBE-AI 9.0.0
2024-12-29 13:44:10,272 [INFO] ThirdParty:1030 - CMSIS Pack Vendor :STMicroelectronics X-CUBE-AZRTOS-H7 3.1.0
2024-12-29 13:44:10,272 [INFO] ThirdParty:1030 - CMSIS Pack Vendor :STMicroelectronics PDM2PCM 3.3.0
2024-12-29 13:44:10,273 [INFO] ThirdParty:1030 - CMSIS Pack Vendor :STMicroelectronics X-CUBE-DISPLAY 3.0.0
2024-12-29 13:44:10,273 [INFO] ThirdParty:1030 - CMSIS Pack Vendor :STMicroelectronics X-CUBE-BLE1 7.0.0
2024-12-29 13:44:10,273 [INFO] ThirdParty:1030 - CMSIS Pack Vendor :STMicroelectronics X-CUBE-NFC10 1.0.0
2024-12-29 13:44:10,273 [INFO] ThirdParty:1030 - CMSIS Pack Vendor :STMicroelectronics HAL Drivers 0.0.0
2024-12-29 13:44:10,273 [INFO] ThirdParty:1030 - CMSIS Pack Vendor :STMicroelectronics X-CUBE-FREERTOS 1.3.0
2024-12-29 13:44:10,273 [INFO] ThirdParty:1030 - CMSIS Pack Vendor :STMicroelectronics X-CUBE-TOUCHGFX 4.22.0
2024-12-29 13:44:10,273 [INFO] ThirdParty:1030 - CMSIS Pack Vendor :STMicroelectronics X-CUBE-NFC7 1.0.1
2024-12-29 13:44:10,273 [INFO] ThirdParty:1030 - CMSIS Pack Vendor :STMicroelectronics MBEDTLS 2.14.1
2024-12-29 13:44:10,273 [INFO] ThirdParty:1030 - CMSIS Pack Vendor :STMicroelectronics X-CUBE-NFC7 1.0.0
2024-12-29 13:44:10,273 [INFO] ThirdParty:1030 - CMSIS Pack Vendor :STMicroelectronics X-CUBE-TOUCHGFX 4.22.1
2024-12-29 13:44:10,273 [INFO] ThirdParty:1030 - CMSIS Pack Vendor :wolfSSL I-CUBE-wolfTPM 3.2.0
2024-12-29 13:44:10,274 [INFO] ThirdParty:1030 - CMSIS Pack Vendor :STMicroelectronics X-CUBE-NFC6 3.0.0
2024-12-29 13:44:10,274 [INFO] ThirdParty:1030 - CMSIS Pack Vendor :STMicroelectronics X-CUBE-EEPRMA1 4.1.0
2024-12-29 13:44:10,274 [INFO] ThirdParty:1030 - CMSIS Pack Vendor :STMicroelectronics X-CUBE-BLEMGR 3.1.0
2024-12-29 13:44:10,274 [INFO] ThirdParty:1030 - CMSIS Pack Vendor :STMicroelectronics FP-SNS-SMARTAG2 1.2.0
2024-12-29 13:44:10,274 [INFO] ThirdParty:1030 - CMSIS Pack Vendor :STMicroelectronics X-CUBE-MEMS1 11.1.0
2024-12-29 13:44:10,274 [INFO] ThirdParty:1030 - CMSIS Pack Vendor :STMicroelectronics X-CUBE-AZRTOS-WL 2.0.0
2024-12-29 13:44:10,274 [INFO] ThirdParty:1030 - CMSIS Pack Vendor :STMicroelectronics FP-SNS-MOTENV1 5.0.0
2024-12-29 13:44:10,274 [INFO] ThirdParty:1030 - CMSIS Pack Vendor :STMicroelectronics USB_DEVICE 1.0.0
2024-12-29 13:44:10,274 [INFO] ThirdParty:1030 - CMSIS Pack Vendor :STMicroelectronics X-CUBE-AI 8.1.0
2024-12-29 13:44:10,274 [INFO] ThirdParty:1030 - CMSIS Pack Vendor :wolfSSL I-CUBE-wolfMQTT 1.19.0
2024-12-29 13:44:10,275 [INFO] ThirdParty:1030 - CMSIS Pack Vendor :STMicroelectronics X-CUBE-AZRTOS-L4 2.0.0
2024-12-29 13:44:10,275 [INFO] ThirdParty:1030 - CMSIS Pack Vendor :STMicroelectronics ThreadX 0.0.2
2024-12-29 13:44:10,275 [INFO] ThirdParty:1030 - CMSIS Pack Vendor :WES I-CUBE-Cesium 1.3.0
2024-12-29 13:44:10,275 [INFO] ThirdParty:1030 - CMSIS Pack Vendor :STMicroelectronics lwIP 2.1.2
2024-12-29 13:44:10,275 [INFO] ThirdParty:1030 - CMSIS Pack Vendor :STMicroelectronics X-CUBE-SFXS2LP1 4.0.0
2024-12-29 13:44:10,275 [INFO] ThirdParty:1030 - CMSIS Pack Vendor :STMicroelectronics X-CUBE-BLE2 3.3.0
2024-12-29 13:44:10,275 [INFO] ThirdParty:1030 - CMSIS Pack Vendor :STMicroelectronics PDM2PCM 3.2.0
2024-12-29 13:44:10,275 [INFO] ThirdParty:1030 - CMSIS Pack Vendor :STMicroelectronics X-CUBE-ISPU 1.1.0
2024-12-29 13:44:10,275 [INFO] ThirdParty:1030 - CMSIS Pack Vendor :STMicroelectronics X-CUBE-AZRTOS-H7 3.3.0
2024-12-29 13:44:10,275 [INFO] ThirdParty:1030 - CMSIS Pack Vendor :STMicroelectronics X-CUBE-NFC9 1.0.0
2024-12-29 13:44:10,275 [INFO] ThirdParty:1030 - CMSIS Pack Vendor :STMicroelectronics USB_DEVICE 3.0.0
2024-12-29 13:44:10,275 [INFO] ThirdParty:1030 - CMSIS Pack Vendor :STMicroelectronics X-CUBE-TCPP 4.1.0
2024-12-29 13:44:10,276 [INFO] ThirdParty:1030 - CMSIS Pack Vendor :STMicroelectronics X-CUBE-AI 8.0.0
2024-12-29 13:44:10,276 [INFO] ThirdParty:1030 - CMSIS Pack Vendor :STMicroelectronics X-CUBE-AZRTOS-WB 2.0.0
2024-12-29 13:44:10,276 [INFO] ThirdParty:1030 - CMSIS Pack Vendor :STMicroelectronics X-CUBE-FREERTOS 1.0.1
2024-12-29 13:44:10,276 [INFO] ThirdParty:1030 - CMSIS Pack Vendor :STMicroelectronics X-CUBE-GNSS1 7.0.0
2024-12-29 13:44:10,276 [INFO] ThirdParty:1030 - CMSIS Pack Vendor :STMicroelectronics X-CUBE-GNSS1 7.0.1
2024-12-29 13:44:10,276 [INFO] ThirdParty:1030 - CMSIS Pack Vendor :STMicroelectronics X-CUBE-TOUCHGFX 4.21.3
2024-12-29 13:44:10,276 [INFO] ThirdParty:1030 - CMSIS Pack Vendor :STMicroelectronics X-CUBE-TOUCHGFX 4.21.4
2024-12-29 13:44:10,276 [INFO] ThirdParty:1030 - CMSIS Pack Vendor :STMicroelectronics X-CUBE-ALGOBUILD 1.3.0
2024-12-29 13:44:10,276 [INFO] ThirdParty:1030 - CMSIS Pack Vendor :STMicroelectronics X-CUBE-AZRTOS-L5 1.1.0
2024-12-29 13:44:10,276 [INFO] ThirdParty:1030 - CMSIS Pack Vendor :STMicroelectronics X-CUBE-AZRTOS-G0 1.1.0
2024-12-29 13:44:10,276 [INFO] ThirdParty:1030 - CMSIS Pack Vendor :STMicroelectronics X-CUBE-AI 8.0.1
2024-12-29 13:44:10,276 [INFO] ThirdParty:1030 - CMSIS Pack Vendor :STMicroelectronics X-CUBE-SAFEA1 1.2.2
2024-12-29 13:44:10,276 [INFO] ThirdParty:1030 - CMSIS Pack Vendor :STMicroelectronics X-CUBE-NFC4 3.0.0
2024-12-29 13:44:10,277 [INFO] ThirdParty:1030 - CMSIS Pack Vendor :STMicroelectronics X-CUBE-SUBG2 5.0.0
2024-12-29 13:44:10,277 [INFO] ThirdParty:1030 - CMSIS Pack Vendor :STMicroelectronics STM32_WPAN 1.0.0
2024-12-29 13:44:10,277 [INFO] ThirdParty:1030 - CMSIS Pack Vendor :wolfSSL I-CUBE-wolfMQTT 1.18.0
2024-12-29 13:44:10,277 [INFO] ThirdParty:1030 - CMSIS Pack Vendor :STMicroelectronics lwIP 2.0.3
2024-12-29 13:44:10,277 [INFO] ThirdParty:1030 - CMSIS Pack Vendor :Cesanta I-CUBE-Mongoose 7.13.0
2024-12-29 13:44:10,277 [INFO] ThirdParty:1030 - CMSIS Pack Vendor :STMicroelectronics USB_HOST 1.0.0
2024-12-29 13:44:10,277 [INFO] ThirdParty:1030 - CMSIS Pack Vendor :STMicroelectronics X-CUBE-TOF1 3.3.1
2024-12-29 13:44:10,277 [INFO] ThirdParty:1030 - CMSIS Pack Vendor :STMicroelectronics X-CUBE-AZRTOS-G4 2.0.0
2024-12-29 13:44:10,277 [INFO] ThirdParty:1030 - CMSIS Pack Vendor :STMicroelectronics PDM2PCM 3.1.0
2024-12-29 13:44:10,277 [INFO] ThirdParty:1030 - CMSIS Pack Vendor :STMicroelectronics X-CUBE-TOF1 3.3.0
2024-12-29 13:44:10,278 [INFO] ThirdParty:1030 - CMSIS Pack Vendor :Infineon AIROC-Wi-Fi-Bluetooth-STM32 1.5.1
2024-12-29 13:44:10,278 [INFO] ThirdParty:1030 - CMSIS Pack Vendor :STMicroelectronics X-CUBE-BLEMGR 3.0.0
2024-12-29 13:44:10,278 [INFO] ThirdParty:1030 - CMSIS Pack Vendor :STMicroelectronics FP-SNS-MOTENVWB1 1.3.0
2024-12-29 13:44:10,278 [INFO] ThirdParty:1030 - CMSIS Pack Vendor :STMicroelectronics FP-SNS-MOTENVWB1 1.3.1
2024-12-29 13:44:10,278 [INFO] ThirdParty:1030 - CMSIS Pack Vendor :STMicroelectronics FP-ATR-SIGFOX1 3.2.0
2024-12-29 13:44:10,278 [INFO] ThirdParty:1030 - CMSIS Pack Vendor :STMicroelectronics X-CUBE-AZRTOS-G4 1.0.0
2024-12-29 13:44:10,278 [INFO] ThirdParty:1030 - CMSIS Pack Vendor :STMicroelectronics X-CUBE-AZRTOS-L4 1.0.0
2024-12-29 13:44:10,278 [INFO] ThirdParty:1030 - CMSIS Pack Vendor :STMicroelectronics X-CUBE-ISPU 2.0.0
2024-12-29 13:44:10,279 [INFO] ThirdParty:1030 - CMSIS Pack Vendor :STMicroelectronics X-CUBE-EEPRMA1 5.1.0
2024-12-29 13:44:10,279 [INFO] ThirdParty:1030 - CMSIS Pack Vendor :STMicroelectronics MBEDTLS 2.16.2
2024-12-29 13:44:10,279 [INFO] ThirdParty:1030 - CMSIS Pack Vendor :STMicroelectronics X-CUBE-ALS 1.0.2
2024-12-29 13:44:10,279 [INFO] ThirdParty:1030 - CMSIS Pack Vendor :STMicroelectronics X-CUBE-MEMS1 10.0.0
2024-12-29 13:44:10,279 [INFO] ThirdParty:1030 - CMSIS Pack Vendor :STMicroelectronics X-CUBE-FREERTOS 1.1.0
2024-12-29 13:44:10,280 [INFO] ThirdParty:1030 - CMSIS Pack Vendor :STMicroelectronics X-CUBE-TOUCHGFX 4.24.0
2024-12-29 13:44:10,280 [INFO] ThirdParty:1030 - CMSIS Pack Vendor :STMicroelectronics X-CUBE-AZRTOS-WL 1.0.0
2024-12-29 13:44:10,280 [INFO] ThirdParty:1030 - CMSIS Pack Vendor :STMicroelectronics X-CUBE-TOUCHGFX 4.24.1
2024-12-29 13:44:10,280 [INFO] ThirdParty:1030 - CMSIS Pack Vendor :portGmbH I-Cube-SoM-uGOAL 1.1.0
2024-12-29 13:44:10,280 [INFO] ThirdParty:1030 - CMSIS Pack Vendor :STMicroelectronics X-CUBE-ALS 1.0.1
2024-12-29 13:44:10,281 [INFO] ThirdParty:1030 - CMSIS Pack Vendor :STMicroelectronics X-CUBE-MEMS1 9.5.0
2024-12-29 13:44:10,281 [INFO] ThirdParty:1030 - CMSIS Pack Vendor :STMicroelectronics ThreadX 1.0.0
2024-12-29 13:44:10,281 [INFO] ThirdParty:1030 - CMSIS Pack Vendor :STMicroelectronics X-CUBE-AZRTOS-WB 1.1.0
2024-12-29 13:44:10,281 [INFO] ThirdParty:1030 - CMSIS Pack Vendor :SEGGER I-CUBE-embOS 1.3.1
2024-12-29 13:44:10,281 [INFO] ThirdParty:1030 - CMSIS Pack Vendor :STMicroelectronics X-CUBE-ALGOBUILD 1.4.0
2024-12-29 13:44:10,281 [INFO] ThirdParty:1030 - CMSIS Pack Vendor :STMicroelectronics X-CUBE-AZRTOS-H7RS 1.0.0
2024-12-29 13:44:10,282 [INFO] ThirdParty:1030 - CMSIS Pack Vendor :STMicroelectronics FP-ATR-ASTRA1 2.0.0
2024-12-29 13:44:10,282 [INFO] ThirdParty:1030 - CMSIS Pack Vendor :STMicroelectronics X-CUBE-AI 9.1.0
2024-12-29 13:44:10,282 [INFO] ThirdParty:1030 - CMSIS Pack Vendor :STMicroelectronics X-CUBE-TOF1 3.4.0
2024-12-29 13:44:10,282 [INFO] ThirdParty:1030 - CMSIS Pack Vendor :STMicroelectronics X-CUBE-TOF1 3.4.1
2024-12-29 13:44:10,282 [INFO] ThirdParty:1030 - CMSIS Pack Vendor :STMicroelectronics X-CUBE-AZRTOS-H7 3.2.0
2024-12-29 13:44:10,282 [INFO] ThirdParty:1030 - CMSIS Pack Vendor :wolfSSL I-CUBE-wolfSSH 1.4.17
2024-12-29 13:44:10,283 [INFO] ThirdParty:841 - exiting critical section [change project]
2024-12-29 13:44:11,208 [INFO] PinOutPanel:1499 - setPackage(No Configuration,No Configuration)
2024-12-29 13:44:11,211 [INFO] PinOutPanel:1499 - setPackage(STM32F750Z8Tx,LQFP144)
2024-12-29 13:44:12,850 [INFO] UtilMem:75 - Before build in PCC Used Memory: 248330752 Bytes (339738624)
2024-12-29 13:44:14,484 [INFO] UtilMem:75 - After build in PCC Used Memory: 259036104 Bytes (339738624)
2024-12-29 13:44:14,542 [INFO] IPUIPlugin:80 - create IPUIPlugin
2024-12-29 13:44:14,542 [INFO] IPUIPlugin:80 - create IPUIPlugin
2024-12-29 13:44:14,542 [INFO] IPUIPlugin:80 - create IPUIPlugin
2024-12-29 13:44:14,542 [INFO] IPUIPlugin:80 - create IPUIPlugin
2024-12-29 13:44:14,542 [INFO] IPUIPlugin:80 - create IPUIPlugin
2024-12-29 13:44:14,543 [INFO] IPUIPlugin:80 - create IPUIPlugin
2024-12-29 13:44:14,543 [INFO] IPUIPlugin:80 - create IPUIPlugin
2024-12-29 13:44:14,543 [INFO] IPUIPlugin:80 - create IPUIPlugin
2024-12-29 13:44:14,543 [INFO] IPUIPlugin:80 - create IPUIPlugin
2024-12-29 13:44:14,543 [INFO] IPUIPlugin:80 - create IPUIPlugin
2024-12-29 13:44:14,543 [INFO] IPUIPlugin:80 - create IPUIPlugin
2024-12-29 13:44:14,544 [INFO] IPUIPlugin:80 - create IPUIPlugin
2024-12-29 13:44:14,544 [INFO] IPUIPlugin:80 - create IPUIPlugin
2024-12-29 13:44:14,544 [INFO] IPUIPlugin:80 - create IPUIPlugin
2024-12-29 13:44:14,545 [INFO] IPUIPlugin:80 - create IPUIPlugin
2024-12-29 13:44:14,545 [INFO] IPUIPlugin:80 - create IPUIPlugin
2024-12-29 13:44:14,545 [INFO] IPUIPlugin:80 - create IPUIPlugin
2024-12-29 13:44:14,545 [INFO] IPUIPlugin:80 - create IPUIPlugin
2024-12-29 13:44:14,546 [INFO] IPUIPlugin:80 - create IPUIPlugin
2024-12-29 13:44:14,546 [INFO] IPUIPlugin:80 - create IPUIPlugin
2024-12-29 13:44:14,547 [INFO] IPUIPlugin:80 - create IPUIPlugin
2024-12-29 13:44:14,547 [INFO] IPUIPlugin:80 - create IPUIPlugin
2024-12-29 13:44:14,547 [INFO] IPUIPlugin:80 - create IPUIPlugin
2024-12-29 13:44:14,548 [INFO] IPUIPlugin:80 - create IPUIPlugin
2024-12-29 13:44:14,548 [INFO] IPUIPlugin:80 - create IPUIPlugin
2024-12-29 13:44:14,549 [INFO] IPUIPlugin:80 - create IPUIPlugin
2024-12-29 13:44:14,549 [INFO] IPUIPlugin:80 - create IPUIPlugin
2024-12-29 13:44:14,549 [INFO] IPUIPlugin:80 - create IPUIPlugin
2024-12-29 13:44:14,550 [INFO] IPUIPlugin:80 - create IPUIPlugin
2024-12-29 13:44:14,550 [INFO] IPUIPlugin:80 - create IPUIPlugin
2024-12-29 13:44:14,551 [INFO] IPUIPlugin:80 - create IPUIPlugin
2024-12-29 13:44:14,551 [INFO] IPUIPlugin:80 - create IPUIPlugin
2024-12-29 13:44:14,552 [INFO] IPUIPlugin:80 - create IPUIPlugin
2024-12-29 13:44:14,552 [INFO] IPUIPlugin:80 - create IPUIPlugin
2024-12-29 13:44:14,552 [INFO] IPUIPlugin:80 - create IPUIPlugin
2024-12-29 13:44:14,553 [INFO] IPUIPlugin:80 - create IPUIPlugin
2024-12-29 13:44:14,553 [INFO] IPUIPlugin:80 - create IPUIPlugin
2024-12-29 13:44:14,555 [INFO] IPUIPlugin:80 - create IPUIPlugin
2024-12-29 13:44:14,556 [INFO] IPUIPlugin:80 - create IPUIPlugin
2024-12-29 13:44:14,556 [INFO] IPUIPlugin:80 - create IPUIPlugin
2024-12-29 13:44:14,557 [INFO] IPUIPlugin:80 - create IPUIPlugin
2024-12-29 13:44:14,557 [INFO] IPUIPlugin:80 - create IPUIPlugin
2024-12-29 13:44:14,558 [INFO] IPUIPlugin:80 - create IPUIPlugin
2024-12-29 13:44:14,559 [INFO] IPUIPlugin:80 - create IPUIPlugin
2024-12-29 13:44:14,559 [INFO] IPUIPlugin:80 - create IPUIPlugin
2024-12-29 13:44:14,560 [INFO] IPUIPlugin:80 - create IPUIPlugin
2024-12-29 13:44:14,560 [INFO] IPUIPlugin:80 - create IPUIPlugin
2024-12-29 13:44:14,561 [INFO] IPUIPlugin:80 - create IPUIPlugin
2024-12-29 13:44:14,562 [INFO] IPUIPlugin:80 - create IPUIPlugin
2024-12-29 13:44:14,562 [INFO] IPUIPlugin:80 - create IPUIPlugin
2024-12-29 13:44:14,563 [INFO] IPUIPlugin:80 - create IPUIPlugin
2024-12-29 13:44:14,563 [INFO] IPUIPlugin:80 - create IPUIPlugin
2024-12-29 13:44:14,564 [INFO] IPUIPlugin:80 - create IPUIPlugin
2024-12-29 13:44:14,564 [INFO] IPUIPlugin:80 - create IPUIPlugin
2024-12-29 13:44:14,565 [INFO] IPUIPlugin:80 - create IPUIPlugin
2024-12-29 13:44:14,566 [INFO] IPUIPlugin:80 - create IPUIPlugin
2024-12-29 13:44:14,567 [INFO] IPUIPlugin:80 - create IPUIPlugin
2024-12-29 13:44:14,567 [INFO] IPUIPlugin:80 - create IPUIPlugin
2024-12-29 13:44:14,568 [INFO] IPUIPlugin:80 - create IPUIPlugin
2024-12-29 13:44:14,569 [INFO] IPUIPlugin:80 - create IPUIPlugin
2024-12-29 13:44:14,569 [INFO] IPUIPlugin:80 - create IPUIPlugin
2024-12-29 13:44:14,570 [INFO] IPUIPlugin:80 - create IPUIPlugin
2024-12-29 13:44:14,571 [INFO] IPUIPlugin:80 - create IPUIPlugin
2024-12-29 13:44:14,571 [INFO] IPUIPlugin:80 - create IPUIPlugin
2024-12-29 13:44:14,572 [INFO] IPUIPlugin:80 - create IPUIPlugin
2024-12-29 13:44:14,583 [INFO] IPUIPlugin:80 - create IPUIPlugin
2024-12-29 13:44:14,583 [INFO] IPUIPlugin:80 - create IPUIPlugin
2024-12-29 13:44:14,584 [INFO] IPUIPlugin:80 - create IPUIPlugin
2024-12-29 13:44:14,585 [INFO] IPUIPlugin:80 - create IPUIPlugin
2024-12-29 13:44:14,586 [INFO] IPUIPlugin:80 - create IPUIPlugin
2024-12-29 13:44:14,587 [INFO] IPUIPlugin:80 - create IPUIPlugin
2024-12-29 13:44:14,588 [INFO] IPUIPlugin:80 - create IPUIPlugin
2024-12-29 13:44:14,589 [INFO] IPUIPlugin:80 - create IPUIPlugin
2024-12-29 13:44:14,590 [INFO] IPUIPlugin:80 - create IPUIPlugin
2024-12-29 13:44:14,591 [INFO] IPUIPlugin:80 - create IPUIPlugin
2024-12-29 13:44:14,592 [INFO] IPUIPlugin:80 - create IPUIPlugin
2024-12-29 13:44:14,737 [INFO] ApiDbMcu:507 - Load IP Config File for PDM2PCM
2024-12-29 13:44:14,759 [INFO] Can:71 - Can Add PropertyChangeListener com.st.microxplorer.plugins.ip.can.Can@5074a623
2024-12-29 13:44:15,322 [INFO] CADModel:165 - CPN selected for project levelSTM32F750Z8T6
2024-12-29 13:44:15,322 [INFO] CADModel:114 - Register for checkConnection events
2024-12-29 13:44:15,416 [INFO] OpenFileManager:328 - Restore cursor
2024-12-29 13:59:56,128 [INFO] I2cTimingTraitement:330 - 0x20404768
2024-12-29 14:13:06,586 [INFO] NvicIntPanel:101 - NVIC parent = com.st.microxplorer.plugins.ip.nvic.MultiNvicIntPanel[,0,0,450x286,layout=javax.swing.BoxLayout,alignmentX=0.0,alignmentY=0.0,border=,flags=9,maximumSize=,minimumSize=,preferredSize=]
2024-12-29 14:13:19,502 [INFO] NvicIntPanel:101 - NVIC parent = com.st.microxplorer.plugins.ip.nvic.MultiNvicIntPanel[,0,0,0x0,invalid,layout=javax.swing.BoxLayout,alignmentX=0.0,alignmentY=0.0,border=,flags=9,maximumSize=,minimumSize=,preferredSize=]
2024-12-29 14:13:20,912 [INFO] NvicIntPanel:101 - NVIC parent = com.st.microxplorer.plugins.ip.nvic.MultiNvicIntPanel[,0,0,0x0,invalid,layout=javax.swing.BoxLayout,alignmentX=0.0,alignmentY=0.0,border=,flags=9,maximumSize=,minimumSize=,preferredSize=]
2024-12-29 14:30:48,542 [INFO] Can:71 - Can Add PropertyChangeListener com.st.microxplorer.plugins.ip.can.Can@36e1e29e
2024-12-29 14:31:14,550 [INFO] NvicIntPanel:101 - NVIC parent = com.st.microxplorer.plugins.ip.nvic.MultiNvicIntPanel[,0,0,0x0,invalid,layout=javax.swing.BoxLayout,alignmentX=0.0,alignmentY=0.0,border=,flags=9,maximumSize=,minimumSize=,preferredSize=]
2024-12-29 14:31:23,995 [INFO] NvicIntPanel:101 - NVIC parent = com.st.microxplorer.plugins.ip.nvic.MultiNvicIntPanel[,0,0,0x0,invalid,layout=javax.swing.BoxLayout,alignmentX=0.0,alignmentY=0.0,border=,flags=9,maximumSize=,minimumSize=,preferredSize=]
2024-12-29 14:31:24,122 [INFO] NvicIntPanel:101 - NVIC parent = com.st.microxplorer.plugins.ip.nvic.MultiNvicIntPanel[,0,0,0x0,invalid,layout=javax.swing.BoxLayout,alignmentX=0.0,alignmentY=0.0,border=,flags=9,maximumSize=,minimumSize=,preferredSize=]
2024-12-29 16:25:25,244 [INFO] UtilMem:75 - End SaveConfig() Used Memory: 693056544 Bytes (822083584)
2024-12-29 16:25:26,100 [INFO] UtilMem:75 - End SaveConfig() Used Memory: 695896648 Bytes (822083584)
2024-12-29 16:25:26,520 [INFO] UtilMem:75 - End SaveConfig() Used Memory: 728928840 Bytes (822083584)
2024-12-29 16:25:27,839 [INFO] BlockDiagram:2759 - set Specific Code input for plugin: SPI
2024-12-29 16:25:27,840 [INFO] BlockDiagram:2759 - set Specific Code input for plugin: CAN
2024-12-29 16:25:27,840 [INFO] BlockDiagram:2759 - set Specific Code input for plugin: TIM1_8F7
2024-12-29 16:25:27,840 [INFO] BlockDiagram:2759 - set Specific Code input for plugin: CAN
2024-12-29 16:25:27,840 [INFO] BlockDiagram:2759 - set Specific Code input for plugin: LTDC
2024-12-29 16:25:27,840 [INFO] BlockDiagram:2759 - set Specific Code input for plugin: SYS
2024-12-29 16:25:27,840 [INFO] BlockDiagram:2759 - set Specific Code input for plugin: RCC
2024-12-29 16:25:27,840 [INFO] BlockDiagram:2759 - set Specific Code input for plugin: I2C
2024-12-29 16:25:27,840 [INFO] BlockDiagram:2759 - set Specific Code input for plugin: I2C
2024-12-29 16:25:27,841 [INFO] BlockDiagram:2759 - set Specific Code input for plugin: NVIC
2024-12-29 16:25:27,841 [INFO] BlockDiagram:2759 - set Specific Code input for plugin: FMC
2024-12-29 16:25:27,841 [INFO] BlockDiagram:2759 - set Specific Code input for plugin: UART
2024-12-29 16:25:27,844 [INFO] BlockDiagram:2759 - set Specific Code input for plugin: GPIO
2024-12-29 16:25:27,844 [INFO] BlockDiagram:2759 - set Specific Code input for plugin: QUADSPI
2024-12-29 16:25:27,847 [INFO] CodeGenerator:793 - code generatio: config db path: C:\ST\STM32CubeIDE_1.12.1\STM32CubeIDE\plugins\com.st.stm32cube.common.mx_6.8.1.202304191431\\db\
2024-12-29 16:25:28,964 [INFO] CodeEngine:255 - oldGeneratedFile, C:\Users\rhett\OneDrive\Documents\Projects\DGAS\DGAS Firmware\MXTmpFiles\license.tmp_save
2024-12-29 16:25:29,691 [INFO] CodeEngine:279 - Generated code: C:\Users\rhett\OneDrive\Documents\Projects\DGAS\DGAS Firmware\MXTmpFiles\license.tmp
2024-12-29 16:25:30,017 [INFO] CodeEngine:255 - oldGeneratedFile, C:\Users\rhett\OneDrive\Documents\Projects\DGAS\DGAS Firmware\MXTmpFiles\gpio.tmp_save
2024-12-29 16:25:30,321 [INFO] CodeEngine:279 - Generated code: C:\Users\rhett\OneDrive\Documents\Projects\DGAS\DGAS Firmware\MXTmpFiles\gpio.tmp
2024-12-29 16:25:33,022 [INFO] CodeEngine:255 - oldGeneratedFile, C:\Users\rhett\OneDrive\Documents\Projects\DGAS\DGAS Firmware\MXTmpFiles\cortex.tmp_save
2024-12-29 16:25:33,382 [INFO] CodeEngine:279 - Generated code: C:\Users\rhett\OneDrive\Documents\Projects\DGAS\DGAS Firmware\MXTmpFiles\cortex.tmp
2024-12-29 16:25:33,442 [INFO] CodeEngine:255 - oldGeneratedFile, C:\Users\rhett\OneDrive\Documents\Projects\DGAS\DGAS Firmware\MXTmpFiles\mx_fmc_HC.tmp_save
2024-12-29 16:25:33,825 [INFO] CodeEngine:279 - Generated code: C:\Users\rhett\OneDrive\Documents\Projects\DGAS\DGAS Firmware\MXTmpFiles\mx_fmc_HC.tmp
2024-12-29 16:25:33,849 [INFO] CodeEngine:255 - oldGeneratedFile, C:\Users\rhett\OneDrive\Documents\Projects\DGAS\DGAS Firmware\MXTmpFiles\mx_fmc_GV.tmp_save
2024-12-29 16:25:34,046 [INFO] CodeEngine:279 - Generated code: C:\Users\rhett\OneDrive\Documents\Projects\DGAS\DGAS Firmware\MXTmpFiles\mx_fmc_GV.tmp
2024-12-29 16:25:34,111 [INFO] CodeEngine:255 - oldGeneratedFile, C:\Users\rhett\OneDrive\Documents\Projects\DGAS\DGAS Firmware\MXTmpFiles\mx_fmc_MSP.tmp_save
2024-12-29 16:25:34,359 [INFO] CodeEngine:279 - Generated code: C:\Users\rhett\OneDrive\Documents\Projects\DGAS\DGAS Firmware\MXTmpFiles\mx_fmc_MSP.tmp
2024-12-29 16:25:34,446 [INFO] CodeEngine:255 - oldGeneratedFile, C:\Users\rhett\OneDrive\Documents\Projects\DGAS\DGAS Firmware\Core\Src\stm32f7xx_it.c_save
2024-12-29 16:25:34,762 [INFO] CodeEngine:279 - Generated code: C:\Users\rhett\OneDrive\Documents\Projects\DGAS\DGAS Firmware\Core\Src\stm32f7xx_it.c
2024-12-29 16:25:34,797 [INFO] CodeEngine:255 - oldGeneratedFile, C:\Users\rhett\OneDrive\Documents\Projects\DGAS\DGAS Firmware\Core\Inc\stm32f7xx_it.h_save
2024-12-29 16:25:34,971 [INFO] CodeEngine:279 - Generated code: C:\Users\rhett\OneDrive\Documents\Projects\DGAS\DGAS Firmware\Core\Inc\stm32f7xx_it.h
2024-12-29 16:25:35,007 [INFO] CodeEngine:255 - oldGeneratedFile, C:\Users\rhett\OneDrive\Documents\Projects\DGAS\DGAS Firmware\MXTmpFiles\mx_fmc_HC.tmp_save
2024-12-29 16:25:35,103 [INFO] CodeEngine:279 - Generated code: C:\Users\rhett\OneDrive\Documents\Projects\DGAS\DGAS Firmware\MXTmpFiles\mx_fmc_HC.tmp
2024-12-29 16:25:35,123 [INFO] CodeEngine:255 - oldGeneratedFile, C:\Users\rhett\OneDrive\Documents\Projects\DGAS\DGAS Firmware\MXTmpFiles\mx_fmc_GV.tmp_save
2024-12-29 16:25:35,211 [INFO] CodeEngine:279 - Generated code: C:\Users\rhett\OneDrive\Documents\Projects\DGAS\DGAS Firmware\MXTmpFiles\mx_fmc_GV.tmp
2024-12-29 16:25:35,238 [INFO] CodeEngine:255 - oldGeneratedFile, C:\Users\rhett\OneDrive\Documents\Projects\DGAS\DGAS Firmware\MXTmpFiles\mx_fmc_MSP.tmp_save
2024-12-29 16:25:35,329 [INFO] CodeEngine:279 - Generated code: C:\Users\rhett\OneDrive\Documents\Projects\DGAS\DGAS Firmware\MXTmpFiles\mx_fmc_MSP.tmp
2024-12-29 16:25:35,378 [INFO] CodeEngine:255 - oldGeneratedFile, C:\Users\rhett\OneDrive\Documents\Projects\DGAS\DGAS Firmware\Core\Src\stm32f7xx_hal_msp.c_save
2024-12-29 16:25:35,720 [INFO] CodeEngine:279 - Generated code: C:\Users\rhett\OneDrive\Documents\Projects\DGAS\DGAS Firmware\Core\Src\stm32f7xx_hal_msp.c
2024-12-29 16:25:35,752 [INFO] CodeEngine:255 - oldGeneratedFile, C:\Users\rhett\OneDrive\Documents\Projects\DGAS\DGAS Firmware\MXTmpFiles\system.tmp_save
2024-12-29 16:25:35,844 [INFO] CodeEngine:279 - Generated code: C:\Users\rhett\OneDrive\Documents\Projects\DGAS\DGAS Firmware\MXTmpFiles\system.tmp
2024-12-29 16:25:35,893 [INFO] CodeEngine:311 - oldGeneratedFile, C:\Users\rhett\OneDrive\Documents\Projects\DGAS\DGAS Firmware\Core\Inc\stm32f7xx_hal_conf.h_save
2024-12-29 16:25:36,072 [INFO] CodeEngine:335 - Generated code: C:\Users\rhett\OneDrive\Documents\Projects\DGAS\DGAS Firmware\Core\Inc\stm32f7xx_hal_conf.h
2024-12-29 16:25:36,162 [WARN] IPConfigManager:3431 - IP not found : TIM
2024-12-29 16:25:36,165 [WARN] CodeGenerator:3754 - IP not found : null
2024-12-29 16:25:36,223 [INFO] CodeEngine:255 - oldGeneratedFile, C:\Users\rhett\OneDrive\Documents\Projects\DGAS\DGAS Firmware\Core\Inc\main.h_save
2024-12-29 16:25:36,379 [INFO] CodeEngine:279 - Generated code: C:\Users\rhett\OneDrive\Documents\Projects\DGAS\DGAS Firmware\Core\Inc\main.h
2024-12-29 16:25:36,420 [INFO] CodeEngine:255 - oldGeneratedFile, C:\Users\rhett\OneDrive\Documents\Projects\DGAS\DGAS Firmware\Core\Src\main.c_save
2024-12-29 16:25:36,920 [INFO] CodeEngine:279 - Generated code: C:\Users\rhett\OneDrive\Documents\Projects\DGAS\DGAS Firmware\Core\Src\main.c
2024-12-29 16:25:38,211 [INFO] ProjectBuilder:2996 - Time for Copy HAL[1] : 399mS.
2024-12-29 16:25:38,237 [INFO] ProjectBuilder:4304 - Project Generator version: 3.19.2
2024-12-29 16:25:38,895 [INFO] ConfigFileManager:1483 - The Die is : DIE449
2024-12-29 16:25:38,917 [INFO] ApiDbMcu:507 - Load IP Config File for FATFS
2024-12-29 16:25:38,938 [INFO] ApiDbMcu:507 - Load IP Config File for FREERTOS
2024-12-29 16:25:38,958 [INFO] ApiDbMcu:507 - Load IP Config File for LIBJPEG
2024-12-29 16:25:38,984 [INFO] ApiDbMcu:507 - Load IP Config File for LWIP
2024-12-29 16:25:39,011 [INFO] ApiDbMcu:507 - Load IP Config File for MBEDTLS
2024-12-29 16:25:39,049 [INFO] ApiDbMcu:507 - Load IP Config File for USB_DEVICE
2024-12-29 16:25:39,070 [INFO] ApiDbMcu:507 - Load IP Config File for USB_HOST
2024-12-29 16:25:41,190 [INFO] LogOutputStream:77 - [STDOUT_REDIRECT] 
2024-12-29 16:25:45,009 [INFO] ProjectBuilder:4505 - Time for Generating toolchain IDE Files: 6769mS.
2024-12-29 16:25:45,011 [INFO] ProjectBuilder:2867 - Time for Copy CMSIS : 1mS.
2024-12-29 16:25:45,017 [INFO] ProjectBuilder:2867 - Time for Copy CMSIS : 0mS.
