2025-02-11 10:55:16,873 [INFO] Activator:176 - 


2025-02-11 10:55:16,881 [INFO] Activator:177 - !SESSION log4j initialized
2025-02-11 10:55:25,948 [INFO] LogOutputStream:77 - [STDOUT_REDIRECT] 
2025-02-11 10:55:55,032 [ERROR] LogOutputStream:75 - [STDERR_REDIRECT] SLF4J: Failed to load class "org.slf4j.impl.StaticLoggerBinder".
2025-02-11 10:55:55,033 [ERROR] LogOutputStream:75 - [STDERR_REDIRECT] SLF4J: Defaulting to no-operation (NOP) logger implementation
2025-02-11 10:55:55,036 [ERROR] LogOutputStream:75 - [STDERR_REDIRECT] SLF4J: See http://www.slf4j.org/codes.html#StaticLoggerBinder for further details.
2025-02-11 11:42:38,388 [INFO] ApplicationProperties:184 - Using Application install path: C:\ST\STM32CubeIDE_1.12.1\STM32CubeIDE\plugins\com.st.stm32cube.common.mx_6.8.1.202304191431
2025-02-11 11:42:38,423 [INFO] DbMcusXml:78 - Set database path to: C:\ST\STM32CubeIDE_1.12.1\STM32CubeIDE\plugins\com.st.stm32cube.common.mx_6.8.1.202304191431\\db\/mcu/
2025-02-11 11:42:38,424 [INFO] ApiDb:274 - Set plugin database path to: C:\ST\STM32CubeIDE_1.12.1\STM32CubeIDE\plugins\com.st.stm32cube.common.mx_6.8.1.202304191431\\db\/plugins/boardmanager/
2025-02-11 11:42:38,427 [WARN] ApiDb:259 - Overriding images path with different value:  => C:\ST\STM32CubeIDE_1.12.1\STM32CubeIDE\plugins\com.st.stm32cube.common.mx_6.8.1.202304191431\\db\/plugins/mcufinder/images/
2025-02-11 11:42:38,454 [INFO] ApiDb:250 - Set database path to: C:\Users\rhett\.stmcufinder\plugins\mcufinder//mcu/
2025-02-11 11:42:38,457 [INFO] DbMcusAds:125 - Set database path to: C:\Users\rhett\.stmcufinder\plugins\mcufinder//mcu/
2025-02-11 11:42:38,490 [INFO] CrossReferenceDbSqlite:203 - Set database path to: C:\Users\rhett\.stmcufinder\plugins\mcufinder//mcu/cs/
2025-02-11 11:42:38,655 [INFO] RulesReader:64 - Compatibility file has been processed (293 Rules)
2025-02-11 11:42:38,785 [INFO] DbMcusXml:78 - Set database path to: C:\ST\STM32CubeIDE_1.12.1\STM32CubeIDE\plugins\com.st.stm32cube.common.mx_6.8.1.202304191431\\db\/mcu/
2025-02-11 11:42:38,785 [INFO] ApiDb:274 - Set plugin database path to: C:\ST\STM32CubeIDE_1.12.1\STM32CubeIDE\plugins\com.st.stm32cube.common.mx_6.8.1.202304191431\\db\/plugins/boardmanager/
2025-02-11 11:42:38,785 [INFO] ApiDb:261 - Set plugin images path to: C:\ST\STM32CubeIDE_1.12.1\STM32CubeIDE\plugins\com.st.stm32cube.common.mx_6.8.1.202304191431\\db\/plugins/mcufinder/images/
2025-02-11 11:42:38,786 [WARN] DbFile:41 - Overriding database path with different value: C:\Users\rhett\.stmcufinder\plugins\mcufinder/ => C:\Users\rhett\.stmcufinder\plugins\mcufinder
2025-02-11 11:42:38,786 [INFO] ApiDb:250 - Set database path to: C:\Users\rhett\.stmcufinder\plugins\mcufinder//mcu/
2025-02-11 11:42:38,786 [WARN] DbFile:41 - Overriding database path with different value: C:\Users\rhett\.stmcufinder\plugins\mcufinder/ => C:\Users\rhett\.stmcufinder\plugins\mcufinder
2025-02-11 11:42:38,786 [INFO] DbMcusAds:125 - Set database path to: C:\Users\rhett\.stmcufinder\plugins\mcufinder//mcu/
2025-02-11 11:42:38,786 [WARN] DbFile:41 - Overriding database path with different value: C:\Users\rhett\.stmcufinder\plugins\mcufinder/ => C:\Users\rhett\.stmcufinder\plugins\mcufinder
2025-02-11 11:42:38,786 [WARN] DbFile:41 - Overriding database path with different value: C:\Users\rhett\.stmcufinder\plugins\mcufinder/ => C:\Users\rhett\.stmcufinder\plugins\mcufinder
2025-02-11 11:42:38,786 [INFO] CrossReferenceDbSqlite:203 - Set database path to: C:\Users\rhett\.stmcufinder\plugins\mcufinder//mcu/cs/
2025-02-11 11:42:38,901 [INFO] MainPanel:253 - HeapMemory: 782237696
2025-02-11 11:42:39,044 [INFO] DbMcusXml:78 - Set database path to: C:\ST\STM32CubeIDE_1.12.1\STM32CubeIDE\plugins\com.st.stm32cube.common.mx_6.8.1.202304191431\\db\/mcu/
2025-02-11 11:42:39,044 [INFO] ApiDb:274 - Set plugin database path to: C:\ST\STM32CubeIDE_1.12.1\STM32CubeIDE\plugins\com.st.stm32cube.common.mx_6.8.1.202304191431\\db\/plugins/boardmanager/
2025-02-11 11:42:39,044 [INFO] ApiDb:261 - Set plugin images path to: C:\ST\STM32CubeIDE_1.12.1\STM32CubeIDE\plugins\com.st.stm32cube.common.mx_6.8.1.202304191431\\db\/plugins/mcufinder/images/
2025-02-11 11:42:39,046 [WARN] DbFile:41 - Overriding database path with different value: C:\Users\rhett\.stmcufinder\plugins\mcufinder/ => C:\Users\rhett\.stmcufinder\plugins\mcufinder
2025-02-11 11:42:39,046 [INFO] ApiDb:250 - Set database path to: C:\Users\rhett\.stmcufinder\plugins\mcufinder//mcu/
2025-02-11 11:42:39,046 [WARN] DbFile:41 - Overriding database path with different value: C:\Users\rhett\.stmcufinder\plugins\mcufinder/ => C:\Users\rhett\.stmcufinder\plugins\mcufinder
2025-02-11 11:42:39,046 [INFO] DbMcusAds:125 - Set database path to: C:\Users\rhett\.stmcufinder\plugins\mcufinder//mcu/
2025-02-11 11:42:39,046 [WARN] DbFile:41 - Overriding database path with different value: C:\Users\rhett\.stmcufinder\plugins\mcufinder/ => C:\Users\rhett\.stmcufinder\plugins\mcufinder
2025-02-11 11:42:39,046 [WARN] DbFile:41 - Overriding database path with different value: C:\Users\rhett\.stmcufinder\plugins\mcufinder/ => C:\Users\rhett\.stmcufinder\plugins\mcufinder
2025-02-11 11:42:39,047 [INFO] CrossReferenceDbSqlite:203 - Set database path to: C:\Users\rhett\.stmcufinder\plugins\mcufinder//mcu/cs/
2025-02-11 11:42:39,073 [INFO] ApplicationProperties:184 - Using Application install path: C:\ST\STM32CubeIDE_1.12.1\STM32CubeIDE\plugins\com.st.stm32cube.common.mx_6.8.1.202304191431
2025-02-11 11:42:39,075 [INFO] PluginManage:196 - Search for loadable plugins [exclusion list=, ]
2025-02-11 11:42:39,078 [INFO] PluginManage:310 - Check plugin analytics
2025-02-11 11:42:44,322 [INFO] AnalyticsPlugin:253 - Accepted Software Licenses: 
2025-02-11 11:42:44,322 [INFO] AnalyticsPlugin:255 - Accepted CMSIS Pack Licenses: STMicroelectronics.X-CUBE-TOUCHGFX.4.24.0
2025-02-11 11:42:44,323 [INFO] AnalyticsPlugin:257 - Accepted Firmware Licenses: FW.G0.1.6.0,FW.F4.1.27.0,FW.MP1.1.6.0,FW.C0.1.0.0,FW.F7.1.17.0
2025-02-11 11:42:44,332 [INFO] PluginManage:359 - Loaded plugin analytics (category:tool,tabindex:-1)
2025-02-11 11:42:44,333 [INFO] PluginManage:310 - Check plugin cadmodel
2025-02-11 11:42:44,363 [INFO] CADModel:105 - Init CAD model plugin
2025-02-11 11:42:44,363 [INFO] PluginManage:359 - Loaded plugin cadmodel (category:power,tabindex:5)
2025-02-11 11:42:44,363 [INFO] PluginManage:310 - Check plugin clock
2025-02-11 11:42:44,391 [INFO] PluginManage:359 - Loaded plugin clock (category:base,tabindex:2)
2025-02-11 11:42:44,391 [INFO] PluginManage:310 - Check plugin ddr
2025-02-11 11:42:44,395 [INFO] PluginManage:359 - Loaded plugin ddr (category:tool,tabindex:6)
2025-02-11 11:42:44,395 [INFO] PluginManage:310 - Check plugin filemanager
2025-02-11 11:42:44,571 [INFO] PluginManage:359 - Loaded plugin filemanager (category:base,tabindex:10)
2025-02-11 11:42:44,571 [INFO] PluginManage:310 - Check plugin ipmanager
2025-02-11 11:42:44,581 [INFO] PluginManage:359 - Loaded plugin ipmanager (category:base,tabindex:5)
2025-02-11 11:42:44,581 [INFO] PluginManage:310 - Check plugin lpbam
2025-02-11 11:42:44,605 [INFO] PluginManage:359 - Loaded plugin lpbam (category:base,tabindex:0)
2025-02-11 11:42:44,605 [INFO] PluginManage:310 - Check plugin pinoutandconfiguration
2025-02-11 11:42:44,633 [INFO] PluginManage:359 - Loaded plugin pinoutandconfiguration (category:base,tabindex:1)
2025-02-11 11:42:44,633 [INFO] PluginManage:310 - Check plugin pinoutconfig
2025-02-11 11:42:44,816 [WARN] SupportedApi:132 - Cannot load RTOS API schema: s4s-elt-must-match.1: The content of 'definitions' must match (annotation?, (simpleType | complexType)?, (unique | key | keyref)*)). A problem was found starting at: attribute.
2025-02-11 11:42:45,033 [INFO] PluginManage:359 - Loaded plugin pinoutconfig (category:base,tabindex:0)
2025-02-11 11:42:45,033 [INFO] PluginManage:310 - Check plugin power
2025-02-11 11:42:45,072 [INFO] PluginManage:359 - Loaded plugin power (category:power,tabindex:4)
2025-02-11 11:42:45,072 [INFO] PluginManage:310 - Check plugin projectmanager
2025-02-11 11:42:45,100 [INFO] PluginManage:359 - Loaded plugin projectmanager (category:projectmanager,tabindex:3)
2025-02-11 11:42:45,100 [INFO] PluginManage:310 - Check plugin thirdparty
2025-02-11 11:42:45,476 [INFO] PluginManage:359 - Loaded plugin thirdparty (category:base,tabindex:-1)
2025-02-11 11:42:45,476 [WARN] IntegrityCheckThread:84 - waiting for thirdparty lock release [integrity check]
2025-02-11 11:42:45,476 [INFO] PluginManage:310 - Check plugin tools
2025-02-11 11:42:45,476 [INFO] IntegrityCheckThread:86 - entering critical section [integrity check]
2025-02-11 11:42:45,478 [INFO] ThirdPartyUpdaterWithRetryManager:70 - Updater plugin not ready yet. [1/15]
2025-02-11 11:42:45,519 [INFO] PluginManage:359 - Loaded plugin tools (category:base,tabindex:7)
2025-02-11 11:42:45,519 [INFO] PluginManage:310 - Check plugin tutovideos
2025-02-11 11:42:45,834 [INFO] PluginManage:359 - Loaded plugin tutovideos (category:base,tabindex:-1)
2025-02-11 11:42:45,834 [INFO] PluginManage:310 - Check plugin updater
2025-02-11 11:42:45,857 [INFO] PluginManage:359 - Loaded plugin updater (category:base,tabindex:12)
2025-02-11 11:42:45,857 [INFO] PluginManage:283 - PluginManage : Loaded plugins [15]
2025-02-11 11:42:46,244 [INFO] PinOutPanel:1499 - setPackage(No Configuration,No Configuration)
2025-02-11 11:42:46,334 [INFO] CADModel:165 - CPN selected for project level
2025-02-11 11:42:46,334 [INFO] CADModel:114 - Register for checkConnection events
2025-02-11 11:42:46,373 [INFO] IPUIPlugin:80 - create IPUIPlugin
2025-02-11 11:42:46,373 [INFO] PluginManager:220 - loadIPPluginJar : add adc
2025-02-11 11:42:46,427 [INFO] IPUIPlugin:80 - create IPUIPlugin
2025-02-11 11:42:46,427 [INFO] PluginManager:220 - loadIPPluginJar : add aes
2025-02-11 11:42:46,485 [INFO] IPUIPlugin:80 - create IPUIPlugin
2025-02-11 11:42:46,486 [INFO] PluginManager:220 - loadIPPluginJar : add can
2025-02-11 11:42:46,525 [INFO] IPUIPlugin:80 - create IPUIPlugin
2025-02-11 11:42:46,525 [INFO] PluginManager:220 - loadIPPluginJar : add comp
2025-02-11 11:42:46,569 [INFO] IPUIPlugin:80 - create IPUIPlugin
2025-02-11 11:42:46,570 [INFO] PluginManager:220 - loadIPPluginJar : add cryp
2025-02-11 11:42:46,611 [INFO] IPUIPlugin:80 - create IPUIPlugin
2025-02-11 11:42:46,611 [INFO] PluginManager:220 - loadIPPluginJar : add dfsdm
2025-02-11 11:42:46,631 [INFO] IPUIPlugin:80 - create IPUIPlugin
2025-02-11 11:42:46,633 [INFO] PluginManager:220 - loadIPPluginJar : add dma
2025-02-11 11:42:46,695 [INFO] IPUIPlugin:80 - create IPUIPlugin
2025-02-11 11:42:46,695 [INFO] PluginManager:220 - loadIPPluginJar : add dma3
2025-02-11 11:42:46,726 [INFO] IPUIPlugin:80 - create IPUIPlugin
2025-02-11 11:42:46,726 [INFO] PluginManager:220 - loadIPPluginJar : add fatfs
2025-02-11 11:42:46,790 [INFO] IPUIPlugin:80 - create IPUIPlugin
2025-02-11 11:42:46,790 [INFO] PluginManager:220 - loadIPPluginJar : add fmc
2025-02-11 11:42:46,811 [INFO] IPUIPlugin:80 - create IPUIPlugin
2025-02-11 11:42:46,812 [INFO] PluginManager:220 - loadIPPluginJar : add freertos
2025-02-11 11:42:46,844 [INFO] IPUIPlugin:80 - create IPUIPlugin
2025-02-11 11:42:46,844 [INFO] PluginManager:220 - loadIPPluginJar : add genericplugin
2025-02-11 11:42:46,977 [INFO] IPUIPlugin:80 - create IPUIPlugin
2025-02-11 11:42:46,977 [INFO] PluginManager:220 - loadIPPluginJar : add gfxmmu
2025-02-11 11:42:47,162 [INFO] IPUIPlugin:80 - create IPUIPlugin
2025-02-11 11:42:47,162 [INFO] PluginManager:220 - loadIPPluginJar : add gic
2025-02-11 11:42:47,184 [INFO] IPUIPlugin:80 - create IPUIPlugin
2025-02-11 11:42:47,184 [INFO] PluginManager:220 - loadIPPluginJar : add gpio
2025-02-11 11:42:47,309 [INFO] IPUIPlugin:80 - create IPUIPlugin
2025-02-11 11:42:47,309 [INFO] PluginManager:220 - loadIPPluginJar : add gtzc
2025-02-11 11:42:47,357 [INFO] IPUIPlugin:80 - create IPUIPlugin
2025-02-11 11:42:47,357 [INFO] PluginManager:220 - loadIPPluginJar : add hash
2025-02-11 11:42:47,431 [INFO] IPUIPlugin:80 - create IPUIPlugin
2025-02-11 11:42:47,431 [INFO] PluginManager:220 - loadIPPluginJar : add i2c
2025-02-11 11:42:47,483 [INFO] IPUIPlugin:80 - create IPUIPlugin
2025-02-11 11:42:47,483 [INFO] PluginManager:220 - loadIPPluginJar : add i2s
2025-02-11 11:42:47,539 [INFO] IPUIPlugin:80 - create IPUIPlugin
2025-02-11 11:42:47,539 [INFO] PluginManager:220 - loadIPPluginJar : add i3c
2025-02-11 11:42:47,679 [INFO] IPUIPlugin:80 - create IPUIPlugin
2025-02-11 11:42:47,679 [INFO] PluginManager:220 - loadIPPluginJar : add ipddr
2025-02-11 11:42:47,808 [INFO] IPUIPlugin:80 - create IPUIPlugin
2025-02-11 11:42:47,808 [INFO] PluginManager:220 - loadIPPluginJar : add linkedlist
2025-02-11 11:42:47,862 [INFO] IPUIPlugin:80 - create IPUIPlugin
2025-02-11 11:42:47,862 [INFO] PluginManager:220 - loadIPPluginJar : add lorawan
2025-02-11 11:42:47,914 [INFO] IPUIPlugin:80 - create IPUIPlugin
2025-02-11 11:42:47,914 [INFO] PluginManager:220 - loadIPPluginJar : add ltdc
2025-02-11 11:42:47,933 [INFO] IPUIPlugin:80 - create IPUIPlugin
2025-02-11 11:42:47,933 [INFO] PluginManager:220 - loadIPPluginJar : add mdma
2025-02-11 11:42:47,949 [INFO] IPUIPlugin:80 - create IPUIPlugin
2025-02-11 11:42:47,949 [INFO] PluginManager:220 - loadIPPluginJar : add nvic
2025-02-11 11:42:48,007 [INFO] IPUIPlugin:80 - create IPUIPlugin
2025-02-11 11:42:48,008 [INFO] PluginManager:220 - loadIPPluginJar : add opamp
2025-02-11 11:42:48,088 [INFO] IPUIPlugin:80 - create IPUIPlugin
2025-02-11 11:42:48,088 [INFO] PluginManager:220 - loadIPPluginJar : add openamp
2025-02-11 11:42:48,164 [INFO] IPUIPlugin:80 - create IPUIPlugin
2025-02-11 11:42:48,164 [INFO] PluginManager:220 - loadIPPluginJar : add pdm2pcm
2025-02-11 11:42:48,187 [INFO] IPUIPlugin:80 - create IPUIPlugin
2025-02-11 11:42:48,191 [INFO] PluginManager:220 - loadIPPluginJar : add plateformsettings
2025-02-11 11:42:48,222 [INFO] IPUIPlugin:80 - create IPUIPlugin
2025-02-11 11:42:48,222 [INFO] PluginManager:220 - loadIPPluginJar : add quadspi
2025-02-11 11:42:48,240 [INFO] IPUIPlugin:80 - create IPUIPlugin
2025-02-11 11:42:48,240 [INFO] PluginManager:220 - loadIPPluginJar : add resmgrutility
2025-02-11 11:42:48,307 [INFO] IPUIPlugin:80 - create IPUIPlugin
2025-02-11 11:42:48,307 [INFO] PluginManager:220 - loadIPPluginJar : add sai
2025-02-11 11:42:48,358 [INFO] IPUIPlugin:80 - create IPUIPlugin
2025-02-11 11:42:48,358 [INFO] PluginManager:220 - loadIPPluginJar : add spi
2025-02-11 11:42:48,435 [INFO] IPUIPlugin:80 - create IPUIPlugin
2025-02-11 11:42:48,435 [INFO] PluginManager:220 - loadIPPluginJar : add stm32_wpan
2025-02-11 11:42:48,471 [INFO] IPUIPlugin:80 - create IPUIPlugin
2025-02-11 11:42:48,471 [INFO] PluginManager:220 - loadIPPluginJar : add tim
2025-02-11 11:42:48,479 [INFO] ThirdPartyUpdaterWithRetryManager:70 - Updater plugin not ready yet. [2/15]
2025-02-11 11:42:48,552 [INFO] IPUIPlugin:80 - create IPUIPlugin
2025-02-11 11:42:48,552 [INFO] PluginManager:220 - loadIPPluginJar : add touchsensing
2025-02-11 11:42:48,585 [INFO] IPUIPlugin:80 - create IPUIPlugin
2025-02-11 11:42:48,585 [INFO] PluginManager:220 - loadIPPluginJar : add tracer_emb
2025-02-11 11:42:48,616 [INFO] IPUIPlugin:80 - create IPUIPlugin
2025-02-11 11:42:48,616 [INFO] PluginManager:220 - loadIPPluginJar : add ts
2025-02-11 11:42:48,651 [INFO] IPUIPlugin:80 - create IPUIPlugin
2025-02-11 11:42:48,652 [INFO] PluginManager:220 - loadIPPluginJar : add tsc
2025-02-11 11:42:48,681 [INFO] IPUIPlugin:80 - create IPUIPlugin
2025-02-11 11:42:48,681 [INFO] PluginManager:220 - loadIPPluginJar : add ucpd
2025-02-11 11:42:48,744 [INFO] IPUIPlugin:80 - create IPUIPlugin
2025-02-11 11:42:48,744 [INFO] PluginManager:220 - loadIPPluginJar : add usart
2025-02-11 11:42:48,807 [INFO] IPUIPlugin:80 - create IPUIPlugin
2025-02-11 11:42:48,807 [INFO] PluginManager:220 - loadIPPluginJar : add usbx
2025-02-11 11:42:48,954 [INFO] CADModel:165 - CPN selected for project level
2025-02-11 11:42:48,954 [INFO] CADModel:114 - Register for checkConnection events
2025-02-11 11:42:48,954 [FATAL] Updater:308 - Updater called before beeing initialized
2025-02-11 11:42:48,954 [ERROR] CADModel:125 - Updater not yet initialized, retry later 
2025-02-11 11:42:49,179 [INFO] CADModel:165 - CPN selected for project level
2025-02-11 11:42:49,180 [INFO] CADModel:114 - Register for checkConnection events
2025-02-11 11:42:49,180 [FATAL] Updater:308 - Updater called before beeing initialized
2025-02-11 11:42:49,180 [ERROR] CADModel:125 - Updater not yet initialized, retry later 
2025-02-11 11:42:49,186 [FATAL] Updater:308 - Updater called before beeing initialized
2025-02-11 11:42:49,431 [FATAL] Updater:308 - Updater called before beeing initialized
2025-02-11 11:42:49,459 [INFO] DbMcusAds:53 - JSON generation date=Wed Dec 18 02:01:15 AEST 2024 (1734451275230)
2025-02-11 11:42:49,459 [FATAL] Updater:308 - Updater called before beeing initialized
2025-02-11 11:42:49,580 [WARN] DetailPanel:346 - Failed to get advertising image, set to default
2025-02-11 11:42:49,727 [FATAL] Updater:308 - Updater called before beeing initialized
2025-02-11 11:42:49,731 [FATAL] Updater:308 - Updater called before beeing initialized
2025-02-11 11:42:49,731 [FATAL] Updater:308 - Updater called before beeing initialized
2025-02-11 11:42:49,731 [WARN] DetailPanel:346 - Failed to get advertising image, set to default
2025-02-11 11:42:49,733 [FATAL] Updater:308 - Updater called before beeing initialized
2025-02-11 11:42:49,887 [ERROR] Updater:1120 - MainUpdater not yet initialized. External WinMGr cannot be set.
2025-02-11 11:42:49,903 [INFO] Updater:1056 - Updater Version found : 6.8.1
2025-02-11 11:42:49,932 [INFO] ApplicationProperties:184 - Using Application install path: C:\ST\STM32CubeIDE_1.12.1\STM32CubeIDE\plugins\com.st.stm32cube.common.mx_6.8.1.202304191431
2025-02-11 11:42:51,143 [INFO] MainUpdater:2854 - connection check result : 10
2025-02-11 11:42:51,144 [INFO] MainUpdater:283 - Updater Check For Update Now.
2025-02-11 11:42:51,144 [INFO] MicroXplorer:498 - Change Database Version : DB.6.0.81
2025-02-11 11:42:51,369 [INFO] CheckServerUpdateThread:120 - End of CheckServer Thread
2025-02-11 11:42:51,387 [INFO] MainUpdater:2854 - connection check result : 10
2025-02-11 11:42:51,397 [INFO] MainUpdater:2854 - connection check result : 10
2025-02-11 11:42:51,661 [INFO] MicroXplorer:468 - Change Database Path : 
2025-02-11 11:42:51,661 [INFO] MicroXplorer:498 - Change Database Version : DB.6.0.81
2025-02-11 11:42:51,662 [WARN] ThirdParty:871 - waiting for thirdparty lock release [close project]
2025-02-11 11:42:51,926 [WARN] PackLoader:240 - Cannot read IP mode file for STMicroelectronics.FP-ATR-ASTRA1.2.0.1
2025-02-11 11:42:51,957 [WARN] PackLoader:240 - Cannot read IP mode file for STMicroelectronics.X-CUBE-SMBUS.2.1.0
2025-02-11 11:42:51,989 [WARN] PackLoader:240 - Cannot read IP mode file for STMicroelectronics.X-CUBE-WB05N.1.1.0
2025-02-11 11:42:52,015 [WARN] PackLoader:240 - Cannot read IP mode file for STMicroelectronics.X-CUBE-TOUCHGFX.4.23.1
2025-02-11 11:42:52,036 [WARN] PackLoader:240 - Cannot read IP mode file for STMicroelectronics.X-CUBE-TOUCHGFX.4.23.0
2025-02-11 11:42:52,057 [WARN] PackLoader:240 - Cannot read IP mode file for STMicroelectronics.X-CUBE-TOUCHGFX.4.23.2
2025-02-11 11:42:52,123 [WARN] PackLoader:240 - Cannot read IP mode file for STMicroelectronics.X-CUBE-AZRTOS-F7.1.1.0
2025-02-11 11:42:52,169 [ERROR] RealEvaluatedCondition:428 - Found unsupported composite condition: CLASS='Data Exchange' GROUP='STM32_MetaDataManager'
2025-02-11 11:42:52,170 [ERROR] RealEvaluatedCondition:428 - Found unsupported composite condition: GROUP='STM32_MetaDataManager' CLASS='Data Exchange'
2025-02-11 11:42:52,172 [WARN] PackLoader:240 - Cannot read IP mode file for STMicroelectronics.FP-SNS-MOTENV1.4.3.0
2025-02-11 11:42:52,196 [WARN] PackLoader:240 - Cannot read IP mode file for STMicroelectronics.FP-SNS-MOTENV1.4.3.2
2025-02-11 11:42:52,218 [WARN] PackLoader:240 - Cannot read IP mode file for STMicroelectronics.FP-SNS-FLIGHT1.5.0.0
2025-02-11 11:42:52,249 [ERROR] RealEvaluatedCondition:428 - Found unsupported composite condition: CLASS='Data Exchange' GROUP='STM32_MetaDataManager'
2025-02-11 11:42:52,250 [ERROR] RealEvaluatedCondition:428 - Found unsupported composite condition: CLASS='Data Exchange' GROUP='STM32_MetaDataManager'
2025-02-11 11:42:52,256 [WARN] PackLoader:240 - Cannot read IP mode file for STMicroelectronics.FP-SNS-MOTENV1.4.3.1
2025-02-11 11:42:52,293 [WARN] PackLoader:240 - Cannot read IP mode file for STMicroelectronics.FP-SNS-FLIGHT1.5.0.1
2025-02-11 11:42:52,472 [WARN] PackLoader:240 - Cannot read IP mode file for STMicroelectronics.X-CUBE-MEMS1.11.0.0
2025-02-11 11:42:52,883 [WARN] PackLoader:240 - Cannot read IP mode file for STMicroelectronics.X-CUBE-BLE1.6.2.4
2025-02-11 11:42:52,909 [WARN] PackLoader:240 - Cannot read IP mode file for STMicroelectronics.FP-SNS-FLIGHT1.5.0.2
2025-02-11 11:42:52,949 [WARN] PackLoader:240 - Cannot read IP mode file for STMicroelectronics.X-CUBE-DISPLAY.3.0.0
2025-02-11 11:42:52,989 [WARN] PackLoader:240 - Cannot read IP mode file for STMicroelectronics.X-CUBE-BLE1.7.0.0
2025-02-11 11:42:53,051 [WARN] PackLoader:240 - Cannot read IP mode file for STMicroelectronics.X-CUBE-NFC10.1.0.0
2025-02-11 11:42:53,111 [ERROR] Engine:466 - C:\Users\rhett\.stm32cubemx\thirdparties\pdsc\STMicroelectronics.X-CUBE-BLEMGR.4.0.0.pdsc: PDSC version is not supported
2025-02-11 11:42:53,158 [WARN] PackLoader:240 - Cannot read IP mode file for STMicroelectronics.X-CUBE-TOUCHGFX.4.22.0
2025-02-11 11:42:53,616 [WARN] PackLoader:240 - Cannot read IP mode file for STMicroelectronics.X-CUBE-TOUCHGFX.4.22.1
2025-02-11 11:42:53,743 [WARN] PackLoader:240 - Cannot read IP mode file for STMicroelectronics.X-CUBE-BLEMGR.3.1.0
2025-02-11 11:42:53,894 [WARN] PackLoader:240 - Cannot read IP mode file for STMicroelectronics.X-CUBE-AI.10.0.0
2025-02-11 11:42:53,949 [WARN] PackLoader:240 - Cannot read IP mode file for STMicroelectronics.FP-SNS-SMARTAG2.1.2.0
2025-02-11 11:42:54,366 [WARN] PackLoader:240 - Cannot read IP mode file for STMicroelectronics.X-CUBE-MEMS1.11.1.0
2025-02-11 11:42:54,862 [INFO] LogOutputStream:77 - [STDOUT_REDIRECT] 1 : Invalid condition id : UX_CORESTACK_Condition cause : null
2025-02-11 11:42:54,866 [INFO] LogOutputStream:77 - [STDOUT_REDIRECT] 1 : Invalid condition id : UX_CORESTACK_Condition cause : null
2025-02-11 11:42:54,871 [INFO] LogOutputStream:77 - [STDOUT_REDIRECT] 1 : Invalid condition id : UX_CORESTACK_Condition cause : null
2025-02-11 11:42:54,876 [INFO] LogOutputStream:77 - [STDOUT_REDIRECT] 1 : Invalid condition id : UX_CORESTACK_Condition cause : null
2025-02-11 11:42:54,881 [INFO] LogOutputStream:77 - [STDOUT_REDIRECT] 1 : Invalid condition id : UX_CORESTACK_Condition cause : null
2025-02-11 11:42:54,894 [WARN] PackLoader:240 - Cannot read IP mode file for STMicroelectronics.X-CUBE-AZRTOS-WL.2.0.0
2025-02-11 11:42:54,978 [WARN] PackLoader:240 - Cannot read IP mode file for STMicroelectronics.FP-SNS-MOTENV1.5.0.0
2025-02-11 11:42:55,008 [WARN] PackLoader:240 - Cannot read IP mode file for wolfSSL.I-CUBE-wolfMQTT.1.19.0
2025-02-11 11:42:55,044 [WARN] PackLoader:240 - Cannot read IP mode file for WES.I-CUBE-Cesium.1.3.0
2025-02-11 11:42:55,072 [WARN] PackLoader:240 - Cannot read IP mode file for STMicroelectronics.X-CUBE-BLE2.3.3.0
2025-02-11 11:42:55,106 [WARN] PackLoader:240 - Cannot read IP mode file for STMicroelectronics.X-CUBE-NFC9.1.0.0
2025-02-11 11:42:55,140 [WARN] PackLoader:240 - Cannot read IP mode file for STMicroelectronics.X-CUBE-TCPP.4.1.0
2025-02-11 11:42:55,171 [WARN] PackLoader:240 - Cannot read IP mode file for STMicroelectronics.X-CUBE-TOUCHGFX.4.21.3
2025-02-11 11:42:55,193 [WARN] PackLoader:240 - Cannot read IP mode file for STMicroelectronics.X-CUBE-TOUCHGFX.4.21.4
2025-02-11 11:42:55,213 [WARN] PackLoader:240 - Cannot read IP mode file for STMicroelectronics.X-CUBE-ALGOBUILD.1.3.0
2025-02-11 11:42:55,254 [WARN] PackLoader:240 - Cannot read IP mode file for STMicroelectronics.X-CUBE-AZRTOS-G0.1.1.0
2025-02-11 11:42:55,287 [WARN] PackLoader:240 - Cannot read IP mode file for STMicroelectronics.X-CUBE-SAFEA1.1.2.2
2025-02-11 11:42:55,341 [WARN] PackLoader:240 - Cannot read IP mode file for STMicroelectronics.X-CUBE-NFC4.3.0.0
2025-02-11 11:42:55,378 [WARN] PackLoader:240 - Cannot read IP mode file for wolfSSL.I-CUBE-wolfMQTT.1.18.0
2025-02-11 11:42:55,409 [ERROR] Engine:466 - C:\Users\rhett\.stm32cubemx\thirdparties\pdsc\EmbeddedOffice.I-CUBE-FS-RTOS.1.0.1.pdsc: PDSC version is not supported
2025-02-11 11:42:55,460 [WARN] PackLoader:240 - Cannot read IP mode file for STMicroelectronics.X-CUBE-BLEMGR.3.0.0
2025-02-11 11:42:55,481 [ERROR] Engine:466 - C:\Users\rhett\.stm32cubemx\thirdparties\pdsc\STMicroelectronics.X-CUBE-TCPP.4.2.0.pdsc: PDSC version is not supported
2025-02-11 11:42:55,500 [ERROR] Engine:466 - C:\Users\rhett\.stm32cubemx\thirdparties\pdsc\RealThread.X-CUBE-RT-Thread_Nano.4.1.1.pdsc: PDSC version is not supported
2025-02-11 11:42:55,522 [WARN] PackLoader:240 - Cannot read IP mode file for STMicroelectronics.FP-ATR-SIGFOX1.3.2.0
2025-02-11 11:42:55,536 [ERROR] Engine:466 - C:\Users\rhett\.stm32cubemx\thirdparties\pdsc\quantropi.X-CUBE-qispace-sdk-base.1.9.3.pdsc: PDSC version is not supported
2025-02-11 11:42:55,553 [WARN] PackLoader:240 - Cannot read IP mode file for STMicroelectronics.X-CUBE-EEPRMA1.5.1.0
2025-02-11 11:42:55,622 [WARN] PackLoader:240 - Cannot read IP mode file for STMicroelectronics.X-CUBE-MEMS1.9.5.0
2025-02-11 11:42:55,951 [WARN] PackLoader:240 - Cannot read IP mode file for SEGGER.I-CUBE-embOS.1.3.1
2025-02-11 11:42:56,239 [WARN] PackLoader:240 - Cannot read IP mode file for STMicroelectronics.X-CUBE-ALGOBUILD.1.4.0
2025-02-11 11:42:56,297 [WARN] PackLoader:240 - Cannot read IP mode file for STMicroelectronics.X-CUBE-AI.9.1.0
2025-02-11 11:42:56,372 [WARN] PackLoader:240 - Cannot read IP mode file for STMicroelectronics.X-CUBE-GNSS1.6.0.0
2025-02-11 11:42:56,463 [WARN] PackLoader:240 - Cannot read IP mode file for STMicroelectronics.X-CUBE-AZRTOS-F4.1.1.0
2025-02-11 11:42:56,570 [WARN] PackLoader:240 - Cannot read IP mode file for wolfSSL.I-CUBE-wolfSSL.5.6.0
2025-02-11 11:42:56,638 [WARN] PackLoader:240 - Cannot read IP mode file for STMicroelectronics.X-CUBE-ISPU.2.1.0
2025-02-11 11:42:56,670 [WARN] PackLoader:240 - Cannot read IP mode file for STMicroelectronics.X-CUBE-FREERTOS.1.2.0
2025-02-11 11:42:56,727 [WARN] PackLoader:240 - Cannot read IP mode file for STMicroelectronics.X-CUBE-AZRTOS-L5.2.0.0
2025-02-11 11:42:56,857 [WARN] PackLoader:240 - Cannot read IP mode file for STMicroelectronics.X-CUBE-MEMS1.9.6.0
2025-02-11 11:42:57,459 [WARN] PackLoader:240 - Cannot read IP mode file for STMicroelectronics.X-CUBE-EEPRMA1.4.2.0
2025-02-11 11:42:57,496 [WARN] PackLoader:240 - Cannot read IP mode file for STMicroelectronics.X-CUBE-NFC6.3.1.0
2025-02-11 11:42:57,541 [WARN] PackLoader:240 - Cannot read IP mode file for ITTIA_DB.I-CUBE-ITTIADB.8.8.0
2025-02-11 11:42:57,576 [WARN] PackLoader:240 - Cannot read IP mode file for emotas.I-CUBE-CANOPEN.1.1.3
2025-02-11 11:42:57,615 [WARN] PackLoader:240 - Cannot read IP mode file for STMicroelectronics.X-CUBE-BLEMGR.2.0.0
2025-02-11 11:42:57,646 [ERROR] Engine:466 - C:\Users\rhett\.stm32cubemx\thirdparties\pdsc\STMicroelectronics.X-CUBE-DPower.1.2.0.pdsc: PDSC version is not supported
2025-02-11 11:42:57,677 [WARN] PackLoader:240 - Cannot read IP mode file for STMicroelectronics.X-CUBE-AI.9.0.0
2025-02-11 11:42:57,744 [WARN] ConditionMgr:438 - getConditionDescription Invalid condition id : UX DEVICE CLASS RTOS Condition cause : null
2025-02-11 11:42:57,745 [WARN] ConditionMgr:438 - getConditionDescription Invalid condition id : UX DEVICE CLASS RTOS Condition cause : null
2025-02-11 11:42:57,754 [WARN] PackLoader:240 - Cannot read IP mode file for STMicroelectronics.X-CUBE-AZRTOS-H7.3.1.0
2025-02-11 11:42:57,757 [WARN] ConditionMgr:1039 - genDependencies : Invalid condition id : UX DEVICE CLASS RTOS Condition cause : null
2025-02-11 11:42:57,758 [WARN] ConditionMgr:1039 - genDependencies : Invalid condition id : UX DEVICE CLASS RTOS Condition cause : null
2025-02-11 11:42:57,759 [WARN] ConditionMgr:1039 - genDependencies : Invalid condition id : UX DEVICE CLASS RTOS Condition cause : null
2025-02-11 11:42:57,759 [WARN] ConditionMgr:1039 - genDependencies : Invalid condition id : UX DEVICE CLASS RTOS Condition cause : null
2025-02-11 11:42:57,760 [WARN] ConditionMgr:1039 - genDependencies : Invalid condition id : UX DEVICE CLASS RTOS Condition cause : null
2025-02-11 11:42:57,810 [WARN] PackLoader:240 - Cannot read IP mode file for STMicroelectronics.X-CUBE-FREERTOS.1.3.0
2025-02-11 11:42:57,845 [WARN] PackLoader:240 - Cannot read IP mode file for STMicroelectronics.X-CUBE-NFC7.1.0.1
2025-02-11 11:42:57,891 [WARN] PackLoader:240 - Cannot read IP mode file for STMicroelectronics.X-CUBE-NFC7.1.0.0
2025-02-11 11:42:57,933 [WARN] PackLoader:240 - Cannot read IP mode file for wolfSSL.I-CUBE-wolfTPM.3.2.0
2025-02-11 11:42:57,981 [WARN] PackLoader:240 - Cannot read IP mode file for STMicroelectronics.X-CUBE-NFC6.3.0.0
2025-02-11 11:42:58,021 [WARN] PackLoader:240 - Cannot read IP mode file for STMicroelectronics.X-CUBE-EEPRMA1.4.1.0
2025-02-11 11:42:58,047 [WARN] PackLoader:240 - Cannot read IP mode file for STMicroelectronics.X-CUBE-AI.8.1.0
2025-02-11 11:42:58,088 [WARN] ConditionMgr:438 - getConditionDescription Invalid condition id : LAN8742 Phy interface Condition cause : null
2025-02-11 11:42:58,089 [WARN] PackLoader:240 - Cannot read IP mode file for STMicroelectronics.X-CUBE-AZRTOS-L4.2.0.0
2025-02-11 11:42:58,091 [WARN] ConditionMgr:1039 - genDependencies : Invalid condition id : LAN8742 Phy interface Condition cause : null
2025-02-11 11:42:58,091 [WARN] ConditionMgr:1039 - genDependencies : Invalid condition id : LAN8742 Phy interface Condition cause : null
2025-02-11 11:42:58,092 [WARN] ConditionMgr:1039 - genDependencies : Invalid condition id : LAN8742 Phy interface Condition cause : null
2025-02-11 11:42:58,129 [WARN] PackLoader:240 - Cannot read IP mode file for STMicroelectronics.X-CUBE-SFXS2LP1.4.0.0
2025-02-11 11:42:58,158 [WARN] PackLoader:240 - Cannot read IP mode file for STMicroelectronics.X-CUBE-ISPU.1.1.0
2025-02-11 11:42:58,211 [WARN] PackLoader:240 - Cannot read IP mode file for STMicroelectronics.X-CUBE-AZRTOS-H7.3.3.0
2025-02-11 11:42:58,244 [WARN] PackLoader:240 - Cannot read IP mode file for STMicroelectronics.X-CUBE-AI.8.0.0
2025-02-11 11:42:58,274 [ERROR] Engine:466 - C:\Users\rhett\.stm32cubemx\thirdparties\pdsc\STMicroelectronics.X-CUBE-IPS.3.0.0.pdsc: PDSC version is not supported
2025-02-11 11:42:58,323 [WARN] ConditionMgr:438 - getConditionDescription Invalid condition id : UX DEVICE CLASS RTOS Condition cause : null
2025-02-11 11:42:58,323 [WARN] ConditionMgr:438 - getConditionDescription Invalid condition id : UX DEVICE CLASS RTOS Condition cause : null
2025-02-11 11:42:58,325 [WARN] PackLoader:240 - Cannot read IP mode file for STMicroelectronics.X-CUBE-AZRTOS-WB.2.0.0
2025-02-11 11:42:58,327 [WARN] ConditionMgr:1039 - genDependencies : Invalid condition id : UX DEVICE CLASS RTOS Condition cause : null
2025-02-11 11:42:58,327 [WARN] ConditionMgr:1039 - genDependencies : Invalid condition id : UX DEVICE CLASS RTOS Condition cause : null
2025-02-11 11:42:58,328 [WARN] ConditionMgr:1039 - genDependencies : Invalid condition id : UX DEVICE CLASS RTOS Condition cause : null
2025-02-11 11:42:58,328 [WARN] ConditionMgr:1039 - genDependencies : Invalid condition id : UX DEVICE CLASS RTOS Condition cause : null
2025-02-11 11:42:58,328 [WARN] ConditionMgr:1039 - genDependencies : Invalid condition id : UX DEVICE CLASS RTOS Condition cause : null
2025-02-11 11:42:58,379 [WARN] PackLoader:240 - Cannot read IP mode file for STMicroelectronics.X-CUBE-FREERTOS.1.0.1
2025-02-11 11:42:58,409 [WARN] PackLoader:240 - Cannot read IP mode file for STMicroelectronics.X-CUBE-GNSS1.7.0.0
2025-02-11 11:42:58,439 [WARN] PackLoader:240 - Cannot read IP mode file for STMicroelectronics.X-CUBE-GNSS1.7.0.1
2025-02-11 11:42:58,466 [ERROR] Engine:466 - C:\Users\rhett\.stm32cubemx\thirdparties\pdsc\STMicroelectronics.FP-SNS-STBOX1.2.0.0.pdsc: PDSC version is not supported
2025-02-11 11:42:58,516 [WARN] PackLoader:240 - Cannot read IP mode file for STMicroelectronics.X-CUBE-AZRTOS-L5.1.1.0
2025-02-11 11:42:58,547 [WARN] PackLoader:240 - Cannot read IP mode file for STMicroelectronics.X-CUBE-AI.8.0.1
2025-02-11 11:42:58,582 [WARN] PackLoader:240 - Cannot read IP mode file for STMicroelectronics.X-CUBE-SUBG2.5.0.0
2025-02-11 11:42:58,617 [WARN] PackLoader:240 - Cannot read IP mode file for Cesanta.I-CUBE-Mongoose.7.13.0
2025-02-11 11:42:58,650 [WARN] PackLoader:240 - Cannot read IP mode file for STMicroelectronics.X-CUBE-TOF1.3.3.1
2025-02-11 11:42:58,701 [WARN] PackLoader:240 - Cannot read IP mode file for STMicroelectronics.X-CUBE-AZRTOS-G4.2.0.0
2025-02-11 11:42:58,732 [WARN] PackLoader:240 - Cannot read IP mode file for STMicroelectronics.X-CUBE-TOF1.3.3.0
2025-02-11 11:42:58,771 [WARN] PackLoader:240 - Cannot read IP mode file for Infineon.AIROC-Wi-Fi-Bluetooth-STM32.1.5.1
2025-02-11 11:42:58,798 [WARN] PackLoader:240 - Cannot read IP mode file for STMicroelectronics.FP-SNS-MOTENVWB1.1.3.0
2025-02-11 11:42:58,832 [WARN] PackLoader:240 - Cannot read IP mode file for STMicroelectronics.FP-SNS-MOTENVWB1.1.3.1
2025-02-11 11:42:58,878 [WARN] PackLoader:240 - Cannot read IP mode file for STMicroelectronics.X-CUBE-AZRTOS-G4.1.0.0
2025-02-11 11:42:58,926 [WARN] PackLoader:240 - Cannot read IP mode file for STMicroelectronics.X-CUBE-AZRTOS-L4.1.0.0
2025-02-11 11:42:58,961 [WARN] PackLoader:240 - Cannot read IP mode file for STMicroelectronics.X-CUBE-ISPU.2.0.0
2025-02-11 11:42:58,998 [ERROR] Engine:466 - C:\Users\rhett\.stm32cubemx\thirdparties\pdsc\STMicroelectronics.X-CUBE-IPS.3.1.0.pdsc: PDSC version is not supported
2025-02-11 11:42:59,018 [WARN] PackLoader:240 - Cannot read IP mode file for STMicroelectronics.X-CUBE-ALS.1.0.2
2025-02-11 11:42:59,092 [WARN] PackLoader:240 - Cannot read IP mode file for STMicroelectronics.X-CUBE-MEMS1.10.0.0
2025-02-11 11:42:59,296 [WARN] PackLoader:240 - Cannot read IP mode file for STMicroelectronics.X-CUBE-FREERTOS.1.1.0
2025-02-11 11:42:59,327 [WARN] PackLoader:240 - Cannot read IP mode file for STMicroelectronics.X-CUBE-TOUCHGFX.4.24.0
2025-02-11 11:42:59,949 [WARN] PackLoader:240 - Cannot read IP mode file for STMicroelectronics.X-CUBE-TOUCHGFX.4.24.2
2025-02-11 11:43:00,036 [WARN] PackLoader:240 - Cannot read IP mode file for STMicroelectronics.X-CUBE-AZRTOS-WL.1.0.0
2025-02-11 11:43:00,113 [WARN] PackLoader:240 - Cannot read IP mode file for STMicroelectronics.X-CUBE-TOUCHGFX.4.24.1
2025-02-11 11:43:00,210 [WARN] PackLoader:240 - Cannot read IP mode file for portGmbH.I-Cube-SoM-uGOAL.1.1.0
2025-02-11 11:43:00,251 [WARN] PackLoader:240 - Cannot read IP mode file for STMicroelectronics.X-CUBE-ALS.1.0.1
2025-02-11 11:43:00,308 [WARN] PackLoader:240 - Cannot read IP mode file for STMicroelectronics.X-CUBE-AZRTOS-WB.1.1.0
2025-02-11 11:43:00,362 [WARN] PackLoader:240 - Cannot read IP mode file for STMicroelectronics.X-CUBE-AZRTOS-H7RS.1.0.0
2025-02-11 11:43:00,384 [WARN] PackLoader:240 - Cannot read IP mode file for STMicroelectronics.FP-ATR-ASTRA1.2.0.0
2025-02-11 11:43:00,412 [ERROR] Engine:466 - C:\Users\rhett\.stm32cubemx\thirdparties\pdsc\STMicroelectronics.X-CUBE-TOF1.3.4.2.pdsc: PDSC version is not supported
2025-02-11 11:43:00,441 [WARN] PackLoader:240 - Cannot read IP mode file for STMicroelectronics.X-CUBE-TOF1.3.4.0
2025-02-11 11:43:00,504 [WARN] PackLoader:240 - Cannot read IP mode file for STMicroelectronics.X-CUBE-TOF1.3.4.1
2025-02-11 11:43:00,557 [WARN] PackLoader:240 - Cannot read IP mode file for STMicroelectronics.X-CUBE-AZRTOS-H7.3.2.0
2025-02-11 11:43:00,574 [WARN] PackLoader:240 - Cannot read IP mode file for wolfSSL.I-CUBE-wolfSSH.1.4.17
2025-02-11 11:43:00,575 [INFO] ThirdParty:978 - Integrity check success = true
2025-02-11 11:43:00,575 [INFO] IntegrityCheckThread:100 - exiting critical section [integrity check]
2025-02-11 11:43:00,575 [INFO] IntegrityCheckThread:103 - End integrity checks thread
2025-02-11 11:43:00,575 [INFO] ThirdParty:873 - entering critical section [close project]
2025-02-11 11:43:00,577 [INFO] ThirdParty:883 - exiting critical section [close project]
2025-02-11 11:43:00,586 [INFO] PinOutPanel:1499 - setPackage(No Configuration,No Configuration)
2025-02-11 11:43:00,593 [INFO] UtilMem:75 - Begin LoadConfig() Used Memory: 653594664 Bytes (782237696)
2025-02-11 11:43:00,596 [INFO] MicroXplorer:468 - Change Database Path : 
2025-02-11 11:43:00,596 [INFO] MicroXplorer:498 - Change Database Version : DB.6.0.81
2025-02-11 11:43:00,596 [INFO] OpenFileManager:308 - Change cursor
2025-02-11 11:43:00,610 [INFO] ThirdPartyDownloadManager:73 - Found SW packSTMicroelectronics.X-CUBE-TOUCHGFX.4.24.0up-to-date on disk
2025-02-11 11:43:00,698 [INFO] Mcu:1937 - Initializing MCU STM32F746ZGTx STM32F746ZGTx STM32F746ZGT6
2025-02-11 11:43:05,663 [INFO] Context:659 - Trying to add GPIOservice into a context  which must be forbidden
2025-02-11 11:43:06,965 [INFO] ApiDbMcu:507 - Load IP Config File for STMicroelectronics.X-CUBE-TOUCHGFX.4.24.0
2025-02-11 11:43:07,646 [INFO] RtosManager:555 - Registered RTOS mode: class=CMSIS, group=RTOS, mode=CMSIS_V1, owner=FREERTOS
2025-02-11 11:43:07,647 [INFO] RtosManager:555 - Registered RTOS mode: class=CMSIS, group=RTOS2, mode=CMSIS_V2, owner=FREERTOS
2025-02-11 11:43:07,647 [INFO] RtosManager:555 - Registered RTOS mode: class=RTOS, group=Core, mode=CMSIS_V1, owner=FREERTOS
2025-02-11 11:43:07,647 [INFO] RtosManager:555 - Registered RTOS mode: class=RTOS, group=Core, mode=CMSIS_V2, owner=FREERTOS
2025-02-11 11:43:07,647 [WARN] ModelIntegratedComponent:184 - Missing modes for component STMicroelectronics:FreeRTOS:0.0.1:STMicroelectronics:RTOS:FreeRTOS:Core:::10.2.0:
2025-02-11 11:43:07,656 [WARN] ModelIntegratedComponent:63 - No mode defined for component null
2025-02-11 11:43:07,657 [WARN] ModelIntegratedComponent:63 - No mode defined for component null
2025-02-11 11:43:07,657 [WARN] ModelIntegratedComponent:63 - No mode defined for component null
2025-02-11 11:43:07,657 [WARN] ModelIntegratedComponent:63 - No mode defined for component null
2025-02-11 11:43:07,657 [WARN] ModelIntegratedComponent:63 - No mode defined for component null
2025-02-11 11:43:07,657 [WARN] ModelIntegratedComponent:63 - No mode defined for component null
2025-02-11 11:43:07,657 [WARN] ModelIntegratedComponent:63 - No mode defined for component null
2025-02-11 11:43:07,657 [WARN] ModelIntegratedComponent:63 - No mode defined for component null
2025-02-11 11:43:07,657 [WARN] ModelIntegratedComponent:63 - No mode defined for component null
2025-02-11 11:43:07,657 [WARN] ModelIntegratedComponent:63 - No mode defined for component null
2025-02-11 11:43:07,657 [WARN] ModelIntegratedComponent:63 - No mode defined for component null
2025-02-11 11:43:07,658 [WARN] ModelIntegratedComponent:63 - No mode defined for component null
2025-02-11 11:43:07,658 [WARN] ModelIntegratedComponent:63 - No mode defined for component null
2025-02-11 11:43:07,658 [WARN] ModelIntegratedComponent:63 - No mode defined for component null
2025-02-11 11:43:07,658 [WARN] ModelIntegratedComponent:63 - No mode defined for component null
2025-02-11 11:43:07,658 [WARN] ModelIntegratedComponent:63 - No mode defined for component null
2025-02-11 11:43:07,658 [WARN] ModelIntegratedComponent:63 - No mode defined for component null
2025-02-11 11:43:07,658 [WARN] ModelIntegratedComponent:63 - No mode defined for component null
2025-02-11 11:43:07,658 [WARN] ModelIntegratedComponent:63 - No mode defined for component null
2025-02-11 11:43:07,658 [WARN] ModelIntegratedComponent:63 - No mode defined for component null
2025-02-11 11:43:07,658 [WARN] ModelIntegratedComponent:63 - No mode defined for component null
2025-02-11 11:43:07,658 [WARN] ModelIntegratedComponent:63 - No mode defined for component null
2025-02-11 11:43:07,659 [WARN] ModelIntegratedComponent:63 - No mode defined for component null
2025-02-11 11:43:07,659 [WARN] ModelIntegratedComponent:63 - No mode defined for component null
2025-02-11 11:43:07,659 [WARN] ModelIntegratedComponent:63 - No mode defined for component null
2025-02-11 11:43:07,659 [WARN] ModelIntegratedComponent:63 - No mode defined for component null
2025-02-11 11:43:07,659 [WARN] ModelIntegratedComponent:63 - No mode defined for component null
2025-02-11 11:43:07,662 [WARN] ModelIntegratedComponent:63 - No mode defined for component null
2025-02-11 11:43:07,662 [WARN] ModelIntegratedComponent:63 - No mode defined for component null
2025-02-11 11:43:07,662 [WARN] ModelIntegratedComponent:63 - No mode defined for component null
2025-02-11 11:43:07,663 [WARN] ModelIntegratedComponent:63 - No mode defined for component null
2025-02-11 11:43:07,663 [WARN] ModelIntegratedComponent:63 - No mode defined for component null
2025-02-11 11:43:07,663 [WARN] ModelIntegratedComponent:63 - No mode defined for component null
2025-02-11 11:43:09,551 [INFO] ThirdPartyModel:298 - Start build external matchings
2025-02-11 11:43:12,071 [INFO] ThirdPartyModel:316 - End build external matchings
2025-02-11 11:43:12,155 [WARN] IP:2113 - LayerIdx_L1 not found: check if there is a RefParameter without a condition.
2025-02-11 11:43:12,158 [INFO] ImportTextPane:194 - (OptionalMessage_ERROR) IP (RCC) : Invalid parameter (FamilyName)
2025-02-11 11:43:12,159 [INFO] ImportTextPane:194 - (OptionalMessage_ERROR) IP (RCC) : Parameter (RNGFreq_Value) has invalid value (216000000)
2025-02-11 11:43:12,160 [INFO] ImportTextPane:194 - (OptionalMessage_ERROR) IP (RCC) : Parameter (SDMMCFreq_Value) has invalid value (216000000)
2025-02-11 11:43:12,160 [INFO] ImportTextPane:194 - (OptionalMessage_ERROR) IP (RCC) : Parameter (USBFreq_Value) has invalid value (216000000)
2025-02-11 11:43:12,938 [INFO] UtilMem:75 - End LoadConfig() Used Memory: 677576552 Bytes (782237696)
2025-02-11 11:43:13,361 [INFO] ApiDb:581 - Connected to CubeFinder SQLite database (C:\Users\rhett\.stmcufinder\plugins\mcufinder\mcu\cube-finder-db.db)
2025-02-11 11:43:13,557 [INFO] ApiDb:668 - CubeFinder database Data Model version=2.1
2025-02-11 11:43:13,557 [INFO] ApiDb:669 - CubeFinder database Configuration version=3.0.39
2025-02-11 11:43:13,558 [INFO] ApiDb:670 - CubeFinder database generation date=2024-12-10 (1733817889)
2025-02-11 11:43:13,558 [INFO] ApiDb:671 - CubeFinder database FW Pack versions=[FP-ATR-ASTRA1_V2.0.0, FP-SNS-FLIGHT1_V5.0.2, FP-SNS-MOTENV1_V5.0.0, FP-SNS-MOTENVWB1_V1.4.0, FP-SNS-SMARTAG2_V1.2.0, FP-SNS-STBOX1_V2.0.0, STM32Cube_FW_C0_V1.3.0, STM32Cube_FW_F4_V1.28.1, STM32Cube_FW_F7_V1.17.2, STM32Cube_FW_G0_V1.6.2, STM32Cube_FW_G4_V1.6.1, STM32Cube_FW_H5_V1.4.0, STM32Cube_FW_H7RS_V1.1.0, STM32Cube_FW_H7_V1.12.0, STM32Cube_FW_L0_V1.12.2, STM32Cube_FW_L4_V1.18.1, STM32Cube_FW_L5_V1.5.1, STM32Cube_FW_N6_V1.0.0, STM32Cube_FW_U0_V1.2.0, STM32Cube_FW_U3_V1.0.0, STM32Cube_FW_U5_V1.7.0, STM32Cube_FW_WB0_V1.1.0, STM32Cube_FW_WBA_V1.5.0, STM32Cube_FW_WB_V1.21.0, STM32Cube_FW_WL3_V1.0.0, STM32Cube_FW_WL_V1.3.0, X-CUBE-ALGOBUILD_V1.4.0, X-CUBE-ALS_V1.0.2, X-CUBE-AZRTOS-F4_V1.1.0, X-CUBE-AZRTOS-F7_V1.1.0, X-CUBE-AZRTOS-G0_V1.1.0, X-CUBE-AZRTOS-G4_V2.0.0, X-CUBE-AZRTOS-H7RS_V1.0.0, X-CUBE-AZRTOS-H7_V3.3.0, X-CUBE-AZRTOS-L4_V2.0.0, X-CUBE-AZRTOS-L5_V2.0.0, X-CUBE-AZRTOS-WB_V2.0.0, X-CUBE-AZRTOS-WL_V2.0.0, X-CUBE-BLE1_V7.0.0, X-CUBE-BLE2_V3.3.0, X-CUBE-BLEMGR_V3.1.0, X-CUBE-EEPRMA1_V5.1.0, X-CUBE-FREERTOS_V1.2.0, X-CUBE-GNSS1_V6.0.0, X-CUBE-MEMS1_V11.0.0, X-CUBE-NFC4_V3.0.0, X-CUBE-NFC7_V1.0.1, X-CUBE-SFXS2LP1_V4.0.0, X-CUBE-SUBG2_V5.0.0, X-CUBE-TOF1_V3.4.2]
2025-02-11 11:43:16,972 [INFO] ApiDb:240 - Found 297 in-development CPN: [B-G473E-ZEST1S, B-WB1M-WPAN1, B-WL5M-SUBG1, NUCLEO-C031C6, NUCLEO-H503RB, NUCLEO-H563ZI, NUCLEO-U545RE-Q, NUCLEO-U5A5ZJ-Q, NUCLEO-WBA52CG, STEVAL-PROTEUS1, STEVAL-STWINBX1, STM320518-EVAL, STM32C0116-DK, STM32C011D6Y3TR, STM32C011D6Y6TR, STM32C011F4P3, STM32C011F4P6, STM32C011F4U3, STM32C011F4U6TR, STM32C011F6P3, STM32C011F6P6, STM32C011F6U3, STM32C011F6U6TR, STM32C011J4M3, STM32C011J4M6, STM32C011J6M3, STM32C011J6M6, STM32C0316-DK, STM32C031C4T3, STM32C031C4T6, STM32C031C4U3, STM32C031C4U6, STM32C031C6T3, STM32C031C6T6, STM32C031C6U3, STM32C031C6U6, STM32C031F4P3, STM32C031F4P6, STM32C031F6P3, STM32C031F6P6, STM32C031G4U3, STM32C031G4U6, STM32C031G6U3, STM32C031G6U6, STM32C031K4T3, STM32C031K4T6, STM32C031K4U3, STM32C031K4U6, STM32C031K6T3, STM32C031K6T6, STM32C031K6U3, STM32C031K6U6, STM32G071K8TXN, STM32G071K8UXN, STM32G081GBU6N, STM32G081KBT6N, STM32G081KBUXN, STM32G0B1CCT6N, STM32G0B1KCT6, STM32G0B1NEY6TR, STM32G0B1RCT6N, STM32G0C1CCT6, STM32G0C1CCT6N, STM32G0C1CCU6N, STM32G0C1CET6N, STM32G0C1CEU6N, STM32G0C1KCT6, STM32G0C1NEY6TR, STM32G0C1RCI6N, STM32G0C1RCT6N, STM32G0C1REI6N, STM32G0C1RET6N, STM32G0C1VCI6, STM32G0C1VEI6, STM32G471CCT6, STM32G471CCU6, STM32G471CET3, STM32G471CET6, STM32G471CEU3, STM32G471CEU6, STM32G471MCT6, STM32G471MET3, STM32G471MET6, STM32G471MEY6TR, STM32G471QCT6, STM32G471QET3, STM32G471RCT6, STM32G471RET3, STM32G471RET6, STM32G471VCH6, STM32G471VCI6, STM32G471VCT6, STM32G471VEH3, STM32G471VEH6, STM32G471VEI3, STM32G471VEI6, STM32G471VET3, STM32G471VET6, STM32G474CCT6, STM32H503CBT6, STM32H503CBU6, STM32H503EBY6TR, STM32H503KBU6, STM32H503RBT6, STM32H562AGI6, STM32H562AII6, STM32H562IGK6, STM32H562IGT6, STM32H562IIK6, STM32H562IIT6, STM32H562RGT6, STM32H562RGV6, STM32H562RIT6, STM32H562RIV6, STM32H562VGT6, STM32H562VIT6, STM32H562ZGT6, STM32H562ZIT6, STM32H563AGI6, STM32H563AII3Q, STM32H563AII6, STM32H563IGK6, STM32H563IGT6, STM32H563IIK3Q, STM32H563IIK6, STM32H563IIT3Q, STM32H563IIT6, STM32H563MIY3QTR, STM32H563RGT6, STM32H563RGV6, STM32H563RIT6, STM32H563RIV6, STM32H563VGT6, STM32H563VIT3Q, STM32H563VIT6, STM32H563ZGT6, STM32H563ZIT3Q, STM32H563ZIT6, STM32H573AII3Q, STM32H573AII6, STM32H573I-DK, STM32H573IIK3Q, STM32H573IIK6, STM32H573IIT3Q, STM32H573IIT6, STM32H573MIY3QTR, STM32H573RIT6, STM32H573RIV6, STM32H573VIT3Q, STM32H573VIT6, STM32H573ZIT3Q, STM32H573ZIT6, STM32L4R5QGI6STR, STM32MP131AAE3, STM32MP131AAF3, STM32MP131AAG3, STM32MP131CAE3, STM32MP131CAF3, STM32MP131CAG3, STM32MP131DAE7, STM32MP131DAF7, STM32MP131DAG7, STM32MP131FAE7, STM32MP131FAF7, STM32MP131FAG7, STM32MP133AAE3, STM32MP133AAF3, STM32MP133AAG3, STM32MP133CAE3, STM32MP133CAF3, STM32MP133CAG3, STM32MP133DAE7, STM32MP133DAF7, STM32MP133DAG7, STM32MP133FAE7, STM32MP133FAF7, STM32MP133FAG7, STM32MP135AAE3, STM32MP135AAF3, STM32MP135AAG3, STM32MP135CAE3, STM32MP135CAF3, STM32MP135CAG3, STM32MP135DAE7, STM32MP135DAF7, STM32MP135DAG7, STM32MP135F-DK, STM32MP135FAE7, STM32MP135FAF7, STM32MP135FAF7T, STM32MP135FAF7U, STM32MP135FAG7, STM32U535CBT6, STM32U535CBT6Q, STM32U535CBU6, STM32U535CBU6Q, STM32U535CCT6, STM32U535CCT6Q, STM32U535CCU6, STM32U535CCU6Q, STM32U535CET6, STM32U535CET6Q, STM32U535CEU6, STM32U535CEU6Q, STM32U535JEY6QTR, STM32U535NCY6QTR, STM32U535NEY6QTR, STM32U535RBI6, STM32U535RBI6Q, STM32U535RBT6, STM32U535RBT6Q, STM32U535RCI6, STM32U535RCI6Q, STM32U535RCT6, STM32U535RCT6Q, STM32U535REI6, STM32U535REI6Q, STM32U535RET6, STM32U535RET6Q, STM32U535VCI6, STM32U535VCI6Q, STM32U535VCT6, STM32U535VCT6Q, STM32U535VEI6, STM32U535VEI6Q, STM32U535VET6, STM32U535VET6Q, STM32U545CET6, STM32U545CET6Q, STM32U545CEU6, STM32U545CEU6Q, STM32U545JEY6QTR, STM32U545NEY6QTR, STM32U545REI6, STM32U545REI6Q, STM32U545RET6, STM32U545RET6Q, STM32U545VEI6, STM32U545VEI6Q, STM32U545VET6, STM32U545VET6Q, STM32U595AIH6, STM32U595AIH6Q, STM32U595AJH6, STM32U595AJH6Q, STM32U595QII6, STM32U595QII6Q, STM32U595QJI6, STM32U595QJI6Q, STM32U595RIT6, STM32U595RIT6Q, STM32U595RJT6, STM32U595RJT6Q, STM32U595VIT6, STM32U595VIT6Q, STM32U595VJT6, STM32U595VJT6Q, STM32U595ZIT6, STM32U595ZIT6Q, STM32U595ZIY6QTR, STM32U595ZJT6, STM32U595ZJT6Q, STM32U595ZJY6QTR, STM32U599BJY6QTR, STM32U599NIH6Q, STM32U599NJH6Q, STM32U599VIT6Q, STM32U599VJT6, STM32U599VJT6Q, STM32U599ZIT6Q, STM32U599ZIY6QTR, STM32U599ZJT6Q, STM32U599ZJY6QTR, STM32U5A5AJH6, STM32U5A5AJH6Q, STM32U5A5QJI6, STM32U5A5QJI6Q, STM32U5A5RJT6, STM32U5A5RJT6Q, STM32U5A5VJT6, STM32U5A5VJT6Q, STM32U5A5ZJT6, STM32U5A5ZJT6Q, STM32U5A5ZJY6QTR, STM32U5A9BJY6QTR, STM32U5A9J-DK, STM32U5A9NJH6Q, STM32U5A9VJT6Q, STM32U5A9ZJT6Q, STM32U5A9ZJY6QTR, STM32WB1MMCH6, STM32WBA52CEU6, STM32WBA52CEU6T, STM32WBA52CGU6, STM32WBA52CGU6T, STM32WL5MOCH6, STM32WL5MOCH6TR]
2025-02-11 11:43:16,976 [INFO] DbMcus:216 - Found 4381 MCUs, 4381 are supported
2025-02-11 11:43:16,977 [INFO] ApiDb:423 - Load user favorites file C:\Users\rhett/.stm32cubeide/favorites.mcus.txt: 0 item(s)
2025-02-11 11:43:16,978 [INFO] ApiDb:427 - User favorites MCUs=[]
2025-02-11 11:43:16,978 [INFO] DbMcus:222 - Set 0 / 0 favorites MCUs
2025-02-11 11:43:17,820 [WARN] ThirdParty:833 - waiting for thirdparty lock release [change project]
2025-02-11 11:43:17,820 [INFO] ThirdParty:835 - entering critical section [change project]
2025-02-11 11:43:17,820 [INFO] ThirdParty:1030 - CMSIS Pack Vendor :STMicroelectronics X-CUBE-GNSS1 6.0.0
2025-02-11 11:43:17,820 [INFO] ThirdParty:1030 - CMSIS Pack Vendor :STMicroelectronics USB_HOST 2.0.0
2025-02-11 11:43:17,820 [INFO] ThirdParty:1030 - CMSIS Pack Vendor :STMicroelectronics X-CUBE-AZRTOS-F4 1.1.0
2025-02-11 11:43:17,820 [INFO] ThirdParty:1030 - CMSIS Pack Vendor :STMicroelectronics LIBJPEG 8.0.0
2025-02-11 11:43:17,821 [INFO] ThirdParty:1030 - CMSIS Pack Vendor :STMicroelectronics FP-ATR-ASTRA1 2.0.1
2025-02-11 11:43:17,821 [INFO] ThirdParty:1030 - CMSIS Pack Vendor :STMicroelectronics X-CUBE-SMBUS 2.1.0
2025-02-11 11:43:17,821 [INFO] ThirdParty:1030 - CMSIS Pack Vendor :STMicroelectronics X-CUBE-WB05N 1.1.0
2025-02-11 11:43:17,821 [INFO] ThirdParty:1030 - CMSIS Pack Vendor :wolfSSL I-CUBE-wolfSSL 5.6.0
2025-02-11 11:43:17,821 [INFO] ThirdParty:1030 - CMSIS Pack Vendor :STMicroelectronics X-CUBE-ISPU 2.1.0
2025-02-11 11:43:17,821 [INFO] ThirdParty:1030 - CMSIS Pack Vendor :STMicroelectronics X-CUBE-FREERTOS 1.2.0
2025-02-11 11:43:17,821 [INFO] ThirdParty:1030 - CMSIS Pack Vendor :STMicroelectronics X-CUBE-TOUCHGFX 4.23.1
2025-02-11 11:43:17,821 [INFO] ThirdParty:1030 - CMSIS Pack Vendor :STMicroelectronics X-CUBE-TOUCHGFX 4.23.0
2025-02-11 11:43:17,821 [INFO] ThirdParty:1030 - CMSIS Pack Vendor :STMicroelectronics X-CUBE-TOUCHGFX 4.23.2
2025-02-11 11:43:17,821 [INFO] ThirdParty:1030 - CMSIS Pack Vendor :STMicroelectronics X-CUBE-AZRTOS-F7 1.1.0
2025-02-11 11:43:17,821 [INFO] ThirdParty:1030 - CMSIS Pack Vendor :STMicroelectronics X-CUBE-AZRTOS-L5 2.0.0
2025-02-11 11:43:17,822 [INFO] ThirdParty:1030 - CMSIS Pack Vendor :STMicroelectronics USB_DEVICE 2.0.0
2025-02-11 11:43:17,822 [INFO] ThirdParty:1030 - CMSIS Pack Vendor :STMicroelectronics X-CUBE-MEMS1 9.6.0
2025-02-11 11:43:17,822 [INFO] ThirdParty:1030 - CMSIS Pack Vendor :STMicroelectronics X-CUBE-EEPRMA1 4.2.0
2025-02-11 11:43:17,822 [INFO] ThirdParty:1030 - CMSIS Pack Vendor :STMicroelectronics X-CUBE-NFC6 3.1.0
2025-02-11 11:43:17,822 [INFO] ThirdParty:1030 - CMSIS Pack Vendor :ITTIA_DB I-CUBE-ITTIADB 8.8.0
2025-02-11 11:43:17,822 [INFO] ThirdParty:1030 - CMSIS Pack Vendor :STMicroelectronics FP-SNS-MOTENV1 4.3.0
2025-02-11 11:43:17,822 [INFO] ThirdParty:1030 - CMSIS Pack Vendor :STMicroelectronics FP-SNS-MOTENV1 4.3.2
2025-02-11 11:43:17,822 [INFO] ThirdParty:1030 - CMSIS Pack Vendor :STMicroelectronics FP-SNS-FLIGHT1 5.0.0
2025-02-11 11:43:17,822 [INFO] ThirdParty:1030 - CMSIS Pack Vendor :STMicroelectronics FP-SNS-MOTENV1 4.3.1
2025-02-11 11:43:17,822 [INFO] ThirdParty:1030 - CMSIS Pack Vendor :STMicroelectronics FP-SNS-FLIGHT1 5.0.1
2025-02-11 11:43:17,823 [INFO] ThirdParty:1030 - CMSIS Pack Vendor :STMicroelectronics X-CUBE-MEMS1 11.0.0
2025-02-11 11:43:17,823 [INFO] ThirdParty:1030 - CMSIS Pack Vendor :STMicroelectronics X-CUBE-BLE1 6.2.4
2025-02-11 11:43:17,823 [INFO] ThirdParty:1030 - CMSIS Pack Vendor :STMicroelectronics FreeRTOS 0.0.1
2025-02-11 11:43:17,823 [INFO] ThirdParty:1030 - CMSIS Pack Vendor :emotas I-CUBE-CANOPEN 1.1.3
2025-02-11 11:43:17,823 [INFO] ThirdParty:1030 - CMSIS Pack Vendor :STMicroelectronics X-CUBE-BLEMGR 2.0.0
2025-02-11 11:43:17,823 [INFO] ThirdParty:1030 - CMSIS Pack Vendor :STMicroelectronics FP-SNS-FLIGHT1 5.0.2
2025-02-11 11:43:17,823 [INFO] ThirdParty:1030 - CMSIS Pack Vendor :STMicroelectronics X-CUBE-AI 9.0.0
2025-02-11 11:43:17,823 [INFO] ThirdParty:1030 - CMSIS Pack Vendor :STMicroelectronics X-CUBE-AZRTOS-H7 3.1.0
2025-02-11 11:43:17,823 [INFO] ThirdParty:1030 - CMSIS Pack Vendor :STMicroelectronics PDM2PCM 3.3.0
2025-02-11 11:43:17,823 [INFO] ThirdParty:1030 - CMSIS Pack Vendor :STMicroelectronics X-CUBE-DISPLAY 3.0.0
2025-02-11 11:43:17,824 [INFO] ThirdParty:1030 - CMSIS Pack Vendor :STMicroelectronics X-CUBE-BLE1 7.0.0
2025-02-11 11:43:17,824 [INFO] ThirdParty:1030 - CMSIS Pack Vendor :STMicroelectronics X-CUBE-NFC10 1.0.0
2025-02-11 11:43:17,824 [INFO] ThirdParty:1030 - CMSIS Pack Vendor :STMicroelectronics HAL Drivers 0.0.0
2025-02-11 11:43:17,824 [INFO] ThirdParty:1030 - CMSIS Pack Vendor :STMicroelectronics X-CUBE-FREERTOS 1.3.0
2025-02-11 11:43:17,824 [INFO] ThirdParty:1030 - CMSIS Pack Vendor :STMicroelectronics X-CUBE-TOUCHGFX 4.22.0
2025-02-11 11:43:17,824 [INFO] ThirdParty:1030 - CMSIS Pack Vendor :STMicroelectronics X-CUBE-NFC7 1.0.1
2025-02-11 11:43:17,824 [INFO] ThirdParty:1030 - CMSIS Pack Vendor :STMicroelectronics MBEDTLS 2.14.1
2025-02-11 11:43:17,825 [INFO] ThirdParty:1030 - CMSIS Pack Vendor :STMicroelectronics X-CUBE-NFC7 1.0.0
2025-02-11 11:43:17,825 [INFO] ThirdParty:1030 - CMSIS Pack Vendor :STMicroelectronics X-CUBE-TOUCHGFX 4.22.1
2025-02-11 11:43:17,825 [INFO] ThirdParty:1030 - CMSIS Pack Vendor :wolfSSL I-CUBE-wolfTPM 3.2.0
2025-02-11 11:43:17,825 [INFO] ThirdParty:1030 - CMSIS Pack Vendor :STMicroelectronics X-CUBE-NFC6 3.0.0
2025-02-11 11:43:17,825 [INFO] ThirdParty:1030 - CMSIS Pack Vendor :STMicroelectronics X-CUBE-EEPRMA1 4.1.0
2025-02-11 11:43:17,825 [INFO] ThirdParty:1030 - CMSIS Pack Vendor :STMicroelectronics X-CUBE-BLEMGR 3.1.0
2025-02-11 11:43:17,825 [INFO] ThirdParty:1030 - CMSIS Pack Vendor :STMicroelectronics X-CUBE-AI 10.0.0
2025-02-11 11:43:17,825 [INFO] ThirdParty:1030 - CMSIS Pack Vendor :STMicroelectronics FP-SNS-SMARTAG2 1.2.0
2025-02-11 11:43:17,825 [INFO] ThirdParty:1030 - CMSIS Pack Vendor :STMicroelectronics X-CUBE-MEMS1 11.1.0
2025-02-11 11:43:17,826 [INFO] ThirdParty:1030 - CMSIS Pack Vendor :STMicroelectronics X-CUBE-AZRTOS-WL 2.0.0
2025-02-11 11:43:17,826 [INFO] ThirdParty:1030 - CMSIS Pack Vendor :STMicroelectronics FP-SNS-MOTENV1 5.0.0
2025-02-11 11:43:17,826 [INFO] ThirdParty:1030 - CMSIS Pack Vendor :STMicroelectronics USB_DEVICE 1.0.0
2025-02-11 11:43:17,826 [INFO] ThirdParty:1030 - CMSIS Pack Vendor :STMicroelectronics X-CUBE-AI 8.1.0
2025-02-11 11:43:17,826 [INFO] ThirdParty:1030 - CMSIS Pack Vendor :wolfSSL I-CUBE-wolfMQTT 1.19.0
2025-02-11 11:43:17,826 [INFO] ThirdParty:1030 - CMSIS Pack Vendor :STMicroelectronics X-CUBE-AZRTOS-L4 2.0.0
2025-02-11 11:43:17,826 [INFO] ThirdParty:1030 - CMSIS Pack Vendor :STMicroelectronics ThreadX 0.0.2
2025-02-11 11:43:17,826 [INFO] ThirdParty:1030 - CMSIS Pack Vendor :WES I-CUBE-Cesium 1.3.0
2025-02-11 11:43:17,826 [INFO] ThirdParty:1030 - CMSIS Pack Vendor :STMicroelectronics lwIP 2.1.2
2025-02-11 11:43:17,826 [INFO] ThirdParty:1030 - CMSIS Pack Vendor :STMicroelectronics X-CUBE-SFXS2LP1 4.0.0
2025-02-11 11:43:17,826 [INFO] ThirdParty:1030 - CMSIS Pack Vendor :STMicroelectronics X-CUBE-BLE2 3.3.0
2025-02-11 11:43:17,826 [INFO] ThirdParty:1030 - CMSIS Pack Vendor :STMicroelectronics PDM2PCM 3.2.0
2025-02-11 11:43:17,827 [INFO] ThirdParty:1030 - CMSIS Pack Vendor :STMicroelectronics X-CUBE-ISPU 1.1.0
2025-02-11 11:43:17,827 [INFO] ThirdParty:1030 - CMSIS Pack Vendor :STMicroelectronics X-CUBE-AZRTOS-H7 3.3.0
2025-02-11 11:43:17,827 [INFO] ThirdParty:1030 - CMSIS Pack Vendor :STMicroelectronics X-CUBE-NFC9 1.0.0
2025-02-11 11:43:17,827 [INFO] ThirdParty:1030 - CMSIS Pack Vendor :STMicroelectronics USB_DEVICE 3.0.0
2025-02-11 11:43:17,827 [INFO] ThirdParty:1030 - CMSIS Pack Vendor :STMicroelectronics X-CUBE-TCPP 4.1.0
2025-02-11 11:43:17,827 [INFO] ThirdParty:1030 - CMSIS Pack Vendor :STMicroelectronics X-CUBE-AI 8.0.0
2025-02-11 11:43:17,827 [INFO] ThirdParty:1030 - CMSIS Pack Vendor :STMicroelectronics X-CUBE-AZRTOS-WB 2.0.0
2025-02-11 11:43:17,827 [INFO] ThirdParty:1030 - CMSIS Pack Vendor :STMicroelectronics X-CUBE-FREERTOS 1.0.1
2025-02-11 11:43:17,827 [INFO] ThirdParty:1030 - CMSIS Pack Vendor :STMicroelectronics X-CUBE-GNSS1 7.0.0
2025-02-11 11:43:17,827 [INFO] ThirdParty:1030 - CMSIS Pack Vendor :STMicroelectronics X-CUBE-GNSS1 7.0.1
2025-02-11 11:43:17,827 [INFO] ThirdParty:1030 - CMSIS Pack Vendor :STMicroelectronics X-CUBE-TOUCHGFX 4.21.3
2025-02-11 11:43:17,827 [INFO] ThirdParty:1030 - CMSIS Pack Vendor :STMicroelectronics X-CUBE-TOUCHGFX 4.21.4
2025-02-11 11:43:17,827 [INFO] ThirdParty:1030 - CMSIS Pack Vendor :STMicroelectronics X-CUBE-ALGOBUILD 1.3.0
2025-02-11 11:43:17,827 [INFO] ThirdParty:1030 - CMSIS Pack Vendor :STMicroelectronics X-CUBE-AZRTOS-L5 1.1.0
2025-02-11 11:43:17,827 [INFO] ThirdParty:1030 - CMSIS Pack Vendor :STMicroelectronics X-CUBE-AZRTOS-G0 1.1.0
2025-02-11 11:43:17,828 [INFO] ThirdParty:1030 - CMSIS Pack Vendor :STMicroelectronics X-CUBE-AI 8.0.1
2025-02-11 11:43:17,828 [INFO] ThirdParty:1030 - CMSIS Pack Vendor :STMicroelectronics X-CUBE-SAFEA1 1.2.2
2025-02-11 11:43:17,828 [INFO] ThirdParty:1030 - CMSIS Pack Vendor :STMicroelectronics X-CUBE-NFC4 3.0.0
2025-02-11 11:43:17,828 [INFO] ThirdParty:1030 - CMSIS Pack Vendor :STMicroelectronics X-CUBE-SUBG2 5.0.0
2025-02-11 11:43:17,828 [INFO] ThirdParty:1030 - CMSIS Pack Vendor :STMicroelectronics STM32_WPAN 1.0.0
2025-02-11 11:43:17,828 [INFO] ThirdParty:1030 - CMSIS Pack Vendor :wolfSSL I-CUBE-wolfMQTT 1.18.0
2025-02-11 11:43:17,828 [INFO] ThirdParty:1030 - CMSIS Pack Vendor :STMicroelectronics lwIP 2.0.3
2025-02-11 11:43:17,828 [INFO] ThirdParty:1030 - CMSIS Pack Vendor :Cesanta I-CUBE-Mongoose 7.13.0
2025-02-11 11:43:17,828 [INFO] ThirdParty:1030 - CMSIS Pack Vendor :STMicroelectronics USB_HOST 1.0.0
2025-02-11 11:43:17,828 [INFO] ThirdParty:1030 - CMSIS Pack Vendor :STMicroelectronics X-CUBE-TOF1 3.3.1
2025-02-11 11:43:17,828 [INFO] ThirdParty:1030 - CMSIS Pack Vendor :STMicroelectronics X-CUBE-AZRTOS-G4 2.0.0
2025-02-11 11:43:17,828 [INFO] ThirdParty:1030 - CMSIS Pack Vendor :STMicroelectronics PDM2PCM 3.1.0
2025-02-11 11:43:17,829 [INFO] ThirdParty:1030 - CMSIS Pack Vendor :STMicroelectronics X-CUBE-TOF1 3.3.0
2025-02-11 11:43:17,829 [INFO] ThirdParty:1030 - CMSIS Pack Vendor :Infineon AIROC-Wi-Fi-Bluetooth-STM32 1.5.1
2025-02-11 11:43:17,829 [INFO] ThirdParty:1030 - CMSIS Pack Vendor :STMicroelectronics X-CUBE-BLEMGR 3.0.0
2025-02-11 11:43:17,829 [INFO] ThirdParty:1030 - CMSIS Pack Vendor :STMicroelectronics FP-SNS-MOTENVWB1 1.3.0
2025-02-11 11:43:17,829 [INFO] ThirdParty:1030 - CMSIS Pack Vendor :STMicroelectronics FP-SNS-MOTENVWB1 1.3.1
2025-02-11 11:43:17,829 [INFO] ThirdParty:1030 - CMSIS Pack Vendor :STMicroelectronics FP-ATR-SIGFOX1 3.2.0
2025-02-11 11:43:17,829 [INFO] ThirdParty:1030 - CMSIS Pack Vendor :STMicroelectronics X-CUBE-AZRTOS-G4 1.0.0
2025-02-11 11:43:17,829 [INFO] ThirdParty:1030 - CMSIS Pack Vendor :STMicroelectronics X-CUBE-AZRTOS-L4 1.0.0
2025-02-11 11:43:17,829 [INFO] ThirdParty:1030 - CMSIS Pack Vendor :STMicroelectronics X-CUBE-ISPU 2.0.0
2025-02-11 11:43:17,829 [INFO] ThirdParty:1030 - CMSIS Pack Vendor :STMicroelectronics X-CUBE-EEPRMA1 5.1.0
2025-02-11 11:43:17,829 [INFO] ThirdParty:1030 - CMSIS Pack Vendor :STMicroelectronics MBEDTLS 2.16.2
2025-02-11 11:43:17,829 [INFO] ThirdParty:1030 - CMSIS Pack Vendor :STMicroelectronics X-CUBE-ALS 1.0.2
2025-02-11 11:43:17,829 [INFO] ThirdParty:1030 - CMSIS Pack Vendor :STMicroelectronics X-CUBE-MEMS1 10.0.0
2025-02-11 11:43:17,829 [INFO] ThirdParty:1030 - CMSIS Pack Vendor :STMicroelectronics X-CUBE-FREERTOS 1.1.0
2025-02-11 11:43:17,830 [INFO] ThirdParty:1030 - CMSIS Pack Vendor :STMicroelectronics X-CUBE-TOUCHGFX 4.24.0
2025-02-11 11:43:17,830 [INFO] ThirdParty:1030 - CMSIS Pack Vendor :STMicroelectronics X-CUBE-TOUCHGFX 4.24.2
2025-02-11 11:43:17,830 [INFO] ThirdParty:1030 - CMSIS Pack Vendor :STMicroelectronics X-CUBE-AZRTOS-WL 1.0.0
2025-02-11 11:43:17,830 [INFO] ThirdParty:1030 - CMSIS Pack Vendor :STMicroelectronics X-CUBE-TOUCHGFX 4.24.1
2025-02-11 11:43:17,830 [INFO] ThirdParty:1030 - CMSIS Pack Vendor :portGmbH I-Cube-SoM-uGOAL 1.1.0
2025-02-11 11:43:17,830 [INFO] ThirdParty:1030 - CMSIS Pack Vendor :STMicroelectronics X-CUBE-ALS 1.0.1
2025-02-11 11:43:17,830 [INFO] ThirdParty:1030 - CMSIS Pack Vendor :STMicroelectronics X-CUBE-MEMS1 9.5.0
2025-02-11 11:43:17,830 [INFO] ThirdParty:1030 - CMSIS Pack Vendor :STMicroelectronics ThreadX 1.0.0
2025-02-11 11:43:17,830 [INFO] ThirdParty:1030 - CMSIS Pack Vendor :STMicroelectronics X-CUBE-AZRTOS-WB 1.1.0
2025-02-11 11:43:17,831 [INFO] ThirdParty:1030 - CMSIS Pack Vendor :SEGGER I-CUBE-embOS 1.3.1
2025-02-11 11:43:17,831 [INFO] ThirdParty:1030 - CMSIS Pack Vendor :STMicroelectronics X-CUBE-ALGOBUILD 1.4.0
2025-02-11 11:43:17,831 [INFO] ThirdParty:1030 - CMSIS Pack Vendor :STMicroelectronics X-CUBE-AZRTOS-H7RS 1.0.0
2025-02-11 11:43:17,831 [INFO] ThirdParty:1030 - CMSIS Pack Vendor :STMicroelectronics FP-ATR-ASTRA1 2.0.0
2025-02-11 11:43:17,831 [INFO] ThirdParty:1030 - CMSIS Pack Vendor :STMicroelectronics X-CUBE-AI 9.1.0
2025-02-11 11:43:17,831 [INFO] ThirdParty:1030 - CMSIS Pack Vendor :STMicroelectronics X-CUBE-TOF1 3.4.0
2025-02-11 11:43:17,832 [INFO] ThirdParty:1030 - CMSIS Pack Vendor :STMicroelectronics X-CUBE-TOF1 3.4.1
2025-02-11 11:43:17,832 [INFO] ThirdParty:1030 - CMSIS Pack Vendor :STMicroelectronics X-CUBE-AZRTOS-H7 3.2.0
2025-02-11 11:43:17,832 [INFO] ThirdParty:1030 - CMSIS Pack Vendor :wolfSSL I-CUBE-wolfSSH 1.4.17
2025-02-11 11:43:17,832 [INFO] ThirdParty:841 - exiting critical section [change project]
2025-02-11 11:43:18,653 [INFO] PinOutPanel:1499 - setPackage(No Configuration,No Configuration)
2025-02-11 11:43:18,656 [INFO] PinOutPanel:1499 - setPackage(STM32F746ZGTx,LQFP144)
2025-02-11 11:43:20,001 [INFO] UtilMem:75 - Before build in PCC Used Memory: 729103936 Bytes (782237696)
2025-02-11 11:43:21,545 [INFO] UtilMem:75 - After build in PCC Used Memory: 728840232 Bytes (782237696)
2025-02-11 11:43:21,630 [INFO] IPUIPlugin:80 - create IPUIPlugin
2025-02-11 11:43:21,630 [INFO] IPUIPlugin:80 - create IPUIPlugin
2025-02-11 11:43:21,630 [INFO] IPUIPlugin:80 - create IPUIPlugin
2025-02-11 11:43:21,630 [INFO] IPUIPlugin:80 - create IPUIPlugin
2025-02-11 11:43:21,630 [INFO] IPUIPlugin:80 - create IPUIPlugin
2025-02-11 11:43:21,631 [INFO] IPUIPlugin:80 - create IPUIPlugin
2025-02-11 11:43:21,631 [INFO] IPUIPlugin:80 - create IPUIPlugin
2025-02-11 11:43:21,631 [INFO] IPUIPlugin:80 - create IPUIPlugin
2025-02-11 11:43:21,632 [INFO] IPUIPlugin:80 - create IPUIPlugin
2025-02-11 11:43:21,632 [INFO] IPUIPlugin:80 - create IPUIPlugin
2025-02-11 11:43:21,632 [INFO] IPUIPlugin:80 - create IPUIPlugin
2025-02-11 11:43:21,633 [INFO] IPUIPlugin:80 - create IPUIPlugin
2025-02-11 11:43:21,633 [INFO] IPUIPlugin:80 - create IPUIPlugin
2025-02-11 11:43:21,633 [INFO] IPUIPlugin:80 - create IPUIPlugin
2025-02-11 11:43:21,633 [INFO] IPUIPlugin:80 - create IPUIPlugin
2025-02-11 11:43:21,634 [INFO] IPUIPlugin:80 - create IPUIPlugin
2025-02-11 11:43:21,634 [INFO] IPUIPlugin:80 - create IPUIPlugin
2025-02-11 11:43:21,634 [INFO] IPUIPlugin:80 - create IPUIPlugin
2025-02-11 11:43:21,635 [INFO] IPUIPlugin:80 - create IPUIPlugin
2025-02-11 11:43:21,635 [INFO] IPUIPlugin:80 - create IPUIPlugin
2025-02-11 11:43:21,635 [INFO] IPUIPlugin:80 - create IPUIPlugin
2025-02-11 11:43:21,635 [INFO] IPUIPlugin:80 - create IPUIPlugin
2025-02-11 11:43:21,636 [INFO] IPUIPlugin:80 - create IPUIPlugin
2025-02-11 11:43:21,636 [INFO] IPUIPlugin:80 - create IPUIPlugin
2025-02-11 11:43:21,636 [INFO] IPUIPlugin:80 - create IPUIPlugin
2025-02-11 11:43:21,637 [INFO] IPUIPlugin:80 - create IPUIPlugin
2025-02-11 11:43:21,638 [INFO] IPUIPlugin:80 - create IPUIPlugin
2025-02-11 11:43:21,638 [INFO] IPUIPlugin:80 - create IPUIPlugin
2025-02-11 11:43:21,639 [INFO] IPUIPlugin:80 - create IPUIPlugin
2025-02-11 11:43:21,639 [INFO] IPUIPlugin:80 - create IPUIPlugin
2025-02-11 11:43:21,639 [INFO] IPUIPlugin:80 - create IPUIPlugin
2025-02-11 11:43:21,639 [INFO] IPUIPlugin:80 - create IPUIPlugin
2025-02-11 11:43:21,640 [INFO] IPUIPlugin:80 - create IPUIPlugin
2025-02-11 11:43:21,640 [INFO] IPUIPlugin:80 - create IPUIPlugin
2025-02-11 11:43:21,641 [INFO] IPUIPlugin:80 - create IPUIPlugin
2025-02-11 11:43:21,642 [INFO] IPUIPlugin:80 - create IPUIPlugin
2025-02-11 11:43:21,642 [INFO] IPUIPlugin:80 - create IPUIPlugin
2025-02-11 11:43:21,642 [INFO] IPUIPlugin:80 - create IPUIPlugin
2025-02-11 11:43:21,643 [INFO] IPUIPlugin:80 - create IPUIPlugin
2025-02-11 11:43:21,643 [INFO] IPUIPlugin:80 - create IPUIPlugin
2025-02-11 11:43:21,644 [INFO] IPUIPlugin:80 - create IPUIPlugin
2025-02-11 11:43:21,644 [INFO] IPUIPlugin:80 - create IPUIPlugin
2025-02-11 11:43:21,644 [INFO] IPUIPlugin:80 - create IPUIPlugin
2025-02-11 11:43:21,645 [INFO] IPUIPlugin:80 - create IPUIPlugin
2025-02-11 11:43:21,645 [INFO] IPUIPlugin:80 - create IPUIPlugin
2025-02-11 11:43:21,645 [INFO] IPUIPlugin:80 - create IPUIPlugin
2025-02-11 11:43:21,646 [INFO] IPUIPlugin:80 - create IPUIPlugin
2025-02-11 11:43:21,646 [INFO] IPUIPlugin:80 - create IPUIPlugin
2025-02-11 11:43:21,647 [INFO] IPUIPlugin:80 - create IPUIPlugin
2025-02-11 11:43:21,647 [INFO] IPUIPlugin:80 - create IPUIPlugin
2025-02-11 11:43:21,647 [INFO] IPUIPlugin:80 - create IPUIPlugin
2025-02-11 11:43:21,648 [INFO] IPUIPlugin:80 - create IPUIPlugin
2025-02-11 11:43:21,648 [INFO] IPUIPlugin:80 - create IPUIPlugin
2025-02-11 11:43:21,648 [INFO] IPUIPlugin:80 - create IPUIPlugin
2025-02-11 11:43:21,649 [INFO] IPUIPlugin:80 - create IPUIPlugin
2025-02-11 11:43:21,649 [INFO] IPUIPlugin:80 - create IPUIPlugin
2025-02-11 11:43:21,650 [INFO] IPUIPlugin:80 - create IPUIPlugin
2025-02-11 11:43:21,650 [INFO] IPUIPlugin:80 - create IPUIPlugin
2025-02-11 11:43:21,651 [INFO] IPUIPlugin:80 - create IPUIPlugin
2025-02-11 11:43:21,651 [INFO] IPUIPlugin:80 - create IPUIPlugin
2025-02-11 11:43:21,651 [INFO] IPUIPlugin:80 - create IPUIPlugin
2025-02-11 11:43:21,652 [INFO] IPUIPlugin:80 - create IPUIPlugin
2025-02-11 11:43:21,652 [INFO] IPUIPlugin:80 - create IPUIPlugin
2025-02-11 11:43:21,653 [INFO] IPUIPlugin:80 - create IPUIPlugin
2025-02-11 11:43:21,653 [INFO] IPUIPlugin:80 - create IPUIPlugin
2025-02-11 11:43:21,654 [INFO] IPUIPlugin:80 - create IPUIPlugin
2025-02-11 11:43:21,654 [INFO] IPUIPlugin:80 - create IPUIPlugin
2025-02-11 11:43:21,655 [INFO] IPUIPlugin:80 - create IPUIPlugin
2025-02-11 11:43:21,655 [INFO] IPUIPlugin:80 - create IPUIPlugin
2025-02-11 11:43:21,656 [INFO] IPUIPlugin:80 - create IPUIPlugin
2025-02-11 11:43:21,656 [INFO] IPUIPlugin:80 - create IPUIPlugin
2025-02-11 11:43:21,657 [INFO] IPUIPlugin:80 - create IPUIPlugin
2025-02-11 11:43:21,658 [INFO] IPUIPlugin:80 - create IPUIPlugin
2025-02-11 11:43:21,659 [INFO] IPUIPlugin:80 - create IPUIPlugin
2025-02-11 11:43:21,659 [INFO] IPUIPlugin:80 - create IPUIPlugin
2025-02-11 11:43:21,706 [INFO] ApiDbMcu:507 - Load IP Config File for PDM2PCM
2025-02-11 11:43:21,748 [INFO] Can:71 - Can Add PropertyChangeListener com.st.microxplorer.plugins.ip.can.Can@6dcdeb79
2025-02-11 11:43:21,750 [INFO] Can:71 - Can Add PropertyChangeListener com.st.microxplorer.plugins.ip.can.Can@711518a6
2025-02-11 11:43:22,266 [INFO] CADModel:165 - CPN selected for project levelSTM32F746ZGT6
2025-02-11 11:43:22,266 [INFO] CADModel:114 - Register for checkConnection events
2025-02-11 11:43:22,344 [INFO] OpenFileManager:328 - Restore cursor
2025-02-11 11:43:22,505 [WARN] IP:2113 - LayerIdx_L1 not found: check if there is a RefParameter without a condition.
