2025-02-08 00:02:55,526 [INFO] ApplicationProperties:184 - Using Application install path: C:\ST\STM32CubeIDE_1.12.1\STM32CubeIDE\plugins\com.st.stm32cube.common.mx_6.8.1.202304191431
2025-02-08 00:02:55,575 [INFO] DbMcusXml:78 - Set database path to: C:\ST\STM32CubeIDE_1.12.1\STM32CubeIDE\plugins\com.st.stm32cube.common.mx_6.8.1.202304191431\\db\/mcu/
2025-02-08 00:02:55,576 [INFO] ApiDb:274 - Set plugin database path to: C:\ST\STM32CubeIDE_1.12.1\STM32CubeIDE\plugins\com.st.stm32cube.common.mx_6.8.1.202304191431\\db\/plugins/boardmanager/
2025-02-08 00:02:55,579 [WARN] ApiDb:259 - Overriding images path with different value:  => C:\ST\STM32CubeIDE_1.12.1\STM32CubeIDE\plugins\com.st.stm32cube.common.mx_6.8.1.202304191431\\db\/plugins/mcufinder/images/
2025-02-08 00:02:55,598 [INFO] ApiDb:250 - Set database path to: C:\Users\rhett\.stmcufinder\plugins\mcufinder//mcu/
2025-02-08 00:02:55,601 [INFO] DbMcusAds:125 - Set database path to: C:\Users\rhett\.stmcufinder\plugins\mcufinder//mcu/
2025-02-08 00:02:55,625 [INFO] CrossReferenceDbSqlite:203 - Set database path to: C:\Users\rhett\.stmcufinder\plugins\mcufinder//mcu/cs/
2025-02-08 00:02:55,813 [INFO] RulesReader:64 - Compatibility file has been processed (293 Rules)
2025-02-08 00:02:55,964 [INFO] DbMcusXml:78 - Set database path to: C:\ST\STM32CubeIDE_1.12.1\STM32CubeIDE\plugins\com.st.stm32cube.common.mx_6.8.1.202304191431\\db\/mcu/
2025-02-08 00:02:55,964 [INFO] ApiDb:274 - Set plugin database path to: C:\ST\STM32CubeIDE_1.12.1\STM32CubeIDE\plugins\com.st.stm32cube.common.mx_6.8.1.202304191431\\db\/plugins/boardmanager/
2025-02-08 00:02:55,965 [INFO] ApiDb:261 - Set plugin images path to: C:\ST\STM32CubeIDE_1.12.1\STM32CubeIDE\plugins\com.st.stm32cube.common.mx_6.8.1.202304191431\\db\/plugins/mcufinder/images/
2025-02-08 00:02:55,965 [WARN] DbFile:41 - Overriding database path with different value: C:\Users\rhett\.stmcufinder\plugins\mcufinder/ => C:\Users\rhett\.stmcufinder\plugins\mcufinder
2025-02-08 00:02:55,965 [INFO] ApiDb:250 - Set database path to: C:\Users\rhett\.stmcufinder\plugins\mcufinder//mcu/
2025-02-08 00:02:55,965 [WARN] DbFile:41 - Overriding database path with different value: C:\Users\rhett\.stmcufinder\plugins\mcufinder/ => C:\Users\rhett\.stmcufinder\plugins\mcufinder
2025-02-08 00:02:55,965 [INFO] DbMcusAds:125 - Set database path to: C:\Users\rhett\.stmcufinder\plugins\mcufinder//mcu/
2025-02-08 00:02:55,965 [WARN] DbFile:41 - Overriding database path with different value: C:\Users\rhett\.stmcufinder\plugins\mcufinder/ => C:\Users\rhett\.stmcufinder\plugins\mcufinder
2025-02-08 00:02:55,965 [WARN] DbFile:41 - Overriding database path with different value: C:\Users\rhett\.stmcufinder\plugins\mcufinder/ => C:\Users\rhett\.stmcufinder\plugins\mcufinder
2025-02-08 00:02:55,966 [INFO] CrossReferenceDbSqlite:203 - Set database path to: C:\Users\rhett\.stmcufinder\plugins\mcufinder//mcu/cs/
2025-02-08 00:02:56,092 [INFO] MainPanel:253 - HeapMemory: 1073741824
2025-02-08 00:02:56,240 [INFO] DbMcusXml:78 - Set database path to: C:\ST\STM32CubeIDE_1.12.1\STM32CubeIDE\plugins\com.st.stm32cube.common.mx_6.8.1.202304191431\\db\/mcu/
2025-02-08 00:02:56,240 [INFO] ApiDb:274 - Set plugin database path to: C:\ST\STM32CubeIDE_1.12.1\STM32CubeIDE\plugins\com.st.stm32cube.common.mx_6.8.1.202304191431\\db\/plugins/boardmanager/
2025-02-08 00:02:56,240 [INFO] ApiDb:261 - Set plugin images path to: C:\ST\STM32CubeIDE_1.12.1\STM32CubeIDE\plugins\com.st.stm32cube.common.mx_6.8.1.202304191431\\db\/plugins/mcufinder/images/
2025-02-08 00:02:56,241 [WARN] DbFile:41 - Overriding database path with different value: C:\Users\rhett\.stmcufinder\plugins\mcufinder/ => C:\Users\rhett\.stmcufinder\plugins\mcufinder
2025-02-08 00:02:56,241 [INFO] ApiDb:250 - Set database path to: C:\Users\rhett\.stmcufinder\plugins\mcufinder//mcu/
2025-02-08 00:02:56,242 [WARN] DbFile:41 - Overriding database path with different value: C:\Users\rhett\.stmcufinder\plugins\mcufinder/ => C:\Users\rhett\.stmcufinder\plugins\mcufinder
2025-02-08 00:02:56,242 [INFO] DbMcusAds:125 - Set database path to: C:\Users\rhett\.stmcufinder\plugins\mcufinder//mcu/
2025-02-08 00:02:56,242 [WARN] DbFile:41 - Overriding database path with different value: C:\Users\rhett\.stmcufinder\plugins\mcufinder/ => C:\Users\rhett\.stmcufinder\plugins\mcufinder
2025-02-08 00:02:56,242 [WARN] DbFile:41 - Overriding database path with different value: C:\Users\rhett\.stmcufinder\plugins\mcufinder/ => C:\Users\rhett\.stmcufinder\plugins\mcufinder
2025-02-08 00:02:56,242 [INFO] CrossReferenceDbSqlite:203 - Set database path to: C:\Users\rhett\.stmcufinder\plugins\mcufinder//mcu/cs/
2025-02-08 00:02:56,272 [INFO] ApplicationProperties:184 - Using Application install path: C:\ST\STM32CubeIDE_1.12.1\STM32CubeIDE\plugins\com.st.stm32cube.common.mx_6.8.1.202304191431
2025-02-08 00:02:56,274 [INFO] PluginManage:196 - Search for loadable plugins [exclusion list=, ]
2025-02-08 00:02:56,276 [INFO] PluginManage:310 - Check plugin analytics
2025-02-08 00:02:56,535 [INFO] AnalyticsPlugin:253 - Accepted Software Licenses: 
2025-02-08 00:02:56,536 [INFO] AnalyticsPlugin:255 - Accepted CMSIS Pack Licenses: STMicroelectronics.X-CUBE-TOUCHGFX.4.24.0
2025-02-08 00:02:56,536 [INFO] AnalyticsPlugin:257 - Accepted Firmware Licenses: FW.G0.1.6.0,FW.F4.1.27.0,FW.MP1.1.6.0,FW.C0.1.0.0,FW.F7.1.17.0
2025-02-08 00:02:56,545 [INFO] PluginManage:359 - Loaded plugin analytics (category:tool,tabindex:-1)
2025-02-08 00:02:56,546 [INFO] PluginManage:310 - Check plugin cadmodel
2025-02-08 00:02:56,579 [INFO] CADModel:105 - Init CAD model plugin
2025-02-08 00:02:56,579 [INFO] PluginManage:359 - Loaded plugin cadmodel (category:power,tabindex:5)
2025-02-08 00:02:56,579 [INFO] PluginManage:310 - Check plugin clock
2025-02-08 00:02:56,610 [INFO] PluginManage:359 - Loaded plugin clock (category:base,tabindex:2)
2025-02-08 00:02:56,610 [INFO] PluginManage:310 - Check plugin ddr
2025-02-08 00:02:56,615 [INFO] PluginManage:359 - Loaded plugin ddr (category:tool,tabindex:6)
2025-02-08 00:02:56,616 [INFO] PluginManage:310 - Check plugin filemanager
2025-02-08 00:02:56,820 [INFO] PluginManage:359 - Loaded plugin filemanager (category:base,tabindex:10)
2025-02-08 00:02:56,820 [INFO] PluginManage:310 - Check plugin ipmanager
2025-02-08 00:02:56,831 [INFO] PluginManage:359 - Loaded plugin ipmanager (category:base,tabindex:5)
2025-02-08 00:02:56,831 [INFO] PluginManage:310 - Check plugin lpbam
2025-02-08 00:02:56,873 [INFO] PluginManage:359 - Loaded plugin lpbam (category:base,tabindex:0)
2025-02-08 00:02:56,874 [INFO] PluginManage:310 - Check plugin pinoutandconfiguration
2025-02-08 00:02:56,907 [INFO] PluginManage:359 - Loaded plugin pinoutandconfiguration (category:base,tabindex:1)
2025-02-08 00:02:56,907 [INFO] PluginManage:310 - Check plugin pinoutconfig
2025-02-08 00:02:57,039 [WARN] SupportedApi:132 - Cannot load RTOS API schema: s4s-elt-must-match.1: The content of 'definitions' must match (annotation?, (simpleType | complexType)?, (unique | key | keyref)*)). A problem was found starting at: attribute.
2025-02-08 00:02:57,245 [INFO] PluginManage:359 - Loaded plugin pinoutconfig (category:base,tabindex:0)
2025-02-08 00:02:57,245 [INFO] PluginManage:310 - Check plugin power
2025-02-08 00:02:57,275 [INFO] PluginManage:359 - Loaded plugin power (category:power,tabindex:4)
2025-02-08 00:02:57,275 [INFO] PluginManage:310 - Check plugin projectmanager
2025-02-08 00:02:57,296 [INFO] PluginManage:359 - Loaded plugin projectmanager (category:projectmanager,tabindex:3)
2025-02-08 00:02:57,297 [INFO] PluginManage:310 - Check plugin thirdparty
2025-02-08 00:02:57,721 [INFO] PluginManage:359 - Loaded plugin thirdparty (category:base,tabindex:-1)
2025-02-08 00:02:57,721 [INFO] PluginManage:310 - Check plugin tools
2025-02-08 00:02:57,725 [WARN] IntegrityCheckThread:84 - waiting for thirdparty lock release [integrity check]
2025-02-08 00:02:57,725 [INFO] IntegrityCheckThread:86 - entering critical section [integrity check]
2025-02-08 00:02:57,726 [INFO] ThirdPartyUpdaterWithRetryManager:70 - Updater plugin not ready yet. [1/15]
2025-02-08 00:02:57,768 [INFO] PluginManage:359 - Loaded plugin tools (category:base,tabindex:7)
2025-02-08 00:02:57,768 [INFO] PluginManage:310 - Check plugin tutovideos
2025-02-08 00:02:58,081 [INFO] PluginManage:359 - Loaded plugin tutovideos (category:base,tabindex:-1)
2025-02-08 00:02:58,081 [INFO] PluginManage:310 - Check plugin updater
2025-02-08 00:02:58,105 [INFO] PluginManage:359 - Loaded plugin updater (category:base,tabindex:12)
2025-02-08 00:02:58,106 [INFO] PluginManage:283 - PluginManage : Loaded plugins [15]
2025-02-08 00:02:58,513 [INFO] PinOutPanel:1499 - setPackage(No Configuration,No Configuration)
2025-02-08 00:02:58,617 [INFO] CADModel:165 - CPN selected for project level
2025-02-08 00:02:58,617 [INFO] CADModel:114 - Register for checkConnection events
2025-02-08 00:02:58,658 [INFO] IPUIPlugin:80 - create IPUIPlugin
2025-02-08 00:02:58,659 [INFO] PluginManager:220 - loadIPPluginJar : add adc
2025-02-08 00:02:58,723 [INFO] IPUIPlugin:80 - create IPUIPlugin
2025-02-08 00:02:58,723 [INFO] PluginManager:220 - loadIPPluginJar : add aes
2025-02-08 00:02:58,799 [INFO] IPUIPlugin:80 - create IPUIPlugin
2025-02-08 00:02:58,799 [INFO] PluginManager:220 - loadIPPluginJar : add can
2025-02-08 00:02:58,849 [INFO] IPUIPlugin:80 - create IPUIPlugin
2025-02-08 00:02:58,849 [INFO] PluginManager:220 - loadIPPluginJar : add comp
2025-02-08 00:02:58,900 [INFO] IPUIPlugin:80 - create IPUIPlugin
2025-02-08 00:02:58,900 [INFO] PluginManager:220 - loadIPPluginJar : add cryp
2025-02-08 00:02:58,965 [INFO] IPUIPlugin:80 - create IPUIPlugin
2025-02-08 00:02:58,965 [INFO] PluginManager:220 - loadIPPluginJar : add dfsdm
2025-02-08 00:02:58,989 [INFO] IPUIPlugin:80 - create IPUIPlugin
2025-02-08 00:02:58,990 [INFO] PluginManager:220 - loadIPPluginJar : add dma
2025-02-08 00:02:59,078 [INFO] IPUIPlugin:80 - create IPUIPlugin
2025-02-08 00:02:59,079 [INFO] PluginManager:220 - loadIPPluginJar : add dma3
2025-02-08 00:02:59,116 [INFO] IPUIPlugin:80 - create IPUIPlugin
2025-02-08 00:02:59,116 [INFO] PluginManager:220 - loadIPPluginJar : add fatfs
2025-02-08 00:02:59,199 [INFO] IPUIPlugin:80 - create IPUIPlugin
2025-02-08 00:02:59,199 [INFO] PluginManager:220 - loadIPPluginJar : add fmc
2025-02-08 00:02:59,220 [INFO] IPUIPlugin:80 - create IPUIPlugin
2025-02-08 00:02:59,220 [INFO] PluginManager:220 - loadIPPluginJar : add freertos
2025-02-08 00:02:59,264 [INFO] IPUIPlugin:80 - create IPUIPlugin
2025-02-08 00:02:59,265 [INFO] PluginManager:220 - loadIPPluginJar : add genericplugin
2025-02-08 00:02:59,425 [INFO] IPUIPlugin:80 - create IPUIPlugin
2025-02-08 00:02:59,425 [INFO] PluginManager:220 - loadIPPluginJar : add gfxmmu
2025-02-08 00:02:59,638 [INFO] IPUIPlugin:80 - create IPUIPlugin
2025-02-08 00:02:59,638 [INFO] PluginManager:220 - loadIPPluginJar : add gic
2025-02-08 00:02:59,655 [INFO] IPUIPlugin:80 - create IPUIPlugin
2025-02-08 00:02:59,655 [INFO] PluginManager:220 - loadIPPluginJar : add gpio
2025-02-08 00:02:59,783 [INFO] IPUIPlugin:80 - create IPUIPlugin
2025-02-08 00:02:59,783 [INFO] PluginManager:220 - loadIPPluginJar : add gtzc
2025-02-08 00:02:59,834 [INFO] IPUIPlugin:80 - create IPUIPlugin
2025-02-08 00:02:59,834 [INFO] PluginManager:220 - loadIPPluginJar : add hash
2025-02-08 00:02:59,931 [INFO] IPUIPlugin:80 - create IPUIPlugin
2025-02-08 00:02:59,931 [INFO] PluginManager:220 - loadIPPluginJar : add i2c
2025-02-08 00:02:59,993 [INFO] IPUIPlugin:80 - create IPUIPlugin
2025-02-08 00:02:59,994 [INFO] PluginManager:220 - loadIPPluginJar : add i2s
2025-02-08 00:03:00,068 [INFO] IPUIPlugin:80 - create IPUIPlugin
2025-02-08 00:03:00,068 [INFO] PluginManager:220 - loadIPPluginJar : add i3c
2025-02-08 00:03:00,233 [INFO] IPUIPlugin:80 - create IPUIPlugin
2025-02-08 00:03:00,234 [INFO] PluginManager:220 - loadIPPluginJar : add ipddr
2025-02-08 00:03:00,393 [INFO] IPUIPlugin:80 - create IPUIPlugin
2025-02-08 00:03:00,393 [INFO] PluginManager:220 - loadIPPluginJar : add linkedlist
2025-02-08 00:03:00,496 [INFO] IPUIPlugin:80 - create IPUIPlugin
2025-02-08 00:03:00,496 [INFO] PluginManager:220 - loadIPPluginJar : add lorawan
2025-02-08 00:03:00,618 [INFO] IPUIPlugin:80 - create IPUIPlugin
2025-02-08 00:03:00,620 [INFO] PluginManager:220 - loadIPPluginJar : add ltdc
2025-02-08 00:03:00,658 [INFO] IPUIPlugin:80 - create IPUIPlugin
2025-02-08 00:03:00,658 [INFO] PluginManager:220 - loadIPPluginJar : add mdma
2025-02-08 00:03:00,684 [INFO] IPUIPlugin:80 - create IPUIPlugin
2025-02-08 00:03:00,684 [INFO] PluginManager:220 - loadIPPluginJar : add nvic
2025-02-08 00:03:00,728 [INFO] ThirdPartyUpdaterWithRetryManager:70 - Updater plugin not ready yet. [2/15]
2025-02-08 00:03:00,754 [INFO] IPUIPlugin:80 - create IPUIPlugin
2025-02-08 00:03:00,755 [INFO] PluginManager:220 - loadIPPluginJar : add opamp
2025-02-08 00:03:00,852 [INFO] IPUIPlugin:80 - create IPUIPlugin
2025-02-08 00:03:00,852 [INFO] PluginManager:220 - loadIPPluginJar : add openamp
2025-02-08 00:03:00,956 [INFO] IPUIPlugin:80 - create IPUIPlugin
2025-02-08 00:03:00,956 [INFO] PluginManager:220 - loadIPPluginJar : add pdm2pcm
2025-02-08 00:03:00,986 [INFO] IPUIPlugin:80 - create IPUIPlugin
2025-02-08 00:03:00,991 [INFO] PluginManager:220 - loadIPPluginJar : add plateformsettings
2025-02-08 00:03:01,028 [INFO] IPUIPlugin:80 - create IPUIPlugin
2025-02-08 00:03:01,029 [INFO] PluginManager:220 - loadIPPluginJar : add quadspi
2025-02-08 00:03:01,046 [INFO] IPUIPlugin:80 - create IPUIPlugin
2025-02-08 00:03:01,046 [INFO] PluginManager:220 - loadIPPluginJar : add resmgrutility
2025-02-08 00:03:01,119 [INFO] IPUIPlugin:80 - create IPUIPlugin
2025-02-08 00:03:01,119 [INFO] PluginManager:220 - loadIPPluginJar : add sai
2025-02-08 00:03:01,179 [INFO] IPUIPlugin:80 - create IPUIPlugin
2025-02-08 00:03:01,179 [INFO] PluginManager:220 - loadIPPluginJar : add spi
2025-02-08 00:03:01,270 [INFO] IPUIPlugin:80 - create IPUIPlugin
2025-02-08 00:03:01,270 [INFO] PluginManager:220 - loadIPPluginJar : add stm32_wpan
2025-02-08 00:03:01,303 [INFO] IPUIPlugin:80 - create IPUIPlugin
2025-02-08 00:03:01,303 [INFO] PluginManager:220 - loadIPPluginJar : add tim
2025-02-08 00:03:01,387 [INFO] IPUIPlugin:80 - create IPUIPlugin
2025-02-08 00:03:01,387 [INFO] PluginManager:220 - loadIPPluginJar : add touchsensing
2025-02-08 00:03:01,423 [INFO] IPUIPlugin:80 - create IPUIPlugin
2025-02-08 00:03:01,424 [INFO] PluginManager:220 - loadIPPluginJar : add tracer_emb
2025-02-08 00:03:01,458 [INFO] IPUIPlugin:80 - create IPUIPlugin
2025-02-08 00:03:01,458 [INFO] PluginManager:220 - loadIPPluginJar : add ts
2025-02-08 00:03:01,493 [INFO] IPUIPlugin:80 - create IPUIPlugin
2025-02-08 00:03:01,494 [INFO] PluginManager:220 - loadIPPluginJar : add tsc
2025-02-08 00:03:01,526 [INFO] IPUIPlugin:80 - create IPUIPlugin
2025-02-08 00:03:01,526 [INFO] PluginManager:220 - loadIPPluginJar : add ucpd
2025-02-08 00:03:01,593 [INFO] IPUIPlugin:80 - create IPUIPlugin
2025-02-08 00:03:01,593 [INFO] PluginManager:220 - loadIPPluginJar : add usart
2025-02-08 00:03:01,684 [INFO] IPUIPlugin:80 - create IPUIPlugin
2025-02-08 00:03:01,684 [INFO] PluginManager:220 - loadIPPluginJar : add usbx
2025-02-08 00:03:01,853 [INFO] CADModel:165 - CPN selected for project level
2025-02-08 00:03:01,853 [INFO] CADModel:114 - Register for checkConnection events
2025-02-08 00:03:01,853 [FATAL] Updater:308 - Updater called before beeing initialized
2025-02-08 00:03:01,853 [ERROR] CADModel:125 - Updater not yet initialized, retry later 
2025-02-08 00:03:02,067 [INFO] CADModel:165 - CPN selected for project level
2025-02-08 00:03:02,067 [INFO] CADModel:114 - Register for checkConnection events
2025-02-08 00:03:02,067 [FATAL] Updater:308 - Updater called before beeing initialized
2025-02-08 00:03:02,068 [ERROR] CADModel:125 - Updater not yet initialized, retry later 
2025-02-08 00:03:02,073 [FATAL] Updater:308 - Updater called before beeing initialized
2025-02-08 00:03:02,299 [FATAL] Updater:308 - Updater called before beeing initialized
2025-02-08 00:03:02,327 [INFO] DbMcusAds:53 - JSON generation date=Wed Dec 18 02:01:15 AEST 2024 (1734451275230)
2025-02-08 00:03:02,328 [FATAL] Updater:308 - Updater called before beeing initialized
2025-02-08 00:03:02,481 [WARN] DetailPanel:346 - Failed to get advertising image, set to default
2025-02-08 00:03:02,622 [FATAL] Updater:308 - Updater called before beeing initialized
2025-02-08 00:03:02,626 [FATAL] Updater:308 - Updater called before beeing initialized
2025-02-08 00:03:02,626 [FATAL] Updater:308 - Updater called before beeing initialized
2025-02-08 00:03:02,626 [WARN] DetailPanel:346 - Failed to get advertising image, set to default
2025-02-08 00:03:02,629 [FATAL] Updater:308 - Updater called before beeing initialized
2025-02-08 00:03:02,716 [ERROR] Updater:1120 - MainUpdater not yet initialized. External WinMGr cannot be set.
2025-02-08 00:03:02,729 [INFO] Updater:1056 - Updater Version found : 6.8.1
2025-02-08 00:03:02,750 [INFO] ApplicationProperties:184 - Using Application install path: C:\ST\STM32CubeIDE_1.12.1\STM32CubeIDE\plugins\com.st.stm32cube.common.mx_6.8.1.202304191431
2025-02-08 00:03:03,735 [INFO] ThirdPartyUpdaterWithRetryManager:70 - Updater plugin not ready yet. [3/15]
2025-02-08 00:03:03,878 [INFO] MainUpdater:2854 - connection check result : 10
2025-02-08 00:03:03,879 [INFO] MainUpdater:283 - Updater Check For Update Now.
2025-02-08 00:03:03,879 [INFO] MicroXplorer:498 - Change Database Version : DB.6.0.81
2025-02-08 00:03:04,160 [INFO] CheckServerUpdateThread:120 - End of CheckServer Thread
2025-02-08 00:03:04,326 [INFO] MainUpdater:2854 - connection check result : 10
2025-02-08 00:03:04,336 [INFO] MainUpdater:2854 - connection check result : 10
2025-02-08 00:03:04,583 [INFO] MicroXplorer:468 - Change Database Path : 
2025-02-08 00:03:04,584 [INFO] MicroXplorer:498 - Change Database Version : DB.6.0.81
2025-02-08 00:03:04,585 [WARN] ThirdParty:871 - waiting for thirdparty lock release [close project]
2025-02-08 00:03:07,274 [WARN] PackLoader:240 - Cannot read IP mode file for STMicroelectronics.FP-ATR-ASTRA1.2.0.1
2025-02-08 00:03:07,312 [WARN] PackLoader:240 - Cannot read IP mode file for STMicroelectronics.X-CUBE-SMBUS.2.1.0
2025-02-08 00:03:07,349 [WARN] PackLoader:240 - Cannot read IP mode file for STMicroelectronics.X-CUBE-WB05N.1.1.0
2025-02-08 00:03:07,379 [WARN] PackLoader:240 - Cannot read IP mode file for STMicroelectronics.X-CUBE-TOUCHGFX.4.23.1
2025-02-08 00:03:07,401 [WARN] PackLoader:240 - Cannot read IP mode file for STMicroelectronics.X-CUBE-TOUCHGFX.4.23.0
2025-02-08 00:03:07,424 [WARN] PackLoader:240 - Cannot read IP mode file for STMicroelectronics.X-CUBE-TOUCHGFX.4.23.2
2025-02-08 00:03:07,500 [WARN] PackLoader:240 - Cannot read IP mode file for STMicroelectronics.X-CUBE-AZRTOS-F7.1.1.0
2025-02-08 00:03:07,555 [ERROR] RealEvaluatedCondition:428 - Found unsupported composite condition: GROUP='STM32_MetaDataManager' CLASS='Data Exchange'
2025-02-08 00:03:07,555 [ERROR] RealEvaluatedCondition:428 - Found unsupported composite condition: CLASS='Data Exchange' GROUP='STM32_MetaDataManager'
2025-02-08 00:03:07,558 [WARN] PackLoader:240 - Cannot read IP mode file for STMicroelectronics.FP-SNS-MOTENV1.4.3.0
2025-02-08 00:03:07,701 [WARN] PackLoader:240 - Cannot read IP mode file for STMicroelectronics.FP-SNS-MOTENV1.4.3.2
2025-02-08 00:03:07,763 [WARN] PackLoader:240 - Cannot read IP mode file for STMicroelectronics.FP-SNS-FLIGHT1.5.0.0
2025-02-08 00:03:07,791 [ERROR] RealEvaluatedCondition:428 - Found unsupported composite condition: CLASS='Data Exchange' GROUP='STM32_MetaDataManager'
2025-02-08 00:03:07,791 [ERROR] RealEvaluatedCondition:428 - Found unsupported composite condition: CLASS='Data Exchange' GROUP='STM32_MetaDataManager'
2025-02-08 00:03:07,794 [WARN] PackLoader:240 - Cannot read IP mode file for STMicroelectronics.FP-SNS-MOTENV1.4.3.1
2025-02-08 00:03:07,836 [WARN] PackLoader:240 - Cannot read IP mode file for STMicroelectronics.FP-SNS-FLIGHT1.5.0.1
2025-02-08 00:03:08,113 [WARN] PackLoader:240 - Cannot read IP mode file for STMicroelectronics.X-CUBE-MEMS1.11.0.0
2025-02-08 00:03:08,484 [WARN] PackLoader:240 - Cannot read IP mode file for STMicroelectronics.X-CUBE-BLE1.6.2.4
2025-02-08 00:03:08,515 [WARN] PackLoader:240 - Cannot read IP mode file for STMicroelectronics.FP-SNS-FLIGHT1.5.0.2
2025-02-08 00:03:08,556 [WARN] PackLoader:240 - Cannot read IP mode file for STMicroelectronics.X-CUBE-DISPLAY.3.0.0
2025-02-08 00:03:08,593 [WARN] PackLoader:240 - Cannot read IP mode file for STMicroelectronics.X-CUBE-BLE1.7.0.0
2025-02-08 00:03:08,631 [WARN] PackLoader:240 - Cannot read IP mode file for STMicroelectronics.X-CUBE-NFC10.1.0.0
2025-02-08 00:03:08,713 [ERROR] Engine:466 - C:\Users\rhett\.stm32cubemx\thirdparties\pdsc\STMicroelectronics.X-CUBE-BLEMGR.4.0.0.pdsc: PDSC version is not supported
2025-02-08 00:03:08,739 [WARN] PackLoader:240 - Cannot read IP mode file for STMicroelectronics.X-CUBE-TOUCHGFX.4.22.0
2025-02-08 00:03:08,759 [WARN] PackLoader:240 - Cannot read IP mode file for STMicroelectronics.X-CUBE-TOUCHGFX.4.22.1
2025-02-08 00:03:08,801 [WARN] PackLoader:240 - Cannot read IP mode file for STMicroelectronics.X-CUBE-BLEMGR.3.1.0
2025-02-08 00:03:08,831 [WARN] PackLoader:240 - Cannot read IP mode file for STMicroelectronics.X-CUBE-AI.10.0.0
2025-02-08 00:03:08,856 [WARN] PackLoader:240 - Cannot read IP mode file for STMicroelectronics.FP-SNS-SMARTAG2.1.2.0
2025-02-08 00:03:09,002 [WARN] PackLoader:240 - Cannot read IP mode file for STMicroelectronics.X-CUBE-MEMS1.11.1.0
